   Compiling(apcc) ../../../../duc_test.c in debug mode
@I [HLS-10] Running '/opt/Xilinx/Vivado_HLS/2015.3/bin/unwrapped/lnx64.o/apcc'
            for user 'ctnguyen' on host 'finance.eit.uni-kl.de' (Linux_x86_64 version 2.6.32-573.12.1.el6.x86_64) on Thu Jul 07 10:39:57 CEST 2016
            in directory '/home/ctnguyen/work/tut_vivadohls/Vivado_HLS_Tutorial/RTL_Verification/lab1/duc_prj/solution1/csim/build'
@W [HLS-40] Environment variable 'C_INCLUDE_PATH' is set to /opt/opencv/include:/opt/quantlib/include:.
@W [HLS-40] Environment variable 'CPLUS_INCLUDE_PATH' is set to /opt/opencv/include:/opt/quantlib/include:.
@I [APCC-3] Tmp directory is /tmp/apcc_db_ctnguyen/71141467880797476346
@I [APCC-1] APCC is done.
   Compiling(apcc) ../../../../mac.c in debug mode
@I [HLS-10] Running '/opt/Xilinx/Vivado_HLS/2015.3/bin/unwrapped/lnx64.o/apcc'
            for user 'ctnguyen' on host 'finance.eit.uni-kl.de' (Linux_x86_64 version 2.6.32-573.12.1.el6.x86_64) on Thu Jul 07 10:39:59 CEST 2016
            in directory '/home/ctnguyen/work/tut_vivadohls/Vivado_HLS_Tutorial/RTL_Verification/lab1/duc_prj/solution1/csim/build'
@W [HLS-40] Environment variable 'C_INCLUDE_PATH' is set to /opt/opencv/include:/opt/quantlib/include:.
@W [HLS-40] Environment variable 'CPLUS_INCLUDE_PATH' is set to /opt/opencv/include:/opt/quantlib/include:.
@I [APCC-3] Tmp directory is /tmp/apcc_db_ctnguyen/71761467880799635567
@I [APCC-1] APCC is done.
   Compiling(apcc) ../../../../dds.c in debug mode
@I [HLS-10] Running '/opt/Xilinx/Vivado_HLS/2015.3/bin/unwrapped/lnx64.o/apcc'
            for user 'ctnguyen' on host 'finance.eit.uni-kl.de' (Linux_x86_64 version 2.6.32-573.12.1.el6.x86_64) on Thu Jul 07 10:40:00 CEST 2016
            in directory '/home/ctnguyen/work/tut_vivadohls/Vivado_HLS_Tutorial/RTL_Verification/lab1/duc_prj/solution1/csim/build'
@W [HLS-40] Environment variable 'C_INCLUDE_PATH' is set to /opt/opencv/include:/opt/quantlib/include:.
@W [HLS-40] Environment variable 'CPLUS_INCLUDE_PATH' is set to /opt/opencv/include:/opt/quantlib/include:.
@I [APCC-3] Tmp directory is /tmp/apcc_db_ctnguyen/72321467880801003877
@I [APCC-1] APCC is done.
   Compiling(apcc) ../../../../mixer.c in debug mode
@I [HLS-10] Running '/opt/Xilinx/Vivado_HLS/2015.3/bin/unwrapped/lnx64.o/apcc'
            for user 'ctnguyen' on host 'finance.eit.uni-kl.de' (Linux_x86_64 version 2.6.32-573.12.1.el6.x86_64) on Thu Jul 07 10:40:02 CEST 2016
            in directory '/home/ctnguyen/work/tut_vivadohls/Vivado_HLS_Tutorial/RTL_Verification/lab1/duc_prj/solution1/csim/build'
@W [HLS-40] Environment variable 'C_INCLUDE_PATH' is set to /opt/opencv/include:/opt/quantlib/include:.
@W [HLS-40] Environment variable 'CPLUS_INCLUDE_PATH' is set to /opt/opencv/include:/opt/quantlib/include:.
@I [APCC-3] Tmp directory is /tmp/apcc_db_ctnguyen/72811467880802924613
@I [APCC-1] APCC is done.
   Compiling(apcc) ../../../../imf3.c in debug mode
@I [HLS-10] Running '/opt/Xilinx/Vivado_HLS/2015.3/bin/unwrapped/lnx64.o/apcc'
            for user 'ctnguyen' on host 'finance.eit.uni-kl.de' (Linux_x86_64 version 2.6.32-573.12.1.el6.x86_64) on Thu Jul 07 10:40:04 CEST 2016
            in directory '/home/ctnguyen/work/tut_vivadohls/Vivado_HLS_Tutorial/RTL_Verification/lab1/duc_prj/solution1/csim/build'
@W [HLS-40] Environment variable 'C_INCLUDE_PATH' is set to /opt/opencv/include:/opt/quantlib/include:.
@W [HLS-40] Environment variable 'CPLUS_INCLUDE_PATH' is set to /opt/opencv/include:/opt/quantlib/include:.
@I [APCC-3] Tmp directory is /tmp/apcc_db_ctnguyen/73411467880804221740
@I [APCC-1] APCC is done.
   Compiling(apcc) ../../../../imf2.c in debug mode
@I [HLS-10] Running '/opt/Xilinx/Vivado_HLS/2015.3/bin/unwrapped/lnx64.o/apcc'
            for user 'ctnguyen' on host 'finance.eit.uni-kl.de' (Linux_x86_64 version 2.6.32-573.12.1.el6.x86_64) on Thu Jul 07 10:40:05 CEST 2016
            in directory '/home/ctnguyen/work/tut_vivadohls/Vivado_HLS_Tutorial/RTL_Verification/lab1/duc_prj/solution1/csim/build'
@W [HLS-40] Environment variable 'C_INCLUDE_PATH' is set to /opt/opencv/include:/opt/quantlib/include:.
@W [HLS-40] Environment variable 'CPLUS_INCLUDE_PATH' is set to /opt/opencv/include:/opt/quantlib/include:.
@I [APCC-3] Tmp directory is /tmp/apcc_db_ctnguyen/73991467880805959539
@I [APCC-1] APCC is done.
   Compiling(apcc) ../../../../imf1.c in debug mode
@I [HLS-10] Running '/opt/Xilinx/Vivado_HLS/2015.3/bin/unwrapped/lnx64.o/apcc'
            for user 'ctnguyen' on host 'finance.eit.uni-kl.de' (Linux_x86_64 version 2.6.32-573.12.1.el6.x86_64) on Thu Jul 07 10:40:07 CEST 2016
            in directory '/home/ctnguyen/work/tut_vivadohls/Vivado_HLS_Tutorial/RTL_Verification/lab1/duc_prj/solution1/csim/build'
@W [HLS-40] Environment variable 'C_INCLUDE_PATH' is set to /opt/opencv/include:/opt/quantlib/include:.
@W [HLS-40] Environment variable 'CPLUS_INCLUDE_PATH' is set to /opt/opencv/include:/opt/quantlib/include:.
@I [APCC-3] Tmp directory is /tmp/apcc_db_ctnguyen/74481467880807260886
@I [APCC-1] APCC is done.
   Compiling(apcc) ../../../../srrc.c in debug mode
@I [HLS-10] Running '/opt/Xilinx/Vivado_HLS/2015.3/bin/unwrapped/lnx64.o/apcc'
            for user 'ctnguyen' on host 'finance.eit.uni-kl.de' (Linux_x86_64 version 2.6.32-573.12.1.el6.x86_64) on Thu Jul 07 10:40:08 CEST 2016
            in directory '/home/ctnguyen/work/tut_vivadohls/Vivado_HLS_Tutorial/RTL_Verification/lab1/duc_prj/solution1/csim/build'
@W [HLS-40] Environment variable 'C_INCLUDE_PATH' is set to /opt/opencv/include:/opt/quantlib/include:.
@W [HLS-40] Environment variable 'CPLUS_INCLUDE_PATH' is set to /opt/opencv/include:/opt/quantlib/include:.
@I [APCC-3] Tmp directory is /tmp/apcc_db_ctnguyen/75041467880808555260
@I [APCC-1] APCC is done.
   Compiling(apcc) ../../../../duc.c in debug mode
@I [HLS-10] Running '/opt/Xilinx/Vivado_HLS/2015.3/bin/unwrapped/lnx64.o/apcc'
            for user 'ctnguyen' on host 'finance.eit.uni-kl.de' (Linux_x86_64 version 2.6.32-573.12.1.el6.x86_64) on Thu Jul 07 10:40:10 CEST 2016
            in directory '/home/ctnguyen/work/tut_vivadohls/Vivado_HLS_Tutorial/RTL_Verification/lab1/duc_prj/solution1/csim/build'
@W [HLS-40] Environment variable 'C_INCLUDE_PATH' is set to /opt/opencv/include:/opt/quantlib/include:.
@W [HLS-40] Environment variable 'CPLUS_INCLUDE_PATH' is set to /opt/opencv/include:/opt/quantlib/include:.
@I [APCC-3] Tmp directory is /tmp/apcc_db_ctnguyen/75621467880810563930
@I [APCC-1] APCC is done.
   Generating csim.exe

 *** DUC hardware test PASSED ! *** 

@I [SIM-1] CSim done with 0 errors.
