@I [LIC-101] Checked out feature [HLS]
@I [HLS-10] Running '/opt/Xilinx/Vivado_HLS/2015.3/bin/unwrapped/lnx64.o/vivado_hls'
            for user 'ctnguyen' on host 'finance.eit.uni-kl.de' (Linux_x86_64 version 2.6.32-573.12.1.el6.x86_64) on Thu Jul 07 10:08:33 CEST 2016
            in directory '/home/ctnguyen/work/tut_vivadohls/Vivado_HLS_Tutorial/Design_Optimization/lab1'
@W [HLS-40] Environment variable 'C_INCLUDE_PATH' is set to /opt/opencv/include:/opt/quantlib/include:.
@W [HLS-40] Environment variable 'CPLUS_INCLUDE_PATH' is set to /opt/opencv/include:/opt/quantlib/include:.
@I [HLS-10] Opening project '/home/ctnguyen/work/tut_vivadohls/Vivado_HLS_Tutorial/Design_Optimization/lab1/matrixmul_prj'.
@I [HLS-10] Adding design file 'matrixmul.cpp' to the project
@I [HLS-10] Adding test bench file 'matrixmul_test.cpp' to the project
@I [HLS-10] Opening solution '/home/ctnguyen/work/tut_vivadohls/Vivado_HLS_Tutorial/Design_Optimization/lab1/matrixmul_prj/solution2'.
@I [SYN-201] Setting up clock 'default' with a period of 13.3333ns.
@I [HLS-10] Setting target device to 'xc7k160tfbg484-1'
@I [HLS-10] Analyzing design file 'matrixmul.cpp' ... 
@I [HLS-10] Validating synthesis directives ...
@I [HLS-10] Starting code transformations ...
@I [HLS-10] Checking synthesizability ...
@I [XFORM-502] Unrolling all sub-loops inside loop 'Col' (matrixmul.cpp:56) in function 'matrixmul' for pipelining.
@I [XFORM-501] Unrolling loop 'Product' (matrixmul.cpp:59) in function 'matrixmul' completely.
@I [XFORM-131] Reshaping array 'b' (matrixmul.cpp:50) in dimension 1 completely.
@I [XFORM-131] Reshaping array 'a' (matrixmul.cpp:49) in dimension 2 completely.
@I [XFORM-541] Flattening a loop nest 'Row' (matrixmul.cpp:54:37) in function 'matrixmul'.
@I [HLS-111] Elapsed time: 2.02 seconds; current memory usage: 0.179 MB.
@I [HLS-10] Starting hardware synthesis ...
@I [HLS-10] Synthesizing 'matrixmul' ...
@I [HLS-10] ----------------------------------------------------------------
@I [HLS-10] -- Scheduling module 'matrixmul' 
@I [HLS-10] ----------------------------------------------------------------
@I [SCHED-11] Starting scheduling ...
@I [SCHED-61] Pipelining loop 'Row_Col'.
@I [SCHED-61] Pipelining result: Target II: 1, Final II: 1, Depth: 3.
@I [SCHED-11] Finished scheduling.
@I [HLS-111] Elapsed time: 0.05 seconds; current memory usage: 0.179 MB.
@I [HLS-10] ----------------------------------------------------------------
@I [HLS-10] -- Exploring micro-architecture for module 'matrixmul' 
@I [HLS-10] ----------------------------------------------------------------
@I [BIND-100] Starting micro-architecture generation ...
@I [BIND-101] Performing variable lifetime analysis.
@I [BIND-101] Exploring resource sharing.
@I [BIND-101] Binding ...
@I [BIND-100] Finished micro-architecture generation.
@I [HLS-111] Elapsed time: 0.02 seconds; current memory usage: 0.179 MB.
@I [HLS-10] ----------------------------------------------------------------
@I [HLS-10] -- Generating RTL for module 'matrixmul' 
@I [HLS-10] ----------------------------------------------------------------
@I [RTGEN-500] Setting interface mode on port 'matrixmul/a' to 'ap_memory'.
@I [RTGEN-500] Setting interface mode on port 'matrixmul/b' to 'ap_memory'.
@I [RTGEN-500] Setting interface mode on port 'matrixmul/res' to 'ap_memory'.
@I [RTGEN-500] Setting interface mode on function 'matrixmul' to 'ap_ctrl_hs'.
@I [RTGEN-100] Finished creating RTL model for 'matrixmul'.
@I [HLS-111] Elapsed time: 0.04 seconds; current memory usage: 0.179 MB.
@I [HLS-10] Finished generating all RTL models.
@I [WSYSC-301] Generating RTL SystemC for 'matrixmul'.
@I [WVHDL-304] Generating RTL VHDL for 'matrixmul'.
@I [WVLOG-307] Generating RTL Verilog for 'matrixmul'.
@I [HLS-112] Total elapsed time: 5.943 seconds; peak memory usage: 0.179 MB.
@I [LIC-101] Checked in feature [HLS]
