@I [LIC-101] Checked out feature [HLS]
@I [HLS-10] Running '/opt/Xilinx/Vivado_HLS/2015.3/bin/unwrapped/lnx64.o/vivado_hls'
            for user 'ctnguyen' on host 'finance.eit.uni-kl.de' (Linux_x86_64 version 2.6.32-573.3.1.el6.x86_64) on Fri May 27 18:15:45 CEST 2016
            in directory '/home/ctnguyen/work/vivadohls'
@W [HLS-40] Environment variable 'C_INCLUDE_PATH' is set to /opt/opencv/include:/opt/quantlib/include:.
@W [HLS-40] Environment variable 'CPLUS_INCLUDE_PATH' is set to /opt/opencv/include:/opt/quantlib/include:.
@I [HLS-10] Opening project '/home/ctnguyen/work/vivadohls/counter_stream_hls'.
@I [HLS-10] Opening solution '/home/ctnguyen/work/vivadohls/counter_stream_hls/solution1'.
@I [SYN-201] Setting up clock 'default' with a period of 10ns.
@I [HLS-10] Setting target device to 'xc7z020clg484-1'
@I [IMPL-8] Exporting RTL as an IP in IP-XACT.

****** Vivado v2015.3 (64-bit)
  **** SW Build 1368829 on Mon Sep 28 20:06:39 MDT 2015
  **** IP Build 1367837 on Mon Sep 28 08:56:14 MDT 2015
    ** Copyright 1986-2015 Xilinx, Inc. All Rights Reserved.

source run_ippack.tcl -notrace
INFO: [IP_Flow 19-234] Refreshing IP repositories
INFO: [IP_Flow 19-1704] No user IP repositories specified
INFO: [IP_Flow 19-2313] Loaded Vivado IP repository '/opt/Xilinx/Vivado/2015.3/data/ip'.
INFO: [Common 17-206] Exiting Vivado at Fri May 27 18:16:01 2016...
@I [LIC-101] Checked in feature [HLS]
