

================================================================
== Vivado HLS Report for 'matrixmul'
================================================================
* Date:           Wed Jul  6 16:23:11 2016

* Version:        2015.3 (Build 1368829 on Mon Sep 28 20:31:51 PM 2015)
* Project:        matrixmul_prj
* Solution:       solution1
* Product family: kintex7
* Target device:  xc7k160tfbg484-1


================================================================
== Performance Estimates
================================================================
+ Timing (ns): 
    * Summary: 
    +--------+-------+----------+------------+
    |  Clock | Target| Estimated| Uncertainty|
    +--------+-------+----------+------------+
    |ap_clk  |  13.33|      9.64|        1.67|
    +--------+-------+----------+------------+

+ Latency (clock cycles): 
    * Summary: 
    +-----+-----+-----+-----+---------+
    |  Latency  |  Interval | Pipeline|
    | min | max | min | max |   Type  |
    +-----+-----+-----+-----+---------+
    |   79|   79|   80|   80|   none  |
    +-----+-----+-----+-----+---------+

    + Detail: 
        * Instance: 
        N/A

        * Loop: 
        +--------------+-----+-----+----------+-----------+-----------+------+----------+
        |              |  Latency  | Iteration|  Initiation Interval  | Trip |          |
        |   Loop Name  | min | max |  Latency |  achieved |   target  | Count| Pipelined|
        +--------------+-----+-----+----------+-----------+-----------+------+----------+
        |- Row         |   78|   78|        26|          -|          -|     3|    no    |
        | + Col        |   24|   24|         8|          -|          -|     3|    no    |
        |  ++ Product  |    6|    6|         2|          -|          -|     3|    no    |
        +--------------+-----+-----+----------+-----------+-----------+------+----------+



================================================================
== Utilization Estimates
================================================================
* Summary: 
+-----------------+---------+-------+--------+--------+
|       Name      | BRAM_18K| DSP48E|   FF   |   LUT  |
+-----------------+---------+-------+--------+--------+
|DSP              |        -|      -|       -|       -|
|Expression       |        -|      1|       0|      45|
|FIFO             |        -|      -|       -|       -|
|Instance         |        -|      -|       -|       -|
|Memory           |        -|      -|       -|       -|
|Multiplexer      |        -|      -|       -|      23|
|Register         |        -|      -|      44|       -|
+-----------------+---------+-------+--------+--------+
|Total            |        0|      1|      44|      68|
+-----------------+---------+-------+--------+--------+
|Available        |      650|    600|  202800|  101400|
+-----------------+---------+-------+--------+--------+
|Utilization (%)  |        0|   ~0  |   ~0   |   ~0   |
+-----------------+---------+-------+--------+--------+

+ Detail: 
    * Instance: 
    N/A

    * DSP48: 
    N/A

    * Memory: 
    N/A

    * FIFO: 
    N/A

    * Expression: 
    +---------------------+----------+-------+---+----+------------+------------+
    |    Variable Name    | Operation| DSP48E| FF| LUT| Bitwidth P0| Bitwidth P1|
    +---------------------+----------+-------+---+----+------------+------------+
    |tmp_7_fu_243_p2      |     *    |      1|  0|   0|           8|           8|
    |i_1_fu_127_p2        |     +    |      0|  0|   2|           2|           1|
    |j_1_fu_161_p2        |     +    |      0|  0|   2|           2|           1|
    |k_1_fu_187_p2        |     +    |      0|  0|   2|           2|           1|
    |tmp_12_fu_225_p2     |     +    |      0|  0|   2|           5|           5|
    |tmp_2_fu_171_p2      |     +    |      0|  0|   5|           5|           5|
    |tmp_4_fu_197_p2      |     +    |      0|  0|   5|           5|           5|
    |tmp_8_fu_249_p2      |     +    |      0|  0|  16|          16|          16|
    |tmp_11_fu_219_p2     |     -    |      0|  0|   2|           5|           5|
    |tmp_s_fu_149_p2      |     -    |      0|  0|   5|           5|           5|
    |exitcond1_fu_155_p2  |   icmp   |      0|  0|   1|           2|           2|
    |exitcond2_fu_121_p2  |   icmp   |      0|  0|   1|           2|           2|
    |exitcond_fu_181_p2   |   icmp   |      0|  0|   1|           2|           2|
    +---------------------+----------+-------+---+----+------------+------------+
    |Total                |          |      1|  0|  45|          61|          58|
    +---------------------+----------+-------+---+----+------------+------------+

    * Multiplexer: 
    +-----------------+----+-----------+-----+-----------+
    |       Name      | LUT| Input Size| Bits| Total Bits|
    +-----------------+----+-----------+-----+-----------+
    |ap_NS_fsm        |   1|          6|    1|          6|
    |i_reg_75         |   2|          2|    2|          4|
    |j_reg_86         |   2|          2|    2|          4|
    |k_reg_110        |   2|          2|    2|          4|
    |res_load_reg_97  |  16|          2|   16|         32|
    +-----------------+----+-----------+-----+-----------+
    |Total            |  23|         14|   23|         50|
    +-----------------+----+-----------+-----+-----------+

    * Register: 
    +--------------------+----+----+-----+-----------+
    |        Name        | FF | LUT| Bits| Const Bits|
    +--------------------+----+----+-----+-----------+
    |ap_CS_fsm           |   5|   0|    5|          0|
    |i_1_reg_258         |   2|   0|    2|          0|
    |i_reg_75            |   2|   0|    2|          0|
    |j_1_reg_272         |   2|   0|    2|          0|
    |j_reg_86            |   2|   0|    2|          0|
    |k_1_reg_290         |   2|   0|    2|          0|
    |k_reg_110           |   2|   0|    2|          0|
    |res_addr_reg_282    |   4|   0|    4|          0|
    |res_load_reg_97     |  16|   0|   16|          0|
    |tmp_2_cast_reg_277  |   2|   0|    5|          3|
    |tmp_s_reg_263       |   5|   0|    5|          0|
    +--------------------+----+----+-----+-----------+
    |Total               |  44|   0|   47|          3|
    +--------------------+----+----+-----+-----------+



================================================================
== Interface
================================================================
* Summary: 
+--------------+-----+-----+------------+--------------+--------------+
|   RTL Ports  | Dir | Bits|  Protocol  | Source Object|    C Type    |
+--------------+-----+-----+------------+--------------+--------------+
|ap_clk        |  in |    1| ap_ctrl_hs |   matrixmul  | return value |
|ap_rst        |  in |    1| ap_ctrl_hs |   matrixmul  | return value |
|ap_start      |  in |    1| ap_ctrl_hs |   matrixmul  | return value |
|ap_done       | out |    1| ap_ctrl_hs |   matrixmul  | return value |
|ap_idle       | out |    1| ap_ctrl_hs |   matrixmul  | return value |
|ap_ready      | out |    1| ap_ctrl_hs |   matrixmul  | return value |
|a_address0    | out |    4|  ap_memory |       a      |     array    |
|a_ce0         | out |    1|  ap_memory |       a      |     array    |
|a_q0          |  in |    8|  ap_memory |       a      |     array    |
|b_address0    | out |    4|  ap_memory |       b      |     array    |
|b_ce0         | out |    1|  ap_memory |       b      |     array    |
|b_q0          |  in |    8|  ap_memory |       b      |     array    |
|res_address0  | out |    4|  ap_memory |      res     |     array    |
|res_ce0       | out |    1|  ap_memory |      res     |     array    |
|res_we0       | out |    1|  ap_memory |      res     |     array    |
|res_d0        | out |   16|  ap_memory |      res     |     array    |
+--------------+-----+-----+------------+--------------+--------------+

