Vivado Simulator 2015.3
Copyright 1986-1999, 2001-2015 Xilinx, Inc. All Rights Reserved.
Running: /opt/Xilinx/Vivado/2015.3/bin/unwrapped/lnx64.o/xelab xil_defaultlib.apatb_matrixmul_top -prj matrixmul.prj --lib ieee_proposed=./ieee_proposed -s matrixmul 
Determining compilation order of HDL files.
WARNING: [XSIM 43-3431] One or more environment variables have been detected which affect the operation of the C compiler. These are typically not set in standard installations and are not tested by Xilinx, however they may be appropriate for your system, so the flow will attempt to continue.  If errors occur, try running fuse with the "-mt off -v 1" switches to see more information from the C compiler. The following environment variables have been detected:
INFO: [VRFC 10-163] Analyzing VHDL file "/home/ctnguyen/work/tut_vivadohls/Vivado_HLS_Tutorial/Design_Optimization/lab2/matrixmul_prj/solution1/sim/vhdl/AESL_sim_pkg.vhd" into library xil_defaultlib
INFO: [VRFC 10-163] Analyzing VHDL file "/home/ctnguyen/work/tut_vivadohls/Vivado_HLS_Tutorial/Design_Optimization/lab2/matrixmul_prj/solution1/sim/vhdl/matrixmul.vhd" into library xil_defaultlib
INFO: [VRFC 10-307] analyzing entity matrixmul
INFO: [VRFC 10-163] Analyzing VHDL file "/home/ctnguyen/work/tut_vivadohls/Vivado_HLS_Tutorial/Design_Optimization/lab2/matrixmul_prj/solution1/sim/vhdl/matrixmul.autotb.vhd" into library xil_defaultlib
INFO: [VRFC 10-307] analyzing entity apatb_matrixmul_top
INFO: [VRFC 10-163] Analyzing VHDL file "/home/ctnguyen/work/tut_vivadohls/Vivado_HLS_Tutorial/Design_Optimization/lab2/matrixmul_prj/solution1/sim/vhdl/matrixmul_mux_3to1_sel2_8_1.vhd" into library xil_defaultlib
INFO: [VRFC 10-307] analyzing entity matrixmul_mux_3to1_sel2_8_1
INFO: [VRFC 10-163] Analyzing VHDL file "/home/ctnguyen/work/tut_vivadohls/Vivado_HLS_Tutorial/Design_Optimization/lab2/matrixmul_prj/solution1/sim/vhdl/AESL_autofifo_res.vhd" into library xil_defaultlib
INFO: [VRFC 10-307] analyzing entity AESL_autofifo_res
INFO: [VRFC 10-163] Analyzing VHDL file "/home/ctnguyen/work/tut_vivadohls/Vivado_HLS_Tutorial/Design_Optimization/lab2/matrixmul_prj/solution1/sim/vhdl/AESL_autofifo_b.vhd" into library xil_defaultlib
INFO: [VRFC 10-307] analyzing entity AESL_autofifo_b
INFO: [VRFC 10-163] Analyzing VHDL file "/home/ctnguyen/work/tut_vivadohls/Vivado_HLS_Tutorial/Design_Optimization/lab2/matrixmul_prj/solution1/sim/vhdl/AESL_autofifo_a.vhd" into library xil_defaultlib
INFO: [VRFC 10-307] analyzing entity AESL_autofifo_a
Starting static elaboration
WARNING: [VRFC 10-1303] range is empty (null range) [/proj/xcohdstaff/fengc/head/HEAD/data/vhdl/src/ieee/distributable/numeric_std.vhd:3462]
WARNING: [VRFC 10-1303] range is empty (null range) [/proj/xcohdstaff/fengc/head/HEAD/data/vhdl/src/ieee/distributable/numeric_std.vhd:3462]
Completed static elaboration
Starting simulation data flow analysis
Completed simulation data flow analysis
Time Resolution for simulation is 1ps
Compiling package std.standard
Compiling package ieee.std_logic_1164
Compiling package ieee.std_logic_arith
Compiling package ieee.std_logic_unsigned
Compiling package ieee.numeric_std
Compiling package std.textio
Compiling package ieee.std_logic_textio
Compiling architecture rtl of entity xil_defaultlib.matrixmul_mux_3to1_sel2_8_1 [\matrixmul_mux_3to1_sel2_8_1(1,1...]
Compiling architecture behav of entity xil_defaultlib.matrixmul [matrixmul_default]
Compiling architecture behav of entity xil_defaultlib.AESL_autofifo_a [\AESL_autofifo_a("../tv/cdatafil...]
Compiling architecture behav of entity xil_defaultlib.AESL_autofifo_b [\AESL_autofifo_b("../tv/cdatafil...]
Compiling architecture behav of entity xil_defaultlib.AESL_autofifo_res [\AESL_autofifo_res("../tv/cdataf...]
Compiling architecture behav of entity xil_defaultlib.apatb_matrixmul_top
Built simulation snapshot matrixmul
