

================================================================
== Vivado HLS Report for 'hls_real2xfft'
================================================================
* Date:           Fri Jul  8 12:12:29 2016

* Version:        2015.3 (Build 1368829 on Mon Sep 28 20:31:51 PM 2015)
* Project:        fe_vhls_prj
* Solution:       IPXACTExport
* Product family: zynq
* Target device:  xc7z020clg484-1


================================================================
== Performance Estimates
================================================================
+ Timing (ns): 
    * Summary: 
    +--------+-------+----------+------------+
    |  Clock | Target| Estimated| Uncertainty|
    +--------+-------+----------+------------+
    |ap_clk  |   4.00|      3.95|        0.50|
    +--------+-------+----------+------------+

+ Latency (clock cycles): 
    * Summary: 
    +-----+-----+-----+-----+----------+
    |  Latency  |  Interval | Pipeline |
    | min | max | min | max |   Type   |
    +-----+-----+-----+-----+----------+
    |  518|  519|  512|  512| dataflow |
    +-----+-----+-----+-----+----------+

    + Detail: 
        * Instance: 
        N/A

        * Loop: 
        N/A

============================================================
+ Verbose Summary: Synthesis Manager
============================================================
InlineROM: 1
ExposeGlobal: 0
============================================================
+ Verbose Summary: CDFG Model
============================================================
IsTopModel: 1
ResetActiveHigh: 1
IsCombinational: 2
IsDatapathOnly: 0
HasWiredReturn: 1
HasMFsm: 0
HasVarLatency: 1
IsPipeline: 0
IsRtlPipelined: 0
IsInstanceOverlapped: 0
IsDontTouch: 0
HasImplIP: 0
IsGatedGlobalClock: 0


============================================================
+ Verbose Summary: Schedule
============================================================
* Number of FSM states: 8
* Pipeline: 0
* Dataflow Pipeline: 1
  DF-Pipeline-0: Size = 8, States = { 1 2 3 4 5 6 7 8 }

* FSM state transitions: 
1 --> 
	2  / true
2 --> 
	3  / true
3 --> 
	4  / true
4 --> 
	5  / true
5 --> 
	6  / true
6 --> 
	7  / true
7 --> 
	8  / true
8 --> 
* FSM state operations: 

 <State 1>: 0.00ns
ST_1: nodelay_i_0_channel [1/1] 0.00ns
arrayctor.loop1.preheader:4  %nodelay_i_0_channel = alloca i16, align 2

ST_1: nodelay_i_1_channel [1/1] 0.00ns
arrayctor.loop1.preheader:7  %nodelay_i_1_channel = alloca i16, align 2

ST_1: delayed_i_0_channel [1/1] 0.00ns
arrayctor.loop1.preheader:10  %delayed_i_0_channel = alloca i16, align 2

ST_1: delayed_i_1_channel [1/1] 0.00ns
arrayctor.loop1.preheader:13  %delayed_i_1_channel = alloca i16, align 2

ST_1: data2window_0_channel [1/1] 0.00ns
arrayctor.loop1.preheader:17  %data2window_0_channel = alloca i16, align 2

ST_1: data2window_1_channel [1/1] 0.00ns
arrayctor.loop1.preheader:20  %data2window_1_channel = alloca i16, align 2

ST_1: windowed_0_channel [1/1] 0.00ns
arrayctor.loop1.preheader:23  %windowed_0_channel = alloca i16, align 2

ST_1: windowed_1_channel [1/1] 0.00ns
arrayctor.loop1.preheader:26  %windowed_1_channel = alloca i16, align 2

ST_1: stg_17 [2/2] 0.00ns
arrayctor.loop1.preheader:32  call fastcc void @hls_real2xfft_Loop_sliding_win_delay_proc(i16* %delayed_i_0_channel, i16* %delayed_i_1_channel, i16* %din_V_V, i16* %nodelay_i_0_channel, i16* %nodelay_i_1_channel)


 <State 2>: 0.00ns
ST_2: stg_18 [1/2] 0.00ns
arrayctor.loop1.preheader:32  call fastcc void @hls_real2xfft_Loop_sliding_win_delay_proc(i16* %delayed_i_0_channel, i16* %delayed_i_1_channel, i16* %din_V_V, i16* %nodelay_i_0_channel, i16* %nodelay_i_1_channel)


 <State 3>: 0.00ns
ST_3: stg_19 [2/2] 0.00ns
arrayctor.loop1.preheader:41  call fastcc void @hls_real2xfft_Loop_sliding_win_output_proc(i16* %data2window_1_channel, i16* %delayed_i_1_channel, i16* %data2window_0_channel, i16* %delayed_i_0_channel, i16* %nodelay_i_0_channel, i16* %nodelay_i_1_channel)


 <State 4>: 0.00ns
ST_4: stg_20 [1/2] 0.00ns
arrayctor.loop1.preheader:41  call fastcc void @hls_real2xfft_Loop_sliding_win_output_proc(i16* %data2window_1_channel, i16* %delayed_i_1_channel, i16* %data2window_0_channel, i16* %delayed_i_0_channel, i16* %nodelay_i_0_channel, i16* %nodelay_i_1_channel)


 <State 5>: 0.00ns
ST_5: stg_21 [2/2] 0.00ns
arrayctor.loop1.preheader:46  call fastcc void @hls_real2xfft_window_fn(i16* %data2window_0_channel, i16* %data2window_1_channel, i16* %windowed_0_channel, i16* %windowed_1_channel)


 <State 6>: 0.00ns
ST_6: stg_22 [1/2] 0.00ns
arrayctor.loop1.preheader:46  call fastcc void @hls_real2xfft_window_fn(i16* %data2window_0_channel, i16* %data2window_1_channel, i16* %windowed_0_channel, i16* %windowed_1_channel)


 <State 7>: 0.00ns
ST_7: stg_23 [2/2] 0.00ns
arrayctor.loop1.preheader:51  call fastcc void @hls_real2xfft_Loop_real2xfft_output_proc(i16* %windowed_0_channel, i16* %windowed_1_channel, i32* %dout_V_data, i1* %dout_V_last_V)


 <State 8>: 2.07ns
ST_8: stg_24 [1/1] 0.00ns
arrayctor.loop1.preheader:0  call void (...)* @_ssdm_op_SpecDataflowPipeline(i32 -1, [1 x i8]* @p_str1) nounwind

ST_8: stg_25 [1/1] 0.00ns
arrayctor.loop1.preheader:1  call void (...)* @_ssdm_op_SpecBitsMap(i32* %dout_V_data), !map !7

ST_8: stg_26 [1/1] 0.00ns
arrayctor.loop1.preheader:2  call void (...)* @_ssdm_op_SpecBitsMap(i16* %din_V_V), !map !16

ST_8: stg_27 [1/1] 0.00ns
arrayctor.loop1.preheader:3  call void (...)* @_ssdm_op_SpecBitsMap(i1* %dout_V_last_V), !map !20

ST_8: empty [1/1] 0.00ns
arrayctor.loop1.preheader:5  %empty = call i32 (...)* @_ssdm_op_SpecChannel([20 x i8]* @nodelay_OC_i_OC_0_OC_channel_s, i32 1, [1 x i8]* @p_str177, [1 x i8]* @p_str177, i32 512, i32 256, i16* %nodelay_i_0_channel, i16* %nodelay_i_0_channel)

ST_8: stg_29 [1/1] 0.00ns
arrayctor.loop1.preheader:6  call void (...)* @_ssdm_op_SpecInterface(i16* %nodelay_i_0_channel, [8 x i8]* @ap_fifo_str, i32 0, i32 0, i32 0, i32 0, [1 x i8]* @p_str178, [1 x i8]* @p_str179, [1 x i8]* @p_str180, [1 x i8]* @p_str181)

ST_8: empty_8 [1/1] 0.00ns
arrayctor.loop1.preheader:8  %empty_8 = call i32 (...)* @_ssdm_op_SpecChannel([20 x i8]* @nodelay_OC_i_OC_1_OC_channel_s, i32 1, [1 x i8]* @p_str172, [1 x i8]* @p_str172, i32 512, i32 256, i16* %nodelay_i_1_channel, i16* %nodelay_i_1_channel)

ST_8: stg_31 [1/1] 0.00ns
arrayctor.loop1.preheader:9  call void (...)* @_ssdm_op_SpecInterface(i16* %nodelay_i_1_channel, [8 x i8]* @ap_fifo_str, i32 0, i32 0, i32 0, i32 0, [1 x i8]* @p_str173, [1 x i8]* @p_str174, [1 x i8]* @p_str175, [1 x i8]* @p_str176)

ST_8: empty_9 [1/1] 0.00ns
arrayctor.loop1.preheader:11  %empty_9 = call i32 (...)* @_ssdm_op_SpecChannel([20 x i8]* @delayed_OC_i_OC_0_OC_channel_s, i32 1, [1 x i8]* @p_str167, [1 x i8]* @p_str167, i32 256, i32 256, i16* %delayed_i_0_channel, i16* %delayed_i_0_channel)

ST_8: stg_33 [1/1] 0.00ns
arrayctor.loop1.preheader:12  call void (...)* @_ssdm_op_SpecInterface(i16* %delayed_i_0_channel, [8 x i8]* @ap_fifo_str, i32 0, i32 0, i32 0, i32 0, [1 x i8]* @p_str168, [1 x i8]* @p_str169, [1 x i8]* @p_str170, [1 x i8]* @p_str171)

ST_8: empty_10 [1/1] 0.00ns
arrayctor.loop1.preheader:14  %empty_10 = call i32 (...)* @_ssdm_op_SpecChannel([20 x i8]* @delayed_OC_i_OC_1_OC_channel_s, i32 1, [1 x i8]* @p_str162, [1 x i8]* @p_str162, i32 256, i32 256, i16* %delayed_i_1_channel, i16* %delayed_i_1_channel)

ST_8: stg_35 [1/1] 0.00ns
arrayctor.loop1.preheader:15  call void (...)* @_ssdm_op_SpecInterface(i16* %delayed_i_1_channel, [8 x i8]* @ap_fifo_str, i32 0, i32 0, i32 0, i32 0, [1 x i8]* @p_str163, [1 x i8]* @p_str164, [1 x i8]* @p_str165, [1 x i8]* @p_str166)

ST_8: stg_36 [1/1] 0.00ns
arrayctor.loop1.preheader:16  call void (...)* @_ssdm_op_SpecTopModule([14 x i8]* @hls_real2xfft_str) nounwind

ST_8: empty_11 [1/1] 0.00ns
arrayctor.loop1.preheader:18  %empty_11 = call i32 (...)* @_ssdm_op_SpecChannel([22 x i8]* @data2window_OC_0_OC_channel_st, i32 1, [1 x i8]* @p_str157, [1 x i8]* @p_str157, i32 2, i32 512, i16* %data2window_0_channel, i16* %data2window_0_channel)

ST_8: stg_38 [1/1] 0.00ns
arrayctor.loop1.preheader:19  call void (...)* @_ssdm_op_SpecInterface(i16* %data2window_0_channel, [8 x i8]* @ap_fifo_str, i32 0, i32 0, i32 0, i32 0, [1 x i8]* @p_str158, [1 x i8]* @p_str159, [1 x i8]* @p_str160, [1 x i8]* @p_str161)

ST_8: empty_12 [1/1] 0.00ns
arrayctor.loop1.preheader:21  %empty_12 = call i32 (...)* @_ssdm_op_SpecChannel([22 x i8]* @data2window_OC_1_OC_channel_st, i32 1, [1 x i8]* @p_str152, [1 x i8]* @p_str152, i32 2, i32 512, i16* %data2window_1_channel, i16* %data2window_1_channel)

ST_8: stg_40 [1/1] 0.00ns
arrayctor.loop1.preheader:22  call void (...)* @_ssdm_op_SpecInterface(i16* %data2window_1_channel, [8 x i8]* @ap_fifo_str, i32 0, i32 0, i32 0, i32 0, [1 x i8]* @p_str153, [1 x i8]* @p_str154, [1 x i8]* @p_str155, [1 x i8]* @p_str156)

ST_8: empty_13 [1/1] 0.00ns
arrayctor.loop1.preheader:24  %empty_13 = call i32 (...)* @_ssdm_op_SpecChannel([19 x i8]* @windowed_OC_0_OC_channel_str, i32 1, [1 x i8]* @p_str147, [1 x i8]* @p_str147, i32 2, i32 512, i16* %windowed_0_channel, i16* %windowed_0_channel)

ST_8: stg_42 [1/1] 0.00ns
arrayctor.loop1.preheader:25  call void (...)* @_ssdm_op_SpecInterface(i16* %windowed_0_channel, [8 x i8]* @ap_fifo_str, i32 0, i32 0, i32 0, i32 0, [1 x i8]* @p_str148, [1 x i8]* @p_str149, [1 x i8]* @p_str150, [1 x i8]* @p_str151)

ST_8: empty_14 [1/1] 0.00ns
arrayctor.loop1.preheader:27  %empty_14 = call i32 (...)* @_ssdm_op_SpecChannel([19 x i8]* @windowed_OC_1_OC_channel_str, i32 1, [1 x i8]* @p_str142, [1 x i8]* @p_str142, i32 2, i32 512, i16* %windowed_1_channel, i16* %windowed_1_channel)

ST_8: stg_44 [1/1] 0.00ns
arrayctor.loop1.preheader:28  call void (...)* @_ssdm_op_SpecInterface(i16* %windowed_1_channel, [8 x i8]* @ap_fifo_str, i32 0, i32 0, i32 0, i32 0, [1 x i8]* @p_str143, [1 x i8]* @p_str144, [1 x i8]* @p_str145, [1 x i8]* @p_str146)

ST_8: stg_45 [1/1] 0.00ns
arrayctor.loop1.preheader:29  call void (...)* @_ssdm_op_SpecInterface(i32* %dout_V_data, i1* %dout_V_last_V, [5 x i8]* @p_str, i32 0, i32 0, i32 0, i32 0, [1 x i8]* @p_str1, [1 x i8]* @p_str1, [1 x i8]* @p_str1, [1 x i8]* @p_str1) nounwind

ST_8: stg_46 [1/1] 0.00ns
arrayctor.loop1.preheader:30  call void (...)* @_ssdm_op_SpecInterface(i16* %din_V_V, [5 x i8]* @p_str, i32 0, i32 0, i32 0, i32 0, [1 x i8]* @p_str1, [1 x i8]* @p_str1, [1 x i8]* @p_str1, [1 x i8]* @p_str1) nounwind

ST_8: stg_47 [1/1] 0.00ns
arrayctor.loop1.preheader:31  call void (...)* @_ssdm_op_SpecDataflowPipeline(i32 -1, [1 x i8]* @p_str1) nounwind

ST_8: empty_15 [1/1] 0.00ns
arrayctor.loop1.preheader:33  %empty_15 = call i32 (...)* @_ssdm_op_SpecChannel([12 x i8]* @delayed_OC_i_OC_0_str, i32 1, [1 x i8]* @p_str34, [1 x i8]* @p_str34, i32 256, i32 256, i16* %delayed_i_0_channel, i16* %delayed_i_0_channel)

ST_8: stg_49 [1/1] 0.00ns
arrayctor.loop1.preheader:34  call void (...)* @_ssdm_op_SpecInterface(i16* %delayed_i_0_channel, [8 x i8]* @ap_fifo_str, i32 0, i32 0, i32 0, i32 0, [1 x i8]* @p_str35, [1 x i8]* @p_str36, [1 x i8]* @p_str37, [1 x i8]* @p_str38)

ST_8: empty_16 [1/1] 0.00ns
arrayctor.loop1.preheader:35  %empty_16 = call i32 (...)* @_ssdm_op_SpecChannel([12 x i8]* @delayed_OC_i_OC_1_str, i32 1, [1 x i8]* @p_str39, [1 x i8]* @p_str39, i32 256, i32 256, i16* %delayed_i_1_channel, i16* %delayed_i_1_channel)

ST_8: stg_51 [1/1] 0.00ns
arrayctor.loop1.preheader:36  call void (...)* @_ssdm_op_SpecInterface(i16* %delayed_i_1_channel, [8 x i8]* @ap_fifo_str, i32 0, i32 0, i32 0, i32 0, [1 x i8]* @p_str40, [1 x i8]* @p_str41, [1 x i8]* @p_str42, [1 x i8]* @p_str43)

ST_8: empty_17 [1/1] 0.00ns
arrayctor.loop1.preheader:37  %empty_17 = call i32 (...)* @_ssdm_op_SpecChannel([12 x i8]* @nodelay_OC_i_OC_0_str, i32 1, [1 x i8]* @p_str44, [1 x i8]* @p_str44, i32 512, i32 256, i16* %nodelay_i_0_channel, i16* %nodelay_i_0_channel)

ST_8: stg_53 [1/1] 0.00ns
arrayctor.loop1.preheader:38  call void (...)* @_ssdm_op_SpecInterface(i16* %nodelay_i_0_channel, [8 x i8]* @ap_fifo_str, i32 0, i32 0, i32 0, i32 0, [1 x i8]* @p_str45, [1 x i8]* @p_str46, [1 x i8]* @p_str47, [1 x i8]* @p_str48)

ST_8: empty_18 [1/1] 0.00ns
arrayctor.loop1.preheader:39  %empty_18 = call i32 (...)* @_ssdm_op_SpecChannel([12 x i8]* @nodelay_OC_i_OC_1_str, i32 1, [1 x i8]* @p_str49, [1 x i8]* @p_str49, i32 512, i32 256, i16* %nodelay_i_1_channel, i16* %nodelay_i_1_channel)

ST_8: stg_55 [1/1] 0.00ns
arrayctor.loop1.preheader:40  call void (...)* @_ssdm_op_SpecInterface(i16* %nodelay_i_1_channel, [8 x i8]* @ap_fifo_str, i32 0, i32 0, i32 0, i32 0, [1 x i8]* @p_str50, [1 x i8]* @p_str51, [1 x i8]* @p_str52, [1 x i8]* @p_str53)

ST_8: empty_19 [1/1] 0.00ns
arrayctor.loop1.preheader:42  %empty_19 = call i32 (...)* @_ssdm_op_SpecChannel([14 x i8]* @data2window_OC_1_str, i32 1, [1 x i8]* @p_str54, [1 x i8]* @p_str54, i32 2, i32 512, i16* %data2window_1_channel, i16* %data2window_1_channel)

ST_8: stg_57 [1/1] 0.00ns
arrayctor.loop1.preheader:43  call void (...)* @_ssdm_op_SpecInterface(i16* %data2window_1_channel, [8 x i8]* @ap_fifo_str, i32 0, i32 0, i32 0, i32 0, [1 x i8]* @p_str55, [1 x i8]* @p_str56, [1 x i8]* @p_str57, [1 x i8]* @p_str58)

ST_8: empty_20 [1/1] 0.00ns
arrayctor.loop1.preheader:44  %empty_20 = call i32 (...)* @_ssdm_op_SpecChannel([14 x i8]* @data2window_OC_0_str, i32 1, [1 x i8]* @p_str59, [1 x i8]* @p_str59, i32 2, i32 512, i16* %data2window_0_channel, i16* %data2window_0_channel)

ST_8: stg_59 [1/1] 0.00ns
arrayctor.loop1.preheader:45  call void (...)* @_ssdm_op_SpecInterface(i16* %data2window_0_channel, [8 x i8]* @ap_fifo_str, i32 0, i32 0, i32 0, i32 0, [1 x i8]* @p_str60, [1 x i8]* @p_str61, [1 x i8]* @p_str62, [1 x i8]* @p_str63)

ST_8: empty_21 [1/1] 0.00ns
arrayctor.loop1.preheader:47  %empty_21 = call i32 (...)* @_ssdm_op_SpecChannel([11 x i8]* @windowed_OC_0_str, i32 1, [1 x i8]* @p_str64, [1 x i8]* @p_str64, i32 2, i32 512, i16* %windowed_0_channel, i16* %windowed_0_channel)

ST_8: stg_61 [1/1] 0.00ns
arrayctor.loop1.preheader:48  call void (...)* @_ssdm_op_SpecInterface(i16* %windowed_0_channel, [8 x i8]* @ap_fifo_str, i32 0, i32 0, i32 0, i32 0, [1 x i8]* @p_str65, [1 x i8]* @p_str66, [1 x i8]* @p_str67, [1 x i8]* @p_str68)

ST_8: empty_22 [1/1] 0.00ns
arrayctor.loop1.preheader:49  %empty_22 = call i32 (...)* @_ssdm_op_SpecChannel([11 x i8]* @windowed_OC_1_str, i32 1, [1 x i8]* @p_str69, [1 x i8]* @p_str69, i32 2, i32 512, i16* %windowed_1_channel, i16* %windowed_1_channel)

ST_8: stg_63 [1/1] 0.00ns
arrayctor.loop1.preheader:50  call void (...)* @_ssdm_op_SpecInterface(i16* %windowed_1_channel, [8 x i8]* @ap_fifo_str, i32 0, i32 0, i32 0, i32 0, [1 x i8]* @p_str70, [1 x i8]* @p_str71, [1 x i8]* @p_str72, [1 x i8]* @p_str73)

ST_8: stg_64 [1/2] 2.07ns
arrayctor.loop1.preheader:51  call fastcc void @hls_real2xfft_Loop_real2xfft_output_proc(i16* %windowed_0_channel, i16* %windowed_1_channel, i32* %dout_V_data, i1* %dout_V_last_V)

ST_8: stg_65 [1/1] 0.00ns
arrayctor.loop1.preheader:52  ret void



============================================================
+ Verbose Summary: Binding
============================================================
STG Binding: 
---------------- STG Properties BEGIN ----------------
- Is combinational: 0
- Is one-state seq: 0
- Is datapath-only: 0
- Is clock enabled: 0
- Is pipelined: 0
- Is top level: 1
Port [ Return ] is wired: 1; IO mode=ap_ctrl_hs:ce=0
Port [ din_V_V]:  wired=1; compound=1; hidden=0; nouse=0; global=0; static=0; extern=0; dir=0; type=0; mode=0x7efbe0e18090; pingpong=0; private_global=0; IO mode=axis:ce=0
Port [ dout_V_data]:  wired=1; compound=1; hidden=0; nouse=0; global=0; static=0; extern=0; dir=1; type=0; mode=0x7efc029fc390; pingpong=0; private_global=0; IO mode=axis:ce=0
Port [ dout_V_last_V]:  wired=1; compound=1; hidden=0; nouse=0; global=0; static=0; extern=0; dir=1; type=0; mode=0x7efc014bbcd0; pingpong=0; private_global=0; IO mode=axis:ce=0
Port [ delay_line_Array_V]:  wired=0; compound=1; hidden=1; nouse=1; global=1; static=1; extern=0; dir=3; type=1; mode=0x7efbe0043870; pingpong=0; private_global=0; linkage=7; visibility=0; MemPort=[2]; IO mode=ap_memory:ce=0
Port [ coeff_tab1_0]:  wired=0; compound=1; hidden=1; nouse=1; global=1; static=1; extern=0; dir=0; type=1; mode=0x7efbe9f575b0; pingpong=0; private_global=0; linkage=7; visibility=0; MemPort=[1]; IO mode=ap_memory:ce=0
Port [ coeff_tab1_1]:  wired=0; compound=1; hidden=1; nouse=1; global=1; static=1; extern=0; dir=0; type=1; mode=0x7efbe9f5e8f0; pingpong=0; private_global=0; linkage=7; visibility=0; MemPort=[1]; IO mode=ap_memory:ce=0
---------------- STG Properties END ------------------

---------------- Datapath Model BEGIN ----------------

<LifeTime>
<method=bitvector/>
nodelay_i_0_channel   (alloca              ) [ 011111111]
nodelay_i_1_channel   (alloca              ) [ 011111111]
delayed_i_0_channel   (alloca              ) [ 011111111]
delayed_i_1_channel   (alloca              ) [ 011111111]
data2window_0_channel (alloca              ) [ 001111111]
data2window_1_channel (alloca              ) [ 001111111]
windowed_0_channel    (alloca              ) [ 001111111]
windowed_1_channel    (alloca              ) [ 001111111]
stg_18                (call                ) [ 000000000]
stg_20                (call                ) [ 000000000]
stg_22                (call                ) [ 000000000]
stg_24                (specdataflowpipeline) [ 000000000]
stg_25                (specbitsmap         ) [ 000000000]
stg_26                (specbitsmap         ) [ 000000000]
stg_27                (specbitsmap         ) [ 000000000]
empty                 (specchannel         ) [ 000000000]
stg_29                (specinterface       ) [ 000000000]
empty_8               (specchannel         ) [ 000000000]
stg_31                (specinterface       ) [ 000000000]
empty_9               (specchannel         ) [ 000000000]
stg_33                (specinterface       ) [ 000000000]
empty_10              (specchannel         ) [ 000000000]
stg_35                (specinterface       ) [ 000000000]
stg_36                (spectopmodule       ) [ 000000000]
empty_11              (specchannel         ) [ 000000000]
stg_38                (specinterface       ) [ 000000000]
empty_12              (specchannel         ) [ 000000000]
stg_40                (specinterface       ) [ 000000000]
empty_13              (specchannel         ) [ 000000000]
stg_42                (specinterface       ) [ 000000000]
empty_14              (specchannel         ) [ 000000000]
stg_44                (specinterface       ) [ 000000000]
stg_45                (specinterface       ) [ 000000000]
stg_46                (specinterface       ) [ 000000000]
stg_47                (specdataflowpipeline) [ 000000000]
empty_15              (specchannel         ) [ 000000000]
stg_49                (specinterface       ) [ 000000000]
empty_16              (specchannel         ) [ 000000000]
stg_51                (specinterface       ) [ 000000000]
empty_17              (specchannel         ) [ 000000000]
stg_53                (specinterface       ) [ 000000000]
empty_18              (specchannel         ) [ 000000000]
stg_55                (specinterface       ) [ 000000000]
empty_19              (specchannel         ) [ 000000000]
stg_57                (specinterface       ) [ 000000000]
empty_20              (specchannel         ) [ 000000000]
stg_59                (specinterface       ) [ 000000000]
empty_21              (specchannel         ) [ 000000000]
stg_61                (specinterface       ) [ 000000000]
empty_22              (specchannel         ) [ 000000000]
stg_63                (specinterface       ) [ 000000000]
stg_64                (call                ) [ 000000000]
stg_65                (ret                 ) [ 000000000]
</LifeTime>

<model>

<comp_list>
<comp id="0" class="1000" name="din_V_V">
<pin_list>
<pin id="1" dir="1" index="0" bw="1" slack="0"/>
</pin_list>
<bind>
<StgValue><ssdm name="din_V_V"/></StgValue>
</bind>
</comp>

<comp id="2" class="1000" name="dout_V_data">
<pin_list>
<pin id="3" dir="1" index="0" bw="1" slack="0"/>
</pin_list>
<bind>
<StgValue><ssdm name="dout_V_data"/></StgValue>
</bind>
</comp>

<comp id="4" class="1000" name="dout_V_last_V">
<pin_list>
<pin id="5" dir="1" index="0" bw="1" slack="0"/>
</pin_list>
<bind>
<StgValue><ssdm name="dout_V_last_V"/></StgValue>
</bind>
</comp>

<comp id="6" class="1000" name="delay_line_Array_V">
<pin_list>
<pin id="7" dir="1" index="0" bw="1" slack="0"/>
</pin_list>
<bind>
<StgValue><ssdm name="delay_line_Array_V"/><MemPortTyVec>2 </MemPortTyVec>
</StgValue>
</bind>
</comp>

<comp id="8" class="1000" name="coeff_tab1_0">
<pin_list>
<pin id="9" dir="1" index="0" bw="1" slack="0"/>
</pin_list>
<bind>
<StgValue><ssdm name="coeff_tab1_0"/><MemPortTyVec>1 </MemPortTyVec>
</StgValue>
</bind>
</comp>

<comp id="10" class="1000" name="coeff_tab1_1">
<pin_list>
<pin id="11" dir="1" index="0" bw="1" slack="0"/>
</pin_list>
<bind>
<StgValue><ssdm name="coeff_tab1_1"/><MemPortTyVec>1 </MemPortTyVec>
</StgValue>
</bind>
</comp>

<comp id="12" class="1001" name="const_12">
<pin_list>
<pin id="13" dir="1" index="0" bw="1" slack="0"/>
</pin_list>
<bind>
<StgValue><ssdm name=""/></StgValue>
</bind>
</comp>

<comp id="14" class="1001" name="const_14">
<pin_list>
<pin id="15" dir="1" index="0" bw="1" slack="0"/>
</pin_list>
<bind>
<StgValue><ssdm name="hls_real2xfft_Loop_sliding_win_delay_proc"/></StgValue>
</bind>
</comp>

<comp id="16" class="1001" name="const_16">
<pin_list>
<pin id="17" dir="1" index="0" bw="1" slack="0"/>
</pin_list>
<bind>
<StgValue><ssdm name="hls_real2xfft_Loop_sliding_win_output_proc"/></StgValue>
</bind>
</comp>

<comp id="18" class="1001" name="const_18">
<pin_list>
<pin id="19" dir="1" index="0" bw="1" slack="0"/>
</pin_list>
<bind>
<StgValue><ssdm name="hls_real2xfft_window_fn"/></StgValue>
</bind>
</comp>

<comp id="20" class="1001" name="const_20">
<pin_list>
<pin id="21" dir="1" index="0" bw="1" slack="0"/>
</pin_list>
<bind>
<StgValue><ssdm name="hls_real2xfft_Loop_real2xfft_output_proc"/></StgValue>
</bind>
</comp>

<comp id="22" class="1001" name="const_22">
<pin_list>
<pin id="23" dir="1" index="0" bw="1" slack="2147483647"/>
</pin_list>
<bind>
<StgValue><ssdm name="_ssdm_op_SpecDataflowPipeline"/></StgValue>
</bind>
</comp>

<comp id="24" class="1001" name="const_24">
<pin_list>
<pin id="25" dir="1" index="0" bw="1" slack="2147483647"/>
</pin_list>
<bind>
<StgValue><ssdm name=""/></StgValue>
</bind>
</comp>

<comp id="26" class="1001" name="const_26">
<pin_list>
<pin id="27" dir="1" index="0" bw="1" slack="2147483647"/>
</pin_list>
<bind>
<StgValue><ssdm name="p_str1"/></StgValue>
</bind>
</comp>

<comp id="28" class="1001" name="const_28">
<pin_list>
<pin id="29" dir="1" index="0" bw="1" slack="2147483647"/>
</pin_list>
<bind>
<StgValue><ssdm name="_ssdm_op_SpecBitsMap"/></StgValue>
</bind>
</comp>

<comp id="30" class="1001" name="const_30">
<pin_list>
<pin id="31" dir="1" index="0" bw="1" slack="2147483647"/>
</pin_list>
<bind>
<StgValue><ssdm name="_ssdm_op_SpecChannel"/></StgValue>
</bind>
</comp>

<comp id="32" class="1001" name="const_32">
<pin_list>
<pin id="33" dir="1" index="0" bw="1" slack="2147483647"/>
</pin_list>
<bind>
<StgValue><ssdm name="nodelay_OC_i_OC_0_OC_channel_s"/></StgValue>
</bind>
</comp>

<comp id="34" class="1001" name="const_34">
<pin_list>
<pin id="35" dir="1" index="0" bw="1" slack="2147483647"/>
</pin_list>
<bind>
<StgValue><ssdm name=""/></StgValue>
</bind>
</comp>

<comp id="36" class="1001" name="const_36">
<pin_list>
<pin id="37" dir="1" index="0" bw="1" slack="2147483647"/>
</pin_list>
<bind>
<StgValue><ssdm name="p_str177"/></StgValue>
</bind>
</comp>

<comp id="38" class="1001" name="const_38">
<pin_list>
<pin id="39" dir="1" index="0" bw="1" slack="2147483647"/>
</pin_list>
<bind>
<StgValue><ssdm name=""/></StgValue>
</bind>
</comp>

<comp id="40" class="1001" name="const_40">
<pin_list>
<pin id="41" dir="1" index="0" bw="1" slack="2147483647"/>
</pin_list>
<bind>
<StgValue><ssdm name=""/></StgValue>
</bind>
</comp>

<comp id="42" class="1001" name="const_42">
<pin_list>
<pin id="43" dir="1" index="0" bw="1" slack="2147483647"/>
</pin_list>
<bind>
<StgValue><ssdm name="_ssdm_op_SpecInterface"/></StgValue>
</bind>
</comp>

<comp id="44" class="1001" name="const_44">
<pin_list>
<pin id="45" dir="1" index="0" bw="1" slack="2147483647"/>
</pin_list>
<bind>
<StgValue><ssdm name="ap_fifo_str"/></StgValue>
</bind>
</comp>

<comp id="46" class="1001" name="const_46">
<pin_list>
<pin id="47" dir="1" index="0" bw="1" slack="2147483647"/>
</pin_list>
<bind>
<StgValue><ssdm name=""/></StgValue>
</bind>
</comp>

<comp id="48" class="1001" name="const_48">
<pin_list>
<pin id="49" dir="1" index="0" bw="1" slack="2147483647"/>
</pin_list>
<bind>
<StgValue><ssdm name="p_str178"/></StgValue>
</bind>
</comp>

<comp id="50" class="1001" name="const_50">
<pin_list>
<pin id="51" dir="1" index="0" bw="1" slack="2147483647"/>
</pin_list>
<bind>
<StgValue><ssdm name="p_str179"/></StgValue>
</bind>
</comp>

<comp id="52" class="1001" name="const_52">
<pin_list>
<pin id="53" dir="1" index="0" bw="1" slack="2147483647"/>
</pin_list>
<bind>
<StgValue><ssdm name="p_str180"/></StgValue>
</bind>
</comp>

<comp id="54" class="1001" name="const_54">
<pin_list>
<pin id="55" dir="1" index="0" bw="1" slack="2147483647"/>
</pin_list>
<bind>
<StgValue><ssdm name="p_str181"/></StgValue>
</bind>
</comp>

<comp id="56" class="1001" name="const_56">
<pin_list>
<pin id="57" dir="1" index="0" bw="1" slack="2147483647"/>
</pin_list>
<bind>
<StgValue><ssdm name="nodelay_OC_i_OC_1_OC_channel_s"/></StgValue>
</bind>
</comp>

<comp id="58" class="1001" name="const_58">
<pin_list>
<pin id="59" dir="1" index="0" bw="1" slack="2147483647"/>
</pin_list>
<bind>
<StgValue><ssdm name="p_str172"/></StgValue>
</bind>
</comp>

<comp id="60" class="1001" name="const_60">
<pin_list>
<pin id="61" dir="1" index="0" bw="1" slack="2147483647"/>
</pin_list>
<bind>
<StgValue><ssdm name="p_str173"/></StgValue>
</bind>
</comp>

<comp id="62" class="1001" name="const_62">
<pin_list>
<pin id="63" dir="1" index="0" bw="1" slack="2147483647"/>
</pin_list>
<bind>
<StgValue><ssdm name="p_str174"/></StgValue>
</bind>
</comp>

<comp id="64" class="1001" name="const_64">
<pin_list>
<pin id="65" dir="1" index="0" bw="1" slack="2147483647"/>
</pin_list>
<bind>
<StgValue><ssdm name="p_str175"/></StgValue>
</bind>
</comp>

<comp id="66" class="1001" name="const_66">
<pin_list>
<pin id="67" dir="1" index="0" bw="1" slack="2147483647"/>
</pin_list>
<bind>
<StgValue><ssdm name="p_str176"/></StgValue>
</bind>
</comp>

<comp id="68" class="1001" name="const_68">
<pin_list>
<pin id="69" dir="1" index="0" bw="1" slack="2147483647"/>
</pin_list>
<bind>
<StgValue><ssdm name="delayed_OC_i_OC_0_OC_channel_s"/></StgValue>
</bind>
</comp>

<comp id="70" class="1001" name="const_70">
<pin_list>
<pin id="71" dir="1" index="0" bw="1" slack="2147483647"/>
</pin_list>
<bind>
<StgValue><ssdm name="p_str167"/></StgValue>
</bind>
</comp>

<comp id="72" class="1001" name="const_72">
<pin_list>
<pin id="73" dir="1" index="0" bw="1" slack="2147483647"/>
</pin_list>
<bind>
<StgValue><ssdm name="p_str168"/></StgValue>
</bind>
</comp>

<comp id="74" class="1001" name="const_74">
<pin_list>
<pin id="75" dir="1" index="0" bw="1" slack="2147483647"/>
</pin_list>
<bind>
<StgValue><ssdm name="p_str169"/></StgValue>
</bind>
</comp>

<comp id="76" class="1001" name="const_76">
<pin_list>
<pin id="77" dir="1" index="0" bw="1" slack="2147483647"/>
</pin_list>
<bind>
<StgValue><ssdm name="p_str170"/></StgValue>
</bind>
</comp>

<comp id="78" class="1001" name="const_78">
<pin_list>
<pin id="79" dir="1" index="0" bw="1" slack="2147483647"/>
</pin_list>
<bind>
<StgValue><ssdm name="p_str171"/></StgValue>
</bind>
</comp>

<comp id="80" class="1001" name="const_80">
<pin_list>
<pin id="81" dir="1" index="0" bw="1" slack="2147483647"/>
</pin_list>
<bind>
<StgValue><ssdm name="delayed_OC_i_OC_1_OC_channel_s"/></StgValue>
</bind>
</comp>

<comp id="82" class="1001" name="const_82">
<pin_list>
<pin id="83" dir="1" index="0" bw="1" slack="2147483647"/>
</pin_list>
<bind>
<StgValue><ssdm name="p_str162"/></StgValue>
</bind>
</comp>

<comp id="84" class="1001" name="const_84">
<pin_list>
<pin id="85" dir="1" index="0" bw="1" slack="2147483647"/>
</pin_list>
<bind>
<StgValue><ssdm name="p_str163"/></StgValue>
</bind>
</comp>

<comp id="86" class="1001" name="const_86">
<pin_list>
<pin id="87" dir="1" index="0" bw="1" slack="2147483647"/>
</pin_list>
<bind>
<StgValue><ssdm name="p_str164"/></StgValue>
</bind>
</comp>

<comp id="88" class="1001" name="const_88">
<pin_list>
<pin id="89" dir="1" index="0" bw="1" slack="2147483647"/>
</pin_list>
<bind>
<StgValue><ssdm name="p_str165"/></StgValue>
</bind>
</comp>

<comp id="90" class="1001" name="const_90">
<pin_list>
<pin id="91" dir="1" index="0" bw="1" slack="2147483647"/>
</pin_list>
<bind>
<StgValue><ssdm name="p_str166"/></StgValue>
</bind>
</comp>

<comp id="92" class="1001" name="const_92">
<pin_list>
<pin id="93" dir="1" index="0" bw="1" slack="2147483647"/>
</pin_list>
<bind>
<StgValue><ssdm name="_ssdm_op_SpecTopModule"/></StgValue>
</bind>
</comp>

<comp id="94" class="1001" name="const_94">
<pin_list>
<pin id="95" dir="1" index="0" bw="1" slack="2147483647"/>
</pin_list>
<bind>
<StgValue><ssdm name="hls_real2xfft_str"/></StgValue>
</bind>
</comp>

<comp id="96" class="1001" name="const_96">
<pin_list>
<pin id="97" dir="1" index="0" bw="1" slack="2147483647"/>
</pin_list>
<bind>
<StgValue><ssdm name="data2window_OC_0_OC_channel_st"/></StgValue>
</bind>
</comp>

<comp id="98" class="1001" name="const_98">
<pin_list>
<pin id="99" dir="1" index="0" bw="1" slack="2147483647"/>
</pin_list>
<bind>
<StgValue><ssdm name="p_str157"/></StgValue>
</bind>
</comp>

<comp id="100" class="1001" name="const_100">
<pin_list>
<pin id="101" dir="1" index="0" bw="1" slack="2147483647"/>
</pin_list>
<bind>
<StgValue><ssdm name=""/></StgValue>
</bind>
</comp>

<comp id="102" class="1001" name="const_102">
<pin_list>
<pin id="103" dir="1" index="0" bw="1" slack="2147483647"/>
</pin_list>
<bind>
<StgValue><ssdm name="p_str158"/></StgValue>
</bind>
</comp>

<comp id="104" class="1001" name="const_104">
<pin_list>
<pin id="105" dir="1" index="0" bw="1" slack="2147483647"/>
</pin_list>
<bind>
<StgValue><ssdm name="p_str159"/></StgValue>
</bind>
</comp>

<comp id="106" class="1001" name="const_106">
<pin_list>
<pin id="107" dir="1" index="0" bw="1" slack="2147483647"/>
</pin_list>
<bind>
<StgValue><ssdm name="p_str160"/></StgValue>
</bind>
</comp>

<comp id="108" class="1001" name="const_108">
<pin_list>
<pin id="109" dir="1" index="0" bw="1" slack="2147483647"/>
</pin_list>
<bind>
<StgValue><ssdm name="p_str161"/></StgValue>
</bind>
</comp>

<comp id="110" class="1001" name="const_110">
<pin_list>
<pin id="111" dir="1" index="0" bw="1" slack="2147483647"/>
</pin_list>
<bind>
<StgValue><ssdm name="data2window_OC_1_OC_channel_st"/></StgValue>
</bind>
</comp>

<comp id="112" class="1001" name="const_112">
<pin_list>
<pin id="113" dir="1" index="0" bw="1" slack="2147483647"/>
</pin_list>
<bind>
<StgValue><ssdm name="p_str152"/></StgValue>
</bind>
</comp>

<comp id="114" class="1001" name="const_114">
<pin_list>
<pin id="115" dir="1" index="0" bw="1" slack="2147483647"/>
</pin_list>
<bind>
<StgValue><ssdm name="p_str153"/></StgValue>
</bind>
</comp>

<comp id="116" class="1001" name="const_116">
<pin_list>
<pin id="117" dir="1" index="0" bw="1" slack="2147483647"/>
</pin_list>
<bind>
<StgValue><ssdm name="p_str154"/></StgValue>
</bind>
</comp>

<comp id="118" class="1001" name="const_118">
<pin_list>
<pin id="119" dir="1" index="0" bw="1" slack="2147483647"/>
</pin_list>
<bind>
<StgValue><ssdm name="p_str155"/></StgValue>
</bind>
</comp>

<comp id="120" class="1001" name="const_120">
<pin_list>
<pin id="121" dir="1" index="0" bw="1" slack="2147483647"/>
</pin_list>
<bind>
<StgValue><ssdm name="p_str156"/></StgValue>
</bind>
</comp>

<comp id="122" class="1001" name="const_122">
<pin_list>
<pin id="123" dir="1" index="0" bw="1" slack="2147483647"/>
</pin_list>
<bind>
<StgValue><ssdm name="windowed_OC_0_OC_channel_str"/></StgValue>
</bind>
</comp>

<comp id="124" class="1001" name="const_124">
<pin_list>
<pin id="125" dir="1" index="0" bw="1" slack="2147483647"/>
</pin_list>
<bind>
<StgValue><ssdm name="p_str147"/></StgValue>
</bind>
</comp>

<comp id="126" class="1001" name="const_126">
<pin_list>
<pin id="127" dir="1" index="0" bw="1" slack="2147483647"/>
</pin_list>
<bind>
<StgValue><ssdm name="p_str148"/></StgValue>
</bind>
</comp>

<comp id="128" class="1001" name="const_128">
<pin_list>
<pin id="129" dir="1" index="0" bw="1" slack="2147483647"/>
</pin_list>
<bind>
<StgValue><ssdm name="p_str149"/></StgValue>
</bind>
</comp>

<comp id="130" class="1001" name="const_130">
<pin_list>
<pin id="131" dir="1" index="0" bw="1" slack="2147483647"/>
</pin_list>
<bind>
<StgValue><ssdm name="p_str150"/></StgValue>
</bind>
</comp>

<comp id="132" class="1001" name="const_132">
<pin_list>
<pin id="133" dir="1" index="0" bw="1" slack="2147483647"/>
</pin_list>
<bind>
<StgValue><ssdm name="p_str151"/></StgValue>
</bind>
</comp>

<comp id="134" class="1001" name="const_134">
<pin_list>
<pin id="135" dir="1" index="0" bw="1" slack="2147483647"/>
</pin_list>
<bind>
<StgValue><ssdm name="windowed_OC_1_OC_channel_str"/></StgValue>
</bind>
</comp>

<comp id="136" class="1001" name="const_136">
<pin_list>
<pin id="137" dir="1" index="0" bw="1" slack="2147483647"/>
</pin_list>
<bind>
<StgValue><ssdm name="p_str142"/></StgValue>
</bind>
</comp>

<comp id="138" class="1001" name="const_138">
<pin_list>
<pin id="139" dir="1" index="0" bw="1" slack="2147483647"/>
</pin_list>
<bind>
<StgValue><ssdm name="p_str143"/></StgValue>
</bind>
</comp>

<comp id="140" class="1001" name="const_140">
<pin_list>
<pin id="141" dir="1" index="0" bw="1" slack="2147483647"/>
</pin_list>
<bind>
<StgValue><ssdm name="p_str144"/></StgValue>
</bind>
</comp>

<comp id="142" class="1001" name="const_142">
<pin_list>
<pin id="143" dir="1" index="0" bw="1" slack="2147483647"/>
</pin_list>
<bind>
<StgValue><ssdm name="p_str145"/></StgValue>
</bind>
</comp>

<comp id="144" class="1001" name="const_144">
<pin_list>
<pin id="145" dir="1" index="0" bw="1" slack="2147483647"/>
</pin_list>
<bind>
<StgValue><ssdm name="p_str146"/></StgValue>
</bind>
</comp>

<comp id="146" class="1001" name="const_146">
<pin_list>
<pin id="147" dir="1" index="0" bw="1" slack="2147483647"/>
</pin_list>
<bind>
<StgValue><ssdm name="p_str"/></StgValue>
</bind>
</comp>

<comp id="148" class="1001" name="const_148">
<pin_list>
<pin id="149" dir="1" index="0" bw="1" slack="2147483647"/>
</pin_list>
<bind>
<StgValue><ssdm name="delayed_OC_i_OC_0_str"/></StgValue>
</bind>
</comp>

<comp id="150" class="1001" name="const_150">
<pin_list>
<pin id="151" dir="1" index="0" bw="1" slack="2147483647"/>
</pin_list>
<bind>
<StgValue><ssdm name="p_str34"/></StgValue>
</bind>
</comp>

<comp id="152" class="1001" name="const_152">
<pin_list>
<pin id="153" dir="1" index="0" bw="1" slack="2147483647"/>
</pin_list>
<bind>
<StgValue><ssdm name="p_str35"/></StgValue>
</bind>
</comp>

<comp id="154" class="1001" name="const_154">
<pin_list>
<pin id="155" dir="1" index="0" bw="1" slack="2147483647"/>
</pin_list>
<bind>
<StgValue><ssdm name="p_str36"/></StgValue>
</bind>
</comp>

<comp id="156" class="1001" name="const_156">
<pin_list>
<pin id="157" dir="1" index="0" bw="1" slack="2147483647"/>
</pin_list>
<bind>
<StgValue><ssdm name="p_str37"/></StgValue>
</bind>
</comp>

<comp id="158" class="1001" name="const_158">
<pin_list>
<pin id="159" dir="1" index="0" bw="1" slack="2147483647"/>
</pin_list>
<bind>
<StgValue><ssdm name="p_str38"/></StgValue>
</bind>
</comp>

<comp id="160" class="1001" name="const_160">
<pin_list>
<pin id="161" dir="1" index="0" bw="1" slack="2147483647"/>
</pin_list>
<bind>
<StgValue><ssdm name="delayed_OC_i_OC_1_str"/></StgValue>
</bind>
</comp>

<comp id="162" class="1001" name="const_162">
<pin_list>
<pin id="163" dir="1" index="0" bw="1" slack="2147483647"/>
</pin_list>
<bind>
<StgValue><ssdm name="p_str39"/></StgValue>
</bind>
</comp>

<comp id="164" class="1001" name="const_164">
<pin_list>
<pin id="165" dir="1" index="0" bw="1" slack="2147483647"/>
</pin_list>
<bind>
<StgValue><ssdm name="p_str40"/></StgValue>
</bind>
</comp>

<comp id="166" class="1001" name="const_166">
<pin_list>
<pin id="167" dir="1" index="0" bw="1" slack="2147483647"/>
</pin_list>
<bind>
<StgValue><ssdm name="p_str41"/></StgValue>
</bind>
</comp>

<comp id="168" class="1001" name="const_168">
<pin_list>
<pin id="169" dir="1" index="0" bw="1" slack="2147483647"/>
</pin_list>
<bind>
<StgValue><ssdm name="p_str42"/></StgValue>
</bind>
</comp>

<comp id="170" class="1001" name="const_170">
<pin_list>
<pin id="171" dir="1" index="0" bw="1" slack="2147483647"/>
</pin_list>
<bind>
<StgValue><ssdm name="p_str43"/></StgValue>
</bind>
</comp>

<comp id="172" class="1001" name="const_172">
<pin_list>
<pin id="173" dir="1" index="0" bw="1" slack="2147483647"/>
</pin_list>
<bind>
<StgValue><ssdm name="nodelay_OC_i_OC_0_str"/></StgValue>
</bind>
</comp>

<comp id="174" class="1001" name="const_174">
<pin_list>
<pin id="175" dir="1" index="0" bw="1" slack="2147483647"/>
</pin_list>
<bind>
<StgValue><ssdm name="p_str44"/></StgValue>
</bind>
</comp>

<comp id="176" class="1001" name="const_176">
<pin_list>
<pin id="177" dir="1" index="0" bw="1" slack="2147483647"/>
</pin_list>
<bind>
<StgValue><ssdm name="p_str45"/></StgValue>
</bind>
</comp>

<comp id="178" class="1001" name="const_178">
<pin_list>
<pin id="179" dir="1" index="0" bw="1" slack="2147483647"/>
</pin_list>
<bind>
<StgValue><ssdm name="p_str46"/></StgValue>
</bind>
</comp>

<comp id="180" class="1001" name="const_180">
<pin_list>
<pin id="181" dir="1" index="0" bw="1" slack="2147483647"/>
</pin_list>
<bind>
<StgValue><ssdm name="p_str47"/></StgValue>
</bind>
</comp>

<comp id="182" class="1001" name="const_182">
<pin_list>
<pin id="183" dir="1" index="0" bw="1" slack="2147483647"/>
</pin_list>
<bind>
<StgValue><ssdm name="p_str48"/></StgValue>
</bind>
</comp>

<comp id="184" class="1001" name="const_184">
<pin_list>
<pin id="185" dir="1" index="0" bw="1" slack="2147483647"/>
</pin_list>
<bind>
<StgValue><ssdm name="nodelay_OC_i_OC_1_str"/></StgValue>
</bind>
</comp>

<comp id="186" class="1001" name="const_186">
<pin_list>
<pin id="187" dir="1" index="0" bw="1" slack="2147483647"/>
</pin_list>
<bind>
<StgValue><ssdm name="p_str49"/></StgValue>
</bind>
</comp>

<comp id="188" class="1001" name="const_188">
<pin_list>
<pin id="189" dir="1" index="0" bw="1" slack="2147483647"/>
</pin_list>
<bind>
<StgValue><ssdm name="p_str50"/></StgValue>
</bind>
</comp>

<comp id="190" class="1001" name="const_190">
<pin_list>
<pin id="191" dir="1" index="0" bw="1" slack="2147483647"/>
</pin_list>
<bind>
<StgValue><ssdm name="p_str51"/></StgValue>
</bind>
</comp>

<comp id="192" class="1001" name="const_192">
<pin_list>
<pin id="193" dir="1" index="0" bw="1" slack="2147483647"/>
</pin_list>
<bind>
<StgValue><ssdm name="p_str52"/></StgValue>
</bind>
</comp>

<comp id="194" class="1001" name="const_194">
<pin_list>
<pin id="195" dir="1" index="0" bw="1" slack="2147483647"/>
</pin_list>
<bind>
<StgValue><ssdm name="p_str53"/></StgValue>
</bind>
</comp>

<comp id="196" class="1001" name="const_196">
<pin_list>
<pin id="197" dir="1" index="0" bw="1" slack="2147483647"/>
</pin_list>
<bind>
<StgValue><ssdm name="data2window_OC_1_str"/></StgValue>
</bind>
</comp>

<comp id="198" class="1001" name="const_198">
<pin_list>
<pin id="199" dir="1" index="0" bw="1" slack="2147483647"/>
</pin_list>
<bind>
<StgValue><ssdm name="p_str54"/></StgValue>
</bind>
</comp>

<comp id="200" class="1001" name="const_200">
<pin_list>
<pin id="201" dir="1" index="0" bw="1" slack="2147483647"/>
</pin_list>
<bind>
<StgValue><ssdm name="p_str55"/></StgValue>
</bind>
</comp>

<comp id="202" class="1001" name="const_202">
<pin_list>
<pin id="203" dir="1" index="0" bw="1" slack="2147483647"/>
</pin_list>
<bind>
<StgValue><ssdm name="p_str56"/></StgValue>
</bind>
</comp>

<comp id="204" class="1001" name="const_204">
<pin_list>
<pin id="205" dir="1" index="0" bw="1" slack="2147483647"/>
</pin_list>
<bind>
<StgValue><ssdm name="p_str57"/></StgValue>
</bind>
</comp>

<comp id="206" class="1001" name="const_206">
<pin_list>
<pin id="207" dir="1" index="0" bw="1" slack="2147483647"/>
</pin_list>
<bind>
<StgValue><ssdm name="p_str58"/></StgValue>
</bind>
</comp>

<comp id="208" class="1001" name="const_208">
<pin_list>
<pin id="209" dir="1" index="0" bw="1" slack="2147483647"/>
</pin_list>
<bind>
<StgValue><ssdm name="data2window_OC_0_str"/></StgValue>
</bind>
</comp>

<comp id="210" class="1001" name="const_210">
<pin_list>
<pin id="211" dir="1" index="0" bw="1" slack="2147483647"/>
</pin_list>
<bind>
<StgValue><ssdm name="p_str59"/></StgValue>
</bind>
</comp>

<comp id="212" class="1001" name="const_212">
<pin_list>
<pin id="213" dir="1" index="0" bw="1" slack="2147483647"/>
</pin_list>
<bind>
<StgValue><ssdm name="p_str60"/></StgValue>
</bind>
</comp>

<comp id="214" class="1001" name="const_214">
<pin_list>
<pin id="215" dir="1" index="0" bw="1" slack="2147483647"/>
</pin_list>
<bind>
<StgValue><ssdm name="p_str61"/></StgValue>
</bind>
</comp>

<comp id="216" class="1001" name="const_216">
<pin_list>
<pin id="217" dir="1" index="0" bw="1" slack="2147483647"/>
</pin_list>
<bind>
<StgValue><ssdm name="p_str62"/></StgValue>
</bind>
</comp>

<comp id="218" class="1001" name="const_218">
<pin_list>
<pin id="219" dir="1" index="0" bw="1" slack="2147483647"/>
</pin_list>
<bind>
<StgValue><ssdm name="p_str63"/></StgValue>
</bind>
</comp>

<comp id="220" class="1001" name="const_220">
<pin_list>
<pin id="221" dir="1" index="0" bw="1" slack="2147483647"/>
</pin_list>
<bind>
<StgValue><ssdm name="windowed_OC_0_str"/></StgValue>
</bind>
</comp>

<comp id="222" class="1001" name="const_222">
<pin_list>
<pin id="223" dir="1" index="0" bw="1" slack="2147483647"/>
</pin_list>
<bind>
<StgValue><ssdm name="p_str64"/></StgValue>
</bind>
</comp>

<comp id="224" class="1001" name="const_224">
<pin_list>
<pin id="225" dir="1" index="0" bw="1" slack="2147483647"/>
</pin_list>
<bind>
<StgValue><ssdm name="p_str65"/></StgValue>
</bind>
</comp>

<comp id="226" class="1001" name="const_226">
<pin_list>
<pin id="227" dir="1" index="0" bw="1" slack="2147483647"/>
</pin_list>
<bind>
<StgValue><ssdm name="p_str66"/></StgValue>
</bind>
</comp>

<comp id="228" class="1001" name="const_228">
<pin_list>
<pin id="229" dir="1" index="0" bw="1" slack="2147483647"/>
</pin_list>
<bind>
<StgValue><ssdm name="p_str67"/></StgValue>
</bind>
</comp>

<comp id="230" class="1001" name="const_230">
<pin_list>
<pin id="231" dir="1" index="0" bw="1" slack="2147483647"/>
</pin_list>
<bind>
<StgValue><ssdm name="p_str68"/></StgValue>
</bind>
</comp>

<comp id="232" class="1001" name="const_232">
<pin_list>
<pin id="233" dir="1" index="0" bw="1" slack="2147483647"/>
</pin_list>
<bind>
<StgValue><ssdm name="windowed_OC_1_str"/></StgValue>
</bind>
</comp>

<comp id="234" class="1001" name="const_234">
<pin_list>
<pin id="235" dir="1" index="0" bw="1" slack="2147483647"/>
</pin_list>
<bind>
<StgValue><ssdm name="p_str69"/></StgValue>
</bind>
</comp>

<comp id="236" class="1001" name="const_236">
<pin_list>
<pin id="237" dir="1" index="0" bw="1" slack="2147483647"/>
</pin_list>
<bind>
<StgValue><ssdm name="p_str70"/></StgValue>
</bind>
</comp>

<comp id="238" class="1001" name="const_238">
<pin_list>
<pin id="239" dir="1" index="0" bw="1" slack="2147483647"/>
</pin_list>
<bind>
<StgValue><ssdm name="p_str71"/></StgValue>
</bind>
</comp>

<comp id="240" class="1001" name="const_240">
<pin_list>
<pin id="241" dir="1" index="0" bw="1" slack="2147483647"/>
</pin_list>
<bind>
<StgValue><ssdm name="p_str72"/></StgValue>
</bind>
</comp>

<comp id="242" class="1001" name="const_242">
<pin_list>
<pin id="243" dir="1" index="0" bw="1" slack="2147483647"/>
</pin_list>
<bind>
<StgValue><ssdm name="p_str73"/></StgValue>
</bind>
</comp>

<comp id="244" class="1004" name="nodelay_i_0_channel_fu_244">
<pin_list>
<pin id="245" dir="0" index="0" bw="1" slack="0"/>
<pin id="246" dir="1" index="1" bw="16" slack="0"/>
</pin_list>
<bind>
<opcode="alloca(26) " fcode="alloca"/>
<opset="nodelay_i_0_channel/1 "/>
</bind>
</comp>

<comp id="248" class="1004" name="nodelay_i_1_channel_fu_248">
<pin_list>
<pin id="249" dir="0" index="0" bw="1" slack="0"/>
<pin id="250" dir="1" index="1" bw="16" slack="0"/>
</pin_list>
<bind>
<opcode="alloca(26) " fcode="alloca"/>
<opset="nodelay_i_1_channel/1 "/>
</bind>
</comp>

<comp id="252" class="1004" name="delayed_i_0_channel_fu_252">
<pin_list>
<pin id="253" dir="0" index="0" bw="1" slack="0"/>
<pin id="254" dir="1" index="1" bw="16" slack="0"/>
</pin_list>
<bind>
<opcode="alloca(26) " fcode="alloca"/>
<opset="delayed_i_0_channel/1 "/>
</bind>
</comp>

<comp id="256" class="1004" name="delayed_i_1_channel_fu_256">
<pin_list>
<pin id="257" dir="0" index="0" bw="1" slack="0"/>
<pin id="258" dir="1" index="1" bw="16" slack="0"/>
</pin_list>
<bind>
<opcode="alloca(26) " fcode="alloca"/>
<opset="delayed_i_1_channel/1 "/>
</bind>
</comp>

<comp id="260" class="1004" name="data2window_0_channel_fu_260">
<pin_list>
<pin id="261" dir="0" index="0" bw="1" slack="0"/>
<pin id="262" dir="1" index="1" bw="16" slack="2"/>
</pin_list>
<bind>
<opcode="alloca(26) " fcode="alloca"/>
<opset="data2window_0_channel/1 "/>
</bind>
</comp>

<comp id="264" class="1004" name="data2window_1_channel_fu_264">
<pin_list>
<pin id="265" dir="0" index="0" bw="1" slack="0"/>
<pin id="266" dir="1" index="1" bw="16" slack="2"/>
</pin_list>
<bind>
<opcode="alloca(26) " fcode="alloca"/>
<opset="data2window_1_channel/1 "/>
</bind>
</comp>

<comp id="268" class="1004" name="windowed_0_channel_fu_268">
<pin_list>
<pin id="269" dir="0" index="0" bw="1" slack="0"/>
<pin id="270" dir="1" index="1" bw="16" slack="4"/>
</pin_list>
<bind>
<opcode="alloca(26) " fcode="alloca"/>
<opset="windowed_0_channel/1 "/>
</bind>
</comp>

<comp id="272" class="1004" name="windowed_1_channel_fu_272">
<pin_list>
<pin id="273" dir="0" index="0" bw="1" slack="0"/>
<pin id="274" dir="1" index="1" bw="16" slack="4"/>
</pin_list>
<bind>
<opcode="alloca(26) " fcode="alloca"/>
<opset="windowed_1_channel/1 "/>
</bind>
</comp>

<comp id="276" class="1004" name="grp_hls_real2xfft_window_fn_fu_276">
<pin_list>
<pin id="277" dir="0" index="0" bw="0" slack="0"/>
<pin id="278" dir="0" index="1" bw="16" slack="4"/>
<pin id="279" dir="0" index="2" bw="16" slack="4"/>
<pin id="280" dir="0" index="3" bw="16" slack="4"/>
<pin id="281" dir="0" index="4" bw="16" slack="4"/>
<pin id="282" dir="0" index="5" bw="15" slack="0"/>
<pin id="283" dir="0" index="6" bw="15" slack="0"/>
<pin id="284" dir="1" index="7" bw="0" slack="2147483647"/>
</pin_list>
<bind>
<opcode="call(48) " fcode="call"/>
<opset="stg_21/5 "/>
</bind>
</comp>

<comp id="288" class="1004" name="grp_hls_real2xfft_Loop_sliding_win_output_proc_fu_288">
<pin_list>
<pin id="289" dir="0" index="0" bw="0" slack="0"/>
<pin id="290" dir="0" index="1" bw="16" slack="2"/>
<pin id="291" dir="0" index="2" bw="16" slack="2"/>
<pin id="292" dir="0" index="3" bw="16" slack="2"/>
<pin id="293" dir="0" index="4" bw="16" slack="2"/>
<pin id="294" dir="0" index="5" bw="16" slack="2"/>
<pin id="295" dir="0" index="6" bw="16" slack="2"/>
<pin id="296" dir="1" index="7" bw="0" slack="2147483647"/>
</pin_list>
<bind>
<opcode="call(48) " fcode="call"/>
<opset="stg_19/3 "/>
</bind>
</comp>

<comp id="298" class="1004" name="grp_hls_real2xfft_Loop_sliding_win_delay_proc_fu_298">
<pin_list>
<pin id="299" dir="0" index="0" bw="0" slack="0"/>
<pin id="300" dir="0" index="1" bw="16" slack="0"/>
<pin id="301" dir="0" index="2" bw="16" slack="0"/>
<pin id="302" dir="0" index="3" bw="16" slack="0"/>
<pin id="303" dir="0" index="4" bw="16" slack="0"/>
<pin id="304" dir="0" index="5" bw="16" slack="0"/>
<pin id="305" dir="0" index="6" bw="16" slack="0"/>
<pin id="306" dir="1" index="7" bw="0" slack="2147483647"/>
</pin_list>
<bind>
<opcode="call(48) " fcode="call"/>
<opset="stg_17/1 "/>
</bind>
</comp>

<comp id="310" class="1004" name="grp_hls_real2xfft_Loop_real2xfft_output_proc_fu_310">
<pin_list>
<pin id="311" dir="0" index="0" bw="0" slack="0"/>
<pin id="312" dir="0" index="1" bw="16" slack="6"/>
<pin id="313" dir="0" index="2" bw="16" slack="6"/>
<pin id="314" dir="0" index="3" bw="32" slack="0"/>
<pin id="315" dir="0" index="4" bw="1" slack="0"/>
<pin id="316" dir="1" index="5" bw="0" slack="2147483647"/>
</pin_list>
<bind>
<opcode="call(48) " fcode="call"/>
<opset="stg_23/7 "/>
</bind>
</comp>

<comp id="320" class="1005" name="nodelay_i_0_channel_reg_320">
<pin_list>
<pin id="321" dir="0" index="0" bw="16" slack="0"/>
<pin id="322" dir="1" index="1" bw="16" slack="0"/>
</pin_list>
<bind>
<opset="nodelay_i_0_channel "/>
</bind>
</comp>

<comp id="326" class="1005" name="nodelay_i_1_channel_reg_326">
<pin_list>
<pin id="327" dir="0" index="0" bw="16" slack="0"/>
<pin id="328" dir="1" index="1" bw="16" slack="0"/>
</pin_list>
<bind>
<opset="nodelay_i_1_channel "/>
</bind>
</comp>

<comp id="332" class="1005" name="delayed_i_0_channel_reg_332">
<pin_list>
<pin id="333" dir="0" index="0" bw="16" slack="0"/>
<pin id="334" dir="1" index="1" bw="16" slack="0"/>
</pin_list>
<bind>
<opset="delayed_i_0_channel "/>
</bind>
</comp>

<comp id="338" class="1005" name="delayed_i_1_channel_reg_338">
<pin_list>
<pin id="339" dir="0" index="0" bw="16" slack="0"/>
<pin id="340" dir="1" index="1" bw="16" slack="0"/>
</pin_list>
<bind>
<opset="delayed_i_1_channel "/>
</bind>
</comp>

<comp id="344" class="1005" name="data2window_0_channel_reg_344">
<pin_list>
<pin id="345" dir="0" index="0" bw="16" slack="2"/>
<pin id="346" dir="1" index="1" bw="16" slack="2"/>
</pin_list>
<bind>
<opset="data2window_0_channel "/>
</bind>
</comp>

<comp id="350" class="1005" name="data2window_1_channel_reg_350">
<pin_list>
<pin id="351" dir="0" index="0" bw="16" slack="2"/>
<pin id="352" dir="1" index="1" bw="16" slack="2"/>
</pin_list>
<bind>
<opset="data2window_1_channel "/>
</bind>
</comp>

<comp id="356" class="1005" name="windowed_0_channel_reg_356">
<pin_list>
<pin id="357" dir="0" index="0" bw="16" slack="4"/>
<pin id="358" dir="1" index="1" bw="16" slack="4"/>
</pin_list>
<bind>
<opset="windowed_0_channel "/>
</bind>
</comp>

<comp id="362" class="1005" name="windowed_1_channel_reg_362">
<pin_list>
<pin id="363" dir="0" index="0" bw="16" slack="4"/>
<pin id="364" dir="1" index="1" bw="16" slack="4"/>
</pin_list>
<bind>
<opset="windowed_1_channel "/>
</bind>
</comp>

</comp_list>

<net_list>
<net id="247"><net_src comp="12" pin="0"/><net_sink comp="244" pin=0"/></net>

<net id="251"><net_src comp="12" pin="0"/><net_sink comp="248" pin=0"/></net>

<net id="255"><net_src comp="12" pin="0"/><net_sink comp="252" pin=0"/></net>

<net id="259"><net_src comp="12" pin="0"/><net_sink comp="256" pin=0"/></net>

<net id="263"><net_src comp="12" pin="0"/><net_sink comp="260" pin=0"/></net>

<net id="267"><net_src comp="12" pin="0"/><net_sink comp="264" pin=0"/></net>

<net id="271"><net_src comp="12" pin="0"/><net_sink comp="268" pin=0"/></net>

<net id="275"><net_src comp="12" pin="0"/><net_sink comp="272" pin=0"/></net>

<net id="285"><net_src comp="18" pin="0"/><net_sink comp="276" pin=0"/></net>

<net id="286"><net_src comp="8" pin="0"/><net_sink comp="276" pin=5"/></net>

<net id="287"><net_src comp="10" pin="0"/><net_sink comp="276" pin=6"/></net>

<net id="297"><net_src comp="16" pin="0"/><net_sink comp="288" pin=0"/></net>

<net id="307"><net_src comp="14" pin="0"/><net_sink comp="298" pin=0"/></net>

<net id="308"><net_src comp="0" pin="0"/><net_sink comp="298" pin=3"/></net>

<net id="309"><net_src comp="6" pin="0"/><net_sink comp="298" pin=6"/></net>

<net id="317"><net_src comp="20" pin="0"/><net_sink comp="310" pin=0"/></net>

<net id="318"><net_src comp="2" pin="0"/><net_sink comp="310" pin=3"/></net>

<net id="319"><net_src comp="4" pin="0"/><net_sink comp="310" pin=4"/></net>

<net id="323"><net_src comp="244" pin="1"/><net_sink comp="320" pin=0"/></net>

<net id="324"><net_src comp="320" pin="1"/><net_sink comp="298" pin=4"/></net>

<net id="325"><net_src comp="320" pin="1"/><net_sink comp="288" pin=5"/></net>

<net id="329"><net_src comp="248" pin="1"/><net_sink comp="326" pin=0"/></net>

<net id="330"><net_src comp="326" pin="1"/><net_sink comp="298" pin=5"/></net>

<net id="331"><net_src comp="326" pin="1"/><net_sink comp="288" pin=6"/></net>

<net id="335"><net_src comp="252" pin="1"/><net_sink comp="332" pin=0"/></net>

<net id="336"><net_src comp="332" pin="1"/><net_sink comp="298" pin=1"/></net>

<net id="337"><net_src comp="332" pin="1"/><net_sink comp="288" pin=4"/></net>

<net id="341"><net_src comp="256" pin="1"/><net_sink comp="338" pin=0"/></net>

<net id="342"><net_src comp="338" pin="1"/><net_sink comp="298" pin=2"/></net>

<net id="343"><net_src comp="338" pin="1"/><net_sink comp="288" pin=2"/></net>

<net id="347"><net_src comp="260" pin="1"/><net_sink comp="344" pin=0"/></net>

<net id="348"><net_src comp="344" pin="1"/><net_sink comp="288" pin=3"/></net>

<net id="349"><net_src comp="344" pin="1"/><net_sink comp="276" pin=1"/></net>

<net id="353"><net_src comp="264" pin="1"/><net_sink comp="350" pin=0"/></net>

<net id="354"><net_src comp="350" pin="1"/><net_sink comp="288" pin=1"/></net>

<net id="355"><net_src comp="350" pin="1"/><net_sink comp="276" pin=2"/></net>

<net id="359"><net_src comp="268" pin="1"/><net_sink comp="356" pin=0"/></net>

<net id="360"><net_src comp="356" pin="1"/><net_sink comp="276" pin=3"/></net>

<net id="361"><net_src comp="356" pin="1"/><net_sink comp="310" pin=1"/></net>

<net id="365"><net_src comp="272" pin="1"/><net_sink comp="362" pin=0"/></net>

<net id="366"><net_src comp="362" pin="1"/><net_sink comp="276" pin=4"/></net>

<net id="367"><net_src comp="362" pin="1"/><net_sink comp="310" pin=2"/></net>

</net_list>

</model> 
---------------- Datapath Model END ------------------

* FSMD analyzer results:
  - Output states:
	Port: dout_V_data | {7 8 }
	Port: dout_V_last_V | {7 8 }
  - Chain level:
	State 1
		stg_17 : 1
	State 2
	State 3
	State 4
	State 5
	State 6
	State 7
	State 8


============================================================
+ Verbose Summary: Datapath Resource usage 
============================================================

* Functional unit list:
|----------|-------------------------------------------------------|---------|---------|---------|---------|
| Operation|                    Functional Unit                    |  DSP48E |  Delay  |    FF   |   LUT   |
|----------|-------------------------------------------------------|---------|---------|---------|---------|
|          |           grp_hls_real2xfft_window_fn_fu_276          |    2    |  9.426  |   163   |    94   |
|   call   | grp_hls_real2xfft_Loop_sliding_win_output_proc_fu_288 |    0    |    0    |   119   |    14   |
|          |  grp_hls_real2xfft_Loop_sliding_win_delay_proc_fu_298 |    0    |    0    |    36   |    12   |
|          |  grp_hls_real2xfft_Loop_real2xfft_output_proc_fu_310  |    0    |    0    |    20   |    14   |
|----------|-------------------------------------------------------|---------|---------|---------|---------|
|   Total  |                                                       |    2    |  9.426  |   338   |   134   |
|----------|-------------------------------------------------------|---------|---------|---------|---------|

Memories:
+------------------+--------+--------+--------+
|                  |  BRAM  |   FF   |   LUT  |
+------------------+--------+--------+--------+
|   coeff_tab1_0   |    1   |    0   |    0   |
|   coeff_tab1_1   |    1   |    0   |    0   |
|delay_line_Array_V|    -   |    0   |   256  |
+------------------+--------+--------+--------+
|       Total      |    2   |    0   |   256  |
+------------------+--------+--------+--------+

* Register list:
+-----------------------------+--------+
|                             |   FF   |
+-----------------------------+--------+
|data2window_0_channel_reg_344|   16   |
|data2window_1_channel_reg_350|   16   |
| delayed_i_0_channel_reg_332 |   16   |
| delayed_i_1_channel_reg_338 |   16   |
| nodelay_i_0_channel_reg_320 |   16   |
| nodelay_i_1_channel_reg_326 |   16   |
|  windowed_0_channel_reg_356 |   16   |
|  windowed_1_channel_reg_362 |   16   |
+-----------------------------+--------+
|            Total            |   128  |
+-----------------------------+--------+

* Multiplexer (MUX) list: 
|--------|------|------|------|--------|
|  Comp  |  Pin | Size |  BW  | S x BW |
|--------|------|------|------|--------|
|  Total |      |      |      |    0   |
|--------|------|------|------|--------|



* Summary:
+-----------+--------+--------+--------+--------+--------+
|           |  BRAM  | DSP48E |  Delay |   FF   |   LUT  |
+-----------+--------+--------+--------+--------+--------+
|  Function |    -   |    2   |    9   |   338  |   134  |
|   Memory  |    2   |    -   |    -   |    0   |   256  |
|Multiplexer|    -   |    -   |    -   |    -   |    -   |
|  Register |    -   |    -   |    -   |   128  |    -   |
+-----------+--------+--------+--------+--------+--------+
|   Total   |    2   |    2   |    9   |   466  |   390  |
+-----------+--------+--------+--------+--------+--------+
