#-----------------------------------------------------------
# Vivado v2015.3 (64-bit)
# SW Build 1368829 on Mon Sep 28 20:06:39 MDT 2015
# IP Build 1367837 on Mon Sep 28 08:56:14 MDT 2015
# Start of session at: Wed Jun 29 19:42:38 2016
# Process ID: 19465
# Current directory: /home/ctnguyen/work/tut_vivadohls/Vivado_HLS_Tutorial/Interface_Synthesis/lab4/axi_interfaces_prj/solution2/impl
# Command line: vivado
# Log file: /home/ctnguyen/work/tut_vivadohls/Vivado_HLS_Tutorial/Interface_Synthesis/lab4/axi_interfaces_prj/solution2/impl/vivado.log
# Journal file: /home/ctnguyen/work/tut_vivadohls/Vivado_HLS_Tutorial/Interface_Synthesis/lab4/axi_interfaces_prj/solution2/impl/vivado.jou
#-----------------------------------------------------------
start_gui
create_project interface_synthesis_lab4 /home/ctnguyen/work/tut_vivadohls/Vivado_HLS_Tutorial/Interface_Synthesis/lab4/axi_interfaces_prj/solution2/impl/interface_synthesis_lab4 -part xc7z020clg484-1
INFO: [IP_Flow 19-234] Refreshing IP repositories
INFO: [IP_Flow 19-1704] No user IP repositories specified
INFO: [IP_Flow 19-2313] Loaded Vivado IP repository '/opt/Xilinx/Vivado/2015.3/data/ip'.
create_project: Time (s): cpu = 00:00:07 ; elapsed = 00:00:08 . Memory (MB): peak = 5849.422 ; gain = 16.008 ; free physical = 8400 ; free virtual = 35670
set_property board_part em.avnet.com:zed:part0:1.3 [current_project]
set_property target_language VHDL [current_project]
set_property  ip_repo_paths  /home/ctnguyen/work/tut_vivadohls/Vivado_HLS_Tutorial/Interface_Synthesis/lab4/axi_interfaces_prj/solution2/impl/ip [current_project]
update_ip_catalog
INFO: [IP_Flow 19-234] Refreshing IP repositories
INFO: [IP_Flow 19-1700] Loaded user IP repository '/home/ctnguyen/work/tut_vivadohls/Vivado_HLS_Tutorial/Interface_Synthesis/lab4/axi_interfaces_prj/solution2/impl/ip'.
create_bd_design "design_1"
Wrote  : </home/ctnguyen/work/tut_vivadohls/Vivado_HLS_Tutorial/Interface_Synthesis/lab4/axi_interfaces_prj/solution2/impl/interface_synthesis_lab4/interface_synthesis_lab4.srcs/sources_1/bd/design_1/design_1.bd> 
set_property  ip_repo_paths  {/home/ctnguyen/work/tut_vivadohls/Vivado_HLS_Tutorial/Interface_Synthesis/lab4/axi_interfaces_prj/solution2/impl/ip /home/ctnguyen/work/tut_vivadohls/Vivado_HLS_Tutorial/Interface_Synthesis/lab4/axi_interfaces_prj/solution3/impl/ip} [current_project]
update_ip_catalog
INFO: [IP_Flow 19-234] Refreshing IP repositories
INFO: [IP_Flow 19-1700] Loaded user IP repository '/home/ctnguyen/work/tut_vivadohls/Vivado_HLS_Tutorial/Interface_Synthesis/lab4/axi_interfaces_prj/solution2/impl/ip'.
INFO: [IP_Flow 19-1700] Loaded user IP repository '/home/ctnguyen/work/tut_vivadohls/Vivado_HLS_Tutorial/Interface_Synthesis/lab4/axi_interfaces_prj/solution3/impl/ip'.
CRITICAL WARNING: [IP_Flow 19-1663] Duplicate IP found for 'xilinx.com:hls:axi_interfaces:1.0'. The one found in IP location '/home/ctnguyen/work/tut_vivadohls/Vivado_HLS_Tutorial/Interface_Synthesis/lab4/axi_interfaces_prj/solution3/impl/ip' will take precedence over the same IP in location /home/ctnguyen/work/tut_vivadohls/Vivado_HLS_Tutorial/Interface_Synthesis/lab4/axi_interfaces_prj/solution2/impl/ip
open_bd_design {/home/ctnguyen/work/tut_vivadohls/Vivado_HLS_Tutorial/Interface_Synthesis/lab4/axi_interfaces_prj/solution2/impl/interface_synthesis_lab4/interface_synthesis_lab4.srcs/sources_1/bd/design_1/design_1.bd}
startgroup
create_bd_cell -type ip -vlnv xilinx.com:hls:axi_interfaces:1.0 axi_interfaces_0
WARNING: [BD 41-1282] Ignoring parameter SIGNAL_SET
WARNING: [BD 41-1281] Parameter SIGNAL_SET is not defined on /axi_interfaces_0/d_o_0. Setting parameter on /axi_interfaces_0/d_o_0 failed
WARNING: [BD 41-1282] Ignoring parameter SIGNAL_SET
WARNING: [BD 41-1281] Parameter SIGNAL_SET is not defined on /axi_interfaces_0/d_o_0. Setting parameter on /axi_interfaces_0/d_o_0 failed
WARNING: [BD 41-1282] Ignoring parameter SIGNAL_SET
WARNING: [BD 41-1281] Parameter SIGNAL_SET is not defined on /axi_interfaces_0/d_o_1. Setting parameter on /axi_interfaces_0/d_o_1 failed
WARNING: [BD 41-1282] Ignoring parameter SIGNAL_SET
WARNING: [BD 41-1281] Parameter SIGNAL_SET is not defined on /axi_interfaces_0/d_o_1. Setting parameter on /axi_interfaces_0/d_o_1 failed
WARNING: [BD 41-1282] Ignoring parameter SIGNAL_SET
WARNING: [BD 41-1281] Parameter SIGNAL_SET is not defined on /axi_interfaces_0/d_o_2. Setting parameter on /axi_interfaces_0/d_o_2 failed
WARNING: [BD 41-1282] Ignoring parameter SIGNAL_SET
WARNING: [BD 41-1281] Parameter SIGNAL_SET is not defined on /axi_interfaces_0/d_o_2. Setting parameter on /axi_interfaces_0/d_o_2 failed
WARNING: [BD 41-1282] Ignoring parameter SIGNAL_SET
WARNING: [BD 41-1281] Parameter SIGNAL_SET is not defined on /axi_interfaces_0/d_o_3. Setting parameter on /axi_interfaces_0/d_o_3 failed
WARNING: [BD 41-1282] Ignoring parameter SIGNAL_SET
WARNING: [BD 41-1281] Parameter SIGNAL_SET is not defined on /axi_interfaces_0/d_o_3. Setting parameter on /axi_interfaces_0/d_o_3 failed
WARNING: [BD 41-1282] Ignoring parameter SIGNAL_SET
WARNING: [BD 41-1281] Parameter SIGNAL_SET is not defined on /axi_interfaces_0/d_o_4. Setting parameter on /axi_interfaces_0/d_o_4 failed
WARNING: [BD 41-1282] Ignoring parameter SIGNAL_SET
WARNING: [BD 41-1281] Parameter SIGNAL_SET is not defined on /axi_interfaces_0/d_o_4. Setting parameter on /axi_interfaces_0/d_o_4 failed
WARNING: [BD 41-1282] Ignoring parameter SIGNAL_SET
WARNING: [BD 41-1281] Parameter SIGNAL_SET is not defined on /axi_interfaces_0/d_o_5. Setting parameter on /axi_interfaces_0/d_o_5 failed
WARNING: [BD 41-1282] Ignoring parameter SIGNAL_SET
WARNING: [BD 41-1281] Parameter SIGNAL_SET is not defined on /axi_interfaces_0/d_o_5. Setting parameter on /axi_interfaces_0/d_o_5 failed
WARNING: [BD 41-1282] Ignoring parameter SIGNAL_SET
WARNING: [BD 41-1281] Parameter SIGNAL_SET is not defined on /axi_interfaces_0/d_o_6. Setting parameter on /axi_interfaces_0/d_o_6 failed
WARNING: [BD 41-1282] Ignoring parameter SIGNAL_SET
WARNING: [BD 41-1281] Parameter SIGNAL_SET is not defined on /axi_interfaces_0/d_o_6. Setting parameter on /axi_interfaces_0/d_o_6 failed
WARNING: [BD 41-1282] Ignoring parameter SIGNAL_SET
WARNING: [BD 41-1281] Parameter SIGNAL_SET is not defined on /axi_interfaces_0/d_o_7. Setting parameter on /axi_interfaces_0/d_o_7 failed
WARNING: [BD 41-1282] Ignoring parameter SIGNAL_SET
WARNING: [BD 41-1281] Parameter SIGNAL_SET is not defined on /axi_interfaces_0/d_o_7. Setting parameter on /axi_interfaces_0/d_o_7 failed
WARNING: [BD 41-1282] Ignoring parameter SIGNAL_SET
WARNING: [BD 41-1281] Parameter SIGNAL_SET is not defined on /axi_interfaces_0/d_o_0. Setting parameter on /axi_interfaces_0/d_o_0 failed
WARNING: [BD 41-1282] Ignoring parameter SIGNAL_SET
WARNING: [BD 41-1281] Parameter SIGNAL_SET is not defined on /axi_interfaces_0/d_o_0. Setting parameter on /axi_interfaces_0/d_o_0 failed
WARNING: [BD 41-1282] Ignoring parameter SIGNAL_SET
WARNING: [BD 41-1281] Parameter SIGNAL_SET is not defined on /axi_interfaces_0/d_o_1. Setting parameter on /axi_interfaces_0/d_o_1 failed
WARNING: [BD 41-1282] Ignoring parameter SIGNAL_SET
WARNING: [BD 41-1281] Parameter SIGNAL_SET is not defined on /axi_interfaces_0/d_o_1. Setting parameter on /axi_interfaces_0/d_o_1 failed
WARNING: [BD 41-1282] Ignoring parameter SIGNAL_SET
WARNING: [BD 41-1281] Parameter SIGNAL_SET is not defined on /axi_interfaces_0/d_o_2. Setting parameter on /axi_interfaces_0/d_o_2 failed
WARNING: [BD 41-1282] Ignoring parameter SIGNAL_SET
WARNING: [BD 41-1281] Parameter SIGNAL_SET is not defined on /axi_interfaces_0/d_o_2. Setting parameter on /axi_interfaces_0/d_o_2 failed
WARNING: [BD 41-1282] Ignoring parameter SIGNAL_SET
WARNING: [BD 41-1281] Parameter SIGNAL_SET is not defined on /axi_interfaces_0/d_o_3. Setting parameter on /axi_interfaces_0/d_o_3 failed
WARNING: [BD 41-1282] Ignoring parameter SIGNAL_SET
WARNING: [BD 41-1281] Parameter SIGNAL_SET is not defined on /axi_interfaces_0/d_o_3. Setting parameter on /axi_interfaces_0/d_o_3 failed
WARNING: [BD 41-1282] Ignoring parameter SIGNAL_SET
WARNING: [BD 41-1281] Parameter SIGNAL_SET is not defined on /axi_interfaces_0/d_o_4. Setting parameter on /axi_interfaces_0/d_o_4 failed
WARNING: [BD 41-1282] Ignoring parameter SIGNAL_SET
WARNING: [BD 41-1281] Parameter SIGNAL_SET is not defined on /axi_interfaces_0/d_o_4. Setting parameter on /axi_interfaces_0/d_o_4 failed
WARNING: [BD 41-1282] Ignoring parameter SIGNAL_SET
WARNING: [BD 41-1281] Parameter SIGNAL_SET is not defined on /axi_interfaces_0/d_o_5. Setting parameter on /axi_interfaces_0/d_o_5 failed
WARNING: [BD 41-1282] Ignoring parameter SIGNAL_SET
WARNING: [BD 41-1281] Parameter SIGNAL_SET is not defined on /axi_interfaces_0/d_o_5. Setting parameter on /axi_interfaces_0/d_o_5 failed
WARNING: [BD 41-1282] Ignoring parameter SIGNAL_SET
WARNING: [BD 41-1281] Parameter SIGNAL_SET is not defined on /axi_interfaces_0/d_o_6. Setting parameter on /axi_interfaces_0/d_o_6 failed
WARNING: [BD 41-1282] Ignoring parameter SIGNAL_SET
WARNING: [BD 41-1281] Parameter SIGNAL_SET is not defined on /axi_interfaces_0/d_o_6. Setting parameter on /axi_interfaces_0/d_o_6 failed
WARNING: [BD 41-1282] Ignoring parameter SIGNAL_SET
WARNING: [BD 41-1281] Parameter SIGNAL_SET is not defined on /axi_interfaces_0/d_o_7. Setting parameter on /axi_interfaces_0/d_o_7 failed
WARNING: [BD 41-1282] Ignoring parameter SIGNAL_SET
WARNING: [BD 41-1281] Parameter SIGNAL_SET is not defined on /axi_interfaces_0/d_o_7. Setting parameter on /axi_interfaces_0/d_o_7 failed
endgroup
save_bd_design
Wrote  : </home/ctnguyen/work/tut_vivadohls/Vivado_HLS_Tutorial/Interface_Synthesis/lab4/axi_interfaces_prj/solution2/impl/interface_synthesis_lab4/interface_synthesis_lab4.srcs/sources_1/bd/design_1/design_1.bd> 
exit
INFO: [Common 17-206] Exiting Vivado at Wed Jun 29 20:05:22 2016...
