#-----------------------------------------------------------
# xsim v2015.3 (64-bit)
# SW Build 1368829 on Mon Sep 28 20:06:39 MDT 2015
# IP Build 1367837 on Mon Sep 28 08:56:14 MDT 2015
# Start of session at: Wed Jun 15 08:30:48 2016
# Process ID: 16643
# Current directory: /home/ctnguyen/work/tut_vivadohls/Vivado_HLS_Tutorial/Introduction/project/solution1/sim/verilog
# Command line: xsim -mode tcl -source {xsim.dir/fir/xsim_script.tcl}
# Log file: /home/ctnguyen/work/tut_vivadohls/Vivado_HLS_Tutorial/Introduction/project/solution1/sim/verilog/xsim.log
# Journal file: /home/ctnguyen/work/tut_vivadohls/Vivado_HLS_Tutorial/Introduction/project/solution1/sim/verilog/xsim.jou
#-----------------------------------------------------------
source xsim.dir/fir/xsim_script.tcl
# xsim {fir} -maxdeltaid 10000 -autoloadwcfg -tclbatch {fir.tcl}
Vivado Simulator 2015.3
Time resolution is 1 ps
source fir.tcl
## run all
$finish called at time : 541075 ns : File "/home/ctnguyen/work/tut_vivadohls/Vivado_HLS_Tutorial/Introduction/project/solution1/sim/verilog/fir.autotb.v" Line 356
## quit
INFO: [Common 17-206] Exiting xsim at Wed Jun 15 08:30:52 2016...
