

================================================================
== Vivado HLS Report for 'matrixmul'
================================================================
* Date:           Thu Jul  7 08:04:52 2016

* Version:        2015.3 (Build 1368829 on Mon Sep 28 20:31:51 PM 2015)
* Project:        matrixmul_prj
* Solution:       solution3
* Product family: kintex7
* Target device:  xc7k160tfbg484-1


================================================================
== Performance Estimates
================================================================
+ Timing (ns): 
    * Summary: 
    +--------+-------+----------+------------+
    |  Clock | Target| Estimated| Uncertainty|
    +--------+-------+----------+------------+
    |ap_clk  |  13.33|     10.82|        1.67|
    +--------+-------+----------+------------+

+ Latency (clock cycles): 
    * Summary: 
    +-----+-----+-----+-----+---------+
    |  Latency  |  Interval | Pipeline|
    | min | max | min | max |   Type  |
    +-----+-----+-----+-----+---------+
    |   21|   21|   22|   22|   none  |
    +-----+-----+-----+-----+---------+

    + Detail: 
        * Instance: 
        N/A

        * Loop: 
        +-----------+-----+-----+----------+-----------+-----------+------+----------+
        |           |  Latency  | Iteration|  Initiation Interval  | Trip |          |
        | Loop Name | min | max |  Latency |  achieved |   target  | Count| Pipelined|
        +-----------+-----+-----+----------+-----------+-----------+------+----------+
        |- Row_Col  |   19|   19|         4|          2|          1|     9|    yes   |
        +-----------+-----+-----+----------+-----------+-----------+------+----------+



================================================================
== Utilization Estimates
================================================================
* Summary: 
+-----------------+---------+-------+--------+--------+
|       Name      | BRAM_18K| DSP48E|   FF   |   LUT  |
+-----------------+---------+-------+--------+--------+
|DSP              |        -|      -|       -|       -|
|Expression       |        -|      3|       0|      58|
|FIFO             |        -|      -|       -|       -|
|Instance         |        -|      -|       -|       -|
|Memory           |        -|      -|       -|       -|
|Multiplexer      |        -|      -|       -|      25|
|Register         |        -|      -|      84|       -|
+-----------------+---------+-------+--------+--------+
|Total            |        0|      3|      84|      83|
+-----------------+---------+-------+--------+--------+
|Available        |      650|    600|  202800|  101400|
+-----------------+---------+-------+--------+--------+
|Utilization (%)  |        0|   ~0  |   ~0   |   ~0   |
+-----------------+---------+-------+--------+--------+

+ Detail: 
    * Instance: 
    N/A

    * DSP48: 
    N/A

    * Memory: 
    N/A

    * FIFO: 
    N/A

    * Expression: 
    +-------------------------------+----------+-------+---+----+------------+------------+
    |         Variable Name         | Operation| DSP48E| FF| LUT| Bitwidth P0| Bitwidth P1|
    +-------------------------------+----------+-------+---+----+------------+------------+
    |tmp_7_1_fu_317_p2              |     *    |      1|  0|   0|           8|           8|
    |tmp_7_2_fu_336_p2              |     *    |      1|  0|   0|           8|           8|
    |tmp_7_fu_303_p2                |     *    |      1|  0|   0|           8|           8|
    |i_1_fu_177_p2                  |     +    |      0|  0|   2|           2|           1|
    |indvar_flatten_next_fu_171_p2  |     +    |      0|  0|   4|           4|           1|
    |j_1_fu_323_p2                  |     +    |      0|  0|   2|           2|           1|
    |tmp1_fu_342_p2                 |     +    |      0|  0|   8|          16|          16|
    |tmp_10_fu_279_p2               |     +    |      0|  0|   4|           4|           3|
    |tmp_11_fu_290_p2               |     +    |      0|  0|   5|           5|           5|
    |tmp_8_2_fu_347_p2              |     +    |      0|  0|   8|          16|          16|
    |tmp_8_fu_232_p2                |     +    |      0|  0|   5|           5|           1|
    |tmp_9_fu_263_p2                |     +    |      0|  0|   5|           5|           2|
    |tmp_s_fu_252_p2                |     +    |      0|  0|   3|           3|           2|
    |tmp_4_fu_221_p2                |     -    |      0|  0|   5|           5|           5|
    |i_mid2_fu_197_p3               |  Select  |      0|  0|   2|           1|           2|
    |j_mid2_fu_189_p3               |  Select  |      0|  0|   2|           1|           1|
    |exitcond_flatten_fu_165_p2     |   icmp   |      0|  0|   2|           4|           4|
    |exitcond_fu_183_p2             |   icmp   |      0|  0|   1|           2|           2|
    +-------------------------------+----------+-------+---+----+------------+------------+
    |Total                          |          |      3|  0|  58|          99|          86|
    +-------------------------------+----------+-------+---+----+------------+------------+

    * Multiplexer: 
    +------------------------------+----+-----------+-----+-----------+
    |             Name             | LUT| Input Size| Bits| Total Bits|
    +------------------------------+----+-----------+-----+-----------+
    |a_address0                    |   4|          3|    4|         12|
    |ap_NS_fsm                     |   1|          5|    1|          5|
    |b_address0                    |   4|          3|    4|         12|
    |i_phi_fu_147_p4               |   2|          2|    2|          4|
    |i_reg_143                     |   2|          2|    2|          4|
    |indvar_flatten_phi_fu_136_p4  |   4|          2|    4|          8|
    |indvar_flatten_reg_132        |   4|          2|    4|          8|
    |j_phi_fu_158_p4               |   2|          2|    2|          4|
    |j_reg_154                     |   2|          2|    2|          4|
    +------------------------------+----+-----------+-----+-----------+
    |Total                         |  25|         23|   25|         61|
    +------------------------------+----+-----------+-----+-----------+

    * Register: 
    +-----------------------------------------------+----+----+-----+-----------+
    |                      Name                     | FF | LUT| Bits| Const Bits|
    +-----------------------------------------------+----+----+-----+-----------+
    |ap_CS_fsm                                      |   4|   0|    4|          0|
    |ap_reg_ppiten_pp0_it0                          |   1|   0|    1|          0|
    |ap_reg_ppiten_pp0_it1                          |   1|   0|    1|          0|
    |ap_reg_ppstg_exitcond_flatten_reg_356_pp0_it1  |   1|   0|    1|          0|
    |exitcond_flatten_reg_356                       |   1|   0|    1|          0|
    |i_mid2_reg_372                                 |   2|   0|    2|          0|
    |i_reg_143                                      |   2|   0|    2|          0|
    |indvar_flatten_next_reg_360                    |   4|   0|    4|          0|
    |indvar_flatten_reg_132                         |   4|   0|    4|          0|
    |j_1_reg_428                                    |   2|   0|    2|          0|
    |j_mid2_reg_365                                 |   2|   0|    2|          0|
    |j_reg_154                                      |   2|   0|    2|          0|
    |tmp_11_reg_408                                 |   5|   0|    5|          0|
    |tmp_4_reg_377                                  |   5|   0|    5|          0|
    |tmp_7_1_reg_418                                |  16|   0|   16|          0|
    |tmp_7_reg_413                                  |  16|   0|   16|          0|
    |tmp_8_2_reg_433                                |  16|   0|   16|          0|
    +-----------------------------------------------+----+----+-----+-----------+
    |Total                                          |  84|   0|   84|          0|
    +-----------------------------------------------+----+----+-----+-----------+



================================================================
== Interface
================================================================
* Summary: 
+--------------+-----+-----+------------+--------------+--------------+
|   RTL Ports  | Dir | Bits|  Protocol  | Source Object|    C Type    |
+--------------+-----+-----+------------+--------------+--------------+
|ap_clk        |  in |    1| ap_ctrl_hs |   matrixmul  | return value |
|ap_rst        |  in |    1| ap_ctrl_hs |   matrixmul  | return value |
|ap_start      |  in |    1| ap_ctrl_hs |   matrixmul  | return value |
|ap_done       | out |    1| ap_ctrl_hs |   matrixmul  | return value |
|ap_idle       | out |    1| ap_ctrl_hs |   matrixmul  | return value |
|ap_ready      | out |    1| ap_ctrl_hs |   matrixmul  | return value |
|a_address0    | out |    4|  ap_memory |       a      |     array    |
|a_ce0         | out |    1|  ap_memory |       a      |     array    |
|a_q0          |  in |    8|  ap_memory |       a      |     array    |
|a_address1    | out |    4|  ap_memory |       a      |     array    |
|a_ce1         | out |    1|  ap_memory |       a      |     array    |
|a_q1          |  in |    8|  ap_memory |       a      |     array    |
|b_address0    | out |    4|  ap_memory |       b      |     array    |
|b_ce0         | out |    1|  ap_memory |       b      |     array    |
|b_q0          |  in |    8|  ap_memory |       b      |     array    |
|b_address1    | out |    4|  ap_memory |       b      |     array    |
|b_ce1         | out |    1|  ap_memory |       b      |     array    |
|b_q1          |  in |    8|  ap_memory |       b      |     array    |
|res_address0  | out |    4|  ap_memory |      res     |     array    |
|res_ce0       | out |    1|  ap_memory |      res     |     array    |
|res_we0       | out |    1|  ap_memory |      res     |     array    |
|res_d0        | out |   16|  ap_memory |      res     |     array    |
+--------------+-----+-----+------------+--------------+--------------+

