   Build using "/opt/Xilinx/Vivado_HLS/2015.3/lnx64/tools/gcc/bin/g++"
   Compiling apatb_duc.cpp
   Compiling (apcc) dds.c_pre.c.tb.c
@I [HLS-10] Running '/opt/Xilinx/Vivado_HLS/2015.3/bin/unwrapped/lnx64.o/apcc'
            for user 'ctnguyen' on host 'finance.eit.uni-kl.de' (Linux_x86_64 version 2.6.32-573.12.1.el6.x86_64) on Thu Jul 07 12:52:24 CEST 2016
            in directory '/home/ctnguyen/work/tut_vivadohls/Vivado_HLS_Tutorial/RTL_Verification/lab2/duc_prj/solution1/sim/wrapc'
@W [HLS-40] Environment variable 'C_INCLUDE_PATH' is set to /opt/opencv/include:/opt/quantlib/include:.
@W [HLS-40] Environment variable 'CPLUS_INCLUDE_PATH' is set to /opt/opencv/include:/opt/quantlib/include:.
clang: warning: argument unused during compilation: '-fno-builtin-isinf'
clang: warning: argument unused during compilation: '-fno-builtin-isnan'
@I [APCC-3] Tmp directory is /tmp/apcc_db_ctnguyen/90811467888744638738
@I [APCC-1] APCC is done.
   Compiling (apcc) duc.c_pre.c.tb.c
@I [HLS-10] Running '/opt/Xilinx/Vivado_HLS/2015.3/bin/unwrapped/lnx64.o/apcc'
            for user 'ctnguyen' on host 'finance.eit.uni-kl.de' (Linux_x86_64 version 2.6.32-573.12.1.el6.x86_64) on Thu Jul 07 12:52:25 CEST 2016
            in directory '/home/ctnguyen/work/tut_vivadohls/Vivado_HLS_Tutorial/RTL_Verification/lab2/duc_prj/solution1/sim/wrapc'
@W [HLS-40] Environment variable 'C_INCLUDE_PATH' is set to /opt/opencv/include:/opt/quantlib/include:.
@W [HLS-40] Environment variable 'CPLUS_INCLUDE_PATH' is set to /opt/opencv/include:/opt/quantlib/include:.
clang: warning: argument unused during compilation: '-fno-builtin-isinf'
clang: warning: argument unused during compilation: '-fno-builtin-isnan'
@I [APCC-3] Tmp directory is /tmp/apcc_db_ctnguyen/91291467888745886243
@I [APCC-1] APCC is done.
   Compiling (apcc) duc_test.c_pre.c.tb.c
@I [HLS-10] Running '/opt/Xilinx/Vivado_HLS/2015.3/bin/unwrapped/lnx64.o/apcc'
            for user 'ctnguyen' on host 'finance.eit.uni-kl.de' (Linux_x86_64 version 2.6.32-573.12.1.el6.x86_64) on Thu Jul 07 12:52:26 CEST 2016
            in directory '/home/ctnguyen/work/tut_vivadohls/Vivado_HLS_Tutorial/RTL_Verification/lab2/duc_prj/solution1/sim/wrapc'
@W [HLS-40] Environment variable 'C_INCLUDE_PATH' is set to /opt/opencv/include:/opt/quantlib/include:.
@W [HLS-40] Environment variable 'CPLUS_INCLUDE_PATH' is set to /opt/opencv/include:/opt/quantlib/include:.
clang: warning: argument unused during compilation: '-fno-builtin-isinf'
clang: warning: argument unused during compilation: '-fno-builtin-isnan'
@I [APCC-3] Tmp directory is /tmp/apcc_db_ctnguyen/91761467888746917038
@I [APCC-1] APCC is done.
   Compiling (apcc) imf1.c_pre.c.tb.c
@I [HLS-10] Running '/opt/Xilinx/Vivado_HLS/2015.3/bin/unwrapped/lnx64.o/apcc'
            for user 'ctnguyen' on host 'finance.eit.uni-kl.de' (Linux_x86_64 version 2.6.32-573.12.1.el6.x86_64) on Thu Jul 07 12:52:28 CEST 2016
            in directory '/home/ctnguyen/work/tut_vivadohls/Vivado_HLS_Tutorial/RTL_Verification/lab2/duc_prj/solution1/sim/wrapc'
@W [HLS-40] Environment variable 'C_INCLUDE_PATH' is set to /opt/opencv/include:/opt/quantlib/include:.
@W [HLS-40] Environment variable 'CPLUS_INCLUDE_PATH' is set to /opt/opencv/include:/opt/quantlib/include:.
clang: warning: argument unused during compilation: '-fno-builtin-isinf'
clang: warning: argument unused during compilation: '-fno-builtin-isnan'
@I [APCC-3] Tmp directory is /tmp/apcc_db_ctnguyen/92311467888748071187
@I [APCC-1] APCC is done.
   Compiling (apcc) imf2.c_pre.c.tb.c
@I [HLS-10] Running '/opt/Xilinx/Vivado_HLS/2015.3/bin/unwrapped/lnx64.o/apcc'
            for user 'ctnguyen' on host 'finance.eit.uni-kl.de' (Linux_x86_64 version 2.6.32-573.12.1.el6.x86_64) on Thu Jul 07 12:52:29 CEST 2016
            in directory '/home/ctnguyen/work/tut_vivadohls/Vivado_HLS_Tutorial/RTL_Verification/lab2/duc_prj/solution1/sim/wrapc'
@W [HLS-40] Environment variable 'C_INCLUDE_PATH' is set to /opt/opencv/include:/opt/quantlib/include:.
@W [HLS-40] Environment variable 'CPLUS_INCLUDE_PATH' is set to /opt/opencv/include:/opt/quantlib/include:.
clang: warning: argument unused during compilation: '-fno-builtin-isinf'
clang: warning: argument unused during compilation: '-fno-builtin-isnan'
@I [APCC-3] Tmp directory is /tmp/apcc_db_ctnguyen/92811467888749221861
@I [APCC-1] APCC is done.
   Compiling (apcc) imf3.c_pre.c.tb.c
@I [HLS-10] Running '/opt/Xilinx/Vivado_HLS/2015.3/bin/unwrapped/lnx64.o/apcc'
            for user 'ctnguyen' on host 'finance.eit.uni-kl.de' (Linux_x86_64 version 2.6.32-573.12.1.el6.x86_64) on Thu Jul 07 12:52:30 CEST 2016
            in directory '/home/ctnguyen/work/tut_vivadohls/Vivado_HLS_Tutorial/RTL_Verification/lab2/duc_prj/solution1/sim/wrapc'
@W [HLS-40] Environment variable 'C_INCLUDE_PATH' is set to /opt/opencv/include:/opt/quantlib/include:.
@W [HLS-40] Environment variable 'CPLUS_INCLUDE_PATH' is set to /opt/opencv/include:/opt/quantlib/include:.
clang: warning: argument unused during compilation: '-fno-builtin-isinf'
clang: warning: argument unused during compilation: '-fno-builtin-isnan'
@I [APCC-3] Tmp directory is /tmp/apcc_db_ctnguyen/93371467888750341984
@I [APCC-1] APCC is done.
   Compiling (apcc) mac.c_pre.c.tb.c
@I [HLS-10] Running '/opt/Xilinx/Vivado_HLS/2015.3/bin/unwrapped/lnx64.o/apcc'
            for user 'ctnguyen' on host 'finance.eit.uni-kl.de' (Linux_x86_64 version 2.6.32-573.12.1.el6.x86_64) on Thu Jul 07 12:52:31 CEST 2016
            in directory '/home/ctnguyen/work/tut_vivadohls/Vivado_HLS_Tutorial/RTL_Verification/lab2/duc_prj/solution1/sim/wrapc'
@W [HLS-40] Environment variable 'C_INCLUDE_PATH' is set to /opt/opencv/include:/opt/quantlib/include:.
@W [HLS-40] Environment variable 'CPLUS_INCLUDE_PATH' is set to /opt/opencv/include:/opt/quantlib/include:.
clang: warning: argument unused during compilation: '-fno-builtin-isinf'
clang: warning: argument unused during compilation: '-fno-builtin-isnan'
@I [APCC-3] Tmp directory is /tmp/apcc_db_ctnguyen/93841467888751447686
@I [APCC-1] APCC is done.
   Compiling (apcc) mixer.c_pre.c.tb.c
@I [HLS-10] Running '/opt/Xilinx/Vivado_HLS/2015.3/bin/unwrapped/lnx64.o/apcc'
            for user 'ctnguyen' on host 'finance.eit.uni-kl.de' (Linux_x86_64 version 2.6.32-573.12.1.el6.x86_64) on Thu Jul 07 12:52:32 CEST 2016
            in directory '/home/ctnguyen/work/tut_vivadohls/Vivado_HLS_Tutorial/RTL_Verification/lab2/duc_prj/solution1/sim/wrapc'
@W [HLS-40] Environment variable 'C_INCLUDE_PATH' is set to /opt/opencv/include:/opt/quantlib/include:.
@W [HLS-40] Environment variable 'CPLUS_INCLUDE_PATH' is set to /opt/opencv/include:/opt/quantlib/include:.
clang: warning: argument unused during compilation: '-fno-builtin-isinf'
clang: warning: argument unused during compilation: '-fno-builtin-isnan'
@I [APCC-3] Tmp directory is /tmp/apcc_db_ctnguyen/94321467888752690397
@I [APCC-1] APCC is done.
   Compiling (apcc) srrc.c_pre.c.tb.c
@I [HLS-10] Running '/opt/Xilinx/Vivado_HLS/2015.3/bin/unwrapped/lnx64.o/apcc'
            for user 'ctnguyen' on host 'finance.eit.uni-kl.de' (Linux_x86_64 version 2.6.32-573.12.1.el6.x86_64) on Thu Jul 07 12:52:34 CEST 2016
            in directory '/home/ctnguyen/work/tut_vivadohls/Vivado_HLS_Tutorial/RTL_Verification/lab2/duc_prj/solution1/sim/wrapc'
@W [HLS-40] Environment variable 'C_INCLUDE_PATH' is set to /opt/opencv/include:/opt/quantlib/include:.
@W [HLS-40] Environment variable 'CPLUS_INCLUDE_PATH' is set to /opt/opencv/include:/opt/quantlib/include:.
clang: warning: argument unused during compilation: '-fno-builtin-isinf'
clang: warning: argument unused during compilation: '-fno-builtin-isnan'
@I [APCC-3] Tmp directory is /tmp/apcc_db_ctnguyen/94861467888754472629
@I [APCC-1] APCC is done.
   Generating cosim.tv.exe
