@I [HLS-0] Workspace /home/ctnguyen/work/tut_vivadohls/Vivado_HLS_Tutorial/Interface_Synthesis/lab2/adders_io_prj/solution1 opened at Wed Jun 29 10:01:21 CEST 2016
@I [HLS-100] Command "config_clock -quiet -name default -period 2 -default=false "
@I [SYN-201] Setting up clock 'default' with a period of 2ns.
@I [HLS-100] Command 'config_clock' returned 0; elapsed 0Total elapsed time: 0.502 sec.
@I [HLS-100] Command "open_platform DefaultPlatform "
@I [HLS-100] Command 'open_platform' returned 0; elapsed 0Total elapsed time: 0.503 sec.
@I [HLS-100] Command "import_lib /opt/Xilinx/Vivado_HLS/2015.3/common/technology/xilinx/kintex7/kintex7 "
@I [HLS-100] Command "source /opt/Xilinx/Vivado_HLS/2015.3/common/technology/xilinx/common/xilinx.lib "
@I [HLS-100] Command "source /opt/Xilinx/Vivado_HLS/2015.3/common/technology/xilinx/interface/xilinx_interface.lib "
@I [HLS-100] Command "source /opt/Xilinx/Vivado_HLS/2015.3/common/technology/xilinx/interface/plb46.lib "
@I [HLS-100] Command 'ap_source' returned 0; elapsed 0Total elapsed time: 0.504 sec.
@I [HLS-100] Command "source /opt/Xilinx/Vivado_HLS/2015.3/common/technology/xilinx/interface/fsl.lib "
@I [HLS-100] Command 'ap_source' returned 0; elapsed 0Total elapsed time: 0.504 sec.
@I [HLS-100] Command "source /opt/Xilinx/Vivado_HLS/2015.3/common/technology/xilinx/interface/axi4.lib "
@I [HLS-100] Command 'ap_source' returned 0; elapsed 0Total elapsed time: 0.504 sec.
@I [HLS-100] Command "source /opt/Xilinx/Vivado_HLS/2015.3/common/technology/xilinx/interface/maxi.lib "
@I [HLS-100] Command 'ap_source' returned 0; elapsed 0Total elapsed time: 0.504 sec.
@I [HLS-100] Command "source /opt/Xilinx/Vivado_HLS/2015.3/common/technology/xilinx/interface/saxilite.lib "
@I [HLS-100] Command 'ap_source' returned 0; elapsed 0Total elapsed time: 0.504 sec.
@I [HLS-100] Command 'ap_source' returned 0; elapsed 0.01Total elapsed time: 0.505 sec.
@I [HLS-100] Command "source /opt/Xilinx/Vivado_HLS/2015.3/common/technology/xilinx/common/dsp48.lib "
@I [HLS-100] Command 'ap_source' returned 0; elapsed 0Total elapsed time: 0.505 sec.
@I [HLS-100] Command "source /opt/Xilinx/Vivado_HLS/2015.3/common/technology/xilinx/ip/dds_compiler.lib "
@I [HLS-100] Command 'ap_source' returned 0; elapsed 0Total elapsed time: 0.505 sec.
@I [HLS-100] Command "source /opt/Xilinx/Vivado_HLS/2015.3/common/technology/xilinx/ip/xfft.lib "
@I [HLS-100] Command 'ap_source' returned 0; elapsed 0Total elapsed time: 0.505 sec.
@I [HLS-100] Command "source /opt/Xilinx/Vivado_HLS/2015.3/common/technology/xilinx/ip/xfir.lib "
@I [HLS-100] Command 'ap_source' returned 0; elapsed 0Total elapsed time: 0.505 sec.
@I [HLS-100] Command 'ap_source' returned 0; elapsed 0.01Total elapsed time: 0.508 sec.
@I [HLS-100] Command "source /opt/Xilinx/Vivado_HLS/2015.3/common/technology/xilinx/common/xilinx_old.lib "
@I [HLS-100] Command 'ap_source' returned 0; elapsed 0Total elapsed time: 0.510 sec.
@I [HLS-100] Command "source /opt/Xilinx/Vivado_HLS/2015.3/common/technology/xilinx/common/xilinx_vivado.lib "
@I [HLS-100] Command 'ap_source' returned 0; elapsed 0Total elapsed time: 0.511 sec.
@I [HLS-100] Command "source /opt/Xilinx/Vivado_HLS/2015.3/common/technology/xilinx/common/xilinx.hlp "
@I [HLS-100] Command "source /opt/Xilinx/Vivado_HLS/2015.3/common/technology/xilinx/common/target_info.tcl "
@I [HLS-100] Command 'ap_source' returned 0; elapsed 0Total elapsed time: 0.513 sec.
@I [HLS-100] Command "source /opt/Xilinx/Vivado_HLS/2015.3/common/technology/xilinx/interface/xilinx_interface.hlp "
@I [HLS-100] Command "source /opt/Xilinx/Vivado_HLS/2015.3/common/technology/xilinx/interface/maxi.hlp "
@I [HLS-100] Command 'ap_source' returned 0; elapsed 0Total elapsed time: 0.513 sec.
@I [HLS-100] Command "source /opt/Xilinx/Vivado_HLS/2015.3/common/technology/xilinx/interface/saxilite.hlp "
@I [HLS-100] Command 'ap_source' returned 0; elapsed 0Total elapsed time: 0.514 sec.
@I [HLS-100] Command 'ap_source' returned 0; elapsed 0Total elapsed time: 0.514 sec.
@I [HLS-100] Command "source /opt/Xilinx/Vivado_HLS/2015.3/common/technology/xilinx/common/dsp48.hlp "
@I [HLS-100] Command 'ap_source' returned 0; elapsed 0Total elapsed time: 0.515 sec.
@I [HLS-100] Command 'ap_source' returned 0; elapsed 0Total elapsed time: 0.515 sec.
@I [HLS-100] Command "source /opt/Xilinx/Vivado_HLS/2015.3/common/technology/xilinx/kintex7/dsp48e1.hlp "
@I [HLS-100] Command 'ap_source' returned 0; elapsed 0Total elapsed time: 0.515 sec.
@I [HLS-100] Command "get_default_platform "
@I [HLS-100] Command 'get_default_platform' returned 0; elapsed 0Total elapsed time: 0.515 sec.
@I [HLS-100] Command "config_chip_info -quiet -resource  {SLICE 50950} {LUT 203800}    {FF 407600} {DSP48E 840}    {BRAM 890}  "
@I [HLS-100] Command 'config_chip_info' returned 0; elapsed 0Total elapsed time: 0.516 sec.
@I [HLS-100] Command "config_chip_info -quiet -speed medium "
@I [HLS-100] Command 'config_chip_info' returned 0; elapsed 0Total elapsed time: 0.516 sec.
@I [HLS-100] Command 'import_lib' returned 0; elapsed 0.02Total elapsed time: 0.517 sec.
@I [HLS-100] Command "source /opt/Xilinx/Vivado_HLS/2015.3/common/technology/xilinx/kintex7/kintex7.gen "
@I [HLS-100] Command "source /opt/Xilinx/Vivado_HLS/2015.3/common/technology/xilinx/common/virtex.gen "
@I [HLS-100] Command "source /opt/Xilinx/Vivado_HLS/2015.3/common/technology/xilinx/common/xilinx.gen "
@I [HLS-100] Command "source /opt/Xilinx/Vivado_HLS/2015.3/common/technology/xilinx/interface/plb46.gen "
@I [HLS-100] Command 'ap_source' returned 0; elapsed 0Total elapsed time: 0.529 sec.
@I [HLS-100] Command "source /opt/Xilinx/Vivado_HLS/2015.3/common/technology/xilinx/interface/fsl.gen "
@I [HLS-100] Command 'ap_source' returned 0; elapsed 0Total elapsed time: 0.530 sec.
@I [HLS-100] Command "source /opt/Xilinx/Vivado_HLS/2015.3/common/technology/xilinx/interface/axi4.gen "
@I [HLS-100] Command 'ap_source' returned 0; elapsed 0Total elapsed time: 0.532 sec.
@I [HLS-100] Command "source /opt/Xilinx/Vivado_HLS/2015.3/common/technology/xilinx/interface/nativeAXI4.gen "
@I [HLS-100] Command "source /opt/Xilinx/Vivado_HLS/2015.3/common/technology/xilinx/interface/saxilite.gen "
@I [HLS-100] Command 'ap_source' returned 0; elapsed 0Total elapsed time: 0.536 sec.
@I [HLS-100] Command "source /opt/Xilinx/Vivado_HLS/2015.3/common/technology/xilinx/interface/maxi.gen "
@I [HLS-100] Command 'ap_source' returned 0; elapsed 0.01Total elapsed time: 0.543 sec.
@I [HLS-100] Command 'ap_source' returned 0; elapsed 0.01Total elapsed time: 0.543 sec.
@I [HLS-100] Command "source /opt/Xilinx/Vivado_HLS/2015.3/common/technology/xilinx/scripts/xilinxcoregen.gen "
@I [HLS-100] Command 'ap_source' returned 0; elapsed 0.01Total elapsed time: 0.552 sec.
@I [HLS-100] Command "source /opt/Xilinx/Vivado_HLS/2015.3/common/technology/xilinx/interface/XilEDKCoreGen.gen "
@I [HLS-100] Command 'ap_source' returned 0; elapsed 0.01Total elapsed time: 0.560 sec.
@I [HLS-100] Command "source /opt/Xilinx/Vivado_HLS/2015.3/common/technology/xilinx/ip/xfft.gen "
@I [HLS-100] Command 'ap_source' returned 0; elapsed 0.12Total elapsed time: 0.676 sec.
@I [HLS-100] Command "source /opt/Xilinx/Vivado_HLS/2015.3/common/technology/xilinx/ip/xfir.gen "
@I [HLS-100] Command "source /opt/Xilinx/Vivado_HLS/2015.3/tps/tcl/tcllib1.11.1/struct/list.tcl "
@I [HLS-100] Command "source /opt/Xilinx/Vivado_HLS/2015.3/tps/tcl/tcllib1.11.1/cmdline/cmdline.tcl "
@I [HLS-100] Command 'ap_source' returned 0; elapsed 0Total elapsed time: 0.696 sec.
@I [HLS-100] Command 'ap_source' returned 0; elapsed 0Total elapsed time: 0.698 sec.
@I [HLS-100] Command "source /opt/Xilinx/Vivado_HLS/2015.3/tps/tcl/tcllib1.11.1/math/bignum.tcl "
@I [HLS-100] Command 'ap_source' returned 0; elapsed 0.01Total elapsed time: 0.723 sec.
@I [HLS-100] Command 'ap_source' returned 0; elapsed 0.06Total elapsed time: 0.740 sec.
@I [HLS-100] Command "source /opt/Xilinx/Vivado_HLS/2015.3/common/technology/xilinx/ip/dds_compiler.gen "
@I [HLS-100] Command 'ap_source' returned 0; elapsed 0.01Total elapsed time: 0.748 sec.
@I [HLS-100] Command "source /opt/Xilinx/Vivado_HLS/2015.3/common/technology/xilinx/ip/util.gen "
@I [HLS-100] Command 'ap_source' returned 0; elapsed 0Total elapsed time: 0.748 sec.
@I [HLS-100] Command 'ap_source' returned 0; elapsed 0.22Total elapsed time: 0.748 sec.
@I [HLS-100] Command "source /opt/Xilinx/Vivado_HLS/2015.3/common/technology/xilinx/common/dsp48.gen "
@I [HLS-100] Command 'ap_source' returned 0; elapsed 0Total elapsed time: 0.752 sec.
@I [HLS-100] Command 'ap_source' returned 0; elapsed 0.22Total elapsed time: 0.752 sec.
@I [HLS-100] Command 'ap_source' returned 0; elapsed 0.22Total elapsed time: 0.752 sec.
@I [HLS-100] Command "open_platform DefaultPlatform "
@I [HLS-100] Command 'open_platform' returned 0; elapsed 0Total elapsed time: 0.753 sec.
@I [HLS-100] Command "import_lib /opt/Xilinx/Vivado_HLS/2015.3/common/technology/xilinx/kintex7/kintex7_fpv6 "
@I [HLS-100] Command "source /opt/Xilinx/Vivado_HLS/2015.3/common/technology/xilinx/common/xilinx_fpv7.lib "
@I [HLS-100] Command "source /opt/Xilinx/Vivado_HLS/2015.3/common/technology/xilinx/common/xilinx_hp.lib "
@I [HLS-100] Command 'ap_source' returned 0; elapsed 0Total elapsed time: 0.755 sec.
@I [HLS-100] Command 'ap_source' returned 0; elapsed 0.01Total elapsed time: 0.762 sec.
@I [HLS-100] Command "source /opt/Xilinx/Vivado_HLS/2015.3/common/technology/xilinx/common/xilinx_fpv.hlp "
@I [HLS-100] Command "source /opt/Xilinx/Vivado_HLS/2015.3/common/technology/xilinx/common/xilinx.hlp "
@I [HLS-100] Command "source /opt/Xilinx/Vivado_HLS/2015.3/common/technology/xilinx/common/target_info.tcl "
@I [HLS-100] Command 'ap_source' returned 0; elapsed 0Total elapsed time: 0.775 sec.
@I [HLS-100] Command "source /opt/Xilinx/Vivado_HLS/2015.3/common/technology/xilinx/interface/xilinx_interface.hlp "
@I [HLS-100] Command "source /opt/Xilinx/Vivado_HLS/2015.3/common/technology/xilinx/interface/maxi.hlp "
@I [HLS-100] Command 'ap_source' returned 0; elapsed 0Total elapsed time: 0.776 sec.
@I [HLS-100] Command "source /opt/Xilinx/Vivado_HLS/2015.3/common/technology/xilinx/interface/saxilite.hlp "
@I [HLS-100] Command 'ap_source' returned 0; elapsed 0Total elapsed time: 0.776 sec.
@I [HLS-100] Command 'ap_source' returned 0; elapsed 0Total elapsed time: 0.776 sec.
@I [HLS-100] Command "source /opt/Xilinx/Vivado_HLS/2015.3/common/technology/xilinx/common/dsp48.hlp "
@I [HLS-100] Command 'ap_source' returned 0; elapsed 0Total elapsed time: 0.778 sec.
@I [HLS-100] Command 'ap_source' returned 0; elapsed 0Total elapsed time: 0.779 sec.
@I [HLS-100] Command 'ap_source' returned 0; elapsed 0.01Total elapsed time: 0.780 sec.
@I [HLS-100] Command "source /opt/Xilinx/Vivado_HLS/2015.3/common/technology/xilinx/kintex7/kintex7_hp.hlp "
@I [HLS-100] Command 'ap_source' returned 0; elapsed 0Total elapsed time: 0.782 sec.
@I [HLS-100] Command 'import_lib' returned 0; elapsed 0.04Total elapsed time: 0.793 sec.
@I [HLS-100] Command "source /opt/Xilinx/Vivado_HLS/2015.3/common/technology/xilinx/kintex7/kintex7_fpv6.gen "
@I [HLS-100] Command "source /opt/Xilinx/Vivado_HLS/2015.3/common/technology/xilinx/common/xilinx_fpv6.gen "
@I [HLS-100] Command 'ap_source' returned 0; elapsed 0Total elapsed time: 0.797 sec.
@I [HLS-100] Command 'ap_source' returned 0; elapsed 0Total elapsed time: 0.797 sec.
@I [HLS-100] Command "set_part xc7k160tfbg484-1 "
@I [HLS-100] Command "add_library xilinx/kintex7/kintex7:xc7k160t:fbg484:-1 "
@I [HLS-100] Command "get_default_platform "
@I [HLS-100] Command 'get_default_platform' returned 0; elapsed 0Total elapsed time: 0.806 sec.
@I [HLS-100] Command "license_exists VIVADO_HLS "
@I [HLS-100] Command 'license_exists' returned 1; elapsed 0.01Total elapsed time: 0.830 sec.
@I [HLS-100] Command "license_exists ap_opencl "
@I [HLS-100] Command 'license_exists' returned 1; elapsed 0.02Total elapsed time: 0.859 sec.
@I [HLS-100] Command "license_exists ap_sdsoc "
@I [HLS-100] Command 'license_exists' returned 1; elapsed 0Total elapsed time: 0.880 sec.
@I [HLS-100] Command "license_exists AUTOESL_NI "
@I [HLS-100] Command 'license_exists' returned 1; elapsed 0.01Total elapsed time: 0.899 sec.
@I [HLS-100] Command "license_exists HLS "
@I [HLS-100] Command 'license_exists' returned 0; elapsed 0Total elapsed time: 0.899 sec.
@I [HLS-100] Command "get_default_platform "
@I [HLS-100] Command 'get_default_platform' returned 0; elapsed 0Total elapsed time: 0.901 sec.
@I [HLS-100] Command "config_chip_info -quiet -resource  {SLICE 25350} {LUT 101400}    {FF 202800} {DSP48E 600}    {BRAM 650}  "
@I [HLS-100] Command 'config_chip_info' returned 0; elapsed 0Total elapsed time: 0.902 sec.
@I [HLS-100] Command "config_chip_info -quiet -speed slow "
@I [HLS-100] Command 'config_chip_info' returned 0; elapsed 0Total elapsed time: 0.902 sec.
@I [HLS-100] Command 'add_library' returned 0; elapsed 0.05Total elapsed time: 0.905 sec.
@I [HLS-100] Command "add_library xilinx/kintex7/kintex7_fpv6 "
@I [HLS-100] Command "get_default_platform "
@I [HLS-100] Command 'get_default_platform' returned 0; elapsed 0Total elapsed time: 0.906 sec.
@I [HLS-100] Command "license_exists VIVADO_HLS "
@I [HLS-100] Command 'license_exists' returned 1; elapsed 0.02Total elapsed time: 0.924 sec.
@I [HLS-100] Command "license_exists ap_opencl "
@I [HLS-100] Command 'license_exists' returned 1; elapsed 0Total elapsed time: 0.942 sec.
@I [HLS-100] Command "license_exists ap_sdsoc "
@I [HLS-100] Command 'license_exists' returned 1; elapsed 0.02Total elapsed time: 0.958 sec.
@I [HLS-100] Command "license_exists AUTOESL_NI "
@I [HLS-100] Command 'license_exists' returned 1; elapsed 0Total elapsed time: 0.975 sec.
@I [HLS-100] Command "license_exists HLS "
@I [HLS-100] Command 'license_exists' returned 0; elapsed 0Total elapsed time: 0.976 sec.
@I [HLS-100] Command 'add_library' returned 0; elapsed 0.05Total elapsed time: 0.978 sec.
@I [HLS-10] Setting target device to 'xc7k160tfbg484-1'
@I [HLS-100] Command 'set_part' returned 0; elapsed 0.11Total elapsed time: 0.978 sec.
@I [HLS-100] Command "get_default_platform "
@I [HLS-100] Command 'get_default_platform' returned 0; elapsed 0Total elapsed time: 0.978 sec.
@I [HLS-100] Command "config_chip_info -quiet -resource  {SLICE 25350} {LUT 101400}    {FF 202800} {DSP48E 600}    {BRAM 650}  "
@I [HLS-100] Command 'config_chip_info' returned 0; elapsed 0Total elapsed time: 0.979 sec.
@I [HLS-100] Command "config_chip_info -quiet -speed slow "
@I [HLS-100] Command 'config_chip_info' returned 0; elapsed 0Total elapsed time: 0.979 sec.
@I [HLS-100] Command 'open_solution' returned 0; elapsed 0.4Total elapsed time: 0.983 sec.
@I [HLS-100] Command "cosim_design -rtl vhdl "
@I [HLS-100] Command "source /home/ctnguyen/work/tut_vivadohls/Vivado_HLS_Tutorial/Interface_Synthesis/lab2/adders_io_prj/solution1/.autopilot/db/global.setting.tcl "
@I [HLS-100] Command 'ap_source' returned 0; elapsed 0Total elapsed time: 0.985 sec.
@I [HLS-100] Command "source /home/ctnguyen/work/tut_vivadohls/Vivado_HLS_Tutorial/Interface_Synthesis/lab2/adders_io_prj/solution1/.autopilot/db/global.setting.tcl "
@I [HLS-100] Command 'ap_source' returned 0; elapsed 0Total elapsed time: 1.6 sec.
@I [HLS-100] Command "source /home/ctnguyen/work/tut_vivadohls/Vivado_HLS_Tutorial/Interface_Synthesis/lab2/adders_io_prj/solution1/.autopilot/db/global.setting.tcl "
@I [HLS-100] Command 'ap_source' returned 0; elapsed 0Total elapsed time: 1.38 sec.
@I [HLS-100] Command "source /opt/Xilinx/Vivado_HLS/2015.3/common/technology/generic/autopilot/common.gen "
@I [HLS-100] Command "source /opt/Xilinx/Vivado_HLS/2015.3/common/technology/generic/autopilot/APCoreGen.gen "
@I [HLS-100] Command 'ap_source' returned 0; elapsed 0Total elapsed time: 1.42 sec.
@I [HLS-100] Command 'ap_source' returned 0; elapsed 0Total elapsed time: 1.43 sec.
@I [HLS-100] Command "source /opt/Xilinx/Vivado_HLS/2015.3/common/technology/generic/autopilot/op.gen "
@I [HLS-100] Command 'ap_source' returned 0; elapsed 0.01Total elapsed time: 1.45 sec.
@I [HLS-100] Command "source /opt/Xilinx/Vivado_HLS/2015.3/common/technology/generic/autopilot/op_simcore.gen "
@I [HLS-100] Command 'ap_source' returned 0; elapsed 0Total elapsed time: 1.48 sec.
@I [HLS-100] Command "source /opt/Xilinx/Vivado_HLS/2015.3/common/technology/generic/autopilot/interface.gen "
@I [HLS-100] Command 'ap_source' returned 0; elapsed 0Total elapsed time: 1.48 sec.
@I [HLS-100] Command "source /home/ctnguyen/work/tut_vivadohls/Vivado_HLS_Tutorial/Interface_Synthesis/lab2/adders_io_prj/solution1/.autopilot/db/global.setting.tcl "
@I [HLS-100] Command 'ap_source' returned 0; elapsed 0Total elapsed time: 1.49 sec.
@I [HLS-100] Command "source /opt/Xilinx/Vivado_HLS/2015.3/common/technology/xilinx/kintex7/kintex7.gen "
@I [HLS-100] Command "source /opt/Xilinx/Vivado_HLS/2015.3/common/technology/xilinx/common/virtex.gen "
@I [HLS-100] Command "source /opt/Xilinx/Vivado_HLS/2015.3/common/technology/xilinx/common/xilinx.gen "
@I [HLS-100] Command "source /opt/Xilinx/Vivado_HLS/2015.3/common/technology/xilinx/interface/plb46.gen "
@I [HLS-100] Command 'ap_source' returned 0; elapsed 0Total elapsed time: 1.53 sec.
@I [HLS-100] Command "source /opt/Xilinx/Vivado_HLS/2015.3/common/technology/xilinx/interface/fsl.gen "
@I [HLS-100] Command 'ap_source' returned 0; elapsed 0Total elapsed time: 1.55 sec.
@I [HLS-100] Command "source /opt/Xilinx/Vivado_HLS/2015.3/common/technology/xilinx/interface/axi4.gen "
@I [HLS-100] Command 'ap_source' returned 0; elapsed 0.01Total elapsed time: 1.60 sec.
@I [HLS-100] Command "source /opt/Xilinx/Vivado_HLS/2015.3/common/technology/xilinx/interface/nativeAXI4.gen "
@I [HLS-100] Command "source /opt/Xilinx/Vivado_HLS/2015.3/common/technology/xilinx/interface/saxilite.gen "
@I [HLS-100] Command 'ap_source' returned 0; elapsed 0.02Total elapsed time: 1.69 sec.
@I [HLS-100] Command "source /opt/Xilinx/Vivado_HLS/2015.3/common/technology/xilinx/interface/maxi.gen "
@I [HLS-100] Command 'ap_source' returned 0; elapsed 0.01Total elapsed time: 1.102 sec.
@I [HLS-100] Command 'ap_source' returned 0; elapsed 0.03Total elapsed time: 1.102 sec.
@I [HLS-100] Command "source /opt/Xilinx/Vivado_HLS/2015.3/common/technology/xilinx/scripts/xilinxcoregen.gen "
@I [HLS-100] Command 'ap_source' returned 0; elapsed 0.02Total elapsed time: 1.125 sec.
@I [HLS-100] Command "source /opt/Xilinx/Vivado_HLS/2015.3/common/technology/xilinx/interface/XilEDKCoreGen.gen "
@I [HLS-100] Command 'ap_source' returned 0; elapsed 0.02Total elapsed time: 1.145 sec.
@I [HLS-100] Command "source /opt/Xilinx/Vivado_HLS/2015.3/common/technology/xilinx/ip/xfft.gen "
@I [HLS-100] Command 'ap_source' returned 0; elapsed 0.13Total elapsed time: 1.300 sec.
@I [HLS-100] Command "source /opt/Xilinx/Vivado_HLS/2015.3/common/technology/xilinx/ip/xfir.gen "
@I [HLS-100] Command 'ap_source' returned 0; elapsed 0.03Total elapsed time: 1.333 sec.
@I [HLS-100] Command "source /opt/Xilinx/Vivado_HLS/2015.3/common/technology/xilinx/ip/dds_compiler.gen "
@I [HLS-100] Command 'ap_source' returned 0; elapsed 0.01Total elapsed time: 1.337 sec.
@I [HLS-100] Command "source /opt/Xilinx/Vivado_HLS/2015.3/common/technology/xilinx/ip/util.gen "
@I [HLS-100] Command 'ap_source' returned 0; elapsed 0Total elapsed time: 1.337 sec.
@I [HLS-100] Command 'ap_source' returned 0; elapsed 0.25Total elapsed time: 1.337 sec.
@I [HLS-100] Command "source /opt/Xilinx/Vivado_HLS/2015.3/common/technology/xilinx/common/dsp48.gen "
@I [HLS-100] Command 'ap_source' returned 0; elapsed 0Total elapsed time: 1.339 sec.
@I [HLS-100] Command 'ap_source' returned 0; elapsed 0.25Total elapsed time: 1.339 sec.
@I [HLS-100] Command 'ap_source' returned 0; elapsed 0.25Total elapsed time: 1.339 sec.
@I [HLS-100] Command "source /opt/Xilinx/Vivado_HLS/2015.3/common/technology/xilinx/kintex7/kintex7_fpv6.gen "
@I [HLS-100] Command "source /opt/Xilinx/Vivado_HLS/2015.3/common/technology/xilinx/common/xilinx_fpv6.gen "
@I [HLS-100] Command 'ap_source' returned 0; elapsed 0Total elapsed time: 1.341 sec.
@I [HLS-100] Command 'ap_source' returned 0; elapsed 0Total elapsed time: 1.341 sec.
@I [HLS-100] Command "source /home/ctnguyen/work/tut_vivadohls/Vivado_HLS_Tutorial/Interface_Synthesis/lab2/adders_io_prj/solution1/.autopilot/db/global.setting.tcl "
@I [HLS-100] Command 'ap_source' returned 0; elapsed 0Total elapsed time: 1.342 sec.
@I [HLS-100] Command "source /home/ctnguyen/work/tut_vivadohls/Vivado_HLS_Tutorial/Interface_Synthesis/lab2/adders_io_prj/solution1/.autopilot/db/adders_io.rtl_wrap.cfg.tcl "
@I [HLS-100] Command 'ap_source' returned 0; elapsed 0Total elapsed time: 1.342 sec.
@I [HLS-100] Command "source /home/ctnguyen/work/tut_vivadohls/Vivado_HLS_Tutorial/Interface_Synthesis/lab2/adders_io_prj/solution1/.autopilot/db/adders_io.tbgen.tcl "
@I [HLS-100] Command 'ap_source' returned 0; elapsed 0Total elapsed time: 1.343 sec.
@I [HLS-100] Command "is_encrypted /home/ctnguyen/work/tut_vivadohls/Vivado_HLS_Tutorial/Interface_Synthesis/lab2/adders_io_test.c "
@I [HLS-100] Command 'is_encrypted' returned 0; elapsed 0Total elapsed time: 1.349 sec.
@I [HLS-100] Command "is_encrypted /home/ctnguyen/work/tut_vivadohls/Vivado_HLS_Tutorial/Interface_Synthesis/lab2/adders_io.c "
@I [HLS-100] Command 'is_encrypted' returned 0; elapsed 0Total elapsed time: 1.350 sec.
@I [HLS-100] Command "source /home/ctnguyen/work/tut_vivadohls/Vivado_HLS_Tutorial/Interface_Synthesis/lab2/adders_io_prj/solution1/.autopilot/db/adders_io.tbgen.tcl "
@I [HLS-100] Command 'ap_source' returned 0; elapsed 0Total elapsed time: 1.350 sec.
@I [HLS-100] Command "source /home/ctnguyen/work/tut_vivadohls/Vivado_HLS_Tutorial/Interface_Synthesis/lab2/adders_io_prj/solution1/.autopilot/db/adders_io.tbgen.tcl "
@I [HLS-100] Command 'ap_source' returned 0; elapsed 0Total elapsed time: 1.350 sec.
@I [SIM-47] Using XSIM for RTL simulation.
@I [SIM-14] Instrumenting C test bench ...
@I [HLS-100] Command "source /home/ctnguyen/work/tut_vivadohls/Vivado_HLS_Tutorial/Interface_Synthesis/lab2/adders_io_prj/solution1/.autopilot/db/adders_io.rtl_wrap.cfg.tcl "
@I [HLS-100] Command 'ap_source' returned 0; elapsed 0Total elapsed time: 1.355 sec.
@I [HLS-100] Command "source /home/ctnguyen/work/tut_vivadohls/Vivado_HLS_Tutorial/Interface_Synthesis/lab2/adders_io_prj/solution1/.autopilot/db/adders_io.rtl_wrap.cfg.tcl "
@I [HLS-100] Command 'ap_source' returned 0; elapsed 0Total elapsed time: 1.356 sec.
@I [HLS-100] Command "source /home/ctnguyen/work/tut_vivadohls/Vivado_HLS_Tutorial/Interface_Synthesis/lab2/adders_io_prj/solution1/.autopilot/db/adders_io.rtl_wrap.cfg.tcl "
@I [HLS-100] Command 'ap_source' returned 0; elapsed 0Total elapsed time: 1.357 sec.
@I [HLS-100] Command "source /home/ctnguyen/work/tut_vivadohls/Vivado_HLS_Tutorial/Interface_Synthesis/lab2/adders_io_prj/solution1/.autopilot/db/adders_io.tbgen.tcl "
@I [HLS-100] Command 'ap_source' returned 0; elapsed 0Total elapsed time: 1.357 sec.
@I [HLS-100] Command "source /home/ctnguyen/work/tut_vivadohls/Vivado_HLS_Tutorial/Interface_Synthesis/lab2/adders_io_prj/solution1/.autopilot/db/adders_io.tbgen.tcl "
@I [HLS-100] Command 'ap_source' returned 0; elapsed 0Total elapsed time: 1.357 sec.
@I [HLS-0] Marker-Pragma convertor: /home/ctnguyen/work/tut_vivadohls/Vivado_HLS_Tutorial/Interface_Synthesis/lab2/adders_io_prj/solution1/./sim/autowrap/testbench/adders_io_test.c_pre.c /home/ctnguyen/work/tut_vivadohls/Vivado_HLS_Tutorial/Interface_Synthesis/lab2/adders_io_prj/solution1/./sim/autowrap/testbench/adders_io_test.c_pre.c.line.c ./sim/autowrap/testbench/line.tmp 1
@I [HLS-0] Marker-Pragma convertor: ./sim/autowrap/testbench/adders_io_test.c_pre.c.tb.c.line ./sim/autowrap/testbench/adders_io_test.c_pre.c.tb.c ./sim/autowrap/testbench/line.tmp 0
@I [HLS-0] Marker-Pragma convertor: /home/ctnguyen/work/tut_vivadohls/Vivado_HLS_Tutorial/Interface_Synthesis/lab2/adders_io_prj/solution1/./sim/autowrap/testbench/adders_io.c_pre.c /home/ctnguyen/work/tut_vivadohls/Vivado_HLS_Tutorial/Interface_Synthesis/lab2/adders_io_prj/solution1/./sim/autowrap/testbench/adders_io.c_pre.c.line.c ./sim/autowrap/testbench/line.tmp 1
@I [HLS-0] Marker-Pragma convertor: ./sim/autowrap/testbench/adders_io.c_pre.c.tb.c.line ./sim/autowrap/testbench/adders_io.c_pre.c.tb.c ./sim/autowrap/testbench/line.tmp 0
@I [HLS-100] Command "source /home/ctnguyen/work/tut_vivadohls/Vivado_HLS_Tutorial/Interface_Synthesis/lab2/adders_io_prj/solution1/.autopilot/db/adders_io.rtl_wrap.cfg.tcl "
@I [HLS-100] Command 'ap_source' returned 0; elapsed 0Total elapsed time: 2.980 sec.
@I [HLS-100] Command "source .run_sim.tcl "
@I [SIM-302] Starting C TB testing ... 
@I [HLS-100] Command 'ap_source' returned 0; elapsed 0.01Total elapsed time: 7.545 sec.
@I [SIM-333] Generating C post check test bench ...
@I [HLS-100] Command "source /home/ctnguyen/work/tut_vivadohls/Vivado_HLS_Tutorial/Interface_Synthesis/lab2/adders_io_prj/solution1/.autopilot/db/adders_io.rtl_wrap.cfg.tcl "
@I [HLS-100] Command 'ap_source' returned 0; elapsed 0Total elapsed time: 7.550 sec.
@I [SIM-12] Generating RTL test bench ...
@I [HLS-100] Command "source /home/ctnguyen/work/tut_vivadohls/Vivado_HLS_Tutorial/Interface_Synthesis/lab2/adders_io_prj/solution1/.autopilot/db/adders_io.tbgen.tcl "
@I [HLS-100] Command 'ap_source' returned 0; elapsed 0Total elapsed time: 7.572 sec.
@I [HLS-100] Command "source /home/ctnguyen/work/tut_vivadohls/Vivado_HLS_Tutorial/Interface_Synthesis/lab2/adders_io_prj/solution1/.autopilot/db/adders_io.tbgen.tcl "
@I [HLS-100] Command 'ap_source' returned 0; elapsed 0Total elapsed time: 7.573 sec.
@I [HLS-100] Command "source /home/ctnguyen/work/tut_vivadohls/Vivado_HLS_Tutorial/Interface_Synthesis/lab2/adders_io_prj/solution1/.autopilot/db/adders_io.tbgen.tcl "
@I [HLS-100] Command 'ap_source' returned 0; elapsed 0Total elapsed time: 7.574 sec.
@I [HLS-100] Command "source /home/ctnguyen/work/tut_vivadohls/Vivado_HLS_Tutorial/Interface_Synthesis/lab2/adders_io_prj/solution1/.autopilot/db/adders_io.tbgen.tcl "
@I [HLS-100] Command 'ap_source' returned 0; elapsed 0Total elapsed time: 7.574 sec.
@I [HLS-100] Command "source ../tv/cdatafile/ref.tcl "
@I [HLS-100] Command 'ap_source' returned 0; elapsed 0Total elapsed time: 7.575 sec.
@I [HLS-100] Command "source /home/ctnguyen/work/tut_vivadohls/Vivado_HLS_Tutorial/Interface_Synthesis/lab2/adders_io_prj/solution1/.autopilot/db/adders_io.tbgen.tcl "
@I [HLS-100] Command 'ap_source' returned 0; elapsed 0Total elapsed time: 7.575 sec.
@I [HLS-100] Command "source /home/ctnguyen/work/tut_vivadohls/Vivado_HLS_Tutorial/Interface_Synthesis/lab2/adders_io_prj/solution1/.autopilot/db/adders_io.tbgen.tcl "
@I [HLS-100] Command 'ap_source' returned 0; elapsed 0Total elapsed time: 7.575 sec.
@I [HLS-100] Command "source /home/ctnguyen/work/tut_vivadohls/Vivado_HLS_Tutorial/Interface_Synthesis/lab2/adders_io_prj/solution1/.autopilot/db/adders_io.tbgen.tcl "
@I [HLS-100] Command 'ap_source' returned 0; elapsed 0Total elapsed time: 7.575 sec.
@I [HLS-100] Command "source /home/ctnguyen/work/tut_vivadohls/Vivado_HLS_Tutorial/Interface_Synthesis/lab2/adders_io_prj/solution1/.autopilot/db/adders_io.tbgen.tcl "
@I [HLS-100] Command 'ap_source' returned 0; elapsed 0Total elapsed time: 7.576 sec.
@I [HLS-100] Command "source /home/ctnguyen/work/tut_vivadohls/Vivado_HLS_Tutorial/Interface_Synthesis/lab2/adders_io_prj/solution1/.autopilot/db/adders_io.tbgen.tcl "
@I [HLS-100] Command 'ap_source' returned 0; elapsed 0Total elapsed time: 7.576 sec.
@I [HLS-100] Command "source /home/ctnguyen/work/tut_vivadohls/Vivado_HLS_Tutorial/Interface_Synthesis/lab2/adders_io_prj/solution1/.autopilot/db/adders_io.tbgen.tcl "
@I [HLS-100] Command 'ap_source' returned 0; elapsed 0Total elapsed time: 7.582 sec.
@I [HLS-100] Command "source /home/ctnguyen/work/tut_vivadohls/Vivado_HLS_Tutorial/Interface_Synthesis/lab2/adders_io_prj/solution1/.autopilot/db/adders_io.tbgen.tcl "
@I [HLS-100] Command 'ap_source' returned 0; elapsed 0Total elapsed time: 7.591 sec.
@I [HLS-100] Command "source /home/ctnguyen/work/tut_vivadohls/Vivado_HLS_Tutorial/Interface_Synthesis/lab2/adders_io_prj/solution1/.autopilot/db/adders_io.tbgen.tcl "
@I [HLS-100] Command 'ap_source' returned 0; elapsed 0Total elapsed time: 7.595 sec.
@I [HLS-100] Command "source /home/ctnguyen/work/tut_vivadohls/Vivado_HLS_Tutorial/Interface_Synthesis/lab2/adders_io_prj/solution1/.autopilot/db/adders_io.tbgen.tcl "
@I [HLS-100] Command 'ap_source' returned 0; elapsed 0Total elapsed time: 7.596 sec.
@I [HLS-100] Command "source /home/ctnguyen/work/tut_vivadohls/Vivado_HLS_Tutorial/Interface_Synthesis/lab2/adders_io_prj/solution1/.autopilot/db/adders_io.tbgen.tcl "
@I [HLS-100] Command 'ap_source' returned 0; elapsed 0Total elapsed time: 7.596 sec.
@I [HLS-100] Command "source /home/ctnguyen/work/tut_vivadohls/Vivado_HLS_Tutorial/Interface_Synthesis/lab2/adders_io_prj/solution1/.autopilot/db/adders_io.tbgen.tcl "
@I [HLS-100] Command 'ap_source' returned 0; elapsed 0Total elapsed time: 7.624 sec.
@I [HLS-100] Command "source /home/ctnguyen/work/tut_vivadohls/Vivado_HLS_Tutorial/Interface_Synthesis/lab2/adders_io_prj/solution1/.autopilot/db/adders_io.tbgen.tcl "
@I [HLS-100] Command 'ap_source' returned 0; elapsed 0Total elapsed time: 7.625 sec.
@I [HLS-100] Command "source /home/ctnguyen/work/tut_vivadohls/Vivado_HLS_Tutorial/Interface_Synthesis/lab2/adders_io_prj/solution1/.autopilot/db/adders_io.tbgen.tcl "
@I [HLS-100] Command 'ap_source' returned 0; elapsed 0Total elapsed time: 7.625 sec.
@I [HLS-100] Command "source /home/ctnguyen/work/tut_vivadohls/Vivado_HLS_Tutorial/Interface_Synthesis/lab2/adders_io_prj/solution1/.autopilot/db/adders_io.tbgen.tcl "
@I [HLS-100] Command 'ap_source' returned 0; elapsed 0Total elapsed time: 7.626 sec.
@I [HLS-100] Command "source /home/ctnguyen/work/tut_vivadohls/Vivado_HLS_Tutorial/Interface_Synthesis/lab2/adders_io_prj/solution1/.autopilot/db/adders_io.tbgen.tcl "
@I [HLS-100] Command 'ap_source' returned 0; elapsed 0Total elapsed time: 7.626 sec.
@I [HLS-100] Command "source ../tv/cdatafile/ref.tcl "
@I [HLS-100] Command 'ap_source' returned 0; elapsed 0Total elapsed time: 7.627 sec.
@I [HLS-100] Command "source /home/ctnguyen/work/tut_vivadohls/Vivado_HLS_Tutorial/Interface_Synthesis/lab2/adders_io_prj/solution1/.autopilot/db/adders_io.tbgen.tcl "
@I [HLS-100] Command 'ap_source' returned 0; elapsed 0Total elapsed time: 7.627 sec.
@I [HLS-100] Command "source /home/ctnguyen/work/tut_vivadohls/Vivado_HLS_Tutorial/Interface_Synthesis/lab2/adders_io_prj/solution1/.autopilot/db/adders_io.tbgen.tcl "
@I [HLS-100] Command 'ap_source' returned 0; elapsed 0Total elapsed time: 7.627 sec.
@I [HLS-100] Command "source /home/ctnguyen/work/tut_vivadohls/Vivado_HLS_Tutorial/Interface_Synthesis/lab2/adders_io_prj/solution1/.autopilot/db/adders_io.tbgen.tcl "
@I [HLS-100] Command 'ap_source' returned 0; elapsed 0Total elapsed time: 7.627 sec.
@I [HLS-100] Command "source /home/ctnguyen/work/tut_vivadohls/Vivado_HLS_Tutorial/Interface_Synthesis/lab2/adders_io_prj/solution1/.autopilot/db/adders_io.tbgen.tcl "
@I [HLS-100] Command 'ap_source' returned 0; elapsed 0Total elapsed time: 7.627 sec.
@I [HLS-100] Command "source /home/ctnguyen/work/tut_vivadohls/Vivado_HLS_Tutorial/Interface_Synthesis/lab2/adders_io_prj/solution1/.autopilot/db/adders_io.tbgen.tcl "
@I [HLS-100] Command 'ap_source' returned 0; elapsed 0Total elapsed time: 7.628 sec.
@I [HLS-100] Command "source /home/ctnguyen/work/tut_vivadohls/Vivado_HLS_Tutorial/Interface_Synthesis/lab2/adders_io_prj/solution1/.autopilot/db/adders_io.tbgen.tcl "
@I [HLS-100] Command 'ap_source' returned 0; elapsed 0Total elapsed time: 7.632 sec.
@I [HLS-100] Command "source /home/ctnguyen/work/tut_vivadohls/Vivado_HLS_Tutorial/Interface_Synthesis/lab2/adders_io_prj/solution1/.autopilot/db/adders_io.tbgen.tcl "
@I [HLS-100] Command 'ap_source' returned 0; elapsed 0Total elapsed time: 7.646 sec.
@I [HLS-100] Command "source /home/ctnguyen/work/tut_vivadohls/Vivado_HLS_Tutorial/Interface_Synthesis/lab2/adders_io_prj/solution1/.autopilot/db/adders_io.tbgen.tcl "
@I [HLS-100] Command 'ap_source' returned 0; elapsed 0Total elapsed time: 7.650 sec.
@I [HLS-100] Command "source /home/ctnguyen/work/tut_vivadohls/Vivado_HLS_Tutorial/Interface_Synthesis/lab2/adders_io_prj/solution1/.autopilot/db/adders_io.tbgen.tcl "
@I [HLS-100] Command 'ap_source' returned 0; elapsed 0Total elapsed time: 7.650 sec.
@I [HLS-100] Command "source /home/ctnguyen/work/tut_vivadohls/Vivado_HLS_Tutorial/Interface_Synthesis/lab2/adders_io_prj/solution1/.autopilot/db/adders_io.tbgen.tcl "
@I [HLS-100] Command 'ap_source' returned 0; elapsed 0Total elapsed time: 7.650 sec.
@I [HLS-100] Command "source .run_sim.tcl "
@I [HLS-100] Command "source check_sim.tcl "
@I [HLS-100] Command 'ap_source' returned 0; elapsed 0Total elapsed time: 7.689 sec.
@I [HLS-100] Command "source .sim.status.tcl "
@I [HLS-100] Command 'ap_source' returned 0; elapsed 0Total elapsed time: 7.690 sec.
@I [SIM-322] Starting VHDL simulation. 
@I [SIM-15] Starting XSIM ...
@I [SIM-316] Starting C post checking ...
@I [HLS-100] Command 'ap_source' returned 0; elapsed 0.02Total elapsed time: 11.920 sec.
@I [SIM-1000] *** C/RTL co-simulation finished: PASS ***
@I [HLS-100] Command 'cosim_design' returned 0; elapsed 0.61Total elapsed time: 11.938 sec.
@I [HLS-100] Command 'ap_source' returned 0; elapsed 1.01Total elapsed time: 11.938 sec.
@I [HLS-100] Command "cleanup_all "
@I [HLS-100] Command 'cleanup_all' returned 0; elapsed 0Total elapsed time: 11.939 sec.
