

================================================================
== Vivado HLS Report for 'counter_stream_hls'
================================================================
* Date:           Fri May 27 18:14:28 2016

* Version:        2015.3 (Build 1368829 on Mon Sep 28 20:31:51 PM 2015)
* Project:        counter_stream_hls
* Solution:       solution1
* Product family: zynq
* Target device:  xc7z020clg484-1


================================================================
== Performance Estimates
================================================================
+ Timing (ns): 
    * Summary: 
    +--------+-------+----------+------------+
    |  Clock | Target| Estimated| Uncertainty|
    +--------+-------+----------+------------+
    |ap_clk  |  10.00|      3.89|        1.25|
    +--------+-------+----------+------------+

+ Latency (clock cycles): 
    * Summary: 
    +-----+-----+-----+-----+---------+
    |  Latency  |  Interval | Pipeline|
    | min | max | min | max |   Type  |
    +-----+-----+-----+-----+---------+
    |    ?|    ?|    ?|    ?|   none  |
    +-----+-----+-----+-----+---------+

    + Detail: 
        * Instance: 
        N/A

        * Loop: 
        +-----------------------------+-----+-----+----------+-----------+-----------+------+----------+
        |                             |  Latency  | Iteration|  Initiation Interval  | Trip |          |
        |          Loop Name          | min | max |  Latency |  achieved |   target  | Count| Pipelined|
        +-----------------------------+-----+-----+----------+-----------+-----------+------+----------+
        |- counter_stream_hls_label0  |    ?|    ?|         2|          1|          1|     ?|    yes   |
        +-----------------------------+-----+-----+----------+-----------+-----------+------+----------+

============================================================
+ Verbose Summary: Synthesis Manager
============================================================
InlineROM: 1
ExposeGlobal: 0
============================================================
+ Verbose Summary: CDFG Model
============================================================
IsTopModel: 1
ResetActiveHigh: 1
IsCombinational: 0
IsDatapathOnly: 0
HasWiredReturn: 1
HasMFsm: 0
HasVarLatency: 1
IsPipeline: 0
IsRtlPipelined: 0
IsInstanceOverlapped: 0
IsDontTouch: 0
HasImplIP: 0
IsGatedGlobalClock: 0

+ Individual pipeline summary: 
  * Pipeline-0: initiation interval (II) = 1, depth = 2


============================================================
+ Verbose Summary: Schedule
============================================================
* Number of FSM states: 4
* Pipeline: 1
  Pipeline-0: II = 1, D = 2, States = { 2 3 }
* Dataflow Pipeline: 0

* FSM state transitions: 
1 --> 
	2  / true
2 --> 
	4  / (!tmp)
	3  / (tmp)
3 --> 
	2  / true
4 --> 
* FSM state operations: 

 <State 1>: 1.57ns
ST_1: stg_5 [1/1] 0.00ns
:0  call void (...)* @_ssdm_op_SpecBitsMap(i32 %init) nounwind, !map !0

ST_1: stg_6 [1/1] 0.00ns
:1  call void (...)* @_ssdm_op_SpecBitsMap(i32 %resolution) nounwind, !map !6

ST_1: stg_7 [1/1] 0.00ns
:2  call void (...)* @_ssdm_op_SpecBitsMap(i32 %numWord) nounwind, !map !10

ST_1: stg_8 [1/1] 0.00ns
:3  call void (...)* @_ssdm_op_SpecBitsMap(i32* %counter) nounwind, !map !14

ST_1: stg_9 [1/1] 0.00ns
:4  call void (...)* @_ssdm_op_SpecBitsMap(i32* %index) nounwind, !map !20

ST_1: stg_10 [1/1] 0.00ns
:5  call void (...)* @_ssdm_op_SpecTopModule([19 x i8]* @counter_stream_hls_str) nounwind

ST_1: numWord_read [1/1] 1.00ns
:6  %numWord_read = call i32 @_ssdm_op_Read.s_axilite.i32(i32 %numWord) nounwind

ST_1: resolution_read [1/1] 1.00ns
:7  %resolution_read = call i32 @_ssdm_op_Read.s_axilite.i32(i32 %resolution) nounwind

ST_1: init_read [1/1] 1.00ns
:8  %init_read = call i32 @_ssdm_op_Read.s_axilite.i32(i32 %init) nounwind

ST_1: stg_14 [1/1] 0.00ns
:9  call void (...)* @_ssdm_op_SpecInterface(i32* %index, [10 x i8]* @p_str, i32 0, i32 0, i32 0, i32 0, [1 x i8]* @p_str1, [1 x i8]* @p_str1, [1 x i8]* @p_str1, [1 x i8]* @p_str1) nounwind

ST_1: stg_15 [1/1] 0.00ns
:10  call void (...)* @_ssdm_op_SpecInterface(i32* %counter, [5 x i8]* @p_str2, i32 0, i32 0, i32 0, i32 0, [1 x i8]* @p_str1, [1 x i8]* @p_str1, [1 x i8]* @p_str1, [1 x i8]* @p_str1) nounwind

ST_1: stg_16 [1/1] 0.00ns
:11  call void (...)* @_ssdm_op_SpecInterface(i32 %numWord, [10 x i8]* @p_str, i32 0, i32 0, i32 0, i32 0, [11 x i8]* @p_str3, [1 x i8]* @p_str1, [1 x i8]* @p_str1, [1 x i8]* @p_str1) nounwind

ST_1: stg_17 [1/1] 0.00ns
:12  call void (...)* @_ssdm_op_SpecInterface(i32 %resolution, [10 x i8]* @p_str, i32 0, i32 0, i32 0, i32 0, [11 x i8]* @p_str3, [1 x i8]* @p_str1, [1 x i8]* @p_str1, [1 x i8]* @p_str1) nounwind

ST_1: stg_18 [1/1] 0.00ns
:13  call void (...)* @_ssdm_op_SpecInterface(i32 %init, [10 x i8]* @p_str, i32 0, i32 0, i32 0, i32 0, [11 x i8]* @p_str3, [1 x i8]* @p_str1, [1 x i8]* @p_str1, [1 x i8]* @p_str1) nounwind

ST_1: stg_19 [1/1] 1.57ns
:14  br label %1


 <State 2>: 3.89ns
ST_2: i [1/1] 0.00ns
:0  %i = phi i31 [ 0, %0 ], [ %i_1, %2 ]

ST_2: phi_mul [1/1] 0.00ns
:1  %phi_mul = phi i32 [ 0, %0 ], [ %next_mul, %2 ]

ST_2: i_cast [1/1] 0.00ns
:2  %i_cast = zext i31 %i to i32

ST_2: tmp [1/1] 2.52ns
:3  %tmp = icmp slt i32 %i_cast, %numWord_read

ST_2: i_1 [1/1] 2.44ns
:4  %i_1 = add i31 %i, 1

ST_2: stg_25 [1/1] 0.00ns
:5  br i1 %tmp, label %2, label %3

ST_2: next_mul [1/1] 2.44ns
:3  %next_mul = add i32 %phi_mul, %resolution_read

ST_2: tmp_2 [1/1] 2.44ns
:4  %tmp_2 = add nsw i32 %phi_mul, %init_read


 <State 3>: 1.00ns
ST_3: stg_28 [1/1] 0.00ns
:0  call void (...)* @_ssdm_op_SpecLoopName([26 x i8]* @p_str4) nounwind

ST_3: tmp_3 [1/1] 0.00ns
:1  %tmp_3 = call i32 (...)* @_ssdm_op_SpecRegionBegin([26 x i8]* @p_str4) nounwind

ST_3: stg_30 [1/1] 0.00ns
:2  call void (...)* @_ssdm_op_SpecPipeline(i32 1, i32 1, i32 1, i32 0, [1 x i8]* @p_str1) nounwind

ST_3: stg_31 [1/1] 0.00ns
:5  call void @_ssdm_op_Write.axis.volatile.i32P(i32* %counter, i32 %tmp_2) nounwind

ST_3: stg_32 [1/1] 1.00ns
:6  call void @_ssdm_op_Write.s_axilite.volatile.i32P(i32* %index, i32 %i_cast) nounwind

ST_3: empty [1/1] 0.00ns
:7  %empty = call i32 (...)* @_ssdm_op_SpecRegionEnd([26 x i8]* @p_str4, i32 %tmp_3) nounwind

ST_3: stg_34 [1/1] 0.00ns
:8  br label %1


 <State 4>: 0.00ns
ST_4: stg_35 [1/1] 0.00ns
:0  ret void



============================================================
+ Verbose Summary: Binding
============================================================
N/A
* FSMD analyzer results:
  - Output states:
  - Chain level:
	State 1
	State 2
	State 3
	State 4


============================================================
+ Verbose Summary: Datapath Resource usage 
============================================================
N/A
