

================================================================
== Vivado HLS Report for 'matrixmul'
================================================================
* Date:           Thu Jul  7 08:04:52 2016

* Version:        2015.3 (Build 1368829 on Mon Sep 28 20:31:51 PM 2015)
* Project:        matrixmul_prj
* Solution:       solution3
* Product family: kintex7
* Target device:  xc7k160tfbg484-1


================================================================
== Performance Estimates
================================================================
+ Timing (ns): 
    * Summary: 
    +--------+-------+----------+------------+
    |  Clock | Target| Estimated| Uncertainty|
    +--------+-------+----------+------------+
    |ap_clk  |  13.33|     10.82|        1.67|
    +--------+-------+----------+------------+

+ Latency (clock cycles): 
    * Summary: 
    +-----+-----+-----+-----+---------+
    |  Latency  |  Interval | Pipeline|
    | min | max | min | max |   Type  |
    +-----+-----+-----+-----+---------+
    |   21|   21|   22|   22|   none  |
    +-----+-----+-----+-----+---------+

    + Detail: 
        * Instance: 
        N/A

        * Loop: 
        +-----------+-----+-----+----------+-----------+-----------+------+----------+
        |           |  Latency  | Iteration|  Initiation Interval  | Trip |          |
        | Loop Name | min | max |  Latency |  achieved |   target  | Count| Pipelined|
        +-----------+-----+-----+----------+-----------+-----------+------+----------+
        |- Row_Col  |   19|   19|         4|          2|          1|     9|    yes   |
        +-----------+-----+-----+----------+-----------+-----------+------+----------+

============================================================
+ Verbose Summary: Synthesis Manager
============================================================
InlineROM: 1
ExposeGlobal: 0
============================================================
+ Verbose Summary: CDFG Model
============================================================
IsTopModel: 1
ResetActiveHigh: 1
IsCombinational: 0
IsDatapathOnly: 0
HasWiredReturn: 1
HasMFsm: 0
HasVarLatency: 1
IsPipeline: 0
IsRtlPipelined: 0
IsInstanceOverlapped: 0
IsDontTouch: 0
HasImplIP: 0
IsGatedGlobalClock: 0

+ Individual pipeline summary: 
  * Pipeline-0: initiation interval (II) = 2, depth = 4


============================================================
+ Verbose Summary: Schedule
============================================================
* Number of FSM states: 6
* Pipeline: 1
  Pipeline-0: II = 2, D = 4, States = { 2 3 4 5 }
* Dataflow Pipeline: 0

* FSM state transitions: 
1 --> 
	2  / true
2 --> 
	6  / (exitcond_flatten)
	3  / (!exitcond_flatten)
3 --> 
	4  / true
4 --> 
	5  / true
5 --> 
	2  / true
6 --> 
* FSM state operations: 

 <State 1>: 1.08ns
ST_1: stg_7 [1/1] 0.00ns
:0  call void (...)* @_ssdm_op_SpecBitsMap([9 x i8]* %a) nounwind, !map !0

ST_1: stg_8 [1/1] 0.00ns
:1  call void (...)* @_ssdm_op_SpecBitsMap([9 x i8]* %b) nounwind, !map !6

ST_1: stg_9 [1/1] 0.00ns
:2  call void (...)* @_ssdm_op_SpecBitsMap([9 x i16]* %res) nounwind, !map !10

ST_1: stg_10 [1/1] 0.00ns
:3  call void (...)* @_ssdm_op_SpecTopModule([10 x i8]* @matrixmul_str) nounwind

ST_1: stg_11 [1/1] 1.08ns
:4  br label %1


 <State 2>: 5.90ns
ST_2: indvar_flatten [1/1] 0.00ns
:0  %indvar_flatten = phi i4 [ 0, %0 ], [ %indvar_flatten_next, %.reset ]

ST_2: i [1/1] 0.00ns
:1  %i = phi i2 [ 0, %0 ], [ %i_mid2, %.reset ]

ST_2: j [1/1] 0.00ns
:2  %j = phi i2 [ 0, %0 ], [ %j_1, %.reset ]

ST_2: exitcond_flatten [1/1] 1.24ns
:3  %exitcond_flatten = icmp eq i4 %indvar_flatten, -7

ST_2: indvar_flatten_next [1/1] 0.48ns
:4  %indvar_flatten_next = add i4 %indvar_flatten, 1

ST_2: stg_17 [1/1] 0.00ns
:5  br i1 %exitcond_flatten, label %2, label %.reset

ST_2: i_1 [1/1] 0.48ns
.reset:0  %i_1 = add i2 %i, 1

ST_2: exitcond [1/1] 0.85ns
.reset:3  %exitcond = icmp eq i2 %j, -1

ST_2: j_mid2 [1/1] 0.84ns
.reset:4  %j_mid2 = select i1 %exitcond, i2 0, i2 %j

ST_2: i_mid2 [1/1] 0.84ns
.reset:5  %i_mid2 = select i1 %exitcond, i2 %i_1, i2 %i

ST_2: tmp_cast [1/1] 0.00ns
.reset:6  %tmp_cast = zext i2 %i_mid2 to i5

ST_2: tmp_1 [1/1] 0.00ns
.reset:7  %tmp_1 = call i4 @_ssdm_op_BitConcatenate.i4.i2.i2(i2 %i_mid2, i2 0)

ST_2: p_shl_cast [1/1] 0.00ns
.reset:8  %p_shl_cast = zext i4 %tmp_1 to i5

ST_2: tmp_4 [1/1] 0.48ns
.reset:9  %tmp_4 = sub i5 %p_shl_cast, %tmp_cast

ST_2: tmp_4_cast [1/1] 0.00ns
.reset:10  %tmp_4_cast = sext i5 %tmp_4 to i64

ST_2: tmp_8 [1/1] 1.34ns
.reset:11  %tmp_8 = add i5 %tmp_4, 1

ST_2: tmp_8_cast [1/1] 0.00ns
.reset:12  %tmp_8_cast = sext i5 %tmp_8 to i64

ST_2: tmp_2 [1/1] 0.00ns
.reset:18  %tmp_2 = zext i2 %j_mid2 to i64

ST_2: tmp_2_cast [1/1] 0.00ns
.reset:21  %tmp_2_cast = zext i2 %j_mid2 to i3

ST_2: b_addr [1/1] 0.00ns
.reset:22  %b_addr = getelementptr [9 x i8]* %b, i64 0, i64 %tmp_2

ST_2: tmp_s [1/1] 0.48ns
.reset:23  %tmp_s = add i3 %tmp_2_cast, 3

ST_2: tmp_10_cast [1/1] 0.00ns
.reset:24  %tmp_10_cast = zext i3 %tmp_s to i64

ST_2: b_addr_1 [1/1] 0.00ns
.reset:25  %b_addr_1 = getelementptr [9 x i8]* %b, i64 0, i64 %tmp_10_cast

ST_2: a_addr [1/1] 0.00ns
.reset:32  %a_addr = getelementptr [9 x i8]* %a, i64 0, i64 %tmp_4_cast

ST_2: a_load [2/2] 2.39ns
.reset:33  %a_load = load i8* %a_addr, align 1

ST_2: b_load [2/2] 2.39ns
.reset:35  %b_load = load i8* %b_addr, align 1

ST_2: a_addr_1 [1/1] 0.00ns
.reset:38  %a_addr_1 = getelementptr [9 x i8]* %a, i64 0, i64 %tmp_8_cast

ST_2: a_load_1 [2/2] 2.39ns
.reset:39  %a_load_1 = load i8* %a_addr_1, align 1

ST_2: b_load_1 [2/2] 2.39ns
.reset:41  %b_load_1 = load i8* %b_addr_1, align 1


 <State 3>: 8.18ns
ST_3: tmp_9 [1/1] 1.34ns
.reset:13  %tmp_9 = add i5 %tmp_4, 2

ST_3: tmp_9_cast [1/1] 0.00ns
.reset:14  %tmp_9_cast = sext i5 %tmp_9 to i64

ST_3: tmp_2_cast1 [1/1] 0.00ns
.reset:19  %tmp_2_cast1 = zext i2 %j_mid2 to i5

ST_3: tmp_2_cast9 [1/1] 0.00ns
.reset:20  %tmp_2_cast9 = zext i2 %j_mid2 to i4

ST_3: tmp_10 [1/1] 0.48ns
.reset:26  %tmp_10 = add i4 %tmp_2_cast9, 6

ST_3: tmp_11_cast [1/1] 0.00ns
.reset:27  %tmp_11_cast = zext i4 %tmp_10 to i64

ST_3: b_addr_2 [1/1] 0.00ns
.reset:28  %b_addr_2 = getelementptr [9 x i8]* %b, i64 0, i64 %tmp_11_cast

ST_3: tmp_11 [1/1] 1.34ns
.reset:29  %tmp_11 = add i5 %tmp_4, %tmp_2_cast1

ST_3: a_load [1/2] 2.39ns
.reset:33  %a_load = load i8* %a_addr, align 1

ST_3: tmp_5 [1/1] 0.00ns
.reset:34  %tmp_5 = sext i8 %a_load to i16

ST_3: b_load [1/2] 2.39ns
.reset:35  %b_load = load i8* %b_addr, align 1

ST_3: tmp_6 [1/1] 0.00ns
.reset:36  %tmp_6 = sext i8 %b_load to i16

ST_3: tmp_7 [1/1] 5.79ns
.reset:37  %tmp_7 = mul i16 %tmp_6, %tmp_5

ST_3: a_load_1 [1/2] 2.39ns
.reset:39  %a_load_1 = load i8* %a_addr_1, align 1

ST_3: tmp_5_1 [1/1] 0.00ns
.reset:40  %tmp_5_1 = sext i8 %a_load_1 to i16

ST_3: b_load_1 [1/2] 2.39ns
.reset:41  %b_load_1 = load i8* %b_addr_1, align 1

ST_3: tmp_6_1 [1/1] 0.00ns
.reset:42  %tmp_6_1 = sext i8 %b_load_1 to i16

ST_3: tmp_7_1 [1/1] 5.79ns
.reset:43  %tmp_7_1 = mul i16 %tmp_6_1, %tmp_5_1

ST_3: a_addr_2 [1/1] 0.00ns
.reset:44  %a_addr_2 = getelementptr [9 x i8]* %a, i64 0, i64 %tmp_9_cast

ST_3: a_load_2 [2/2] 2.39ns
.reset:45  %a_load_2 = load i8* %a_addr_2, align 1

ST_3: b_load_2 [2/2] 2.39ns
.reset:47  %b_load_2 = load i8* %b_addr_2, align 1

ST_3: j_1 [1/1] 0.48ns
.reset:54  %j_1 = add i2 %j_mid2, 1


 <State 4>: 10.82ns
ST_4: a_load_2 [1/2] 2.39ns
.reset:45  %a_load_2 = load i8* %a_addr_2, align 1

ST_4: tmp_5_2 [1/1] 0.00ns
.reset:46  %tmp_5_2 = sext i8 %a_load_2 to i16

ST_4: b_load_2 [1/2] 2.39ns
.reset:47  %b_load_2 = load i8* %b_addr_2, align 1

ST_4: tmp_6_2 [1/1] 0.00ns
.reset:48  %tmp_6_2 = sext i8 %b_load_2 to i16

ST_4: tmp_7_2 [1/1] 5.79ns
.reset:49  %tmp_7_2 = mul i16 %tmp_6_2, %tmp_5_2

ST_4: tmp1 [1/1] 1.32ns
.reset:50  %tmp1 = add i16 %tmp_7_2, %tmp_7

ST_4: tmp_8_2 [1/1] 1.32ns
.reset:51  %tmp_8_2 = add i16 %tmp_7_1, %tmp1


 <State 5>: 2.39ns
ST_5: stg_70 [1/1] 0.00ns
.reset:1  call void (...)* @_ssdm_op_SpecLoopName([8 x i8]* @Row_Col_str)

ST_5: empty [1/1] 0.00ns
.reset:2  %empty = call i32 (...)* @_ssdm_op_SpecLoopTripCount(i64 9, i64 9, i64 9) nounwind

ST_5: stg_72 [1/1] 0.00ns
.reset:15  call void (...)* @_ssdm_op_SpecLoopName([4 x i8]* @p_str1) nounwind

ST_5: tmp_3 [1/1] 0.00ns
.reset:16  %tmp_3 = call i32 (...)* @_ssdm_op_SpecRegionBegin([4 x i8]* @p_str1) nounwind

ST_5: stg_74 [1/1] 0.00ns
.reset:17  call void (...)* @_ssdm_op_SpecPipeline(i32 1, i32 1, i32 1, i32 0, [1 x i8]* @p_str2) nounwind

ST_5: tmp_12_cast [1/1] 0.00ns
.reset:30  %tmp_12_cast = sext i5 %tmp_11 to i64

ST_5: res_addr [1/1] 0.00ns
.reset:31  %res_addr = getelementptr [9 x i16]* %res, i64 0, i64 %tmp_12_cast

ST_5: stg_77 [1/1] 2.39ns
.reset:52  store i16 %tmp_8_2, i16* %res_addr, align 2

ST_5: empty_2 [1/1] 0.00ns
.reset:53  %empty_2 = call i32 (...)* @_ssdm_op_SpecRegionEnd([4 x i8]* @p_str1, i32 %tmp_3) nounwind

ST_5: stg_79 [1/1] 0.00ns
.reset:55  br label %1


 <State 6>: 0.00ns
ST_6: stg_80 [1/1] 0.00ns
:0  ret void



============================================================
+ Verbose Summary: Binding
============================================================
N/A
* FSMD analyzer results:
  - Output states:
  - Chain level:
	State 1
	State 2
	State 3
	State 4
	State 5
	State 6


============================================================
+ Verbose Summary: Datapath Resource usage 
============================================================
N/A
