@I [HLS-0] Workspace /home/ctnguyen/work/tut_vivadohls/Vivado_HLS_Tutorial/Introduction/project/solution4 opened at Wed Jun 15 09:20:55 CEST 2016
@I [HLS-100] Command "config_clock -quiet -name default -period 10 -default=false "
@I [SYN-201] Setting up clock 'default' with a period of 10ns.
@I [HLS-100] Command 'config_clock' returned 0; elapsed 0Total elapsed time: 0.608 sec.
@I [HLS-100] Command "open_platform DefaultPlatform "
@I [HLS-100] Command 'open_platform' returned 0; elapsed 0Total elapsed time: 0.610 sec.
@I [HLS-100] Command "import_lib /opt/Xilinx/Vivado_HLS/2015.3/common/technology/xilinx/zynq/zynq "
@I [HLS-100] Command "source /opt/Xilinx/Vivado_HLS/2015.3/common/technology/xilinx/common/xilinx.lib "
@I [HLS-100] Command "source /opt/Xilinx/Vivado_HLS/2015.3/common/technology/xilinx/interface/xilinx_interface.lib "
@I [HLS-100] Command "source /opt/Xilinx/Vivado_HLS/2015.3/common/technology/xilinx/interface/plb46.lib "
@I [HLS-100] Command 'ap_source' returned 0; elapsed 0Total elapsed time: 0.610 sec.
@I [HLS-100] Command "source /opt/Xilinx/Vivado_HLS/2015.3/common/technology/xilinx/interface/fsl.lib "
@I [HLS-100] Command 'ap_source' returned 0; elapsed 0Total elapsed time: 0.611 sec.
@I [HLS-100] Command "source /opt/Xilinx/Vivado_HLS/2015.3/common/technology/xilinx/interface/axi4.lib "
@I [HLS-100] Command 'ap_source' returned 0; elapsed 0Total elapsed time: 0.611 sec.
@I [HLS-100] Command "source /opt/Xilinx/Vivado_HLS/2015.3/common/technology/xilinx/interface/maxi.lib "
@I [HLS-100] Command 'ap_source' returned 0; elapsed 0Total elapsed time: 0.611 sec.
@I [HLS-100] Command "source /opt/Xilinx/Vivado_HLS/2015.3/common/technology/xilinx/interface/saxilite.lib "
@I [HLS-100] Command 'ap_source' returned 0; elapsed 0Total elapsed time: 0.611 sec.
@I [HLS-100] Command 'ap_source' returned 0; elapsed 0Total elapsed time: 0.614 sec.
@I [HLS-100] Command "source /opt/Xilinx/Vivado_HLS/2015.3/common/technology/xilinx/common/dsp48.lib "
@I [HLS-100] Command 'ap_source' returned 0; elapsed 0Total elapsed time: 0.614 sec.
@I [HLS-100] Command "source /opt/Xilinx/Vivado_HLS/2015.3/common/technology/xilinx/ip/dds_compiler.lib "
@I [HLS-100] Command 'ap_source' returned 0; elapsed 0Total elapsed time: 0.615 sec.
@I [HLS-100] Command "source /opt/Xilinx/Vivado_HLS/2015.3/common/technology/xilinx/ip/xfft.lib "
@I [HLS-100] Command 'ap_source' returned 0; elapsed 0Total elapsed time: 0.616 sec.
@I [HLS-100] Command "source /opt/Xilinx/Vivado_HLS/2015.3/common/technology/xilinx/ip/xfir.lib "
@I [HLS-100] Command 'ap_source' returned 0; elapsed 0Total elapsed time: 0.616 sec.
@I [HLS-100] Command 'ap_source' returned 0; elapsed 0.01Total elapsed time: 0.619 sec.
@I [HLS-100] Command "source /opt/Xilinx/Vivado_HLS/2015.3/common/technology/xilinx/common/xilinx_old.lib "
@I [HLS-100] Command 'ap_source' returned 0; elapsed 0Total elapsed time: 0.627 sec.
@I [HLS-100] Command "source /opt/Xilinx/Vivado_HLS/2015.3/common/technology/xilinx/common/xilinx_vivado.lib "
@I [HLS-100] Command 'ap_source' returned 0; elapsed 0Total elapsed time: 0.630 sec.
@I [HLS-100] Command "source /opt/Xilinx/Vivado_HLS/2015.3/common/technology/xilinx/common/xilinx.hlp "
@I [HLS-100] Command "source /opt/Xilinx/Vivado_HLS/2015.3/common/technology/xilinx/common/target_info.tcl "
@I [HLS-100] Command 'ap_source' returned 0; elapsed 0Total elapsed time: 0.633 sec.
@I [HLS-100] Command "source /opt/Xilinx/Vivado_HLS/2015.3/common/technology/xilinx/interface/xilinx_interface.hlp "
@I [HLS-100] Command "source /opt/Xilinx/Vivado_HLS/2015.3/common/technology/xilinx/interface/maxi.hlp "
@I [HLS-100] Command 'ap_source' returned 0; elapsed 0Total elapsed time: 0.634 sec.
@I [HLS-100] Command "source /opt/Xilinx/Vivado_HLS/2015.3/common/technology/xilinx/interface/saxilite.hlp "
@I [HLS-100] Command 'ap_source' returned 0; elapsed 0Total elapsed time: 0.634 sec.
@I [HLS-100] Command 'ap_source' returned 0; elapsed 0Total elapsed time: 0.634 sec.
@I [HLS-100] Command "source /opt/Xilinx/Vivado_HLS/2015.3/common/technology/xilinx/common/dsp48.hlp "
@I [HLS-100] Command 'ap_source' returned 0; elapsed 0Total elapsed time: 0.635 sec.
@I [HLS-100] Command 'ap_source' returned 0; elapsed 0Total elapsed time: 0.635 sec.
@I [HLS-100] Command "source /opt/Xilinx/Vivado_HLS/2015.3/common/technology/xilinx/zynq/dsp48e1.hlp "
@I [HLS-100] Command 'ap_source' returned 0; elapsed 0Total elapsed time: 0.636 sec.
@I [HLS-100] Command "get_default_platform "
@I [HLS-100] Command 'get_default_platform' returned 0; elapsed 0Total elapsed time: 0.636 sec.
@I [HLS-100] Command "config_chip_info -quiet -resource  {SLICE 13300}  {LUT 53200}     {FF 106400} {DSP48E 220}   {BRAM 280}  "
@I [HLS-100] Command 'config_chip_info' returned 0; elapsed 0Total elapsed time: 0.636 sec.
@I [HLS-100] Command "config_chip_info -quiet -speed medium "
@I [HLS-100] Command 'config_chip_info' returned 0; elapsed 0Total elapsed time: 0.636 sec.
@I [HLS-100] Command 'import_lib' returned 0; elapsed 0.01Total elapsed time: 0.638 sec.
@I [HLS-100] Command "source /opt/Xilinx/Vivado_HLS/2015.3/common/technology/xilinx/zynq/zynq.gen "
@I [HLS-100] Command "source /opt/Xilinx/Vivado_HLS/2015.3/common/technology/xilinx/common/virtex.gen "
@I [HLS-100] Command "source /opt/Xilinx/Vivado_HLS/2015.3/common/technology/xilinx/common/xilinx.gen "
@I [HLS-100] Command "source /opt/Xilinx/Vivado_HLS/2015.3/common/technology/xilinx/interface/plb46.gen "
@I [HLS-100] Command 'ap_source' returned 0; elapsed 0Total elapsed time: 0.640 sec.
@I [HLS-100] Command "source /opt/Xilinx/Vivado_HLS/2015.3/common/technology/xilinx/interface/fsl.gen "
@I [HLS-100] Command 'ap_source' returned 0; elapsed 0Total elapsed time: 0.640 sec.
@I [HLS-100] Command "source /opt/Xilinx/Vivado_HLS/2015.3/common/technology/xilinx/interface/axi4.gen "
@I [HLS-100] Command 'ap_source' returned 0; elapsed 0Total elapsed time: 0.643 sec.
@I [HLS-100] Command "source /opt/Xilinx/Vivado_HLS/2015.3/common/technology/xilinx/interface/nativeAXI4.gen "
@I [HLS-100] Command "source /opt/Xilinx/Vivado_HLS/2015.3/common/technology/xilinx/interface/saxilite.gen "
@I [HLS-100] Command 'ap_source' returned 0; elapsed 0Total elapsed time: 0.647 sec.
@I [HLS-100] Command "source /opt/Xilinx/Vivado_HLS/2015.3/common/technology/xilinx/interface/maxi.gen "
@I [HLS-100] Command 'ap_source' returned 0; elapsed 0.01Total elapsed time: 0.656 sec.
@I [HLS-100] Command 'ap_source' returned 0; elapsed 0.01Total elapsed time: 0.656 sec.
@I [HLS-100] Command "source /opt/Xilinx/Vivado_HLS/2015.3/common/technology/xilinx/scripts/xilinxcoregen.gen "
@I [HLS-100] Command 'ap_source' returned 0; elapsed 0.01Total elapsed time: 0.667 sec.
@I [HLS-100] Command "source /opt/Xilinx/Vivado_HLS/2015.3/common/technology/xilinx/interface/XilEDKCoreGen.gen "
@I [HLS-100] Command 'ap_source' returned 0; elapsed 0.01Total elapsed time: 0.677 sec.
@I [HLS-100] Command "source /opt/Xilinx/Vivado_HLS/2015.3/common/technology/xilinx/ip/xfft.gen "
@I [HLS-100] Command 'ap_source' returned 0; elapsed 0.13Total elapsed time: 0.807 sec.
@I [HLS-100] Command "source /opt/Xilinx/Vivado_HLS/2015.3/common/technology/xilinx/ip/xfir.gen "
@I [HLS-100] Command "source /opt/Xilinx/Vivado_HLS/2015.3/tps/tcl/tcllib1.11.1/struct/list.tcl "
@I [HLS-100] Command "source /opt/Xilinx/Vivado_HLS/2015.3/tps/tcl/tcllib1.11.1/cmdline/cmdline.tcl "
@I [HLS-100] Command 'ap_source' returned 0; elapsed 0Total elapsed time: 0.825 sec.
@I [HLS-100] Command 'ap_source' returned 0; elapsed 0Total elapsed time: 0.826 sec.
@I [HLS-100] Command "source /opt/Xilinx/Vivado_HLS/2015.3/tps/tcl/tcllib1.11.1/math/bignum.tcl "
@I [HLS-100] Command 'ap_source' returned 0; elapsed 0Total elapsed time: 0.838 sec.
@I [HLS-100] Command 'ap_source' returned 0; elapsed 0.04Total elapsed time: 0.845 sec.
@I [HLS-100] Command "source /opt/Xilinx/Vivado_HLS/2015.3/common/technology/xilinx/ip/dds_compiler.gen "
@I [HLS-100] Command 'ap_source' returned 0; elapsed 0Total elapsed time: 0.849 sec.
@I [HLS-100] Command "source /opt/Xilinx/Vivado_HLS/2015.3/common/technology/xilinx/ip/util.gen "
@I [HLS-100] Command 'ap_source' returned 0; elapsed 0Total elapsed time: 0.850 sec.
@I [HLS-100] Command 'ap_source' returned 0; elapsed 0.2Total elapsed time: 0.850 sec.
@I [HLS-100] Command "source /opt/Xilinx/Vivado_HLS/2015.3/common/technology/xilinx/common/dsp48.gen "
@I [HLS-100] Command 'ap_source' returned 0; elapsed 0Total elapsed time: 0.851 sec.
@I [HLS-100] Command 'ap_source' returned 0; elapsed 0.21Total elapsed time: 0.852 sec.
@I [HLS-100] Command 'ap_source' returned 0; elapsed 0.21Total elapsed time: 0.852 sec.
@I [HLS-100] Command "open_platform DefaultPlatform "
@I [HLS-100] Command 'open_platform' returned 0; elapsed 0Total elapsed time: 0.852 sec.
@I [HLS-100] Command "import_lib /opt/Xilinx/Vivado_HLS/2015.3/common/technology/xilinx/zynq/zynq_fpv6 "
@I [HLS-100] Command "source /opt/Xilinx/Vivado_HLS/2015.3/common/technology/xilinx/common/xilinx_fpv7.lib "
@I [HLS-100] Command "source /opt/Xilinx/Vivado_HLS/2015.3/common/technology/xilinx/common/xilinx_hp.lib "
@I [HLS-100] Command 'ap_source' returned 0; elapsed 0Total elapsed time: 0.853 sec.
@I [HLS-100] Command 'ap_source' returned 0; elapsed 0.01Total elapsed time: 0.856 sec.
@I [HLS-100] Command "source /opt/Xilinx/Vivado_HLS/2015.3/common/technology/xilinx/common/xilinx_fpv.hlp "
@I [HLS-100] Command "source /opt/Xilinx/Vivado_HLS/2015.3/common/technology/xilinx/common/xilinx.hlp "
@I [HLS-100] Command "source /opt/Xilinx/Vivado_HLS/2015.3/common/technology/xilinx/common/target_info.tcl "
@I [HLS-100] Command 'ap_source' returned 0; elapsed 0Total elapsed time: 0.863 sec.
@I [HLS-100] Command "source /opt/Xilinx/Vivado_HLS/2015.3/common/technology/xilinx/interface/xilinx_interface.hlp "
@I [HLS-100] Command "source /opt/Xilinx/Vivado_HLS/2015.3/common/technology/xilinx/interface/maxi.hlp "
@I [HLS-100] Command 'ap_source' returned 0; elapsed 0Total elapsed time: 0.863 sec.
@I [HLS-100] Command "source /opt/Xilinx/Vivado_HLS/2015.3/common/technology/xilinx/interface/saxilite.hlp "
@I [HLS-100] Command 'ap_source' returned 0; elapsed 0Total elapsed time: 0.863 sec.
@I [HLS-100] Command 'ap_source' returned 0; elapsed 0.01Total elapsed time: 0.864 sec.
@I [HLS-100] Command "source /opt/Xilinx/Vivado_HLS/2015.3/common/technology/xilinx/common/dsp48.hlp "
@I [HLS-100] Command 'ap_source' returned 0; elapsed 0Total elapsed time: 0.865 sec.
@I [HLS-100] Command 'ap_source' returned 0; elapsed 0.01Total elapsed time: 0.865 sec.
@I [HLS-100] Command 'ap_source' returned 0; elapsed 0.01Total elapsed time: 0.865 sec.
@I [HLS-100] Command "source /opt/Xilinx/Vivado_HLS/2015.3/common/technology/xilinx/zynq/zynq_hp.hlp "
@I [HLS-100] Command 'ap_source' returned 0; elapsed 0Total elapsed time: 0.866 sec.
@I [HLS-100] Command 'import_lib' returned 0; elapsed 0.02Total elapsed time: 0.871 sec.
@I [HLS-100] Command "source /opt/Xilinx/Vivado_HLS/2015.3/common/technology/xilinx/zynq/zynq_fpv6.gen "
@I [HLS-100] Command "source /opt/Xilinx/Vivado_HLS/2015.3/common/technology/xilinx/common/xilinx_fpv6.gen "
@I [HLS-100] Command 'ap_source' returned 0; elapsed 0Total elapsed time: 0.873 sec.
@I [HLS-100] Command 'ap_source' returned 0; elapsed 0Total elapsed time: 0.873 sec.
@I [HLS-100] Command "set_part xc7z020clg484-1 "
@I [HLS-100] Command "add_library xilinx/zynq/zynq:xc7z020:clg484:-1 "
@I [HLS-100] Command "get_default_platform "
@I [HLS-100] Command 'get_default_platform' returned 0; elapsed 0Total elapsed time: 0.877 sec.
@I [HLS-100] Command "license_exists VIVADO_HLS "
@I [HLS-100] Command 'license_exists' returned 1; elapsed 0Total elapsed time: 0.890 sec.
@I [HLS-100] Command "license_exists ap_opencl "
@I [HLS-100] Command 'license_exists' returned 1; elapsed 0.01Total elapsed time: 0.900 sec.
@I [HLS-100] Command "license_exists ap_sdsoc "
@I [HLS-100] Command 'license_exists' returned 1; elapsed 0.01Total elapsed time: 0.910 sec.
@I [HLS-100] Command "license_exists AUTOESL_NI "
@I [HLS-100] Command 'license_exists' returned 1; elapsed 0Total elapsed time: 0.920 sec.
@I [HLS-100] Command "license_exists HLS "
@I [HLS-100] Command 'license_exists' returned 0; elapsed 0Total elapsed time: 0.920 sec.
@I [HLS-100] Command "open_platform DefaultPlatform "
@I [HLS-100] Command 'open_platform' returned 0; elapsed 0Total elapsed time: 0.920 sec.
@I [HLS-100] Command "import_lib /opt/Xilinx/Vivado_HLS/2015.3/common/technology/xilinx/zynq/zynq "
@I [HLS-100] Command "source /opt/Xilinx/Vivado_HLS/2015.3/common/technology/xilinx/common/xilinx.lib "
@I [HLS-100] Command "source /opt/Xilinx/Vivado_HLS/2015.3/common/technology/xilinx/interface/xilinx_interface.lib "
@I [HLS-100] Command "source /opt/Xilinx/Vivado_HLS/2015.3/common/technology/xilinx/interface/plb46.lib "
@I [HLS-100] Command 'ap_source' returned 0; elapsed 0Total elapsed time: 0.921 sec.
@I [HLS-100] Command "source /opt/Xilinx/Vivado_HLS/2015.3/common/technology/xilinx/interface/fsl.lib "
@I [HLS-100] Command 'ap_source' returned 0; elapsed 0Total elapsed time: 0.921 sec.
@I [HLS-100] Command "source /opt/Xilinx/Vivado_HLS/2015.3/common/technology/xilinx/interface/axi4.lib "
@I [HLS-100] Command 'ap_source' returned 0; elapsed 0Total elapsed time: 0.921 sec.
@I [HLS-100] Command "source /opt/Xilinx/Vivado_HLS/2015.3/common/technology/xilinx/interface/maxi.lib "
@I [HLS-100] Command 'ap_source' returned 0; elapsed 0Total elapsed time: 0.922 sec.
@I [HLS-100] Command "source /opt/Xilinx/Vivado_HLS/2015.3/common/technology/xilinx/interface/saxilite.lib "
@I [HLS-100] Command 'ap_source' returned 0; elapsed 0Total elapsed time: 0.922 sec.
@I [HLS-100] Command 'ap_source' returned 0; elapsed 0Total elapsed time: 0.922 sec.
@I [HLS-100] Command "source /opt/Xilinx/Vivado_HLS/2015.3/common/technology/xilinx/common/dsp48.lib "
@I [HLS-100] Command 'ap_source' returned 0; elapsed 0Total elapsed time: 0.922 sec.
@I [HLS-100] Command "source /opt/Xilinx/Vivado_HLS/2015.3/common/technology/xilinx/ip/dds_compiler.lib "
@I [HLS-100] Command 'ap_source' returned 0; elapsed 0Total elapsed time: 0.922 sec.
@I [HLS-100] Command "source /opt/Xilinx/Vivado_HLS/2015.3/common/technology/xilinx/ip/xfft.lib "
@I [HLS-100] Command 'ap_source' returned 0; elapsed 0Total elapsed time: 0.923 sec.
@I [HLS-100] Command "source /opt/Xilinx/Vivado_HLS/2015.3/common/technology/xilinx/ip/xfir.lib "
@I [HLS-100] Command 'ap_source' returned 0; elapsed 0Total elapsed time: 0.923 sec.
@I [HLS-100] Command 'ap_source' returned 0; elapsed 0Total elapsed time: 0.925 sec.
@I [HLS-100] Command "source /opt/Xilinx/Vivado_HLS/2015.3/common/technology/xilinx/common/xilinx_old.lib "
@I [HLS-100] Command 'ap_source' returned 0; elapsed 0Total elapsed time: 0.927 sec.
@I [HLS-100] Command "source /opt/Xilinx/Vivado_HLS/2015.3/common/technology/xilinx/common/xilinx_vivado.lib "
@I [HLS-100] Command 'ap_source' returned 0; elapsed 0.01Total elapsed time: 0.928 sec.
@I [HLS-100] Command "source /opt/Xilinx/Vivado_HLS/2015.3/common/technology/xilinx/common/xilinx.hlp "
@I [HLS-100] Command "source /opt/Xilinx/Vivado_HLS/2015.3/common/technology/xilinx/common/target_info.tcl "
@I [HLS-100] Command 'ap_source' returned 0; elapsed 0Total elapsed time: 0.930 sec.
@I [HLS-100] Command "source /opt/Xilinx/Vivado_HLS/2015.3/common/technology/xilinx/interface/xilinx_interface.hlp "
@I [HLS-100] Command "source /opt/Xilinx/Vivado_HLS/2015.3/common/technology/xilinx/interface/maxi.hlp "
@I [HLS-100] Command 'ap_source' returned 0; elapsed 0Total elapsed time: 0.930 sec.
@I [HLS-100] Command "source /opt/Xilinx/Vivado_HLS/2015.3/common/technology/xilinx/interface/saxilite.hlp "
@I [HLS-100] Command 'ap_source' returned 0; elapsed 0Total elapsed time: 0.931 sec.
@I [HLS-100] Command 'ap_source' returned 0; elapsed 0Total elapsed time: 0.931 sec.
@I [HLS-100] Command "source /opt/Xilinx/Vivado_HLS/2015.3/common/technology/xilinx/common/dsp48.hlp "
@I [HLS-100] Command 'ap_source' returned 0; elapsed 0Total elapsed time: 0.932 sec.
@I [HLS-100] Command 'ap_source' returned 0; elapsed 0Total elapsed time: 0.932 sec.
@I [HLS-100] Command "source /opt/Xilinx/Vivado_HLS/2015.3/common/technology/xilinx/zynq/dsp48e1.hlp "
@I [HLS-100] Command 'ap_source' returned 0; elapsed 0Total elapsed time: 0.932 sec.
@I [HLS-100] Command "get_default_platform "
@I [HLS-100] Command 'get_default_platform' returned 0; elapsed 0Total elapsed time: 0.933 sec.
@I [HLS-100] Command "config_chip_info -quiet -resource  {SLICE 13300}  {LUT 53200}     {FF 106400} {DSP48E 220}   {BRAM 280}  "
@I [HLS-100] Command 'config_chip_info' returned 0; elapsed 0Total elapsed time: 0.933 sec.
@I [HLS-100] Command "config_chip_info -quiet -speed medium "
@I [HLS-100] Command 'config_chip_info' returned 0; elapsed 0Total elapsed time: 0.933 sec.
@I [HLS-100] Command 'import_lib' returned 0; elapsed 0.01Total elapsed time: 0.935 sec.
@I [HLS-100] Command "source /opt/Xilinx/Vivado_HLS/2015.3/common/technology/xilinx/zynq/zynq.gen "
@I [HLS-100] Command "source /opt/Xilinx/Vivado_HLS/2015.3/common/technology/xilinx/common/virtex.gen "
@I [HLS-100] Command "source /opt/Xilinx/Vivado_HLS/2015.3/common/technology/xilinx/common/xilinx.gen "
@I [HLS-100] Command "source /opt/Xilinx/Vivado_HLS/2015.3/common/technology/xilinx/interface/plb46.gen "
@I [HLS-100] Command 'ap_source' returned 0; elapsed 0Total elapsed time: 0.936 sec.
@I [HLS-100] Command "source /opt/Xilinx/Vivado_HLS/2015.3/common/technology/xilinx/interface/fsl.gen "
@I [HLS-100] Command 'ap_source' returned 0; elapsed 0.01Total elapsed time: 0.937 sec.
@I [HLS-100] Command "source /opt/Xilinx/Vivado_HLS/2015.3/common/technology/xilinx/interface/axi4.gen "
@I [HLS-100] Command 'ap_source' returned 0; elapsed 0Total elapsed time: 0.940 sec.
@I [HLS-100] Command "source /opt/Xilinx/Vivado_HLS/2015.3/common/technology/xilinx/interface/nativeAXI4.gen "
@I [HLS-100] Command "source /opt/Xilinx/Vivado_HLS/2015.3/common/technology/xilinx/interface/saxilite.gen "
@I [HLS-100] Command 'ap_source' returned 0; elapsed 0Total elapsed time: 0.944 sec.
@I [HLS-100] Command "source /opt/Xilinx/Vivado_HLS/2015.3/common/technology/xilinx/interface/maxi.gen "
@I [HLS-100] Command 'ap_source' returned 0; elapsed 0.01Total elapsed time: 0.955 sec.
@I [HLS-100] Command 'ap_source' returned 0; elapsed 0.01Total elapsed time: 0.955 sec.
@I [HLS-100] Command "source /opt/Xilinx/Vivado_HLS/2015.3/common/technology/xilinx/scripts/xilinxcoregen.gen "
@I [HLS-100] Command 'ap_source' returned 0; elapsed 0.01Total elapsed time: 0.972 sec.
@I [HLS-100] Command "source /opt/Xilinx/Vivado_HLS/2015.3/common/technology/xilinx/interface/XilEDKCoreGen.gen "
@I [HLS-100] Command 'ap_source' returned 0; elapsed 0.01Total elapsed time: 0.981 sec.
@I [HLS-100] Command "source /opt/Xilinx/Vivado_HLS/2015.3/common/technology/xilinx/ip/xfft.gen "
@I [HLS-100] Command 'ap_source' returned 0; elapsed 0.11Total elapsed time: 1.99 sec.
@I [HLS-100] Command "source /opt/Xilinx/Vivado_HLS/2015.3/common/technology/xilinx/ip/xfir.gen "
@I [HLS-100] Command 'ap_source' returned 0; elapsed 0.04Total elapsed time: 1.136 sec.
@I [HLS-100] Command "source /opt/Xilinx/Vivado_HLS/2015.3/common/technology/xilinx/ip/dds_compiler.gen "
@I [HLS-100] Command 'ap_source' returned 0; elapsed 0Total elapsed time: 1.139 sec.
@I [HLS-100] Command "source /opt/Xilinx/Vivado_HLS/2015.3/common/technology/xilinx/ip/util.gen "
@I [HLS-100] Command 'ap_source' returned 0; elapsed 0Total elapsed time: 1.140 sec.
@I [HLS-100] Command 'ap_source' returned 0; elapsed 0.19Total elapsed time: 1.140 sec.
@I [HLS-100] Command "source /opt/Xilinx/Vivado_HLS/2015.3/common/technology/xilinx/common/dsp48.gen "
@I [HLS-100] Command 'ap_source' returned 0; elapsed 0Total elapsed time: 1.141 sec.
@I [HLS-100] Command 'ap_source' returned 0; elapsed 0.2Total elapsed time: 1.141 sec.
@I [HLS-100] Command 'ap_source' returned 0; elapsed 0.2Total elapsed time: 1.141 sec.
@I [HLS-100] Command "get_default_platform "
@I [HLS-100] Command 'get_default_platform' returned 0; elapsed 0Total elapsed time: 1.142 sec.
@I [HLS-100] Command "config_chip_info -quiet -resource  {SLICE 13300}  {LUT 53200}     {FF 106400} {DSP48E 220}   {BRAM 280}  "
@I [HLS-100] Command 'config_chip_info' returned 0; elapsed 0Total elapsed time: 1.142 sec.
@I [HLS-100] Command "config_chip_info -quiet -speed slow "
@I [HLS-100] Command 'config_chip_info' returned 0; elapsed 0Total elapsed time: 1.142 sec.
@I [HLS-100] Command 'add_library' returned 0; elapsed 0.23Total elapsed time: 1.145 sec.
@I [HLS-100] Command "add_library xilinx/zynq/zynq_fpv6 "
@I [HLS-100] Command "get_default_platform "
@I [HLS-100] Command 'get_default_platform' returned 0; elapsed 0Total elapsed time: 1.145 sec.
@I [HLS-100] Command "license_exists VIVADO_HLS "
@I [HLS-100] Command 'license_exists' returned 1; elapsed 0Total elapsed time: 1.157 sec.
@I [HLS-100] Command "license_exists ap_opencl "
@I [HLS-100] Command 'license_exists' returned 1; elapsed 0.01Total elapsed time: 1.168 sec.
@I [HLS-100] Command "license_exists ap_sdsoc "
@I [HLS-100] Command 'license_exists' returned 1; elapsed 0.01Total elapsed time: 1.178 sec.
@I [HLS-100] Command "license_exists AUTOESL_NI "
@I [HLS-100] Command 'license_exists' returned 1; elapsed 0Total elapsed time: 1.189 sec.
@I [HLS-100] Command "license_exists HLS "
@I [HLS-100] Command 'license_exists' returned 0; elapsed 0Total elapsed time: 1.189 sec.
@I [HLS-100] Command "open_platform DefaultPlatform "
@I [HLS-100] Command 'open_platform' returned 0; elapsed 0Total elapsed time: 1.189 sec.
@I [HLS-100] Command "import_lib /opt/Xilinx/Vivado_HLS/2015.3/common/technology/xilinx/zynq/zynq_fpv6 "
@I [HLS-100] Command "source /opt/Xilinx/Vivado_HLS/2015.3/common/technology/xilinx/common/xilinx_fpv7.lib "
@I [HLS-100] Command "source /opt/Xilinx/Vivado_HLS/2015.3/common/technology/xilinx/common/xilinx_hp.lib "
@I [HLS-100] Command 'ap_source' returned 0; elapsed 0Total elapsed time: 1.191 sec.
@I [HLS-100] Command 'ap_source' returned 0; elapsed 0Total elapsed time: 1.193 sec.
@I [HLS-100] Command "source /opt/Xilinx/Vivado_HLS/2015.3/common/technology/xilinx/common/xilinx_fpv.hlp "
@I [HLS-100] Command "source /opt/Xilinx/Vivado_HLS/2015.3/common/technology/xilinx/common/xilinx.hlp "
@I [HLS-100] Command "source /opt/Xilinx/Vivado_HLS/2015.3/common/technology/xilinx/common/target_info.tcl "
@I [HLS-100] Command 'ap_source' returned 0; elapsed 0Total elapsed time: 1.200 sec.
@I [HLS-100] Command "source /opt/Xilinx/Vivado_HLS/2015.3/common/technology/xilinx/interface/xilinx_interface.hlp "
@I [HLS-100] Command "source /opt/Xilinx/Vivado_HLS/2015.3/common/technology/xilinx/interface/maxi.hlp "
@I [HLS-100] Command 'ap_source' returned 0; elapsed 0Total elapsed time: 1.201 sec.
@I [HLS-100] Command "source /opt/Xilinx/Vivado_HLS/2015.3/common/technology/xilinx/interface/saxilite.hlp "
@I [HLS-100] Command 'ap_source' returned 0; elapsed 0Total elapsed time: 1.201 sec.
@I [HLS-100] Command 'ap_source' returned 0; elapsed 0Total elapsed time: 1.201 sec.
@I [HLS-100] Command "source /opt/Xilinx/Vivado_HLS/2015.3/common/technology/xilinx/common/dsp48.hlp "
@I [HLS-100] Command 'ap_source' returned 0; elapsed 0Total elapsed time: 1.202 sec.
@I [HLS-100] Command 'ap_source' returned 0; elapsed 0Total elapsed time: 1.202 sec.
@I [HLS-100] Command 'ap_source' returned 0; elapsed 0Total elapsed time: 1.203 sec.
@I [HLS-100] Command "source /opt/Xilinx/Vivado_HLS/2015.3/common/technology/xilinx/zynq/zynq_hp.hlp "
@I [HLS-100] Command 'ap_source' returned 0; elapsed 0Total elapsed time: 1.204 sec.
@I [HLS-100] Command 'import_lib' returned 0; elapsed 0.02Total elapsed time: 1.209 sec.
@I [HLS-100] Command "source /opt/Xilinx/Vivado_HLS/2015.3/common/technology/xilinx/zynq/zynq_fpv6.gen "
@I [HLS-100] Command "source /opt/Xilinx/Vivado_HLS/2015.3/common/technology/xilinx/common/xilinx_fpv6.gen "
@I [HLS-100] Command 'ap_source' returned 0; elapsed 0Total elapsed time: 1.211 sec.
@I [HLS-100] Command 'ap_source' returned 0; elapsed 0Total elapsed time: 1.211 sec.
@I [HLS-100] Command 'add_library' returned 0; elapsed 0.04Total elapsed time: 1.212 sec.
@I [HLS-10] Setting target device to 'xc7z020clg484-1'
@I [HLS-100] Command 'set_part' returned 0; elapsed 0.28Total elapsed time: 1.213 sec.
@I [HLS-100] Command "get_default_platform "
@I [HLS-100] Command 'get_default_platform' returned 0; elapsed 0Total elapsed time: 1.213 sec.
@I [HLS-100] Command "config_chip_info -quiet -resource  {SLICE 13300}  {LUT 53200}     {FF 106400} {DSP48E 220}   {BRAM 280}  "
@I [HLS-100] Command 'config_chip_info' returned 0; elapsed 0Total elapsed time: 1.213 sec.
@I [HLS-100] Command "config_chip_info -quiet -speed slow "
@I [HLS-100] Command 'config_chip_info' returned 0; elapsed 0Total elapsed time: 1.213 sec.
@I [HLS-100] Command 'open_solution' returned 0; elapsed 0.54Total elapsed time: 1.214 sec.
@I [HLS-100] Command "set_part xc7z020clg484-1 "
@I [HLS-100] Command "add_library xilinx/zynq/zynq:xc7z020:clg484:-1 "
@I [HLS-100] Command "get_default_platform "
@I [HLS-100] Command 'get_default_platform' returned 0; elapsed 0Total elapsed time: 1.216 sec.
@I [HLS-100] Command "license_exists VIVADO_HLS "
@I [HLS-100] Command 'license_exists' returned 1; elapsed 0.01Total elapsed time: 1.229 sec.
@I [HLS-100] Command "license_exists ap_opencl "
@I [HLS-100] Command 'license_exists' returned 1; elapsed 0.01Total elapsed time: 1.240 sec.
@I [HLS-100] Command "license_exists ap_sdsoc "
@I [HLS-100] Command 'license_exists' returned 1; elapsed 0.01Total elapsed time: 1.250 sec.
@I [HLS-100] Command "license_exists AUTOESL_NI "
@I [HLS-100] Command 'license_exists' returned 1; elapsed 0Total elapsed time: 1.260 sec.
@I [HLS-100] Command "license_exists HLS "
@I [HLS-100] Command 'license_exists' returned 0; elapsed 0Total elapsed time: 1.260 sec.
@I [HLS-100] Command "open_platform DefaultPlatform "
@I [HLS-100] Command 'open_platform' returned 0; elapsed 0Total elapsed time: 1.260 sec.
@I [HLS-100] Command "import_lib /opt/Xilinx/Vivado_HLS/2015.3/common/technology/xilinx/zynq/zynq "
@I [HLS-100] Command "source /opt/Xilinx/Vivado_HLS/2015.3/common/technology/xilinx/common/xilinx.lib "
@I [HLS-100] Command "source /opt/Xilinx/Vivado_HLS/2015.3/common/technology/xilinx/interface/xilinx_interface.lib "
@I [HLS-100] Command "source /opt/Xilinx/Vivado_HLS/2015.3/common/technology/xilinx/interface/plb46.lib "
@I [HLS-100] Command 'ap_source' returned 0; elapsed 0Total elapsed time: 1.261 sec.
@I [HLS-100] Command "source /opt/Xilinx/Vivado_HLS/2015.3/common/technology/xilinx/interface/fsl.lib "
@I [HLS-100] Command 'ap_source' returned 0; elapsed 0Total elapsed time: 1.261 sec.
@I [HLS-100] Command "source /opt/Xilinx/Vivado_HLS/2015.3/common/technology/xilinx/interface/axi4.lib "
@I [HLS-100] Command 'ap_source' returned 0; elapsed 0Total elapsed time: 1.261 sec.
@I [HLS-100] Command "source /opt/Xilinx/Vivado_HLS/2015.3/common/technology/xilinx/interface/maxi.lib "
@I [HLS-100] Command 'ap_source' returned 0; elapsed 0Total elapsed time: 1.262 sec.
@I [HLS-100] Command "source /opt/Xilinx/Vivado_HLS/2015.3/common/technology/xilinx/interface/saxilite.lib "
@I [HLS-100] Command 'ap_source' returned 0; elapsed 0Total elapsed time: 1.262 sec.
@I [HLS-100] Command 'ap_source' returned 0; elapsed 0Total elapsed time: 1.262 sec.
@I [HLS-100] Command "source /opt/Xilinx/Vivado_HLS/2015.3/common/technology/xilinx/common/dsp48.lib "
@I [HLS-100] Command 'ap_source' returned 0; elapsed 0Total elapsed time: 1.262 sec.
@I [HLS-100] Command "source /opt/Xilinx/Vivado_HLS/2015.3/common/technology/xilinx/ip/dds_compiler.lib "
@I [HLS-100] Command 'ap_source' returned 0; elapsed 0Total elapsed time: 1.262 sec.
@I [HLS-100] Command "source /opt/Xilinx/Vivado_HLS/2015.3/common/technology/xilinx/ip/xfft.lib "
@I [HLS-100] Command 'ap_source' returned 0; elapsed 0Total elapsed time: 1.263 sec.
@I [HLS-100] Command "source /opt/Xilinx/Vivado_HLS/2015.3/common/technology/xilinx/ip/xfir.lib "
@I [HLS-100] Command 'ap_source' returned 0; elapsed 0Total elapsed time: 1.263 sec.
@I [HLS-100] Command 'ap_source' returned 0; elapsed 0Total elapsed time: 1.265 sec.
@I [HLS-100] Command "source /opt/Xilinx/Vivado_HLS/2015.3/common/technology/xilinx/common/xilinx_old.lib "
@I [HLS-100] Command 'ap_source' returned 0; elapsed 0Total elapsed time: 1.267 sec.
@I [HLS-100] Command "source /opt/Xilinx/Vivado_HLS/2015.3/common/technology/xilinx/common/xilinx_vivado.lib "
@I [HLS-100] Command 'ap_source' returned 0; elapsed 0Total elapsed time: 1.268 sec.
@I [HLS-100] Command "source /opt/Xilinx/Vivado_HLS/2015.3/common/technology/xilinx/common/xilinx.hlp "
@I [HLS-100] Command "source /opt/Xilinx/Vivado_HLS/2015.3/common/technology/xilinx/common/target_info.tcl "
@I [HLS-100] Command 'ap_source' returned 0; elapsed 0Total elapsed time: 1.270 sec.
@I [HLS-100] Command "source /opt/Xilinx/Vivado_HLS/2015.3/common/technology/xilinx/interface/xilinx_interface.hlp "
@I [HLS-100] Command "source /opt/Xilinx/Vivado_HLS/2015.3/common/technology/xilinx/interface/maxi.hlp "
@I [HLS-100] Command 'ap_source' returned 0; elapsed 0Total elapsed time: 1.271 sec.
@I [HLS-100] Command "source /opt/Xilinx/Vivado_HLS/2015.3/common/technology/xilinx/interface/saxilite.hlp "
@I [HLS-100] Command 'ap_source' returned 0; elapsed 0Total elapsed time: 1.271 sec.
@I [HLS-100] Command 'ap_source' returned 0; elapsed 0Total elapsed time: 1.271 sec.
@I [HLS-100] Command "source /opt/Xilinx/Vivado_HLS/2015.3/common/technology/xilinx/common/dsp48.hlp "
@I [HLS-100] Command 'ap_source' returned 0; elapsed 0Total elapsed time: 1.272 sec.
@I [HLS-100] Command 'ap_source' returned 0; elapsed 0Total elapsed time: 1.272 sec.
@I [HLS-100] Command "source /opt/Xilinx/Vivado_HLS/2015.3/common/technology/xilinx/zynq/dsp48e1.hlp "
@I [HLS-100] Command 'ap_source' returned 0; elapsed 0Total elapsed time: 1.273 sec.
@I [HLS-100] Command "get_default_platform "
@I [HLS-100] Command 'get_default_platform' returned 0; elapsed 0Total elapsed time: 1.273 sec.
@I [HLS-100] Command "config_chip_info -quiet -resource  {SLICE 13300}  {LUT 53200}     {FF 106400} {DSP48E 220}   {BRAM 280}  "
@I [HLS-100] Command 'config_chip_info' returned 0; elapsed 0Total elapsed time: 1.273 sec.
@I [HLS-100] Command "config_chip_info -quiet -speed medium "
@I [HLS-100] Command 'config_chip_info' returned 0; elapsed 0Total elapsed time: 1.273 sec.
@I [HLS-100] Command 'import_lib' returned 0; elapsed 0.01Total elapsed time: 1.275 sec.
@I [HLS-100] Command "source /opt/Xilinx/Vivado_HLS/2015.3/common/technology/xilinx/zynq/zynq.gen "
@I [HLS-100] Command "source /opt/Xilinx/Vivado_HLS/2015.3/common/technology/xilinx/common/virtex.gen "
@I [HLS-100] Command "source /opt/Xilinx/Vivado_HLS/2015.3/common/technology/xilinx/common/xilinx.gen "
@I [HLS-100] Command "source /opt/Xilinx/Vivado_HLS/2015.3/common/technology/xilinx/interface/plb46.gen "
@I [HLS-100] Command 'ap_source' returned 0; elapsed 0Total elapsed time: 1.276 sec.
@I [HLS-100] Command "source /opt/Xilinx/Vivado_HLS/2015.3/common/technology/xilinx/interface/fsl.gen "
@I [HLS-100] Command 'ap_source' returned 0; elapsed 0Total elapsed time: 1.277 sec.
@I [HLS-100] Command "source /opt/Xilinx/Vivado_HLS/2015.3/common/technology/xilinx/interface/axi4.gen "
@I [HLS-100] Command 'ap_source' returned 0; elapsed 0.01Total elapsed time: 1.279 sec.
@I [HLS-100] Command "source /opt/Xilinx/Vivado_HLS/2015.3/common/technology/xilinx/interface/nativeAXI4.gen "
@I [HLS-100] Command "source /opt/Xilinx/Vivado_HLS/2015.3/common/technology/xilinx/interface/saxilite.gen "
@I [HLS-100] Command 'ap_source' returned 0; elapsed 0Total elapsed time: 1.283 sec.
@I [HLS-100] Command "source /opt/Xilinx/Vivado_HLS/2015.3/common/technology/xilinx/interface/maxi.gen "
@I [HLS-100] Command 'ap_source' returned 0; elapsed 0.01Total elapsed time: 1.291 sec.
@I [HLS-100] Command 'ap_source' returned 0; elapsed 0.01Total elapsed time: 1.291 sec.
@I [HLS-100] Command "source /opt/Xilinx/Vivado_HLS/2015.3/common/technology/xilinx/scripts/xilinxcoregen.gen "
@I [HLS-100] Command 'ap_source' returned 0; elapsed 0.01Total elapsed time: 1.301 sec.
@I [HLS-100] Command "source /opt/Xilinx/Vivado_HLS/2015.3/common/technology/xilinx/interface/XilEDKCoreGen.gen "
@I [HLS-100] Command 'ap_source' returned 0; elapsed 0.01Total elapsed time: 1.310 sec.
@I [HLS-100] Command "source /opt/Xilinx/Vivado_HLS/2015.3/common/technology/xilinx/ip/xfft.gen "
@I [HLS-100] Command 'ap_source' returned 0; elapsed 0.11Total elapsed time: 1.430 sec.
@I [HLS-100] Command "source /opt/Xilinx/Vivado_HLS/2015.3/common/technology/xilinx/ip/xfir.gen "
@I [HLS-100] Command 'ap_source' returned 0; elapsed 0.04Total elapsed time: 1.493 sec.
@I [HLS-100] Command "source /opt/Xilinx/Vivado_HLS/2015.3/common/technology/xilinx/ip/dds_compiler.gen "
@I [HLS-100] Command 'ap_source' returned 0; elapsed 0.01Total elapsed time: 1.497 sec.
@I [HLS-100] Command "source /opt/Xilinx/Vivado_HLS/2015.3/common/technology/xilinx/ip/util.gen "
@I [HLS-100] Command 'ap_source' returned 0; elapsed 0Total elapsed time: 1.497 sec.
@I [HLS-100] Command 'ap_source' returned 0; elapsed 0.2Total elapsed time: 1.497 sec.
@I [HLS-100] Command "source /opt/Xilinx/Vivado_HLS/2015.3/common/technology/xilinx/common/dsp48.gen "
@I [HLS-100] Command 'ap_source' returned 0; elapsed 0Total elapsed time: 1.499 sec.
@I [HLS-100] Command 'ap_source' returned 0; elapsed 0.2Total elapsed time: 1.499 sec.
@I [HLS-100] Command 'ap_source' returned 0; elapsed 0.2Total elapsed time: 1.499 sec.
@I [HLS-100] Command "get_default_platform "
@I [HLS-100] Command 'get_default_platform' returned 0; elapsed 0Total elapsed time: 1.499 sec.
@I [HLS-100] Command "config_chip_info -quiet -resource  {SLICE 13300}  {LUT 53200}     {FF 106400} {DSP48E 220}   {BRAM 280}  "
@I [HLS-100] Command 'config_chip_info' returned 0; elapsed 0Total elapsed time: 1.500 sec.
@I [HLS-100] Command "config_chip_info -quiet -speed slow "
@I [HLS-100] Command 'config_chip_info' returned 0; elapsed 0Total elapsed time: 1.500 sec.
@I [HLS-100] Command 'add_library' returned 0; elapsed 0.24Total elapsed time: 1.501 sec.
@I [HLS-100] Command "add_library xilinx/zynq/zynq_fpv6 "
@I [HLS-100] Command "get_default_platform "
@I [HLS-100] Command 'get_default_platform' returned 0; elapsed 0Total elapsed time: 1.501 sec.
@I [HLS-100] Command "license_exists VIVADO_HLS "
@I [HLS-100] Command 'license_exists' returned 1; elapsed 0.01Total elapsed time: 1.512 sec.
@I [HLS-100] Command "license_exists ap_opencl "
@I [HLS-100] Command 'license_exists' returned 1; elapsed 0Total elapsed time: 1.522 sec.
@I [HLS-100] Command "license_exists ap_sdsoc "
@I [HLS-100] Command 'license_exists' returned 1; elapsed 0Total elapsed time: 1.532 sec.
@I [HLS-100] Command "license_exists AUTOESL_NI "
@I [HLS-100] Command 'license_exists' returned 1; elapsed 0.01Total elapsed time: 1.543 sec.
@I [HLS-100] Command "license_exists HLS "
@I [HLS-100] Command 'license_exists' returned 0; elapsed 0Total elapsed time: 1.543 sec.
@I [HLS-100] Command "open_platform DefaultPlatform "
@I [HLS-100] Command 'open_platform' returned 0; elapsed 0Total elapsed time: 1.543 sec.
@I [HLS-100] Command "import_lib /opt/Xilinx/Vivado_HLS/2015.3/common/technology/xilinx/zynq/zynq_fpv6 "
@I [HLS-100] Command "source /opt/Xilinx/Vivado_HLS/2015.3/common/technology/xilinx/common/xilinx_fpv7.lib "
@I [HLS-100] Command "source /opt/Xilinx/Vivado_HLS/2015.3/common/technology/xilinx/common/xilinx_hp.lib "
@I [HLS-100] Command 'ap_source' returned 0; elapsed 0Total elapsed time: 1.544 sec.
@I [HLS-100] Command 'ap_source' returned 0; elapsed 0Total elapsed time: 1.548 sec.
@I [HLS-100] Command "source /opt/Xilinx/Vivado_HLS/2015.3/common/technology/xilinx/common/xilinx_fpv.hlp "
@I [HLS-100] Command "source /opt/Xilinx/Vivado_HLS/2015.3/common/technology/xilinx/common/xilinx.hlp "
@I [HLS-100] Command "source /opt/Xilinx/Vivado_HLS/2015.3/common/technology/xilinx/common/target_info.tcl "
@I [HLS-100] Command 'ap_source' returned 0; elapsed 0Total elapsed time: 1.555 sec.
@I [HLS-100] Command "source /opt/Xilinx/Vivado_HLS/2015.3/common/technology/xilinx/interface/xilinx_interface.hlp "
@I [HLS-100] Command "source /opt/Xilinx/Vivado_HLS/2015.3/common/technology/xilinx/interface/maxi.hlp "
@I [HLS-100] Command 'ap_source' returned 0; elapsed 0Total elapsed time: 1.556 sec.
@I [HLS-100] Command "source /opt/Xilinx/Vivado_HLS/2015.3/common/technology/xilinx/interface/saxilite.hlp "
@I [HLS-100] Command 'ap_source' returned 0; elapsed 0Total elapsed time: 1.556 sec.
@I [HLS-100] Command 'ap_source' returned 0; elapsed 0Total elapsed time: 1.556 sec.
@I [HLS-100] Command "source /opt/Xilinx/Vivado_HLS/2015.3/common/technology/xilinx/common/dsp48.hlp "
@I [HLS-100] Command 'ap_source' returned 0; elapsed 0Total elapsed time: 1.557 sec.
@I [HLS-100] Command 'ap_source' returned 0; elapsed 0Total elapsed time: 1.557 sec.
@I [HLS-100] Command 'ap_source' returned 0; elapsed 0Total elapsed time: 1.558 sec.
@I [HLS-100] Command "source /opt/Xilinx/Vivado_HLS/2015.3/common/technology/xilinx/zynq/zynq_hp.hlp "
@I [HLS-100] Command 'ap_source' returned 0; elapsed 0Total elapsed time: 1.559 sec.
@I [HLS-100] Command 'import_lib' returned 0; elapsed 0.02Total elapsed time: 1.564 sec.
@I [HLS-100] Command "source /opt/Xilinx/Vivado_HLS/2015.3/common/technology/xilinx/zynq/zynq_fpv6.gen "
@I [HLS-100] Command "source /opt/Xilinx/Vivado_HLS/2015.3/common/technology/xilinx/common/xilinx_fpv6.gen "
@I [HLS-100] Command 'ap_source' returned 0; elapsed 0Total elapsed time: 1.566 sec.
@I [HLS-100] Command 'ap_source' returned 0; elapsed 0Total elapsed time: 1.566 sec.
@I [HLS-100] Command 'add_library' returned 0; elapsed 0.04Total elapsed time: 1.567 sec.
@I [HLS-100] Command 'set_part' returned 0; elapsed 0.28Total elapsed time: 1.567 sec.
@I [HLS-100] Command "create_clock -period 10 -name default "
@I [HLS-100] Command 'create_clock' returned 0; elapsed 0Total elapsed time: 1.571 sec.
@I [HLS-100] Command "csynth_design "
@I [HLS-100] Command "elaborate -effort=medium -skip_syncheck=0 -keep_printf=0 -lm=0 -skip_cdt=0 -skip_transform=0 -ng=0 -g=0 -opt_fp=0 "
@I [HLS-10] Analyzing design file 'lab1/fir.c' ... 
@0 [HLS-0] Analyzing design file 'lab1/fir.c' ... 
@I [HLS-0] Compiling one TU...
@I [HLS-0] 
Checking before pre-process: exec clang -fno-limit-debug-info -gcc-toolchain "/opt/Xilinx/Vivado_HLS/2015.3/lnx64/tools/gcc" -hls    -fno-math-errno -c -emit-llvm -O0  -mllvm -disable-llvm-optzns -std=gnu89   -DAESL_SYN -D__SYNTHESIS__ -D__HLS_SYN__ -I "/opt/Xilinx/Vivado_HLS/2015.3/common/technology/autopilot" -I "/opt/Xilinx/Vivado_HLS/2015.3/common/technology/autopilot/ap_sysc" -include etc/autopilot_ssdm_op.h  "lab1/fir.c"  -o "/home/ctnguyen/work/tut_vivadohls/Vivado_HLS_Tutorial/Introduction/project/solution4/.autopilot/db/fir.pp.00.o"

@I [HLS-100] Command "is_encrypted /home/ctnguyen/work/tut_vivadohls/Vivado_HLS_Tutorial/Introduction/project/solution4/.autopilot/db/fir.pp.00.o "
@I [HLS-100] Command 'is_encrypted' returned 0; elapsed 0Total elapsed time: 1.643 sec.
@I [HLS-0] Syntax Checker time: 0 seconds per iteration
@I [HLS-0] 
Source preprocessing: exec clang -fno-limit-debug-info -gcc-toolchain "/opt/Xilinx/Vivado_HLS/2015.3/lnx64/tools/gcc" -hls -fno-exceptions  -D__llvm__  -CC -E "lab1/fir.c"     -fno-math-errno -c -emit-llvm -O0  -mllvm -disable-llvm-optzns -std=gnu89   -DAESL_SYN -D__SYNTHESIS__ -D__HLS_SYN__ -I "/opt/Xilinx/Vivado_HLS/2015.3/common/technology/autopilot" -I "/opt/Xilinx/Vivado_HLS/2015.3/common/technology/autopilot/ap_sysc" -include etc/autopilot_ssdm_op.h  -o "/home/ctnguyen/work/tut_vivadohls/Vivado_HLS_Tutorial/Introduction/project/solution4/.autopilot/db/fir.pp.0.c"

@I [HLS-0] GCC PP time: 0 seconds per iteration
@I [HLS-100] Command "list_core -type functional_unit "
@I [HLS-100] Command 'list_core' returned 0; elapsed 0Total elapsed time: 1.713 sec.
@I [HLS-0] Marker-Pragma convertor: /home/ctnguyen/work/tut_vivadohls/Vivado_HLS_Tutorial/Introduction/project/solution4/.autopilot/db/fir.pp.0.c /home/ctnguyen/work/tut_vivadohls/Vivado_HLS_Tutorial/Introduction/project/solution4/.autopilot/db/fir.pp.0.c.ap-line.c /home/ctnguyen/work/tut_vivadohls/Vivado_HLS_Tutorial/Introduction/project/solution4/.autopilot/db/fir.pp.0.c.ap-line.c.CXX 1
@I [HLS-0] 
Source processor: exec /opt/Xilinx/Vivado_HLS/2015.3/tps/lnx64/jre/bin/java -Xmx512m -classpath   "/opt/Xilinx/Vivado_HLS/2015.3/lib/classes/autopilot.sourceprocessor.jar:/opt/Xilinx/Vivado_HLS/2015.3/lib/classes/org.eclipse.cdt.core_5.3.0.xilinx_patch.jar:/opt/Xilinx/Vivado_HLS/2015.3/lib/classes/org.eclipse.core.runtime_3.7.0.v20110110.jar:/opt/Xilinx/Vivado_HLS/2015.3/lib/classes/org.eclipse.equinox.common_3.6.0.v20110523.jar:/opt/Xilinx/Vivado_HLS/2015.3/lib/classes/com.ibm.icu_4.4.2.v20110208.jar:/opt/Xilinx/Vivado_HLS/2015.3/lib/classes/jargs.jar:/opt/Xilinx/Vivado_HLS/2015.3/lnx64/tools/eclipse/plugins/org.eclipse.emf.common_2.10.1.v20150123-0348.jar:/opt/Xilinx/Vivado_HLS/2015.3/lnx64/tools/eclipse/plugins/org.eclipse.emf.ecore_2.10.2.v20150123-0348.jar:/opt/Xilinx/Vivado_HLS/2015.3/lnx64/tools/eclipse/plugins/org.eclipse.emf.ecore.xmi_2.10.2.v20150123-0348.jar:/opt/Xilinx/Vivado_HLS/2015.3/lnx64/tools/eclipse/plugins/com.autoesl.autopilot.ui.directiveFileModel_1.0.0.jar:/opt/Xilinx/Vivado_HLS/2015.3/lnx64/tools/eclipse/plugins/com.autoesl.autopilot.ui.common_1.0.0.jar"  autopilot.sourceprocessor.CParser  "/home/ctnguyen/work/tut_vivadohls/Vivado_HLS_Tutorial/Introduction/project/solution4/.autopilot/db/fir.pp.0.c.ap-line.c"  -m "fir" -o "/home/ctnguyen/work/tut_vivadohls/Vivado_HLS_Tutorial/Introduction/project/solution4/.autopilot/db/fir.pp.0.c.ap-cdt.c" -c --pp --directive /home/ctnguyen/work/tut_vivadohls/Vivado_HLS_Tutorial/Introduction/project/solution4/solution4.directive --source /home/ctnguyen/work/tut_vivadohls/Vivado_HLS_Tutorial/Introduction/lab1/fir.c --error /home/ctnguyen/work/tut_vivadohls/Vivado_HLS_Tutorial/Introduction/project/solution4/.autopilot/db --funcunit "AddSub AddSub_DSP AddSubnS DAddSub_fulldsp DAddSub_nodsp DDiv DExp_fulldsp DExp_meddsp DExp_nodsp DLog_fulldsp DLog_meddsp DLog_nodsp DMul_fulldsp DMul_maxdsp DMul_meddsp DMul_nodsp DRSqrt DRecip DSqrt DivnS FAddSub_fulldsp FAddSub_nodsp FDiv FExp_fulldsp FExp_meddsp FExp_nodsp FLog_fulldsp FLog_meddsp FLog_nodsp FMul_fulldsp FMul_maxdsp FMul_meddsp FMul_nodsp FRSqrt_fulldsp FRSqrt_nodsp FRecip_fulldsp FRecip_nodsp FSqrt HAddSub_nodsp HDiv HMul_fulldsp HMul_maxdsp HMul_nodsp HSqrt Mul Mul2S Mul3S Mul4S Mul5S Mul6S Mul_LUT MulnS MuxnS" --ca --gf --df --pd --p2d /home/ctnguyen/work/tut_vivadohls/Vivado_HLS_Tutorial/Introduction/project/solution4/.autopilot/db --sd --scff /home/ctnguyen/work/tut_vivadohls/Vivado_HLS_Tutorial/Introduction/project/solution4/.autopilot/db/.systemc_flag --ad

@I [HLS-0] Marker-Pragma convertor: /home/ctnguyen/work/tut_vivadohls/Vivado_HLS_Tutorial/Introduction/project/solution4/.autopilot/db/fir.pp.0.c.ap-cdt.c /home/ctnguyen/work/tut_vivadohls/Vivado_HLS_Tutorial/Introduction/project/solution4/.autopilot/db/fir.pragma.0.c /home/ctnguyen/work/tut_vivadohls/Vivado_HLS_Tutorial/Introduction/project/solution4/.autopilot/db/fir.pragma.0.c.ap-line.CXX 0
@I [HLS-100] Command "source /home/ctnguyen/work/tut_vivadohls/Vivado_HLS_Tutorial/Introduction/project/solution4/.autopilot/db/pragma.status.tcl "
@I [HLS-100] Command 'ap_source' returned 0; elapsed 0Total elapsed time: 3.271 sec.
@I [HLS-0] CDT processor time: 1 seconds per iteration
@I [HLS-0] Pragma handling time: 0 seconds per iteration
@I [HLS-0] 
Source preprocessing: exec clang -fno-limit-debug-info -gcc-toolchain "/opt/Xilinx/Vivado_HLS/2015.3/lnx64/tools/gcc" -hls -fno-exceptions  -D__llvm__  -CC -E "/home/ctnguyen/work/tut_vivadohls/Vivado_HLS_Tutorial/Introduction/project/solution4/.autopilot/db/fir.pragma.1.c"     -fno-math-errno -c -emit-llvm -O0  -mllvm -disable-llvm-optzns -std=gnu89   -DAESL_SYN -D__SYNTHESIS__ -D__HLS_SYN__ -I "/opt/Xilinx/Vivado_HLS/2015.3/common/technology/autopilot" -I "/opt/Xilinx/Vivado_HLS/2015.3/common/technology/autopilot/ap_sysc" -include etc/autopilot_ssdm_op.h  -o "/home/ctnguyen/work/tut_vivadohls/Vivado_HLS_Tutorial/Introduction/project/solution4/.autopilot/db/fir.pragma.2.c"

@I [HLS-0] exec clang -fno-limit-debug-info -gcc-toolchain /opt/Xilinx/Vivado_HLS/2015.3/lnx64/tools/gcc -hls -hls-analyze-label -hls-analyze-pragma -fno-exceptions  -D__llvm__  -w  "/home/ctnguyen/work/tut_vivadohls/Vivado_HLS_Tutorial/Introduction/project/solution4/.autopilot/db/fir.pragma.2.c"    -fno-math-errno -c -emit-llvm -O0  -mllvm -disable-llvm-optzns -std=gnu89  -DAESL_SYN -D__SYNTHESIS__ -D__HLS_SYN__ -I "/opt/Xilinx/Vivado_HLS/2015.3/common/technology/autopilot" -I "/opt/Xilinx/Vivado_HLS/2015.3/common/technology/autopilot/ap_sysc" -include etc/autopilot_ssdm_op.h -g -o "/home/ctnguyen/work/tut_vivadohls/Vivado_HLS_Tutorial/Introduction/project/solution4/.autopilot/db/fir.g.bc"
@I [HLS-10] Validating synthesis directives ...
@0 [HLS-0] Validating synthesis directives ...
@I [HLS-100] Command "source /home/ctnguyen/work/tut_vivadohls/Vivado_HLS_Tutorial/Introduction/project/solution4/.autopilot/db/pragma.status.tcl "
@I [HLS-100] Command 'ap_source' returned 0; elapsed 0Total elapsed time: 3.426 sec.
@I [HLS-0] Linking all ...
@I [HLS-0] exec llvm-ld  "/home/ctnguyen/work/tut_vivadohls/Vivado_HLS_Tutorial/Introduction/project/solution4/.autopilot/db/fir.bc"  -disable-opt  -L/opt/Xilinx/Vivado_HLS/2015.3/lnx64/lib -lm_basic -o "/home/ctnguyen/work/tut_vivadohls/Vivado_HLS_Tutorial/Introduction/project/solution4/.autopilot/db/a.o.pre"
@I [HLS-0] Link time: 0 seconds per iteration
@I [HLS-0] Linking all ...
@I [HLS-0] exec llvm-ld  "/home/ctnguyen/work/tut_vivadohls/Vivado_HLS_Tutorial/Introduction/project/solution4/.autopilot/db/fir.g.bc"  -disable-opt  -L/opt/Xilinx/Vivado_HLS/2015.3/lnx64/lib -lm_basic -o "/home/ctnguyen/work/tut_vivadohls/Vivado_HLS_Tutorial/Introduction/project/solution4/.autopilot/db/a.g.pre"
@I [HLS-0] Link time: 0 seconds per iteration
@I [HLS-100] Command "opt_and_import_c a -opt_level=2 -skip_syncheck=0 -ng=0 -keep_printf=0 "
@I [HLS-100] Command "cleanup_all_models "
@I [HLS-100] Command 'cleanup_all_models' returned 0; elapsed 0Total elapsed time: 3.565 sec.
@I [HLS-10] Starting code transformations ...
@0 [HLS-0] Starting code transformations ...
@I [HLS-0] std xform: transform -hls -share-std-xform -always-inline -promote-dbg-pointer  -interface-preproc  -scalarrepl -mem2reg -keep-read-access -instcombine -dce  -promote-dbg-pointer  -bitop-raise  -indvars -loop-simplify -xunroll  -constprop -instcombine -simplifycfg -indvars  -simplifycfg -dce -globaldce  -basicaa  -simplifycfg -mem2reg -globalopt  -global-constprop -deadargelim -instcombine -simplifycfg  -prune-eh -simplifycfg  -scalarrepl -instcombine -reassociate -licm  -simplifycfg -loop-simplify -indvars -instcombine  -simplifycfg -mem2reg -loop-simplify -indvars -instcombine  -gvn -gvn -instcombine -adce  -break-crit-edges  -simplifycfg -loop-delete  -global-array-opt -dce -dse -adce  -find-syn-modules -top fir  -deadargelim  -mem2reg -instcombine -dce  -presyn-prepare -auto-rom-infer  -interface-preproc  -syn-check -check-rec-only  -find-region -simplifycfg -func-extr -function-inline  -globaldce -mem2reg -instcombine -dce   -gvn -globaldce -adce -adse  -constprop -instcombine -bit-constprop  -instcombine -dce -simplifycfg -bitop-raise  -simplifycfg -dce -loop-delete -reassociate  -globalopt -global-privatize -mem2reg -dce  -global-constprop -pointer-simplify -constprop -dce  -func-inst -deadargelim  -promote-dbg-pointer  -norm-name   /home/ctnguyen/work/tut_vivadohls/Vivado_HLS_Tutorial/Introduction/project/solution4/.autopilot/db/a.g.0.bc -o /home/ctnguyen/work/tut_vivadohls/Vivado_HLS_Tutorial/Introduction/project/solution4/.autopilot/db/a.g.1.bc -f  -phase std-opt
@I [HLS-0] Std xform time: 0 seconds per iteration
@I [HLS-100] Command "is_encrypted /home/ctnguyen/work/tut_vivadohls/Vivado_HLS_Tutorial/Introduction/project/solution4/.autopilot/db/a.g.1.bc "
@I [HLS-100] Command 'is_encrypted' returned 0; elapsed 0Total elapsed time: 3.627 sec.
@I [HLS-10] Checking synthesizability ...
@0 [HLS-0] Checking synthesizability ...
@I [HLS-0] syn check 1/2: transform -hls -syn-check -check-rec-only -disaggr -scalarrepl -norm-name -dce  -mem2reg -instcombine  -function-uniquify -directive-preproc -mem2reg -dse -dce -auto-rom-infer -dce  -array-normalize -instcombine -dce  -array-seg-normalize -instcombine -dce  -array-flatten -instcombine -dce  -array-burst -dce  -deadargelim -promote-global-argument  -function-inline -globaldce -dce  -doublePtrSimplify -doublePtrElim -dce  -doublePtrSimplify -promote-dbg-pointer  -dce -scalarrepl -dse -adse -instcombine  -ptrLegalization  -simplifycfg -dce -instcombine  -pointer-simplify -ptrArgReplace -dce -instcombine   -disaggr -scalarrepl -norm-name -dce  -mem2reg -instcombine -ptrLegalization   -simplifycfg -deadargelim  -instcombine -dce -inst-simplify  -function-uniquify -directive-preproc -mem2reg -dse -dce  -globaldce    /home/ctnguyen/work/tut_vivadohls/Vivado_HLS_Tutorial/Introduction/project/solution4/.autopilot/db/a.g.1.bc -o /home/ctnguyen/work/tut_vivadohls/Vivado_HLS_Tutorial/Introduction/project/solution4/.autopilot/db/a.g.2.prechk.bc -f
@I [HLS-0] Syn check 1/2 time: 0 seconds per iteration
@I [HLS-0] syn check 2/2: transform -syn-check   /home/ctnguyen/work/tut_vivadohls/Vivado_HLS_Tutorial/Introduction/project/solution4/.autopilot/db/a.g.2.prechk.bc -o /home/ctnguyen/work/tut_vivadohls/Vivado_HLS_Tutorial/Introduction/project/solution4/.autopilot/db/a.g.2.bc -f  -phase syn-check
@I [HLS-0] Syn check 2/2 time: 0 seconds per iteration
@I [HLS-0] Compiler optimizing ...
@I [HLS-0] Share syncheck's 1.bc for syn flow: copy /home/ctnguyen/work/tut_vivadohls/Vivado_HLS_Tutorial/Introduction/project/solution4/.autopilot/db/a.g.1.bc to /home/ctnguyen/work/tut_vivadohls/Vivado_HLS_Tutorial/Introduction/project/solution4/.autopilot/db/a.o.1.bc
@I [HLS-0] presyn 1: transform -hls -tmp /home/ctnguyen/work/tut_vivadohls/Vivado_HLS_Tutorial/Introduction/project/solution4/.autopilot/db -type-info  -function-uniquify -directive-preproc -mem2reg -dse -dce  -disaggr -scalarrepl -norm-name -deadargelim  -mem2reg -instcombine -dce -auto-rom-infer -dce -function-uniquify  -clib-intrinsic-prepare -dce  -func-buffer -dce -array-normalize  -func-legal -instcombine -gvn -constprop -dce   -ptrArgReplace -mem2reg -instcombine -dce  -array-seg-normalize -deadargelim  -instcombine -dce  -pointer-simplify -dce  -port-alignment -dce  -interface-preproc  -data-pack -instcombine -dce   -basicaa -aggr-aa -aggrmodref-aa -aggr-aa -gvn -gvn  -basicaa -aggr-aa -aggrmodref-aa -aggr-aa -dse -adse -adce  -loop-simplify -indvars -instcombine  -gvn -loop-simplify -mem2reg -dce -simplifycfg  -find-region -instcombine  -auto-loop-pipeline  -inst-simplify  -interface-preproc  -indvars -auto-loop-unroll -loop-simplify -loop-bound -xunroll  -constprop -instcombine -simplifycfg -indvars  -simplifycfg -dce -globaldce  -attach-range  -gvn -disable-agg-range -inst-simplify  -constprop -simplifycfg -dce  -pointer-simplify -dce  -globalopt -constprop -dce  -array-promote -constprop -instcombine -dce  -ptrArgReplace -mem2reg  -instcombine -simplifycfg -dce  -auto-par -instcombine -dce  -array-transform-check  -array-reshape -instcombine -simplifycfg -dce  -ptrArgReplace -deadargelim -mem2reg  -instcombine -simplifycfg -dce   -duplicate-dataflow-processes -globaldce  -array-partition -instcombine -simplifycfg -dce  -ptrArgReplace -global-constprop -deadargelim -mem2reg  -func-legal -instcombine -dce -global-constprop -deadargelim -mem2reg  -instcombine -simplifycfg -dce   -globalopt -constprop -dce  -array-promote -constprop -instcombine -dce  -ptrArgReplace -mem2reg  -instcombine -simplifycfg -dce   -mem-intrinsic-preproc -dce  -global-privatize  -mem2reg -globaldce  -promote-global-argument  -ptrArgReplace -mem2reg -instcombine -dce  -globalopt -mergereturn -simplify-global-access -mem2reg -dce  -pointer-simplify -dce  -functionattrs  -basicaa -aggr-aa -aggrmodref-aa -aggr-aa -gvn -gvn  -basicaa -aggr-aa -aggrmodref-aa -aggr-aa -dse -adse -adce  -inst-simplify -dce -norm-name  -function-inline -globaldce  -func-inst -constprop -instcombine -simplifycfg -dce  -func-legal -dce   -loop-bound  -arraycheck -bitwidthmin -on-by-dataflow  -loop-delete -instcombine -simplifycfg -dce -loop-simplify -clean-region -simplifycfg -loop-stream -instcombine -simplifycfg -dce -globaldce  -stream-intrinsic-preproc -dce  -check-ap-stream -loop-simplify -eliminate-keepreads   -extract-dataflow-in-loop -loop-simplify -dce -gvn -deadargelim  -check-dataflow-syntax  -legalize-stream-variable -legalize-global -legalize-global-1  -extract-subproc -dce -dead-channel-elimination  -canonicalize-gep -globaldce -dce -gvn -deadargelim  -scalar-propagation -deadargelim -globaldce -mem2reg  -check-dataflow-channels -function-stream -dce -globaldce  -prop-fifo-spec -internal-stream-gen  -canonicalize-gep -globaldce -dce -gvn -deadargelim   -mergereturn -indvars -loop-simplify  -array-stream -instcombine -simplifycfg -dce  -bundle-memfifo-ops -deadargelim    -function-uniquify -directive-preproc -mem2reg -dse -dce  -group-axi-access    -licm -simplifycfg -dce -loop-delete  -norm-name  /home/ctnguyen/work/tut_vivadohls/Vivado_HLS_Tutorial/Introduction/project/solution4/.autopilot/db/a.o.1.bc -o /home/ctnguyen/work/tut_vivadohls/Vivado_HLS_Tutorial/Introduction/project/solution4/.autopilot/db/a.o.1.tmp.bc -f
@I [XFORM-501] Unrolling loop 'Shift_Accum_Loop' (lab1/fir.c:64) in function 'fir' completely.
@W [XFORM-505] Pipeline directive for loop 'Shift_Accum_Loop' (lab1/fir.c:64) in function 'fir' has been removed because the loop is unrolled completely.
@I [XFORM-101] Partitioning array 'shift_reg'  in dimension 1 completely.
@I [HLS-0] Presyn 1 time: 0 seconds per iteration
@I [HLS-0] presyn 2: transform -hls -keep-callgraph -scalarrepl -mem2reg  -port-alignment -attach-range -dce  -pipe-mux-gen  -indvars -loop-bound  -inst-simplify -instcombine -dce  -merge-array-access -mem2reg -dce  -clean-region -mergereturn -if-conv  -instcombine -dce -constprop  -basicaa -aggr-aa -aggrmodref-aa -aggr-aa -gvn -gvn  -basicaa -aggr-aa -aggrmodref-aa -aggr-aa -dse -adse -adce  -scalarrepl -mem2reg  -global-constprop -deadargelim -deadargelim  -instcombine -dce -simplifycfg    -ptrArgReplace -mem2reg -function-inline  -globaldce -mem2reg -instcombine -dce -expr-balance  -instcombine -dce  -bitwidthmin  -directive-preproc  -inst-rectify -instcombine -dce  -functionattrs  -constprop -instcombine -bit-constprop  -simplify-global-access  -globalopt -globaldce  -inst-simplify -instcombine -elimdeaddata -dce  -loop-delete -simplifycfg   -norm-name /home/ctnguyen/work/tut_vivadohls/Vivado_HLS_Tutorial/Introduction/project/solution4/.autopilot/db/a.o.1.tmp.bc -o /home/ctnguyen/work/tut_vivadohls/Vivado_HLS_Tutorial/Introduction/project/solution4/.autopilot/db/a.o.2.bc -f  -phase presyn
@I [XFORM-11] Balancing expressions in function 'fir' (lab1/fir.c:49)...10 expression(s) balanced.
@I [HLS-0] Presyn 2 time: 0 seconds per iteration
@I [HLS-100] Command "is_encrypted /home/ctnguyen/work/tut_vivadohls/Vivado_HLS_Tutorial/Introduction/project/solution4/.autopilot/db/a.o.2.bc "
@I [HLS-100] Command 'is_encrypted' returned 0; elapsed 0Total elapsed time: 3.951 sec.
@I [HLS-0] build ssdm: transform -hls  -function-uniquify -auto-function-inline -globaldce  -ptrArgReplace -mem2reg -instcombine -dce  -array-flatten -gvn -instcombine -dce  -loop-simplify -indvars -licm -loop-dep  -loop-bound -licm -loop-simplify -flattenloopnest  -array-map -dce -func-legal  -gvn -adce -instcombine -cfgopt -simplifycfg -loop-simplify   -array-burst -promote-global-argument -dce  -axi4-lower -array-seg-normalize  -basicaa -aggrmodref-aa -globalsmodref-aa -aggr-aa -gvn -gvn  -basicaa -aggrmodref-aa -globalsmodref-aa -aggr-aa -dse -adse -adce -licm  -inst-simplify -dce  -globaldce -array-stream -eliminate-keepreads -instcombine  -dce   -deadargelim -doublePtrSimplify  -doublePtrElim -dce -doublePtrSimplify -promote-dbg-pointer  -dce -scalarrepl -mem2reg -disaggr -norm-name -mem2reg  -instcombine  -dse -adse -adce -ptrLegalization -dce -auto-rom-infer -array-flatten -dce -instcombine  -loop-rot -constprop -cfgopt -simplifycfg -loop-simplify -indvars -pointer-simplify -dce -loop-bound  -loop-simplify -loop-preproc  -constprop -global-constprop -gvn -mem2reg -instcombine -dce  -loop-merge -dce  -bitwidthmin  -deadargelim -dce  -scalar-propagation -deadargelim -globaldce -mem2reg  -interface-preproc -interface-gen  -deadargelim -directive-preproc -inst-simplify -dce  -gvn -mem2reg -instcombine -dce -adse  -loop-bound  -instcombine -cfgopt -simplifycfg -loop-simplify  -clean-region -io-protocol  -find-region -mem2reg  -bitop-raise  -inst-simplify -inst-rectify -instcombine -adce -deadargelim  -loop-simplify -phi-opt -bitop-raise  -cfgopt -simplifycfg -strip-dead-prototypes  -interface-lower -bitop-lower -intrinsic-lower -auto-function-inline  -basicaa -aggrmodref-aa -globalsmodref-aa -aggr-aa  -inst-simplify -simplifycfg   -mergereturn -inst-simplify -inst-rectify  -dce -bitop-lower  -loop-rewind -pointer-simplify -dce -cfgopt  -read-loop-dep -dce -bitwidth -norm-name -legalize    -cdfg-build  /home/ctnguyen/work/tut_vivadohls/Vivado_HLS_Tutorial/Introduction/project/solution4/.autopilot/db/a.o.2.bc -o /home/ctnguyen/work/tut_vivadohls/Vivado_HLS_Tutorial/Introduction/project/solution4/.autopilot/db/a.o.3.bc -f  -phase build-ssdm
@I [HLS-0] Build ssdm time: 0 seconds per iteration
@I [HLS-100] Command "is_encrypted /home/ctnguyen/work/tut_vivadohls/Vivado_HLS_Tutorial/Introduction/project/solution4/.autopilot/db/a.o.3.bc "
@I [HLS-100] Command 'is_encrypted' returned 0; elapsed 0Total elapsed time: 4.60 sec.
@I [HLS-0] Finish building internal data model.
@I [HLS-100] Command 'opt_and_import_c' returned 0; elapsed 0.38Total elapsed time: 4.90 sec.
@I [HLS-111] Elapsed time: 1.65 seconds; current memory usage: 0.179 MB.
@I [HLS-100] Command 'elaborate' returned 0; elapsed 0.45Total elapsed time: 4.90 sec.
@I [HLS-100] Command "autosyn "
@I [HLS-10] Starting hardware synthesis ...
@0 [HLS-0] Starting hardware synthesis ...
@I [HLS-0] Synthesizing C/C++ design ...
@I [HLS-10] Synthesizing 'fir' ...
@0 [HLS-0] Synthesizing 'fir' ...
@I [HLS-100] Command "ap_set_top_model fir "
@I [HLS-100] Command 'ap_set_top_model' returned 0; elapsed 0Total elapsed time: 4.91 sec.
@I [HLS-100] Command "get_model_list fir -filter all-wo-channel -topdown "
@I [HLS-100] Command 'get_model_list' returned 0; elapsed 0Total elapsed time: 4.91 sec.
@I [HLS-100] Command "preproc_iomode -model fir "
@I [HLS-100] Command 'preproc_iomode' returned 0; elapsed 0Total elapsed time: 4.92 sec.
@I [HLS-100] Command "get_model_list fir -filter all-wo-channel "
@I [HLS-100] Command 'get_model_list' returned 0; elapsed 0Total elapsed time: 4.92 sec.
@I [HLS-0] Model list for configure: fir
@I [HLS-0] Configuring Module : fir ...
@I [HLS-100] Command "set_default_model fir "
@I [HLS-100] Command 'set_default_model' returned 0; elapsed 0Total elapsed time: 4.92 sec.
@I [HLS-100] Command "apply_spec_resource_limit fir "
@I [HLS-100] Command 'apply_spec_resource_limit' returned 0; elapsed 0Total elapsed time: 4.92 sec.
@I [HLS-0] Model list for preprocess: fir
@I [HLS-0] Preprocessing Module: fir ...
@I [HLS-100] Command "set_default_model fir "
@I [HLS-100] Command 'set_default_model' returned 0; elapsed 0Total elapsed time: 4.93 sec.
@I [HLS-100] Command "cdfg_preprocess -model fir "
@I [HLS-100] Command 'cdfg_preprocess' returned 0; elapsed 0Total elapsed time: 4.94 sec.
@I [HLS-100] Command "rtl_gen_preprocess fir "
@I [HLS-100] Command 'rtl_gen_preprocess' returned 0; elapsed 0Total elapsed time: 4.94 sec.
@I [HLS-0] Model list for synthesis: fir
@I [HLS-10] ----------------------------------------------------------------
@0 [HLS-0] ----------------------------------------------------------------
@I [HLS-10] -- Scheduling module 'fir' 
@0 [HLS-0] -- Scheduling module 'fir' 
@I [HLS-10] ----------------------------------------------------------------
@0 [HLS-0] ----------------------------------------------------------------
@I [HLS-100] Command "set_default_model fir "
@I [HLS-100] Command 'set_default_model' returned 0; elapsed 0Total elapsed time: 4.95 sec.
@I [HLS-100] Command "schedule -model fir "
@I [SCHED-11] Starting scheduling ...
@I [SCHED-11] Finished scheduling.
@I [HLS-100] Command 'schedule' returned 0; elapsed 0.52Total elapsed time: 4.645 sec.
@I [HLS-111] Elapsed time: 0.52 seconds; current memory usage: 0.179 MB.
@I [HLS-100] Command "report -o /home/ctnguyen/work/tut_vivadohls/Vivado_HLS_Tutorial/Introduction/project/solution4/.autopilot/db/fir.verbose.sched.rpt -verbose -f "
@I [HLS-100] Command 'report' returned 0; elapsed 0.01Total elapsed time: 4.649 sec.
@I [HLS-100] Command "db_write -o /home/ctnguyen/work/tut_vivadohls/Vivado_HLS_Tutorial/Introduction/project/solution4/.autopilot/db/fir.sched.adb -f "
@I [HLS-100] Command 'db_write' returned 0; elapsed 0Total elapsed time: 4.655 sec.
@I [HLS-0] Finish scheduling fir.
@I [HLS-10] ----------------------------------------------------------------
@0 [HLS-0] ----------------------------------------------------------------
@I [HLS-10] -- Exploring micro-architecture for module 'fir' 
@0 [HLS-0] -- Exploring micro-architecture for module 'fir' 
@I [HLS-10] ----------------------------------------------------------------
@0 [HLS-0] ----------------------------------------------------------------
@I [HLS-100] Command "set_default_model fir "
@I [HLS-100] Command 'set_default_model' returned 0; elapsed 0Total elapsed time: 4.656 sec.
@I [HLS-100] Command "bind -model fir "
@I [BIND-110] clear=
@I [BIND-110] debug=
@I [BIND-110] drf=
@I [BIND-110] effort=
@I [BIND-110] fast_refine=
@I [BIND-110] fu_weight=[ 0.0 -- 1.0 ]
@I [BIND-110] global_opt=
@I [BIND-110] gsearch=
@I [BIND-110] help=
@I [BIND-110] help-hidden=
@I [BIND-110] min_mem_port=
@I [BIND-110] min_op=
@I [BIND-110] minreg=
@I [BIND-110] ml=
@I [BIND-110] model=fir
@I [BIND-110] no_false_path=
@I [BIND-110] no_min_op=
@I [BIND-110] normalize=
@I [BIND-110] quiet=
@I [BIND-110] refine=
@I [BIND-110] reg_weight=[ 0.0 -- 1.0 ]
@I [BIND-110] search=
@I [BIND-110] tight_delay=
@I [BIND-110] verbose=
@I [BIND-110] wFF=
@I [BIND-110] wFU=
@I [BIND-110] wMUX=
@I [BIND-110] wNET=
@I [BIND-100] Starting micro-architecture generation ...
@I [BIND-101] Performing variable lifetime analysis.
@I [BIND-101] Exploring resource sharing.
@I [BIND-101] Binding ...
@I [BIND-100] Finished micro-architecture generation.
@I [HLS-100] Command 'bind' returned 0; elapsed 0.04Total elapsed time: 4.690 sec.
@I [HLS-111] Elapsed time: 0.05 seconds; current memory usage: 0.179 MB.
@I [HLS-100] Command "report -o /home/ctnguyen/work/tut_vivadohls/Vivado_HLS_Tutorial/Introduction/project/solution4/.autopilot/db/fir.verbose.bind.rpt -verbose -f "
@I [HLS-100] Command 'report' returned 0; elapsed 0.09Total elapsed time: 4.778 sec.
@I [HLS-100] Command "db_write -o /home/ctnguyen/work/tut_vivadohls/Vivado_HLS_Tutorial/Introduction/project/solution4/.autopilot/db/fir.bind.adb -f "
@I [HLS-100] Command 'db_write' returned 0; elapsed 0.01Total elapsed time: 4.787 sec.
@I [HLS-0] Finish binding fir.
@I [HLS-100] Command "get_model_list fir -filter all-wo-channel "
@I [HLS-100] Command 'get_model_list' returned 0; elapsed 0Total elapsed time: 4.787 sec.
@I [HLS-0] Preprocessing for RTLGen ...
@I [HLS-100] Command "rtl_gen_preprocess fir "
@I [HLS-100] Command 'rtl_gen_preprocess' returned 0; elapsed 0Total elapsed time: 4.787 sec.
@I [HLS-0] Model list for RTL generation: fir
@I [HLS-10] ----------------------------------------------------------------
@0 [HLS-0] ----------------------------------------------------------------
@I [HLS-10] -- Generating RTL for module 'fir' 
@0 [HLS-0] -- Generating RTL for module 'fir' 
@I [HLS-10] ----------------------------------------------------------------
@0 [HLS-0] ----------------------------------------------------------------
@I [HLS-100] Command "create_rtl_model fir -vendor xilinx -mg_file /home/ctnguyen/work/tut_vivadohls/Vivado_HLS_Tutorial/Introduction/project/solution4/.autopilot/db/fir.compgen.tcl "
@I [RTGEN-500] Setting interface mode on port 'fir/y' to 'ap_vld'.
@I [RTGEN-500] Setting interface mode on port 'fir/c' to 'ap_memory'.
@I [RTGEN-500] Setting interface mode on port 'fir/x' to 'ap_vld'.
@I [RTGEN-500] Setting interface mode on function 'fir' to 'ap_ctrl_hs'.
@W [RTGEN-101] Register 'shift_reg_9' is power-on initialization.
@W [RTGEN-101] Register 'shift_reg_8' is power-on initialization.
@W [RTGEN-101] Register 'shift_reg_7' is power-on initialization.
@W [RTGEN-101] Register 'shift_reg_6' is power-on initialization.
@W [RTGEN-101] Register 'shift_reg_5' is power-on initialization.
@W [RTGEN-101] Register 'shift_reg_4' is power-on initialization.
@W [RTGEN-101] Register 'shift_reg_3' is power-on initialization.
@W [RTGEN-101] Register 'shift_reg_2' is power-on initialization.
@W [RTGEN-101] Register 'shift_reg_1' is power-on initialization.
@W [RTGEN-101] Register 'shift_reg_0' is power-on initialization.
@I [RTGEN-100] Generating core module 'fir_mul_32s_32s_32_6': 11 instance(s).
@I [RTGEN-100] Finished creating RTL model for 'fir'.
@I [HLS-100] Command 'create_rtl_model' returned 0; elapsed 0.03Total elapsed time: 4.824 sec.
@I [HLS-111] Elapsed time: 0.13 seconds; current memory usage: 0.179 MB.
@I [HLS-100] Command "source /home/ctnguyen/work/tut_vivadohls/Vivado_HLS_Tutorial/Introduction/project/solution4/.autopilot/db/fir.rtl_wrap.cfg.tcl "
@I [HLS-100] Command 'ap_source' returned 0; elapsed 0Total elapsed time: 4.825 sec.
@I [HLS-100] Command "gen_rtl fir -istop -style xilinx -tracefl mytrace -tracefmt vcd -traceopt all -f -lang sc -o /home/ctnguyen/work/tut_vivadohls/Vivado_HLS_Tutorial/Introduction/project/solution4/syn/systemc/fir -synmodules fir "
@I [HLS-100] Command 'gen_rtl' returned 0; elapsed 0.01Total elapsed time: 4.828 sec.
@I [HLS-100] Command "gen_rtl fir -istop -style xilinx -f -lang vhdl -o /home/ctnguyen/work/tut_vivadohls/Vivado_HLS_Tutorial/Introduction/project/solution4/syn/vhdl/fir "
@I [HLS-100] Command 'gen_rtl' returned 0; elapsed 0.06Total elapsed time: 4.891 sec.
@I [HLS-100] Command "gen_rtl fir -istop -style xilinx -f -lang vlog -o /home/ctnguyen/work/tut_vivadohls/Vivado_HLS_Tutorial/Introduction/project/solution4/syn/verilog/fir "
@I [HLS-100] Command 'gen_rtl' returned 0; elapsed 0.03Total elapsed time: 4.922 sec.
@I [HLS-100] Command "export_constraint_db -o /home/ctnguyen/work/tut_vivadohls/Vivado_HLS_Tutorial/Introduction/project/solution4/.autopilot/db/fir.constraint.tcl -f -tool general "
@I [HLS-100] Command 'export_constraint_db' returned 0; elapsed 0Total elapsed time: 4.922 sec.
@I [HLS-100] Command "report -model fir -o /home/ctnguyen/work/tut_vivadohls/Vivado_HLS_Tutorial/Introduction/project/solution4/.autopilot/db/fir.design.xml -verbose -f -dv "
@I [HLS-100] Command 'report' returned 0; elapsed 0.06Total elapsed time: 4.983 sec.
@I [HLS-100] Command "report -model fir -o /home/ctnguyen/work/tut_vivadohls/Vivado_HLS_Tutorial/Introduction/project/solution4/.autopilot/db/fir.sdaccel.xml -verbose -f -sdaccel "
@I [HLS-100] Command 'report' returned 0; elapsed 0.09Total elapsed time: 5.80 sec.
@I [HLS-100] Command "gen_tb_info fir -o /home/ctnguyen/work/tut_vivadohls/Vivado_HLS_Tutorial/Introduction/project/solution4/.autopilot/db/fir -p /home/ctnguyen/work/tut_vivadohls/Vivado_HLS_Tutorial/Introduction/project/solution4/.autopilot/db "
@I [HLS-100] Command 'gen_tb_info' returned 0; elapsed 0Total elapsed time: 5.81 sec.
@I [HLS-100] Command "report -model fir -o /home/ctnguyen/work/tut_vivadohls/Vivado_HLS_Tutorial/Introduction/project/solution4/syn/report/fir_csynth.rpt -f "
@I [HLS-100] Command 'report' returned 0; elapsed 0.04Total elapsed time: 5.115 sec.
@I [HLS-100] Command "report -model fir -o /home/ctnguyen/work/tut_vivadohls/Vivado_HLS_Tutorial/Introduction/project/solution4/syn/report/fir_csynth.xml -f -x "
@I [HLS-100] Command 'report' returned 0; elapsed 0.03Total elapsed time: 5.152 sec.
@I [HLS-100] Command "report -model fir -o /home/ctnguyen/work/tut_vivadohls/Vivado_HLS_Tutorial/Introduction/project/solution4/.autopilot/db/fir.verbose.rpt -verbose -f "
@I [HLS-100] Command 'report' returned 0; elapsed 0.12Total elapsed time: 5.275 sec.
@I [HLS-100] Command "db_write -model fir -o /home/ctnguyen/work/tut_vivadohls/Vivado_HLS_Tutorial/Introduction/project/solution4/.autopilot/db/fir.adb -f "
@I [HLS-100] Command 'db_write' returned 0; elapsed 0.04Total elapsed time: 5.313 sec.
@I [HLS-100] Command "sc_get_clocks fir "
@I [HLS-100] Command 'sc_get_clocks' returned 0; elapsed 0Total elapsed time: 5.341 sec.
@I [HLS-100] Command "sc_get_portdomain fir "
@I [HLS-100] Command 'sc_get_portdomain' returned 0; elapsed 0Total elapsed time: 5.341 sec.
@I [HLS-0] Model list for RTL component generation: fir
@I [HLS-0] Handling components in module [fir] ... 
@I [HLS-100] Command "source /home/ctnguyen/work/tut_vivadohls/Vivado_HLS_Tutorial/Introduction/project/solution4/.autopilot/db/fir.compgen.tcl "
@I [HLS-0] Found component fir_mul_32s_32s_32_6.
@I [HLS-0] Append model fir_mul_32s_32s_32_6
@I [HLS-100] Command 'ap_source' returned 0; elapsed 0Total elapsed time: 5.343 sec.
@I [HLS-0] Append model fir
@I [HLS-0] Generating RTL model list ...
@I [HLS-0] All models in this session: fir_mul_32s_32s_32_6 fir
@I [HLS-0] To file: write model fir_mul_32s_32s_32_6
@I [HLS-0] To file: write model fir
@I [HLS-0] Finished generating RTL model list.


@I [HLS-0] RTL Generation done.
@I [HLS-0] CAS Generation done.
@I [HLS-0] CBC Generation done.
@I [HLS-100] Command "export_ssdm /home/ctnguyen/work/tut_vivadohls/Vivado_HLS_Tutorial/Introduction/project/solution4/.autopilot/db/a.export.ll "
@I [HLS-100] Command 'export_ssdm' returned 0; elapsed 0Total elapsed time: 5.345 sec.
@I [HLS-100] Command "source /home/ctnguyen/work/tut_vivadohls/Vivado_HLS_Tutorial/Introduction/project/solution4/.autopilot/db/global.setting.tcl "
@I [HLS-100] Command 'ap_source' returned 0; elapsed 0Total elapsed time: 5.349 sec.
@I [HLS-100] Command "source /opt/Xilinx/Vivado_HLS/2015.3/common/technology/generic/autopilot/common.gen "
@I [HLS-100] Command "source /opt/Xilinx/Vivado_HLS/2015.3/common/technology/generic/autopilot/APCoreGen.gen "
@I [HLS-100] Command 'ap_source' returned 0; elapsed 0Total elapsed time: 5.351 sec.
@I [HLS-100] Command 'ap_source' returned 0; elapsed 0Total elapsed time: 5.351 sec.
@I [HLS-100] Command "source /opt/Xilinx/Vivado_HLS/2015.3/common/technology/generic/autopilot/op.gen "
@I [HLS-100] Command 'ap_source' returned 0; elapsed 0Total elapsed time: 5.352 sec.
@I [HLS-100] Command "source /opt/Xilinx/Vivado_HLS/2015.3/common/technology/generic/autopilot/op_simcore.gen "
@I [HLS-100] Command 'ap_source' returned 0; elapsed 0Total elapsed time: 5.353 sec.
@I [HLS-100] Command "source /opt/Xilinx/Vivado_HLS/2015.3/common/technology/generic/autopilot/interface.gen "
@I [HLS-100] Command 'ap_source' returned 0; elapsed 0Total elapsed time: 5.353 sec.
@I [HLS-100] Command "source /home/ctnguyen/work/tut_vivadohls/Vivado_HLS_Tutorial/Introduction/project/solution4/.autopilot/db/global.setting.tcl "
@I [HLS-100] Command 'ap_source' returned 0; elapsed 0Total elapsed time: 5.354 sec.
@I [HLS-100] Command "source /opt/Xilinx/Vivado_HLS/2015.3/common/technology/xilinx/zynq/zynq.gen "
@I [HLS-100] Command "source /opt/Xilinx/Vivado_HLS/2015.3/common/technology/xilinx/common/virtex.gen "
@I [HLS-100] Command "source /opt/Xilinx/Vivado_HLS/2015.3/common/technology/xilinx/common/xilinx.gen "
@I [HLS-100] Command "source /opt/Xilinx/Vivado_HLS/2015.3/common/technology/xilinx/interface/plb46.gen "
@I [HLS-100] Command 'ap_source' returned 0; elapsed 0Total elapsed time: 5.356 sec.
@I [HLS-100] Command "source /opt/Xilinx/Vivado_HLS/2015.3/common/technology/xilinx/interface/fsl.gen "
@I [HLS-100] Command 'ap_source' returned 0; elapsed 0Total elapsed time: 5.357 sec.
@I [HLS-100] Command "source /opt/Xilinx/Vivado_HLS/2015.3/common/technology/xilinx/interface/axi4.gen "
@I [HLS-100] Command 'ap_source' returned 0; elapsed 0.01Total elapsed time: 5.360 sec.
@I [HLS-100] Command "source /opt/Xilinx/Vivado_HLS/2015.3/common/technology/xilinx/interface/nativeAXI4.gen "
@I [HLS-100] Command "source /opt/Xilinx/Vivado_HLS/2015.3/common/technology/xilinx/interface/saxilite.gen "
@I [HLS-100] Command 'ap_source' returned 0; elapsed 0Total elapsed time: 5.364 sec.
@I [HLS-100] Command "source /opt/Xilinx/Vivado_HLS/2015.3/common/technology/xilinx/interface/maxi.gen "
@I [HLS-100] Command 'ap_source' returned 0; elapsed 0.01Total elapsed time: 5.372 sec.
@I [HLS-100] Command 'ap_source' returned 0; elapsed 0.01Total elapsed time: 5.372 sec.
@I [HLS-100] Command "source /opt/Xilinx/Vivado_HLS/2015.3/common/technology/xilinx/scripts/xilinxcoregen.gen "
@I [HLS-100] Command 'ap_source' returned 0; elapsed 0.01Total elapsed time: 5.383 sec.
@I [HLS-100] Command "source /opt/Xilinx/Vivado_HLS/2015.3/common/technology/xilinx/interface/XilEDKCoreGen.gen "
@I [HLS-100] Command 'ap_source' returned 0; elapsed 0.01Total elapsed time: 5.393 sec.
@I [HLS-100] Command "source /opt/Xilinx/Vivado_HLS/2015.3/common/technology/xilinx/ip/xfft.gen "
@I [HLS-100] Command 'ap_source' returned 0; elapsed 0.12Total elapsed time: 5.520 sec.
@I [HLS-100] Command "source /opt/Xilinx/Vivado_HLS/2015.3/common/technology/xilinx/ip/xfir.gen "
@I [HLS-100] Command 'ap_source' returned 0; elapsed 0.04Total elapsed time: 5.559 sec.
@I [HLS-100] Command "source /opt/Xilinx/Vivado_HLS/2015.3/common/technology/xilinx/ip/dds_compiler.gen "
@I [HLS-100] Command 'ap_source' returned 0; elapsed 0Total elapsed time: 5.563 sec.
@I [HLS-100] Command "source /opt/Xilinx/Vivado_HLS/2015.3/common/technology/xilinx/ip/util.gen "
@I [HLS-100] Command 'ap_source' returned 0; elapsed 0Total elapsed time: 5.564 sec.
@I [HLS-100] Command 'ap_source' returned 0; elapsed 0.2Total elapsed time: 5.564 sec.
@I [HLS-100] Command "source /opt/Xilinx/Vivado_HLS/2015.3/common/technology/xilinx/common/dsp48.gen "
@I [HLS-100] Command 'ap_source' returned 0; elapsed 0Total elapsed time: 5.566 sec.
@I [HLS-100] Command 'ap_source' returned 0; elapsed 0.22Total elapsed time: 5.566 sec.
@I [HLS-100] Command 'ap_source' returned 0; elapsed 0.22Total elapsed time: 5.566 sec.
@I [HLS-100] Command "source /opt/Xilinx/Vivado_HLS/2015.3/common/technology/xilinx/zynq/zynq_fpv6.gen "
@I [HLS-100] Command "source /opt/Xilinx/Vivado_HLS/2015.3/common/technology/xilinx/common/xilinx_fpv6.gen "
@I [HLS-100] Command 'ap_source' returned 0; elapsed 0Total elapsed time: 5.568 sec.
@I [HLS-100] Command 'ap_source' returned 0; elapsed 0Total elapsed time: 5.568 sec.
@I [HLS-100] Command "source /home/ctnguyen/work/tut_vivadohls/Vivado_HLS_Tutorial/Introduction/project/solution4/.autopilot/db/global.setting.tcl "
@I [HLS-100] Command 'ap_source' returned 0; elapsed 0Total elapsed time: 5.569 sec.
@I [HLS-100] Command "source /home/ctnguyen/work/tut_vivadohls/Vivado_HLS_Tutorial/Introduction/project/solution4/.autopilot/db/global.setting.tcl "
@I [HLS-100] Command 'ap_source' returned 0; elapsed 0Total elapsed time: 5.569 sec.
@I [HLS-100] Command "source /home/ctnguyen/work/tut_vivadohls/Vivado_HLS_Tutorial/Introduction/project/solution4/.autopilot/db/global.setting.tcl "
@I [HLS-100] Command 'ap_source' returned 0; elapsed 0Total elapsed time: 5.570 sec.
@I [HLS-100] Command "source /home/ctnguyen/work/tut_vivadohls/Vivado_HLS_Tutorial/Introduction/project/solution4/.autopilot/db/global.setting.tcl "
@I [HLS-100] Command 'ap_source' returned 0; elapsed 0Total elapsed time: 5.570 sec.
@I [HLS-100] Command "source /home/ctnguyen/work/tut_vivadohls/Vivado_HLS_Tutorial/Introduction/project/solution4/.autopilot/db/fir.compgen.tcl "
@I [RTMG-282] Generating pipelined core: 'fir_mul_32s_32s_32_6_MulnS_0'
@I [HLS-100] Command 'ap_source' returned 0; elapsed 0.02Total elapsed time: 5.596 sec.
@I [HLS-10] Finished generating all RTL models.
@0 [HLS-0] Finished generating all RTL models.
@I [WSYSC-301] Generating RTL SystemC for 'fir'.
@I [WVHDL-304] Generating RTL VHDL for 'fir'.
@I [WVLOG-307] Generating RTL Verilog for 'fir'.
@I [HLS-100] Command 'autosyn' returned 0; elapsed 1.47Total elapsed time: 5.604 sec.
@I [HLS-100] Command 'csynth_design' returned 0; elapsed 1.92Total elapsed time: 5.604 sec.
@I [HLS-100] Command 'ap_source' returned 0; elapsed 2.74Total elapsed time: 5.604 sec.
@I [HLS-100] Command "cleanup_all "
@I [HLS-100] Command 'cleanup_all' returned 0; elapsed 0Total elapsed time: 5.609 sec.
