#-----------------------------------------------------------
# Vivado v2015.3 (64-bit)
# SW Build 1368829 on Mon Sep 28 20:06:39 MDT 2015
# IP Build 1367837 on Mon Sep 28 08:56:14 MDT 2015
# Start of session at: Thu Jul  7 16:26:02 2016
# Process ID: 29302
# Current directory: /home/ctnguyen/work/tut_vivadohls/Vivado_HLS_Tutorial/Using_IP_with_IPI/lab1/hls_designs
# Command line: vivado
# Log file: /home/ctnguyen/work/tut_vivadohls/Vivado_HLS_Tutorial/Using_IP_with_IPI/lab1/hls_designs/vivado.log
# Journal file: /home/ctnguyen/work/tut_vivadohls/Vivado_HLS_Tutorial/Using_IP_with_IPI/lab1/hls_designs/vivado.jou
#-----------------------------------------------------------
start_gui
create_project vivado /home/ctnguyen/work/tut_vivadohls/Vivado_HLS_Tutorial/Using_IP_with_IPI/lab1/vivado -part xc7z020clg484-1
INFO: [IP_Flow 19-234] Refreshing IP repositories
INFO: [IP_Flow 19-1704] No user IP repositories specified
INFO: [IP_Flow 19-2313] Loaded Vivado IP repository '/opt/Xilinx/Vivado/2015.3/data/ip'.
create_project: Time (s): cpu = 00:00:07 ; elapsed = 00:00:06 . Memory (MB): peak = 5853.762 ; gain = 27.320 ; free physical = 4102 ; free virtual = 37454
set_property board_part xilinx.com:zc702:part0:1.2 [current_project]
set_property target_language VHDL [current_project]
set_property board_part em.avnet.com:zed:part0:1.3 [current_project]
WARNING: [IP_Flow 19-3899] Cannot get the environment domain name variable for the component vendor name. Setting the vendor name to 'user.org'.
set_property  ip_repo_paths  /home/ctnguyen/work/tut_vivadohls/Vivado_HLS_Tutorial/Using_IP_with_IPI/lab1/hls_designs/fe_vhls_prj/IPXACTExport/impl/ip [current_project]
update_ip_catalog
INFO: [IP_Flow 19-234] Refreshing IP repositories
INFO: [IP_Flow 19-1700] Loaded user IP repository '/home/ctnguyen/work/tut_vivadohls/Vivado_HLS_Tutorial/Using_IP_with_IPI/lab1/hls_designs/fe_vhls_prj/IPXACTExport/impl/ip'.
WARNING: [IP_Flow 19-3899] Cannot get the environment domain name variable for the component vendor name. Setting the vendor name to 'user.org'.
set_property  ip_repo_paths  {/home/ctnguyen/work/tut_vivadohls/Vivado_HLS_Tutorial/Using_IP_with_IPI/lab1/hls_designs/fe_vhls_prj/IPXACTExport/impl/ip /home/ctnguyen/work/tut_vivadohls/Vivado_HLS_Tutorial/Using_IP_with_IPI/lab1/hls_designs/be_vhls_prj/IPXACTExport/impl/ip} [current_project]
update_ip_catalog
INFO: [IP_Flow 19-234] Refreshing IP repositories
INFO: [IP_Flow 19-1700] Loaded user IP repository '/home/ctnguyen/work/tut_vivadohls/Vivado_HLS_Tutorial/Using_IP_with_IPI/lab1/hls_designs/fe_vhls_prj/IPXACTExport/impl/ip'.
INFO: [IP_Flow 19-1700] Loaded user IP repository '/home/ctnguyen/work/tut_vivadohls/Vivado_HLS_Tutorial/Using_IP_with_IPI/lab1/hls_designs/be_vhls_prj/IPXACTExport/impl/ip'.
WARNING: [IP_Flow 19-3899] Cannot get the environment domain name variable for the component vendor name. Setting the vendor name to 'user.org'.
WARNING: [IP_Flow 19-3899] Cannot get the environment domain name variable for the component vendor name. Setting the vendor name to 'user.org'.
WARNING: [IP_Flow 19-3899] Cannot get the environment domain name variable for the component vendor name. Setting the vendor name to 'user.org'.
create_bd_design "RealFFT"
Wrote  : </home/ctnguyen/work/tut_vivadohls/Vivado_HLS_Tutorial/Using_IP_with_IPI/lab1/vivado/vivado.srcs/sources_1/bd/RealFFT/RealFFT.bd> 
startgroup
create_bd_cell -type ip -vlnv xilinx.com:ip:xfft:9.0 xfft_0
create_bd_cell: Time (s): cpu = 00:00:05 ; elapsed = 00:00:06 . Memory (MB): peak = 5963.934 ; gain = 56.312 ; free physical = 4015 ; free virtual = 37368
endgroup
WARNING: [IP_Flow 19-3899] Cannot get the environment domain name variable for the component vendor name. Setting the vendor name to 'user.org'.
startgroup
set_property -dict [list CONFIG.transform_length {512} CONFIG.implementation_options {automatically_select} CONFIG.number_of_stages_using_block_ram_for_data_and_phase_factors {0}] [get_bd_cells xfft_0]
endgroup
startgroup
set_property -dict [list CONFIG.implementation_options {pipelined_streaming_io} CONFIG.aresetn {true} CONFIG.number_of_stages_using_block_ram_for_data_and_phase_factors {2}] [get_bd_cells xfft_0]
endgroup
startgroup
create_bd_cell -type ip -vlnv xilinx.com:hls:hls_real2xfft:1.0 hls_real2xfft_0
WARNING: [BD 41-1282] Ignoring parameter SIGNAL_SET
WARNING: [BD 41-1281] Parameter SIGNAL_SET is not defined on /hls_real2xfft_0/dout. Setting parameter on /hls_real2xfft_0/dout failed
WARNING: [BD 41-1282] Ignoring parameter SIGNAL_SET
WARNING: [BD 41-1281] Parameter SIGNAL_SET is not defined on /hls_real2xfft_0/dout. Setting parameter on /hls_real2xfft_0/dout failed
WARNING: [BD 41-1282] Ignoring parameter SIGNAL_SET
WARNING: [BD 41-1281] Parameter SIGNAL_SET is not defined on /hls_real2xfft_0/dout. Setting parameter on /hls_real2xfft_0/dout failed
WARNING: [BD 41-1282] Ignoring parameter SIGNAL_SET
WARNING: [BD 41-1281] Parameter SIGNAL_SET is not defined on /hls_real2xfft_0/dout. Setting parameter on /hls_real2xfft_0/dout failed
endgroup
startgroup
create_bd_cell -type ip -vlnv xilinx.com:hls:hls_xfft2real:1.0 hls_xfft2real_0
WARNING: [BD 41-1282] Ignoring parameter SIGNAL_SET
WARNING: [BD 41-1281] Parameter SIGNAL_SET is not defined on /hls_xfft2real_0/dout_V. Setting parameter on /hls_xfft2real_0/dout_V failed
WARNING: [BD 41-1282] Ignoring parameter SIGNAL_SET
WARNING: [BD 41-1281] Parameter SIGNAL_SET is not defined on /hls_xfft2real_0/dout_V. Setting parameter on /hls_xfft2real_0/dout_V failed
WARNING: [BD 41-1282] Ignoring parameter SIGNAL_SET
WARNING: [BD 41-1281] Parameter SIGNAL_SET is not defined on /hls_xfft2real_0/dout_V. Setting parameter on /hls_xfft2real_0/dout_V failed
WARNING: [BD 41-1282] Ignoring parameter SIGNAL_SET
WARNING: [BD 41-1281] Parameter SIGNAL_SET is not defined on /hls_xfft2real_0/dout_V. Setting parameter on /hls_xfft2real_0/dout_V failed
endgroup
connect_bd_intf_net [get_bd_intf_pins hls_real2xfft_0/dout] [get_bd_intf_pins xfft_0/S_AXIS_DATA]
connect_bd_intf_net [get_bd_intf_pins xfft_0/M_AXIS_DATA] [get_bd_intf_pins hls_xfft2real_0/din]
