

================================================================
== Vivado HLS Report for 'matrixmul'
================================================================
* Date:           Thu Jul  7 10:08:38 2016

* Version:        2015.3 (Build 1368829 on Mon Sep 28 20:31:51 PM 2015)
* Project:        matrixmul_prj
* Solution:       solution2
* Product family: kintex7
* Target device:  xc7k160tfbg484-1


================================================================
== Performance Estimates
================================================================
+ Timing (ns): 
    * Summary: 
    +--------+-------+----------+------------+
    |  Clock | Target| Estimated| Uncertainty|
    +--------+-------+----------+------------+
    |ap_clk  |  13.33|     10.82|        1.67|
    +--------+-------+----------+------------+

+ Latency (clock cycles): 
    * Summary: 
    +-----+-----+-----+-----+---------+
    |  Latency  |  Interval | Pipeline|
    | min | max | min | max |   Type  |
    +-----+-----+-----+-----+---------+
    |   12|   12|   13|   13|   none  |
    +-----+-----+-----+-----+---------+

    + Detail: 
        * Instance: 
        N/A

        * Loop: 
        +-----------+-----+-----+----------+-----------+-----------+------+----------+
        |           |  Latency  | Iteration|  Initiation Interval  | Trip |          |
        | Loop Name | min | max |  Latency |  achieved |   target  | Count| Pipelined|
        +-----------+-----+-----+----------+-----------+-----------+------+----------+
        |- Row_Col  |   10|   10|         3|          1|          1|     9|    yes   |
        +-----------+-----+-----+----------+-----------+-----------+------+----------+



================================================================
== Utilization Estimates
================================================================
* Summary: 
+-----------------+---------+-------+--------+--------+
|       Name      | BRAM_18K| DSP48E|   FF   |   LUT  |
+-----------------+---------+-------+--------+--------+
|DSP              |        -|      -|       -|       -|
|Expression       |        -|      3|       0|      47|
|FIFO             |        -|      -|       -|       -|
|Instance         |        -|      -|       -|       -|
|Memory           |        -|      -|       -|       -|
|Multiplexer      |        -|      -|       -|      12|
|Register         |        -|      -|      40|       -|
+-----------------+---------+-------+--------+--------+
|Total            |        0|      3|      40|      59|
+-----------------+---------+-------+--------+--------+
|Available        |      650|    600|  202800|  101400|
+-----------------+---------+-------+--------+--------+
|Utilization (%)  |        0|   ~0  |   ~0   |   ~0   |
+-----------------+---------+-------+--------+--------+

+ Detail: 
    * Instance: 
    N/A

    * DSP48: 
    N/A

    * Memory: 
    N/A

    * FIFO: 
    N/A

    * Expression: 
    +-------------------------------+----------+-------+---+----+------------+------------+
    |         Variable Name         | Operation| DSP48E| FF| LUT| Bitwidth P0| Bitwidth P1|
    +-------------------------------+----------+-------+---+----+------------+------------+
    |tmp_7_1_fu_235_p2              |     *    |      1|  0|   0|           8|           8|
    |tmp_7_2_fu_269_p2              |     *    |      1|  0|   0|           8|           8|
    |tmp_7_fu_201_p2                |     *    |      1|  0|   0|           8|           8|
    |i_1_fu_141_p2                  |     +    |      0|  0|   2|           1|           2|
    |indvar_flatten_next_fu_135_p2  |     +    |      0|  0|   4|           4|           1|
    |j_1_fu_179_p2                  |     +    |      0|  0|   2|           1|           2|
    |tmp1_fu_275_p2                 |     +    |      0|  0|   8|          16|          16|
    |tmp_6_fu_310_p2                |     +    |      0|  0|   8|           5|           5|
    |tmp_8_2_fu_281_p2              |     +    |      0|  0|   8|          16|          16|
    |tmp_5_fu_301_p2                |     -    |      0|  0|   8|           5|           5|
    |i_mid2_fu_161_p3               |  Select  |      0|  0|   2|           1|           2|
    |j_mid2_fu_153_p3               |  Select  |      0|  0|   2|           1|           1|
    |exitcond_flatten_fu_129_p2     |   icmp   |      0|  0|   2|           4|           4|
    |exitcond_fu_147_p2             |   icmp   |      0|  0|   1|           2|           2|
    +-------------------------------+----------+-------+---+----+------------+------------+
    |Total                          |          |      3|  0|  47|          80|          80|
    +-------------------------------+----------+-------+---+----+------------+------------+

    * Multiplexer: 
    +-----------------------+----+-----------+-----+-----------+
    |          Name         | LUT| Input Size| Bits| Total Bits|
    +-----------------------+----+-----------+-----+-----------+
    |ap_NS_fsm              |   1|          4|    1|          4|
    |ap_reg_ppiten_pp0_it2  |   1|          2|    1|          2|
    |i_phi_fu_111_p4        |   2|          2|    2|          4|
    |i_reg_107              |   2|          2|    2|          4|
    |indvar_flatten_reg_96  |   4|          2|    4|          8|
    |j_reg_118              |   2|          2|    2|          4|
    +-----------------------+----+-----------+-----+-----------+
    |Total                  |  12|         14|   12|         26|
    +-----------------------+----+-----------+-----+-----------+

    * Register: 
    +-----------------------------------------------+----+----+-----+-----------+
    |                      Name                     | FF | LUT| Bits| Const Bits|
    +-----------------------------------------------+----+----+-----+-----------+
    |ap_CS_fsm                                      |   3|   0|    3|          0|
    |ap_reg_ppiten_pp0_it0                          |   1|   0|    1|          0|
    |ap_reg_ppiten_pp0_it1                          |   1|   0|    1|          0|
    |ap_reg_ppiten_pp0_it2                          |   1|   0|    1|          0|
    |ap_reg_ppstg_exitcond_flatten_reg_321_pp0_it1  |   1|   0|    1|          0|
    |ap_reg_ppstg_i_mid2_reg_335_pp0_it1            |   2|   0|    2|          0|
    |ap_reg_ppstg_j_mid2_reg_330_pp0_it1            |   2|   0|    2|          0|
    |exitcond_flatten_reg_321                       |   1|   0|    1|          0|
    |i_mid2_reg_335                                 |   2|   0|    2|          0|
    |i_reg_107                                      |   2|   0|    2|          0|
    |indvar_flatten_reg_96                          |   4|   0|    4|          0|
    |j_mid2_reg_330                                 |   2|   0|    2|          0|
    |j_reg_118                                      |   2|   0|    2|          0|
    |tmp_8_2_reg_357                                |  16|   0|   16|          0|
    +-----------------------------------------------+----+----+-----+-----------+
    |Total                                          |  40|   0|   40|          0|
    +-----------------------------------------------+----+----+-----+-----------+



================================================================
== Interface
================================================================
* Summary: 
+--------------+-----+-----+------------+--------------+--------------+
|   RTL Ports  | Dir | Bits|  Protocol  | Source Object|    C Type    |
+--------------+-----+-----+------------+--------------+--------------+
|ap_clk        |  in |    1| ap_ctrl_hs |   matrixmul  | return value |
|ap_rst        |  in |    1| ap_ctrl_hs |   matrixmul  | return value |
|ap_start      |  in |    1| ap_ctrl_hs |   matrixmul  | return value |
|ap_done       | out |    1| ap_ctrl_hs |   matrixmul  | return value |
|ap_idle       | out |    1| ap_ctrl_hs |   matrixmul  | return value |
|ap_ready      | out |    1| ap_ctrl_hs |   matrixmul  | return value |
|a_address0    | out |    2|  ap_memory |       a      |     array    |
|a_ce0         | out |    1|  ap_memory |       a      |     array    |
|a_q0          |  in |   24|  ap_memory |       a      |     array    |
|b_address0    | out |    2|  ap_memory |       b      |     array    |
|b_ce0         | out |    1|  ap_memory |       b      |     array    |
|b_q0          |  in |   24|  ap_memory |       b      |     array    |
|res_address0  | out |    4|  ap_memory |      res     |     array    |
|res_ce0       | out |    1|  ap_memory |      res     |     array    |
|res_we0       | out |    1|  ap_memory |      res     |     array    |
|res_d0        | out |   16|  ap_memory |      res     |     array    |
+--------------+-----+-----+------------+--------------+--------------+

============================================================
+ Verbose Summary: Synthesis Manager
============================================================
InlineROM: 1
ExposeGlobal: 0
============================================================
+ Verbose Summary: CDFG Model
============================================================
IsTopModel: 1
ResetActiveHigh: 1
IsCombinational: 2
IsDatapathOnly: 2
HasWiredReturn: 1
HasMFsm: 0
HasVarLatency: 1
IsPipeline: 0
IsRtlPipelined: 0
IsInstanceOverlapped: 0
IsDontTouch: 0
HasImplIP: 0
IsGatedGlobalClock: 0

+ Individual pipeline summary: 
  * Pipeline-0: initiation interval (II) = 1, depth = 3


============================================================
+ Verbose Summary: Schedule
============================================================
* Number of FSM states: 5
* Pipeline: 1
  Pipeline-0: II = 1, D = 3, States = { 2 3 4 }
* Dataflow Pipeline: 0

* FSM state transitions: 
1 --> 
	2  / true
2 --> 
	5  / (exitcond_flatten)
	3  / (!exitcond_flatten)
3 --> 
	4  / true
4 --> 
	2  / true
5 --> 
* FSM state operations: 

 <State 1>: 1.08ns
ST_1: stg_6 [1/1] 0.00ns
:0  call void (...)* @_ssdm_op_SpecBitsMap([3 x i24]* %a), !map !0

ST_1: stg_7 [1/1] 0.00ns
:1  call void (...)* @_ssdm_op_SpecBitsMap([3 x i24]* %b), !map !17

ST_1: stg_8 [1/1] 0.00ns
:2  call void (...)* @_ssdm_op_SpecBitsMap([9 x i16]* %res), !map !30

ST_1: stg_9 [1/1] 0.00ns
:3  call void (...)* @_ssdm_op_SpecTopModule([10 x i8]* @matrixmul_str) nounwind

ST_1: stg_10 [1/1] 1.08ns
:4  br label %1


 <State 2>: 4.08ns
ST_2: indvar_flatten [1/1] 0.00ns
:0  %indvar_flatten = phi i4 [ 0, %0 ], [ %indvar_flatten_next, %.reset ]

ST_2: i [1/1] 0.00ns
:1  %i = phi i2 [ 0, %0 ], [ %i_mid2, %.reset ]

ST_2: j [1/1] 0.00ns
:2  %j = phi i2 [ 0, %0 ], [ %j_1, %.reset ]

ST_2: exitcond_flatten [1/1] 1.24ns
:3  %exitcond_flatten = icmp eq i4 %indvar_flatten, -7

ST_2: indvar_flatten_next [1/1] 0.48ns
:4  %indvar_flatten_next = add i4 %indvar_flatten, 1

ST_2: stg_16 [1/1] 0.00ns
:5  br i1 %exitcond_flatten, label %2, label %.reset

ST_2: i_1 [1/1] 0.48ns
.reset:0  %i_1 = add i2 1, %i

ST_2: exitcond [1/1] 0.85ns
.reset:3  %exitcond = icmp eq i2 %j, -1

ST_2: j_mid2 [1/1] 0.84ns
.reset:4  %j_mid2 = select i1 %exitcond, i2 0, i2 %j

ST_2: i_mid2 [1/1] 0.84ns
.reset:5  %i_mid2 = select i1 %exitcond, i2 %i_1, i2 %i

ST_2: tmp [1/1] 0.00ns
.reset:6  %tmp = zext i2 %i_mid2 to i64

ST_2: tmp_2 [1/1] 0.00ns
.reset:15  %tmp_2 = zext i2 %j_mid2 to i64

ST_2: a_addr [1/1] 0.00ns
.reset:20  %a_addr = getelementptr [3 x i24]* %a, i64 0, i64 %tmp

ST_2: a_load [2/2] 2.39ns
.reset:21  %a_load = load i24* %a_addr, align 4

ST_2: b_addr [1/1] 0.00ns
.reset:24  %b_addr = getelementptr [3 x i24]* %b, i64 0, i64 %tmp_2

ST_2: b_load [2/2] 2.39ns
.reset:25  %b_load = load i24* %b_addr, align 4

ST_2: j_1 [1/1] 0.48ns
.reset:43  %j_1 = add i2 1, %j_mid2


 <State 3>: 10.82ns
ST_3: a_load [1/2] 2.39ns
.reset:21  %a_load = load i24* %a_addr, align 4

ST_3: tmp_12 [1/1] 0.00ns
.reset:22  %tmp_12 = trunc i24 %a_load to i8

ST_3: tmp_s [1/1] 0.00ns
.reset:23  %tmp_s = sext i8 %tmp_12 to i16

ST_3: b_load [1/2] 2.39ns
.reset:25  %b_load = load i24* %b_addr, align 4

ST_3: tmp_13 [1/1] 0.00ns
.reset:26  %tmp_13 = trunc i24 %b_load to i8

ST_3: tmp_4 [1/1] 0.00ns
.reset:27  %tmp_4 = sext i8 %tmp_13 to i16

ST_3: tmp_7 [1/1] 5.79ns
.reset:28  %tmp_7 = mul i16 %tmp_s, %tmp_4

ST_3: tmp_9 [1/1] 0.00ns
.reset:29  %tmp_9 = call i8 @_ssdm_op_PartSelect.i8.i24.i32.i32(i24 %a_load, i32 8, i32 15)

ST_3: tmp_5_1 [1/1] 0.00ns
.reset:30  %tmp_5_1 = sext i8 %tmp_9 to i16

ST_3: tmp_8 [1/1] 0.00ns
.reset:31  %tmp_8 = call i8 @_ssdm_op_PartSelect.i8.i24.i32.i32(i24 %b_load, i32 8, i32 15)

ST_3: tmp_6_1 [1/1] 0.00ns
.reset:32  %tmp_6_1 = sext i8 %tmp_8 to i16

ST_3: tmp_7_1 [1/1] 5.79ns
.reset:33  %tmp_7_1 = mul i16 %tmp_5_1, %tmp_6_1

ST_3: tmp_10 [1/1] 0.00ns
.reset:34  %tmp_10 = call i8 @_ssdm_op_PartSelect.i8.i24.i32.i32(i24 %a_load, i32 16, i32 23)

ST_3: tmp_5_2 [1/1] 0.00ns
.reset:35  %tmp_5_2 = sext i8 %tmp_10 to i16

ST_3: tmp_11 [1/1] 0.00ns
.reset:36  %tmp_11 = call i8 @_ssdm_op_PartSelect.i8.i24.i32.i32(i24 %b_load, i32 16, i32 23)

ST_3: tmp_6_2 [1/1] 0.00ns
.reset:37  %tmp_6_2 = sext i8 %tmp_11 to i16

ST_3: tmp_7_2 [1/1] 5.79ns
.reset:38  %tmp_7_2 = mul i16 %tmp_5_2, %tmp_6_2

ST_3: tmp1 [1/1] 1.32ns
.reset:39  %tmp1 = add i16 %tmp_7, %tmp_7_2

ST_3: tmp_8_2 [1/1] 1.32ns
.reset:40  %tmp_8_2 = add i16 %tmp1, %tmp_7_1


 <State 4>: 4.31ns
ST_4: stg_47 [1/1] 0.00ns
.reset:1  call void (...)* @_ssdm_op_SpecLoopName([8 x i8]* @Row_Col_str)

ST_4: empty [1/1] 0.00ns
.reset:2  %empty = call i32 (...)* @_ssdm_op_SpecLoopTripCount(i64 9, i64 9, i64 9)

ST_4: tmp_cast [1/1] 0.00ns
.reset:7  %tmp_cast = zext i2 %i_mid2 to i5

ST_4: tmp_1 [1/1] 0.00ns
.reset:8  %tmp_1 = call i4 @_ssdm_op_BitConcatenate.i4.i2.i2(i2 %i_mid2, i2 0)

ST_4: p_shl_cast [1/1] 0.00ns
.reset:9  %p_shl_cast = zext i4 %tmp_1 to i5

ST_4: tmp_5 [1/1] 0.96ns
.reset:10  %tmp_5 = sub i5 %p_shl_cast, %tmp_cast

ST_4: stg_53 [1/1] 0.00ns
.reset:11  call void (...)* @_ssdm_op_SpecLoopName([4 x i8]* @p_str3) nounwind

ST_4: tmp_3 [1/1] 0.00ns
.reset:12  %tmp_3 = call i32 (...)* @_ssdm_op_SpecRegionBegin([4 x i8]* @p_str3) nounwind

ST_4: stg_55 [1/1] 0.00ns
.reset:13  call void (...)* @_ssdm_op_SpecPipeline(i32 1, i32 1, i32 1, i32 0, [1 x i8]* @p_str1) nounwind

ST_4: stg_56 [1/1] 0.00ns
.reset:14  call void (...)* @_ssdm_op_SpecPipeline(i32 1, i32 1, i32 1, i32 0, [1 x i8]* @p_str1) nounwind

ST_4: tmp_2_cast [1/1] 0.00ns
.reset:16  %tmp_2_cast = zext i2 %j_mid2 to i5

ST_4: tmp_6 [1/1] 0.96ns
.reset:17  %tmp_6 = add i5 %tmp_2_cast, %tmp_5

ST_4: tmp_13_cast [1/1] 0.00ns
.reset:18  %tmp_13_cast = sext i5 %tmp_6 to i64

ST_4: res_addr [1/1] 0.00ns
.reset:19  %res_addr = getelementptr [9 x i16]* %res, i64 0, i64 %tmp_13_cast

ST_4: stg_61 [1/1] 2.39ns
.reset:41  store i16 %tmp_8_2, i16* %res_addr, align 2

ST_4: empty_4 [1/1] 0.00ns
.reset:42  %empty_4 = call i32 (...)* @_ssdm_op_SpecRegionEnd([4 x i8]* @p_str3, i32 %tmp_3) nounwind

ST_4: stg_63 [1/1] 0.00ns
.reset:44  br label %1


 <State 5>: 0.00ns
ST_5: stg_64 [1/1] 0.00ns
:0  ret void



============================================================
+ Verbose Summary: Binding
============================================================
STG Binding: 
---------------- STG Properties BEGIN ----------------
- Is combinational: 0
- Is one-state seq: 0
- Is datapath-only: 0
- Is clock enabled: 0
- Is pipelined: 0
- Is top level: 1
Port [ Return ] is wired: 1; IO mode=ap_ctrl_hs:ce=0
Port [ a]:  wired=1; compound=1; hidden=0; nouse=0; global=0; static=0; extern=0; dir=0; type=1; mode=0x7f0cc6e25860; pingpong=0; private_global=0; MemPort=[13]; IO mode=ap_memory:ce=0
Port [ b]:  wired=1; compound=1; hidden=0; nouse=0; global=0; static=0; extern=0; dir=0; type=1; mode=0x7f0cc6e23c70; pingpong=0; private_global=0; MemPort=[13]; IO mode=ap_memory:ce=0
Port [ res]:  wired=1; compound=1; hidden=0; nouse=0; global=0; static=0; extern=0; dir=1; type=1; mode=0x7f0cc6c3d030; pingpong=0; private_global=0; MemPort=[03]; IO mode=ap_memory:ce=0
---------------- STG Properties END ------------------

---------------- Datapath Model BEGIN ----------------

<LifeTime>
<method=bitvector/>
stg_6               (specbitsmap      ) [ 000000]
stg_7               (specbitsmap      ) [ 000000]
stg_8               (specbitsmap      ) [ 000000]
stg_9               (spectopmodule    ) [ 000000]
stg_10              (br               ) [ 011110]
indvar_flatten      (phi              ) [ 001000]
i                   (phi              ) [ 001000]
j                   (phi              ) [ 001000]
exitcond_flatten    (icmp             ) [ 001110]
indvar_flatten_next (add              ) [ 011110]
stg_16              (br               ) [ 000000]
i_1                 (add              ) [ 000000]
exitcond            (icmp             ) [ 000000]
j_mid2              (select           ) [ 001110]
i_mid2              (select           ) [ 011110]
tmp                 (zext             ) [ 000000]
tmp_2               (zext             ) [ 000000]
a_addr              (getelementptr    ) [ 001100]
b_addr              (getelementptr    ) [ 001100]
j_1                 (add              ) [ 011110]
a_load              (load             ) [ 000000]
tmp_12              (trunc            ) [ 000000]
tmp_s               (sext             ) [ 000000]
b_load              (load             ) [ 000000]
tmp_13              (trunc            ) [ 000000]
tmp_4               (sext             ) [ 000000]
tmp_7               (mul              ) [ 000000]
tmp_9               (partselect       ) [ 000000]
tmp_5_1             (sext             ) [ 000000]
tmp_8               (partselect       ) [ 000000]
tmp_6_1             (sext             ) [ 000000]
tmp_7_1             (mul              ) [ 000000]
tmp_10              (partselect       ) [ 000000]
tmp_5_2             (sext             ) [ 000000]
tmp_11              (partselect       ) [ 000000]
tmp_6_2             (sext             ) [ 000000]
tmp_7_2             (mul              ) [ 000000]
tmp1                (add              ) [ 000000]
tmp_8_2             (add              ) [ 001010]
stg_47              (specloopname     ) [ 000000]
empty               (speclooptripcount) [ 000000]
tmp_cast            (zext             ) [ 000000]
tmp_1               (bitconcatenate   ) [ 000000]
p_shl_cast          (zext             ) [ 000000]
tmp_5               (sub              ) [ 000000]
stg_53              (specloopname     ) [ 000000]
tmp_3               (specregionbegin  ) [ 000000]
stg_55              (specpipeline     ) [ 000000]
stg_56              (specpipeline     ) [ 000000]
tmp_2_cast          (zext             ) [ 000000]
tmp_6               (add              ) [ 000000]
tmp_13_cast         (sext             ) [ 000000]
res_addr            (getelementptr    ) [ 000000]
stg_61              (store            ) [ 000000]
empty_4             (specregionend    ) [ 000000]
stg_63              (br               ) [ 011110]
stg_64              (ret              ) [ 000000]
</LifeTime>

<model>

<comp_list>
<comp id="0" class="1000" name="a">
<pin_list>
<pin id="1" dir="1" index="0" bw="1" slack="0"/>
</pin_list>
<bind>
<StgValue><ssdm name="a"/><MemPortTyVec>1 3 </MemPortTyVec>
</StgValue>
</bind>
</comp>

<comp id="2" class="1000" name="b">
<pin_list>
<pin id="3" dir="1" index="0" bw="1" slack="0"/>
</pin_list>
<bind>
<StgValue><ssdm name="b"/><MemPortTyVec>1 3 </MemPortTyVec>
</StgValue>
</bind>
</comp>

<comp id="4" class="1000" name="res">
<pin_list>
<pin id="5" dir="1" index="0" bw="1" slack="0"/>
</pin_list>
<bind>
<StgValue><ssdm name="res"/><MemPortTyVec>0 3 </MemPortTyVec>
</StgValue>
</bind>
</comp>

<comp id="6" class="1001" name="const_6">
<pin_list>
<pin id="7" dir="1" index="0" bw="1" slack="2147483647"/>
</pin_list>
<bind>
<StgValue><ssdm name="_ssdm_op_SpecBitsMap"/></StgValue>
</bind>
</comp>

<comp id="8" class="1001" name="const_8">
<pin_list>
<pin id="9" dir="1" index="0" bw="1" slack="2147483647"/>
</pin_list>
<bind>
<StgValue><ssdm name="_ssdm_op_SpecTopModule"/></StgValue>
</bind>
</comp>

<comp id="10" class="1001" name="const_10">
<pin_list>
<pin id="11" dir="1" index="0" bw="1" slack="2147483647"/>
</pin_list>
<bind>
<StgValue><ssdm name="matrixmul_str"/></StgValue>
</bind>
</comp>

<comp id="12" class="1001" name="const_12">
<pin_list>
<pin id="13" dir="1" index="0" bw="1" slack="1"/>
</pin_list>
<bind>
<StgValue><ssdm name=""/></StgValue>
</bind>
</comp>

<comp id="14" class="1001" name="const_14">
<pin_list>
<pin id="15" dir="1" index="0" bw="1" slack="0"/>
</pin_list>
<bind>
<StgValue><ssdm name=""/></StgValue>
</bind>
</comp>

<comp id="16" class="1001" name="const_16">
<pin_list>
<pin id="17" dir="1" index="0" bw="1" slack="0"/>
</pin_list>
<bind>
<StgValue><ssdm name=""/></StgValue>
</bind>
</comp>

<comp id="18" class="1001" name="const_18">
<pin_list>
<pin id="19" dir="1" index="0" bw="1" slack="0"/>
</pin_list>
<bind>
<StgValue><ssdm name=""/></StgValue>
</bind>
</comp>

<comp id="20" class="1001" name="const_20">
<pin_list>
<pin id="21" dir="1" index="0" bw="1" slack="0"/>
</pin_list>
<bind>
<StgValue><ssdm name=""/></StgValue>
</bind>
</comp>

<comp id="22" class="1001" name="const_22">
<pin_list>
<pin id="23" dir="1" index="0" bw="1" slack="0"/>
</pin_list>
<bind>
<StgValue><ssdm name=""/></StgValue>
</bind>
</comp>

<comp id="24" class="1001" name="const_24">
<pin_list>
<pin id="25" dir="1" index="0" bw="1" slack="0"/>
</pin_list>
<bind>
<StgValue><ssdm name=""/></StgValue>
</bind>
</comp>

<comp id="26" class="1001" name="const_26">
<pin_list>
<pin id="27" dir="1" index="0" bw="1" slack="0"/>
</pin_list>
<bind>
<StgValue><ssdm name="_ssdm_op_PartSelect.i8.i24.i32.i32"/></StgValue>
</bind>
</comp>

<comp id="28" class="1001" name="const_28">
<pin_list>
<pin id="29" dir="1" index="0" bw="1" slack="0"/>
</pin_list>
<bind>
<StgValue><ssdm name=""/></StgValue>
</bind>
</comp>

<comp id="30" class="1001" name="const_30">
<pin_list>
<pin id="31" dir="1" index="0" bw="1" slack="0"/>
</pin_list>
<bind>
<StgValue><ssdm name=""/></StgValue>
</bind>
</comp>

<comp id="32" class="1001" name="const_32">
<pin_list>
<pin id="33" dir="1" index="0" bw="1" slack="0"/>
</pin_list>
<bind>
<StgValue><ssdm name=""/></StgValue>
</bind>
</comp>

<comp id="34" class="1001" name="const_34">
<pin_list>
<pin id="35" dir="1" index="0" bw="1" slack="0"/>
</pin_list>
<bind>
<StgValue><ssdm name=""/></StgValue>
</bind>
</comp>

<comp id="36" class="1001" name="const_36">
<pin_list>
<pin id="37" dir="1" index="0" bw="1" slack="2147483647"/>
</pin_list>
<bind>
<StgValue><ssdm name="_ssdm_op_SpecLoopName"/></StgValue>
</bind>
</comp>

<comp id="38" class="1001" name="const_38">
<pin_list>
<pin id="39" dir="1" index="0" bw="1" slack="2147483647"/>
</pin_list>
<bind>
<StgValue><ssdm name="Row_Col_str"/></StgValue>
</bind>
</comp>

<comp id="40" class="1001" name="const_40">
<pin_list>
<pin id="41" dir="1" index="0" bw="1" slack="2147483647"/>
</pin_list>
<bind>
<StgValue><ssdm name="_ssdm_op_SpecLoopTripCount"/></StgValue>
</bind>
</comp>

<comp id="42" class="1001" name="const_42">
<pin_list>
<pin id="43" dir="1" index="0" bw="1" slack="2147483647"/>
</pin_list>
<bind>
<StgValue><ssdm name=""/></StgValue>
</bind>
</comp>

<comp id="44" class="1001" name="const_44">
<pin_list>
<pin id="45" dir="1" index="0" bw="1" slack="0"/>
</pin_list>
<bind>
<StgValue><ssdm name="_ssdm_op_BitConcatenate.i4.i2.i2"/></StgValue>
</bind>
</comp>

<comp id="46" class="1001" name="const_46">
<pin_list>
<pin id="47" dir="1" index="0" bw="1" slack="2147483647"/>
</pin_list>
<bind>
<StgValue><ssdm name="p_str3"/></StgValue>
</bind>
</comp>

<comp id="48" class="1001" name="const_48">
<pin_list>
<pin id="49" dir="1" index="0" bw="1" slack="2147483647"/>
</pin_list>
<bind>
<StgValue><ssdm name="_ssdm_op_SpecRegionBegin"/></StgValue>
</bind>
</comp>

<comp id="50" class="1001" name="const_50">
<pin_list>
<pin id="51" dir="1" index="0" bw="1" slack="2147483647"/>
</pin_list>
<bind>
<StgValue><ssdm name="_ssdm_op_SpecPipeline"/></StgValue>
</bind>
</comp>

<comp id="52" class="1001" name="const_52">
<pin_list>
<pin id="53" dir="1" index="0" bw="1" slack="2147483647"/>
</pin_list>
<bind>
<StgValue><ssdm name=""/></StgValue>
</bind>
</comp>

<comp id="54" class="1001" name="const_54">
<pin_list>
<pin id="55" dir="1" index="0" bw="1" slack="2147483647"/>
</pin_list>
<bind>
<StgValue><ssdm name=""/></StgValue>
</bind>
</comp>

<comp id="56" class="1001" name="const_56">
<pin_list>
<pin id="57" dir="1" index="0" bw="1" slack="2147483647"/>
</pin_list>
<bind>
<StgValue><ssdm name="p_str1"/></StgValue>
</bind>
</comp>

<comp id="58" class="1001" name="const_58">
<pin_list>
<pin id="59" dir="1" index="0" bw="1" slack="2147483647"/>
</pin_list>
<bind>
<StgValue><ssdm name="_ssdm_op_SpecRegionEnd"/></StgValue>
</bind>
</comp>

<comp id="60" class="1004" name="a_addr_gep_fu_60">
<pin_list>
<pin id="61" dir="0" index="0" bw="24" slack="0"/>
<pin id="62" dir="0" index="1" bw="1" slack="0"/>
<pin id="63" dir="0" index="2" bw="2" slack="0"/>
<pin id="64" dir="1" index="3" bw="2" slack="0"/>
</pin_list>
<bind>
<opcode="getelementptr(29) " fcode="getelementptr"/>
<opset="a_addr/2 "/>
</bind>
</comp>

<comp id="67" class="1004" name="grp_access_fu_67">
<pin_list>
<pin id="68" dir="0" index="0" bw="2" slack="0"/>
<pin id="69" dir="0" index="1" bw="24" slack="2147483647"/>
<pin id="70" dir="1" index="2" bw="24" slack="0"/>
</pin_list>
<bind>
<opcode="load(27) " fcode="load"/>
<opset="a_load/2 "/>
</bind>
</comp>

<comp id="72" class="1004" name="b_addr_gep_fu_72">
<pin_list>
<pin id="73" dir="0" index="0" bw="24" slack="0"/>
<pin id="74" dir="0" index="1" bw="1" slack="0"/>
<pin id="75" dir="0" index="2" bw="2" slack="0"/>
<pin id="76" dir="1" index="3" bw="2" slack="0"/>
</pin_list>
<bind>
<opcode="getelementptr(29) " fcode="getelementptr"/>
<opset="b_addr/2 "/>
</bind>
</comp>

<comp id="79" class="1004" name="grp_access_fu_79">
<pin_list>
<pin id="80" dir="0" index="0" bw="2" slack="0"/>
<pin id="81" dir="0" index="1" bw="24" slack="2147483647"/>
<pin id="82" dir="1" index="2" bw="24" slack="0"/>
</pin_list>
<bind>
<opcode="load(27) " fcode="load"/>
<opset="b_load/2 "/>
</bind>
</comp>

<comp id="84" class="1004" name="res_addr_gep_fu_84">
<pin_list>
<pin id="85" dir="0" index="0" bw="16" slack="0"/>
<pin id="86" dir="0" index="1" bw="1" slack="0"/>
<pin id="87" dir="0" index="2" bw="5" slack="0"/>
<pin id="88" dir="1" index="3" bw="4" slack="0"/>
</pin_list>
<bind>
<opcode="getelementptr(29) " fcode="getelementptr"/>
<opset="res_addr/4 "/>
</bind>
</comp>

<comp id="91" class="1004" name="stg_61_access_fu_91">
<pin_list>
<pin id="92" dir="0" index="0" bw="4" slack="0"/>
<pin id="93" dir="0" index="1" bw="16" slack="1"/>
<pin id="94" dir="1" index="2" bw="16" slack="2147483647"/>
</pin_list>
<bind>
<opcode="store(28) " fcode="store"/>
<opset="stg_61/4 "/>
</bind>
</comp>

<comp id="96" class="1005" name="indvar_flatten_reg_96">
<pin_list>
<pin id="97" dir="0" index="0" bw="4" slack="1"/>
<pin id="98" dir="1" index="1" bw="4" slack="1"/>
</pin_list>
<bind>
<opset="indvar_flatten (phireg) "/>
</bind>
</comp>

<comp id="100" class="1004" name="indvar_flatten_phi_fu_100">
<pin_list>
<pin id="101" dir="0" index="0" bw="1" slack="1"/>
<pin id="102" dir="0" index="1" bw="0" slack="2147483647"/>
<pin id="103" dir="0" index="2" bw="4" slack="0"/>
<pin id="104" dir="0" index="3" bw="0" slack="2147483647"/>
<pin id="105" dir="1" index="4" bw="4" slack="0"/>
</pin_list>
<bind>
<opcode="phi(47) " fcode="phi"/>
<opset="indvar_flatten/2 "/>
</bind>
</comp>

<comp id="107" class="1005" name="i_reg_107">
<pin_list>
<pin id="108" dir="0" index="0" bw="2" slack="1"/>
<pin id="109" dir="1" index="1" bw="2" slack="1"/>
</pin_list>
<bind>
<opset="i (phireg) "/>
</bind>
</comp>

<comp id="111" class="1004" name="i_phi_fu_111">
<pin_list>
<pin id="112" dir="0" index="0" bw="1" slack="1"/>
<pin id="113" dir="0" index="1" bw="0" slack="2147483647"/>
<pin id="114" dir="0" index="2" bw="2" slack="0"/>
<pin id="115" dir="0" index="3" bw="0" slack="2147483647"/>
<pin id="116" dir="1" index="4" bw="2" slack="0"/>
</pin_list>
<bind>
<opcode="phi(47) " fcode="phi"/>
<opset="i/2 "/>
</bind>
</comp>

<comp id="118" class="1005" name="j_reg_118">
<pin_list>
<pin id="119" dir="0" index="0" bw="2" slack="1"/>
<pin id="120" dir="1" index="1" bw="2" slack="1"/>
</pin_list>
<bind>
<opset="j (phireg) "/>
</bind>
</comp>

<comp id="122" class="1004" name="j_phi_fu_122">
<pin_list>
<pin id="123" dir="0" index="0" bw="1" slack="1"/>
<pin id="124" dir="0" index="1" bw="0" slack="2147483647"/>
<pin id="125" dir="0" index="2" bw="2" slack="0"/>
<pin id="126" dir="0" index="3" bw="0" slack="2147483647"/>
<pin id="127" dir="1" index="4" bw="2" slack="0"/>
</pin_list>
<bind>
<opcode="phi(47) " fcode="phi"/>
<opset="j/2 "/>
</bind>
</comp>

<comp id="129" class="1004" name="exitcond_flatten_fu_129">
<pin_list>
<pin id="130" dir="0" index="0" bw="4" slack="0"/>
<pin id="131" dir="0" index="1" bw="4" slack="0"/>
<pin id="132" dir="1" index="2" bw="1" slack="1"/>
</pin_list>
<bind>
<opcode="icmp(45) " fcode="icmp"/>
<opset="exitcond_flatten/2 "/>
</bind>
</comp>

<comp id="135" class="1004" name="indvar_flatten_next_fu_135">
<pin_list>
<pin id="136" dir="0" index="0" bw="4" slack="0"/>
<pin id="137" dir="0" index="1" bw="1" slack="0"/>
<pin id="138" dir="1" index="2" bw="4" slack="0"/>
</pin_list>
<bind>
<opcode="add(8) " fcode="add"/>
<opset="indvar_flatten_next/2 "/>
</bind>
</comp>

<comp id="141" class="1004" name="i_1_fu_141">
<pin_list>
<pin id="142" dir="0" index="0" bw="1" slack="0"/>
<pin id="143" dir="0" index="1" bw="2" slack="0"/>
<pin id="144" dir="1" index="2" bw="2" slack="0"/>
</pin_list>
<bind>
<opcode="add(8) " fcode="add"/>
<opset="i_1/2 "/>
</bind>
</comp>

<comp id="147" class="1004" name="exitcond_fu_147">
<pin_list>
<pin id="148" dir="0" index="0" bw="2" slack="0"/>
<pin id="149" dir="0" index="1" bw="2" slack="0"/>
<pin id="150" dir="1" index="2" bw="1" slack="0"/>
</pin_list>
<bind>
<opcode="icmp(45) " fcode="icmp"/>
<opset="exitcond/2 "/>
</bind>
</comp>

<comp id="153" class="1004" name="j_mid2_fu_153">
<pin_list>
<pin id="154" dir="0" index="0" bw="1" slack="0"/>
<pin id="155" dir="0" index="1" bw="2" slack="0"/>
<pin id="156" dir="0" index="2" bw="2" slack="0"/>
<pin id="157" dir="1" index="3" bw="2" slack="0"/>
</pin_list>
<bind>
<opcode="select(49) " fcode="select"/>
<opset="j_mid2/2 "/>
</bind>
</comp>

<comp id="161" class="1004" name="i_mid2_fu_161">
<pin_list>
<pin id="162" dir="0" index="0" bw="1" slack="0"/>
<pin id="163" dir="0" index="1" bw="2" slack="0"/>
<pin id="164" dir="0" index="2" bw="2" slack="0"/>
<pin id="165" dir="1" index="3" bw="2" slack="0"/>
</pin_list>
<bind>
<opcode="select(49) " fcode="select"/>
<opset="i_mid2/2 "/>
</bind>
</comp>

<comp id="169" class="1004" name="tmp_fu_169">
<pin_list>
<pin id="170" dir="0" index="0" bw="2" slack="0"/>
<pin id="171" dir="1" index="1" bw="64" slack="0"/>
</pin_list>
<bind>
<opcode="zext(34) " fcode="zext"/>
<opset="tmp/2 "/>
</bind>
</comp>

<comp id="174" class="1004" name="tmp_2_fu_174">
<pin_list>
<pin id="175" dir="0" index="0" bw="2" slack="0"/>
<pin id="176" dir="1" index="1" bw="64" slack="0"/>
</pin_list>
<bind>
<opcode="zext(34) " fcode="zext"/>
<opset="tmp_2/2 "/>
</bind>
</comp>

<comp id="179" class="1004" name="j_1_fu_179">
<pin_list>
<pin id="180" dir="0" index="0" bw="1" slack="0"/>
<pin id="181" dir="0" index="1" bw="2" slack="0"/>
<pin id="182" dir="1" index="2" bw="2" slack="0"/>
</pin_list>
<bind>
<opcode="add(8) " fcode="add"/>
<opset="j_1/2 "/>
</bind>
</comp>

<comp id="185" class="1004" name="tmp_12_fu_185">
<pin_list>
<pin id="186" dir="0" index="0" bw="24" slack="0"/>
<pin id="187" dir="1" index="1" bw="8" slack="0"/>
</pin_list>
<bind>
<opcode="trunc(33) " fcode="trunc"/>
<opset="tmp_12/3 "/>
</bind>
</comp>

<comp id="189" class="1004" name="tmp_s_fu_189">
<pin_list>
<pin id="190" dir="0" index="0" bw="8" slack="0"/>
<pin id="191" dir="1" index="1" bw="16" slack="0"/>
</pin_list>
<bind>
<opcode="sext(35) " fcode="sext"/>
<opset="tmp_s/3 "/>
</bind>
</comp>

<comp id="193" class="1004" name="tmp_13_fu_193">
<pin_list>
<pin id="194" dir="0" index="0" bw="24" slack="0"/>
<pin id="195" dir="1" index="1" bw="8" slack="0"/>
</pin_list>
<bind>
<opcode="trunc(33) " fcode="trunc"/>
<opset="tmp_13/3 "/>
</bind>
</comp>

<comp id="197" class="1004" name="tmp_4_fu_197">
<pin_list>
<pin id="198" dir="0" index="0" bw="8" slack="0"/>
<pin id="199" dir="1" index="1" bw="16" slack="0"/>
</pin_list>
<bind>
<opcode="sext(35) " fcode="sext"/>
<opset="tmp_4/3 "/>
</bind>
</comp>

<comp id="201" class="1004" name="tmp_7_fu_201">
<pin_list>
<pin id="202" dir="0" index="0" bw="8" slack="0"/>
<pin id="203" dir="0" index="1" bw="8" slack="0"/>
<pin id="204" dir="1" index="2" bw="16" slack="0"/>
</pin_list>
<bind>
<opcode="mul(12) " fcode="mul"/>
<opset="tmp_7/3 "/>
</bind>
</comp>

<comp id="207" class="1004" name="tmp_9_fu_207">
<pin_list>
<pin id="208" dir="0" index="0" bw="8" slack="0"/>
<pin id="209" dir="0" index="1" bw="24" slack="0"/>
<pin id="210" dir="0" index="2" bw="5" slack="0"/>
<pin id="211" dir="0" index="3" bw="5" slack="0"/>
<pin id="212" dir="1" index="4" bw="8" slack="0"/>
</pin_list>
<bind>
<opcode="partselect(1002) " fcode="partselect"/>
<opset="tmp_9/3 "/>
</bind>
</comp>

<comp id="217" class="1004" name="tmp_5_1_fu_217">
<pin_list>
<pin id="218" dir="0" index="0" bw="8" slack="0"/>
<pin id="219" dir="1" index="1" bw="16" slack="0"/>
</pin_list>
<bind>
<opcode="sext(35) " fcode="sext"/>
<opset="tmp_5_1/3 "/>
</bind>
</comp>

<comp id="221" class="1004" name="tmp_8_fu_221">
<pin_list>
<pin id="222" dir="0" index="0" bw="8" slack="0"/>
<pin id="223" dir="0" index="1" bw="24" slack="0"/>
<pin id="224" dir="0" index="2" bw="5" slack="0"/>
<pin id="225" dir="0" index="3" bw="5" slack="0"/>
<pin id="226" dir="1" index="4" bw="8" slack="0"/>
</pin_list>
<bind>
<opcode="partselect(1002) " fcode="partselect"/>
<opset="tmp_8/3 "/>
</bind>
</comp>

<comp id="231" class="1004" name="tmp_6_1_fu_231">
<pin_list>
<pin id="232" dir="0" index="0" bw="8" slack="0"/>
<pin id="233" dir="1" index="1" bw="16" slack="0"/>
</pin_list>
<bind>
<opcode="sext(35) " fcode="sext"/>
<opset="tmp_6_1/3 "/>
</bind>
</comp>

<comp id="235" class="1004" name="tmp_7_1_fu_235">
<pin_list>
<pin id="236" dir="0" index="0" bw="8" slack="0"/>
<pin id="237" dir="0" index="1" bw="8" slack="0"/>
<pin id="238" dir="1" index="2" bw="16" slack="0"/>
</pin_list>
<bind>
<opcode="mul(12) " fcode="mul"/>
<opset="tmp_7_1/3 "/>
</bind>
</comp>

<comp id="241" class="1004" name="tmp_10_fu_241">
<pin_list>
<pin id="242" dir="0" index="0" bw="8" slack="0"/>
<pin id="243" dir="0" index="1" bw="24" slack="0"/>
<pin id="244" dir="0" index="2" bw="6" slack="0"/>
<pin id="245" dir="0" index="3" bw="6" slack="0"/>
<pin id="246" dir="1" index="4" bw="8" slack="0"/>
</pin_list>
<bind>
<opcode="partselect(1002) " fcode="partselect"/>
<opset="tmp_10/3 "/>
</bind>
</comp>

<comp id="251" class="1004" name="tmp_5_2_fu_251">
<pin_list>
<pin id="252" dir="0" index="0" bw="8" slack="0"/>
<pin id="253" dir="1" index="1" bw="16" slack="0"/>
</pin_list>
<bind>
<opcode="sext(35) " fcode="sext"/>
<opset="tmp_5_2/3 "/>
</bind>
</comp>

<comp id="255" class="1004" name="tmp_11_fu_255">
<pin_list>
<pin id="256" dir="0" index="0" bw="8" slack="0"/>
<pin id="257" dir="0" index="1" bw="24" slack="0"/>
<pin id="258" dir="0" index="2" bw="6" slack="0"/>
<pin id="259" dir="0" index="3" bw="6" slack="0"/>
<pin id="260" dir="1" index="4" bw="8" slack="0"/>
</pin_list>
<bind>
<opcode="partselect(1002) " fcode="partselect"/>
<opset="tmp_11/3 "/>
</bind>
</comp>

<comp id="265" class="1004" name="tmp_6_2_fu_265">
<pin_list>
<pin id="266" dir="0" index="0" bw="8" slack="0"/>
<pin id="267" dir="1" index="1" bw="16" slack="0"/>
</pin_list>
<bind>
<opcode="sext(35) " fcode="sext"/>
<opset="tmp_6_2/3 "/>
</bind>
</comp>

<comp id="269" class="1004" name="tmp_7_2_fu_269">
<pin_list>
<pin id="270" dir="0" index="0" bw="8" slack="0"/>
<pin id="271" dir="0" index="1" bw="8" slack="0"/>
<pin id="272" dir="1" index="2" bw="16" slack="0"/>
</pin_list>
<bind>
<opcode="mul(12) " fcode="mul"/>
<opset="tmp_7_2/3 "/>
</bind>
</comp>

<comp id="275" class="1004" name="tmp1_fu_275">
<pin_list>
<pin id="276" dir="0" index="0" bw="16" slack="0"/>
<pin id="277" dir="0" index="1" bw="16" slack="0"/>
<pin id="278" dir="1" index="2" bw="16" slack="0"/>
</pin_list>
<bind>
<opcode="add(8) " fcode="add"/>
<opset="tmp1/3 "/>
</bind>
</comp>

<comp id="281" class="1004" name="tmp_8_2_fu_281">
<pin_list>
<pin id="282" dir="0" index="0" bw="16" slack="0"/>
<pin id="283" dir="0" index="1" bw="16" slack="0"/>
<pin id="284" dir="1" index="2" bw="16" slack="1"/>
</pin_list>
<bind>
<opcode="add(8) " fcode="add"/>
<opset="tmp_8_2/3 "/>
</bind>
</comp>

<comp id="287" class="1004" name="tmp_cast_fu_287">
<pin_list>
<pin id="288" dir="0" index="0" bw="2" slack="2"/>
<pin id="289" dir="1" index="1" bw="5" slack="0"/>
</pin_list>
<bind>
<opcode="zext(34) " fcode="zext"/>
<opset="tmp_cast/4 "/>
</bind>
</comp>

<comp id="290" class="1004" name="tmp_1_fu_290">
<pin_list>
<pin id="291" dir="0" index="0" bw="4" slack="0"/>
<pin id="292" dir="0" index="1" bw="2" slack="2"/>
<pin id="293" dir="0" index="2" bw="1" slack="0"/>
<pin id="294" dir="1" index="3" bw="4" slack="0"/>
</pin_list>
<bind>
<opcode="bitconcatenate(1004) " fcode="bitconcatenate"/>
<opset="tmp_1/4 "/>
</bind>
</comp>

<comp id="297" class="1004" name="p_shl_cast_fu_297">
<pin_list>
<pin id="298" dir="0" index="0" bw="4" slack="0"/>
<pin id="299" dir="1" index="1" bw="5" slack="0"/>
</pin_list>
<bind>
<opcode="zext(34) " fcode="zext"/>
<opset="p_shl_cast/4 "/>
</bind>
</comp>

<comp id="301" class="1004" name="tmp_5_fu_301">
<pin_list>
<pin id="302" dir="0" index="0" bw="4" slack="0"/>
<pin id="303" dir="0" index="1" bw="2" slack="0"/>
<pin id="304" dir="1" index="2" bw="5" slack="0"/>
</pin_list>
<bind>
<opcode="sub(10) " fcode="sub"/>
<opset="tmp_5/4 "/>
</bind>
</comp>

<comp id="307" class="1004" name="tmp_2_cast_fu_307">
<pin_list>
<pin id="308" dir="0" index="0" bw="2" slack="2"/>
<pin id="309" dir="1" index="1" bw="5" slack="0"/>
</pin_list>
<bind>
<opcode="zext(34) " fcode="zext"/>
<opset="tmp_2_cast/4 "/>
</bind>
</comp>

<comp id="310" class="1004" name="tmp_6_fu_310">
<pin_list>
<pin id="311" dir="0" index="0" bw="2" slack="0"/>
<pin id="312" dir="0" index="1" bw="5" slack="0"/>
<pin id="313" dir="1" index="2" bw="5" slack="0"/>
</pin_list>
<bind>
<opcode="add(8) " fcode="add"/>
<opset="tmp_6/4 "/>
</bind>
</comp>

<comp id="316" class="1004" name="tmp_13_cast_fu_316">
<pin_list>
<pin id="317" dir="0" index="0" bw="5" slack="0"/>
<pin id="318" dir="1" index="1" bw="64" slack="0"/>
</pin_list>
<bind>
<opcode="sext(35) " fcode="sext"/>
<opset="tmp_13_cast/4 "/>
</bind>
</comp>

<comp id="321" class="1005" name="exitcond_flatten_reg_321">
<pin_list>
<pin id="322" dir="0" index="0" bw="1" slack="1"/>
<pin id="323" dir="1" index="1" bw="1" slack="2147483647"/>
</pin_list>
<bind>
<opset="exitcond_flatten "/>
</bind>
</comp>

<comp id="325" class="1005" name="indvar_flatten_next_reg_325">
<pin_list>
<pin id="326" dir="0" index="0" bw="4" slack="0"/>
<pin id="327" dir="1" index="1" bw="4" slack="0"/>
</pin_list>
<bind>
<opset="indvar_flatten_next "/>
</bind>
</comp>

<comp id="330" class="1005" name="j_mid2_reg_330">
<pin_list>
<pin id="331" dir="0" index="0" bw="2" slack="2"/>
<pin id="332" dir="1" index="1" bw="2" slack="2"/>
</pin_list>
<bind>
<opset="j_mid2 "/>
</bind>
</comp>

<comp id="335" class="1005" name="i_mid2_reg_335">
<pin_list>
<pin id="336" dir="0" index="0" bw="2" slack="0"/>
<pin id="337" dir="1" index="1" bw="2" slack="0"/>
</pin_list>
<bind>
<opset="i_mid2 "/>
</bind>
</comp>

<comp id="342" class="1005" name="a_addr_reg_342">
<pin_list>
<pin id="343" dir="0" index="0" bw="2" slack="1"/>
<pin id="344" dir="1" index="1" bw="2" slack="1"/>
</pin_list>
<bind>
<opset="a_addr "/>
</bind>
</comp>

<comp id="347" class="1005" name="b_addr_reg_347">
<pin_list>
<pin id="348" dir="0" index="0" bw="2" slack="1"/>
<pin id="349" dir="1" index="1" bw="2" slack="1"/>
</pin_list>
<bind>
<opset="b_addr "/>
</bind>
</comp>

<comp id="352" class="1005" name="j_1_reg_352">
<pin_list>
<pin id="353" dir="0" index="0" bw="2" slack="0"/>
<pin id="354" dir="1" index="1" bw="2" slack="0"/>
</pin_list>
<bind>
<opset="j_1 "/>
</bind>
</comp>

<comp id="357" class="1005" name="tmp_8_2_reg_357">
<pin_list>
<pin id="358" dir="0" index="0" bw="16" slack="1"/>
<pin id="359" dir="1" index="1" bw="16" slack="1"/>
</pin_list>
<bind>
<opset="tmp_8_2 "/>
</bind>
</comp>

</comp_list>

<net_list>
<net id="65"><net_src comp="0" pin="0"/><net_sink comp="60" pin=0"/></net>

<net id="66"><net_src comp="24" pin="0"/><net_sink comp="60" pin=1"/></net>

<net id="71"><net_src comp="60" pin="3"/><net_sink comp="67" pin=0"/></net>

<net id="77"><net_src comp="2" pin="0"/><net_sink comp="72" pin=0"/></net>

<net id="78"><net_src comp="24" pin="0"/><net_sink comp="72" pin=1"/></net>

<net id="83"><net_src comp="72" pin="3"/><net_sink comp="79" pin=0"/></net>

<net id="89"><net_src comp="4" pin="0"/><net_sink comp="84" pin=0"/></net>

<net id="90"><net_src comp="24" pin="0"/><net_sink comp="84" pin=1"/></net>

<net id="95"><net_src comp="84" pin="3"/><net_sink comp="91" pin=0"/></net>

<net id="99"><net_src comp="12" pin="0"/><net_sink comp="96" pin=0"/></net>

<net id="106"><net_src comp="96" pin="1"/><net_sink comp="100" pin=0"/></net>

<net id="110"><net_src comp="14" pin="0"/><net_sink comp="107" pin=0"/></net>

<net id="117"><net_src comp="107" pin="1"/><net_sink comp="111" pin=0"/></net>

<net id="121"><net_src comp="14" pin="0"/><net_sink comp="118" pin=0"/></net>

<net id="128"><net_src comp="118" pin="1"/><net_sink comp="122" pin=0"/></net>

<net id="133"><net_src comp="100" pin="4"/><net_sink comp="129" pin=0"/></net>

<net id="134"><net_src comp="16" pin="0"/><net_sink comp="129" pin=1"/></net>

<net id="139"><net_src comp="100" pin="4"/><net_sink comp="135" pin=0"/></net>

<net id="140"><net_src comp="18" pin="0"/><net_sink comp="135" pin=1"/></net>

<net id="145"><net_src comp="20" pin="0"/><net_sink comp="141" pin=0"/></net>

<net id="146"><net_src comp="111" pin="4"/><net_sink comp="141" pin=1"/></net>

<net id="151"><net_src comp="122" pin="4"/><net_sink comp="147" pin=0"/></net>

<net id="152"><net_src comp="22" pin="0"/><net_sink comp="147" pin=1"/></net>

<net id="158"><net_src comp="147" pin="2"/><net_sink comp="153" pin=0"/></net>

<net id="159"><net_src comp="14" pin="0"/><net_sink comp="153" pin=1"/></net>

<net id="160"><net_src comp="122" pin="4"/><net_sink comp="153" pin=2"/></net>

<net id="166"><net_src comp="147" pin="2"/><net_sink comp="161" pin=0"/></net>

<net id="167"><net_src comp="141" pin="2"/><net_sink comp="161" pin=1"/></net>

<net id="168"><net_src comp="111" pin="4"/><net_sink comp="161" pin=2"/></net>

<net id="172"><net_src comp="161" pin="3"/><net_sink comp="169" pin=0"/></net>

<net id="173"><net_src comp="169" pin="1"/><net_sink comp="60" pin=2"/></net>

<net id="177"><net_src comp="153" pin="3"/><net_sink comp="174" pin=0"/></net>

<net id="178"><net_src comp="174" pin="1"/><net_sink comp="72" pin=2"/></net>

<net id="183"><net_src comp="20" pin="0"/><net_sink comp="179" pin=0"/></net>

<net id="184"><net_src comp="153" pin="3"/><net_sink comp="179" pin=1"/></net>

<net id="188"><net_src comp="67" pin="2"/><net_sink comp="185" pin=0"/></net>

<net id="192"><net_src comp="185" pin="1"/><net_sink comp="189" pin=0"/></net>

<net id="196"><net_src comp="79" pin="2"/><net_sink comp="193" pin=0"/></net>

<net id="200"><net_src comp="193" pin="1"/><net_sink comp="197" pin=0"/></net>

<net id="205"><net_src comp="189" pin="1"/><net_sink comp="201" pin=0"/></net>

<net id="206"><net_src comp="197" pin="1"/><net_sink comp="201" pin=1"/></net>

<net id="213"><net_src comp="26" pin="0"/><net_sink comp="207" pin=0"/></net>

<net id="214"><net_src comp="67" pin="2"/><net_sink comp="207" pin=1"/></net>

<net id="215"><net_src comp="28" pin="0"/><net_sink comp="207" pin=2"/></net>

<net id="216"><net_src comp="30" pin="0"/><net_sink comp="207" pin=3"/></net>

<net id="220"><net_src comp="207" pin="4"/><net_sink comp="217" pin=0"/></net>

<net id="227"><net_src comp="26" pin="0"/><net_sink comp="221" pin=0"/></net>

<net id="228"><net_src comp="79" pin="2"/><net_sink comp="221" pin=1"/></net>

<net id="229"><net_src comp="28" pin="0"/><net_sink comp="221" pin=2"/></net>

<net id="230"><net_src comp="30" pin="0"/><net_sink comp="221" pin=3"/></net>

<net id="234"><net_src comp="221" pin="4"/><net_sink comp="231" pin=0"/></net>

<net id="239"><net_src comp="217" pin="1"/><net_sink comp="235" pin=0"/></net>

<net id="240"><net_src comp="231" pin="1"/><net_sink comp="235" pin=1"/></net>

<net id="247"><net_src comp="26" pin="0"/><net_sink comp="241" pin=0"/></net>

<net id="248"><net_src comp="67" pin="2"/><net_sink comp="241" pin=1"/></net>

<net id="249"><net_src comp="32" pin="0"/><net_sink comp="241" pin=2"/></net>

<net id="250"><net_src comp="34" pin="0"/><net_sink comp="241" pin=3"/></net>

<net id="254"><net_src comp="241" pin="4"/><net_sink comp="251" pin=0"/></net>

<net id="261"><net_src comp="26" pin="0"/><net_sink comp="255" pin=0"/></net>

<net id="262"><net_src comp="79" pin="2"/><net_sink comp="255" pin=1"/></net>

<net id="263"><net_src comp="32" pin="0"/><net_sink comp="255" pin=2"/></net>

<net id="264"><net_src comp="34" pin="0"/><net_sink comp="255" pin=3"/></net>

<net id="268"><net_src comp="255" pin="4"/><net_sink comp="265" pin=0"/></net>

<net id="273"><net_src comp="251" pin="1"/><net_sink comp="269" pin=0"/></net>

<net id="274"><net_src comp="265" pin="1"/><net_sink comp="269" pin=1"/></net>

<net id="279"><net_src comp="201" pin="2"/><net_sink comp="275" pin=0"/></net>

<net id="280"><net_src comp="269" pin="2"/><net_sink comp="275" pin=1"/></net>

<net id="285"><net_src comp="275" pin="2"/><net_sink comp="281" pin=0"/></net>

<net id="286"><net_src comp="235" pin="2"/><net_sink comp="281" pin=1"/></net>

<net id="295"><net_src comp="44" pin="0"/><net_sink comp="290" pin=0"/></net>

<net id="296"><net_src comp="14" pin="0"/><net_sink comp="290" pin=2"/></net>

<net id="300"><net_src comp="290" pin="3"/><net_sink comp="297" pin=0"/></net>

<net id="305"><net_src comp="297" pin="1"/><net_sink comp="301" pin=0"/></net>

<net id="306"><net_src comp="287" pin="1"/><net_sink comp="301" pin=1"/></net>

<net id="314"><net_src comp="307" pin="1"/><net_sink comp="310" pin=0"/></net>

<net id="315"><net_src comp="301" pin="2"/><net_sink comp="310" pin=1"/></net>

<net id="319"><net_src comp="310" pin="2"/><net_sink comp="316" pin=0"/></net>

<net id="320"><net_src comp="316" pin="1"/><net_sink comp="84" pin=2"/></net>

<net id="324"><net_src comp="129" pin="2"/><net_sink comp="321" pin=0"/></net>

<net id="328"><net_src comp="135" pin="2"/><net_sink comp="325" pin=0"/></net>

<net id="329"><net_src comp="325" pin="1"/><net_sink comp="100" pin=2"/></net>

<net id="333"><net_src comp="153" pin="3"/><net_sink comp="330" pin=0"/></net>

<net id="334"><net_src comp="330" pin="1"/><net_sink comp="307" pin=0"/></net>

<net id="338"><net_src comp="161" pin="3"/><net_sink comp="335" pin=0"/></net>

<net id="339"><net_src comp="335" pin="1"/><net_sink comp="111" pin=2"/></net>

<net id="340"><net_src comp="335" pin="1"/><net_sink comp="287" pin=0"/></net>

<net id="341"><net_src comp="335" pin="1"/><net_sink comp="290" pin=1"/></net>

<net id="345"><net_src comp="60" pin="3"/><net_sink comp="342" pin=0"/></net>

<net id="346"><net_src comp="342" pin="1"/><net_sink comp="67" pin=0"/></net>

<net id="350"><net_src comp="72" pin="3"/><net_sink comp="347" pin=0"/></net>

<net id="351"><net_src comp="347" pin="1"/><net_sink comp="79" pin=0"/></net>

<net id="355"><net_src comp="179" pin="2"/><net_sink comp="352" pin=0"/></net>

<net id="356"><net_src comp="352" pin="1"/><net_sink comp="122" pin=2"/></net>

<net id="360"><net_src comp="281" pin="2"/><net_sink comp="357" pin=0"/></net>

<net id="361"><net_src comp="357" pin="1"/><net_sink comp="91" pin=1"/></net>

</net_list>

</model> 
---------------- Datapath Model END ------------------

* FSMD analyzer results:
  - Output states:
  - Chain level:
	State 1
	State 2
		exitcond_flatten : 1
		indvar_flatten_next : 1
		stg_16 : 2
		i_1 : 1
		exitcond : 1
		j_mid2 : 2
		i_mid2 : 2
		tmp : 3
		tmp_2 : 3
		a_addr : 4
		a_load : 5
		b_addr : 4
		b_load : 5
		j_1 : 3
	State 3
		tmp_12 : 1
		tmp_s : 2
		tmp_13 : 1
		tmp_4 : 2
		tmp_7 : 3
		tmp_9 : 1
		tmp_5_1 : 2
		tmp_8 : 1
		tmp_6_1 : 2
		tmp_7_1 : 3
		tmp_10 : 1
		tmp_5_2 : 2
		tmp_11 : 1
		tmp_6_2 : 2
		tmp_7_2 : 3
		tmp1 : 4
		tmp_8_2 : 5
	State 4
		p_shl_cast : 1
		tmp_5 : 2
		tmp_6 : 3
		tmp_13_cast : 4
		res_addr : 5
		stg_61 : 6
		empty_4 : 1
	State 5


============================================================
+ Verbose Summary: Datapath Resource usage 
============================================================

* Functional unit list:
|----------|----------------------------|---------|---------|---------|
| Operation|       Functional Unit      |  DSP48E |    FF   |   LUT   |
|----------|----------------------------|---------|---------|---------|
|          | indvar_flatten_next_fu_135 |    0    |    0    |    4    |
|          |         i_1_fu_141         |    0    |    0    |    2    |
|    add   |         j_1_fu_179         |    0    |    0    |    2    |
|          |         tmp1_fu_275        |    0    |    0    |    8    |
|          |       tmp_8_2_fu_281       |    0    |    0    |    8    |
|          |        tmp_6_fu_310        |    0    |    0    |    8    |
|----------|----------------------------|---------|---------|---------|
|    sub   |        tmp_5_fu_301        |    0    |    0    |    8    |
|----------|----------------------------|---------|---------|---------|
|  select  |        j_mid2_fu_153       |    0    |    0    |    2    |
|          |        i_mid2_fu_161       |    0    |    0    |    2    |
|----------|----------------------------|---------|---------|---------|
|   icmp   |   exitcond_flatten_fu_129  |    0    |    0    |    2    |
|          |       exitcond_fu_147      |    0    |    0    |    1    |
|----------|----------------------------|---------|---------|---------|
|          |        tmp_7_fu_201        |    1    |    0    |    0    |
|    mul   |       tmp_7_1_fu_235       |    1    |    0    |    0    |
|          |       tmp_7_2_fu_269       |    1    |    0    |    0    |
|----------|----------------------------|---------|---------|---------|
|          |         tmp_fu_169         |    0    |    0    |    0    |
|          |        tmp_2_fu_174        |    0    |    0    |    0    |
|   zext   |       tmp_cast_fu_287      |    0    |    0    |    0    |
|          |      p_shl_cast_fu_297     |    0    |    0    |    0    |
|          |      tmp_2_cast_fu_307     |    0    |    0    |    0    |
|----------|----------------------------|---------|---------|---------|
|   trunc  |        tmp_12_fu_185       |    0    |    0    |    0    |
|          |        tmp_13_fu_193       |    0    |    0    |    0    |
|----------|----------------------------|---------|---------|---------|
|          |        tmp_s_fu_189        |    0    |    0    |    0    |
|          |        tmp_4_fu_197        |    0    |    0    |    0    |
|          |       tmp_5_1_fu_217       |    0    |    0    |    0    |
|   sext   |       tmp_6_1_fu_231       |    0    |    0    |    0    |
|          |       tmp_5_2_fu_251       |    0    |    0    |    0    |
|          |       tmp_6_2_fu_265       |    0    |    0    |    0    |
|          |     tmp_13_cast_fu_316     |    0    |    0    |    0    |
|----------|----------------------------|---------|---------|---------|
|          |        tmp_9_fu_207        |    0    |    0    |    0    |
|partselect|        tmp_8_fu_221        |    0    |    0    |    0    |
|          |        tmp_10_fu_241       |    0    |    0    |    0    |
|          |        tmp_11_fu_255       |    0    |    0    |    0    |
|----------|----------------------------|---------|---------|---------|
|bitconcatenate|        tmp_1_fu_290        |    0    |    0    |    0    |
|----------|----------------------------|---------|---------|---------|
|   Total  |                            |    3    |    0    |    47   |
|----------|----------------------------|---------|---------|---------|

Memories:
N/A

* Register list:
+---------------------------+--------+
|                           |   FF   |
+---------------------------+--------+
|       a_addr_reg_342      |    2   |
|       b_addr_reg_347      |    2   |
|  exitcond_flatten_reg_321 |    1   |
|       i_mid2_reg_335      |    2   |
|         i_reg_107         |    2   |
|indvar_flatten_next_reg_325|    4   |
|   indvar_flatten_reg_96   |    4   |
|        j_1_reg_352        |    2   |
|       j_mid2_reg_330      |    2   |
|         j_reg_118         |    2   |
|      tmp_8_2_reg_357      |   16   |
+---------------------------+--------+
|           Total           |   39   |
+---------------------------+--------+

* Multiplexer (MUX) list: 
|------------------|------|------|------|--------||---------||---------|
|       Comp       |  Pin | Size |  BW  | S x BW ||  Delay  ||   LUT   |
|------------------|------|------|------|--------||---------||---------|
| grp_access_fu_67 |  p0  |   2  |   2  |    4   ||    2    |
| grp_access_fu_79 |  p0  |   2  |   2  |    4   ||    2    |
|------------------|------|------|------|--------||---------||---------|
|       Total      |      |      |      |    8   ||   2.17  ||    4    |
|------------------|------|------|------|--------||---------||---------|



* Summary:
+-----------+--------+--------+--------+--------+
|           | DSP48E |  Delay |   FF   |   LUT  |
+-----------+--------+--------+--------+--------+
|  Function |    3   |    -   |    0   |   47   |
|   Memory  |    -   |    -   |    -   |    -   |
|Multiplexer|    -   |    2   |    -   |    4   |
|  Register |    -   |    -   |   39   |    -   |
+-----------+--------+--------+--------+--------+
|   Total   |    3   |    2   |   39   |   51   |
+-----------+--------+--------+--------+--------+
