@I [HLS-0] Workspace /home/ctnguyen/work/tut_vivadohls/Vivado_HLS_Tutorial/Interface_Synthesis/lab4/axi_interfaces_prj/solution1 opened at Wed Jun 29 18:41:35 CEST 2016
@I [HLS-100] Command "config_clock -quiet -name default -period 4 -default=false "
@I [SYN-201] Setting up clock 'default' with a period of 4ns.
@I [HLS-100] Command 'config_clock' returned 0; elapsed 0.01Total elapsed time: 0.581 sec.
@I [HLS-100] Command "open_platform DefaultPlatform "
@I [HLS-100] Command 'open_platform' returned 0; elapsed 0Total elapsed time: 0.582 sec.
@I [HLS-100] Command "import_lib /opt/Xilinx/Vivado_HLS/2015.3/common/technology/xilinx/kintex7/kintex7 "
@I [HLS-100] Command "source /opt/Xilinx/Vivado_HLS/2015.3/common/technology/xilinx/common/xilinx.lib "
@I [HLS-100] Command "source /opt/Xilinx/Vivado_HLS/2015.3/common/technology/xilinx/interface/xilinx_interface.lib "
@I [HLS-100] Command "source /opt/Xilinx/Vivado_HLS/2015.3/common/technology/xilinx/interface/plb46.lib "
@I [HLS-100] Command 'ap_source' returned 0; elapsed 0Total elapsed time: 0.584 sec.
@I [HLS-100] Command "source /opt/Xilinx/Vivado_HLS/2015.3/common/technology/xilinx/interface/fsl.lib "
@I [HLS-100] Command 'ap_source' returned 0; elapsed 0Total elapsed time: 0.584 sec.
@I [HLS-100] Command "source /opt/Xilinx/Vivado_HLS/2015.3/common/technology/xilinx/interface/axi4.lib "
@I [HLS-100] Command 'ap_source' returned 0; elapsed 0Total elapsed time: 0.590 sec.
@I [HLS-100] Command "source /opt/Xilinx/Vivado_HLS/2015.3/common/technology/xilinx/interface/maxi.lib "
@I [HLS-100] Command 'ap_source' returned 0; elapsed 0Total elapsed time: 0.590 sec.
@I [HLS-100] Command "source /opt/Xilinx/Vivado_HLS/2015.3/common/technology/xilinx/interface/saxilite.lib "
@I [HLS-100] Command 'ap_source' returned 0; elapsed 0Total elapsed time: 0.590 sec.
@I [HLS-100] Command 'ap_source' returned 0; elapsed 0Total elapsed time: 0.590 sec.
@I [HLS-100] Command "source /opt/Xilinx/Vivado_HLS/2015.3/common/technology/xilinx/common/dsp48.lib "
@I [HLS-100] Command 'ap_source' returned 0; elapsed 0Total elapsed time: 0.591 sec.
@I [HLS-100] Command "source /opt/Xilinx/Vivado_HLS/2015.3/common/technology/xilinx/ip/dds_compiler.lib "
@I [HLS-100] Command 'ap_source' returned 0; elapsed 0Total elapsed time: 0.591 sec.
@I [HLS-100] Command "source /opt/Xilinx/Vivado_HLS/2015.3/common/technology/xilinx/ip/xfft.lib "
@I [HLS-100] Command 'ap_source' returned 0; elapsed 0Total elapsed time: 0.591 sec.
@I [HLS-100] Command "source /opt/Xilinx/Vivado_HLS/2015.3/common/technology/xilinx/ip/xfir.lib "
@I [HLS-100] Command 'ap_source' returned 0; elapsed 0Total elapsed time: 0.591 sec.
@I [HLS-100] Command 'ap_source' returned 0; elapsed 0Total elapsed time: 0.594 sec.
@I [HLS-100] Command "source /opt/Xilinx/Vivado_HLS/2015.3/common/technology/xilinx/common/xilinx_old.lib "
@I [HLS-100] Command 'ap_source' returned 0; elapsed 0Total elapsed time: 0.596 sec.
@I [HLS-100] Command "source /opt/Xilinx/Vivado_HLS/2015.3/common/technology/xilinx/common/xilinx_vivado.lib "
@I [HLS-100] Command 'ap_source' returned 0; elapsed 0Total elapsed time: 0.597 sec.
@I [HLS-100] Command "source /opt/Xilinx/Vivado_HLS/2015.3/common/technology/xilinx/common/xilinx.hlp "
@I [HLS-100] Command "source /opt/Xilinx/Vivado_HLS/2015.3/common/technology/xilinx/common/target_info.tcl "
@I [HLS-100] Command 'ap_source' returned 0; elapsed 0Total elapsed time: 0.600 sec.
@I [HLS-100] Command "source /opt/Xilinx/Vivado_HLS/2015.3/common/technology/xilinx/interface/xilinx_interface.hlp "
@I [HLS-100] Command "source /opt/Xilinx/Vivado_HLS/2015.3/common/technology/xilinx/interface/maxi.hlp "
@I [HLS-100] Command 'ap_source' returned 0; elapsed 0Total elapsed time: 0.600 sec.
@I [HLS-100] Command "source /opt/Xilinx/Vivado_HLS/2015.3/common/technology/xilinx/interface/saxilite.hlp "
@I [HLS-100] Command 'ap_source' returned 0; elapsed 0Total elapsed time: 0.600 sec.
@I [HLS-100] Command 'ap_source' returned 0; elapsed 0Total elapsed time: 0.600 sec.
@I [HLS-100] Command "source /opt/Xilinx/Vivado_HLS/2015.3/common/technology/xilinx/common/dsp48.hlp "
@I [HLS-100] Command 'ap_source' returned 0; elapsed 0Total elapsed time: 0.601 sec.
@I [HLS-100] Command 'ap_source' returned 0; elapsed 0.01Total elapsed time: 0.602 sec.
@I [HLS-100] Command "source /opt/Xilinx/Vivado_HLS/2015.3/common/technology/xilinx/kintex7/dsp48e1.hlp "
@I [HLS-100] Command 'ap_source' returned 0; elapsed 0Total elapsed time: 0.602 sec.
@I [HLS-100] Command "get_default_platform "
@I [HLS-100] Command 'get_default_platform' returned 0; elapsed 0Total elapsed time: 0.602 sec.
@I [HLS-100] Command "config_chip_info -quiet -resource  {SLICE 50950} {LUT 203800}    {FF 407600} {DSP48E 840}    {BRAM 890}  "
@I [HLS-100] Command 'config_chip_info' returned 0; elapsed 0Total elapsed time: 0.602 sec.
@I [HLS-100] Command "config_chip_info -quiet -speed medium "
@I [HLS-100] Command 'config_chip_info' returned 0; elapsed 0Total elapsed time: 0.602 sec.
@I [HLS-100] Command 'import_lib' returned 0; elapsed 0.01Total elapsed time: 0.604 sec.
@I [HLS-100] Command "source /opt/Xilinx/Vivado_HLS/2015.3/common/technology/xilinx/kintex7/kintex7.gen "
@I [HLS-100] Command "source /opt/Xilinx/Vivado_HLS/2015.3/common/technology/xilinx/common/virtex.gen "
@I [HLS-100] Command "source /opt/Xilinx/Vivado_HLS/2015.3/common/technology/xilinx/common/xilinx.gen "
@I [HLS-100] Command "source /opt/Xilinx/Vivado_HLS/2015.3/common/technology/xilinx/interface/plb46.gen "
@I [HLS-100] Command 'ap_source' returned 0; elapsed 0Total elapsed time: 0.606 sec.
@I [HLS-100] Command "source /opt/Xilinx/Vivado_HLS/2015.3/common/technology/xilinx/interface/fsl.gen "
@I [HLS-100] Command 'ap_source' returned 0; elapsed 0Total elapsed time: 0.606 sec.
@I [HLS-100] Command "source /opt/Xilinx/Vivado_HLS/2015.3/common/technology/xilinx/interface/axi4.gen "
@I [HLS-100] Command 'ap_source' returned 0; elapsed 0Total elapsed time: 0.608 sec.
@I [HLS-100] Command "source /opt/Xilinx/Vivado_HLS/2015.3/common/technology/xilinx/interface/nativeAXI4.gen "
@I [HLS-100] Command "source /opt/Xilinx/Vivado_HLS/2015.3/common/technology/xilinx/interface/saxilite.gen "
@I [HLS-100] Command 'ap_source' returned 0; elapsed 0Total elapsed time: 0.612 sec.
@I [HLS-100] Command "source /opt/Xilinx/Vivado_HLS/2015.3/common/technology/xilinx/interface/maxi.gen "
@I [HLS-100] Command 'ap_source' returned 0; elapsed 0.01Total elapsed time: 0.619 sec.
@I [HLS-100] Command 'ap_source' returned 0; elapsed 0.01Total elapsed time: 0.619 sec.
@I [HLS-100] Command "source /opt/Xilinx/Vivado_HLS/2015.3/common/technology/xilinx/scripts/xilinxcoregen.gen "
@I [HLS-100] Command 'ap_source' returned 0; elapsed 0.01Total elapsed time: 0.628 sec.
@I [HLS-100] Command "source /opt/Xilinx/Vivado_HLS/2015.3/common/technology/xilinx/interface/XilEDKCoreGen.gen "
@I [HLS-100] Command 'ap_source' returned 0; elapsed 0.01Total elapsed time: 0.636 sec.
@I [HLS-100] Command "source /opt/Xilinx/Vivado_HLS/2015.3/common/technology/xilinx/ip/xfft.gen "
@I [HLS-100] Command 'ap_source' returned 0; elapsed 0.12Total elapsed time: 0.756 sec.
@I [HLS-100] Command "source /opt/Xilinx/Vivado_HLS/2015.3/common/technology/xilinx/ip/xfir.gen "
@I [HLS-100] Command "source /opt/Xilinx/Vivado_HLS/2015.3/tps/tcl/tcllib1.11.1/struct/list.tcl "
@I [HLS-100] Command "source /opt/Xilinx/Vivado_HLS/2015.3/tps/tcl/tcllib1.11.1/cmdline/cmdline.tcl "
@I [HLS-100] Command 'ap_source' returned 0; elapsed 0Total elapsed time: 0.772 sec.
@I [HLS-100] Command 'ap_source' returned 0; elapsed 0Total elapsed time: 0.773 sec.
@I [HLS-100] Command "source /opt/Xilinx/Vivado_HLS/2015.3/tps/tcl/tcllib1.11.1/math/bignum.tcl "
@I [HLS-100] Command 'ap_source' returned 0; elapsed 0Total elapsed time: 0.784 sec.
@I [HLS-100] Command 'ap_source' returned 0; elapsed 0.03Total elapsed time: 0.791 sec.
@I [HLS-100] Command "source /opt/Xilinx/Vivado_HLS/2015.3/common/technology/xilinx/ip/dds_compiler.gen "
@I [HLS-100] Command 'ap_source' returned 0; elapsed 0Total elapsed time: 0.794 sec.
@I [HLS-100] Command "source /opt/Xilinx/Vivado_HLS/2015.3/common/technology/xilinx/ip/util.gen "
@I [HLS-100] Command 'ap_source' returned 0; elapsed 0Total elapsed time: 0.794 sec.
@I [HLS-100] Command 'ap_source' returned 0; elapsed 0.18Total elapsed time: 0.794 sec.
@I [HLS-100] Command "source /opt/Xilinx/Vivado_HLS/2015.3/common/technology/xilinx/common/dsp48.gen "
@I [HLS-100] Command 'ap_source' returned 0; elapsed 0Total elapsed time: 0.796 sec.
@I [HLS-100] Command 'ap_source' returned 0; elapsed 0.18Total elapsed time: 0.796 sec.
@I [HLS-100] Command 'ap_source' returned 0; elapsed 0.18Total elapsed time: 0.796 sec.
@I [HLS-100] Command "open_platform DefaultPlatform "
@I [HLS-100] Command 'open_platform' returned 0; elapsed 0Total elapsed time: 0.796 sec.
@I [HLS-100] Command "import_lib /opt/Xilinx/Vivado_HLS/2015.3/common/technology/xilinx/kintex7/kintex7_fpv6 "
@I [HLS-100] Command "source /opt/Xilinx/Vivado_HLS/2015.3/common/technology/xilinx/common/xilinx_fpv7.lib "
@I [HLS-100] Command "source /opt/Xilinx/Vivado_HLS/2015.3/common/technology/xilinx/common/xilinx_hp.lib "
@I [HLS-100] Command 'ap_source' returned 0; elapsed 0Total elapsed time: 0.798 sec.
@I [HLS-100] Command 'ap_source' returned 0; elapsed 0.01Total elapsed time: 0.801 sec.
@I [HLS-100] Command "source /opt/Xilinx/Vivado_HLS/2015.3/common/technology/xilinx/common/xilinx_fpv.hlp "
@I [HLS-100] Command "source /opt/Xilinx/Vivado_HLS/2015.3/common/technology/xilinx/common/xilinx.hlp "
@I [HLS-100] Command "source /opt/Xilinx/Vivado_HLS/2015.3/common/technology/xilinx/common/target_info.tcl "
@I [HLS-100] Command 'ap_source' returned 0; elapsed 0Total elapsed time: 0.807 sec.
@I [HLS-100] Command "source /opt/Xilinx/Vivado_HLS/2015.3/common/technology/xilinx/interface/xilinx_interface.hlp "
@I [HLS-100] Command "source /opt/Xilinx/Vivado_HLS/2015.3/common/technology/xilinx/interface/maxi.hlp "
@I [HLS-100] Command 'ap_source' returned 0; elapsed 0Total elapsed time: 0.807 sec.
@I [HLS-100] Command "source /opt/Xilinx/Vivado_HLS/2015.3/common/technology/xilinx/interface/saxilite.hlp "
@I [HLS-100] Command 'ap_source' returned 0; elapsed 0Total elapsed time: 0.807 sec.
@I [HLS-100] Command 'ap_source' returned 0; elapsed 0Total elapsed time: 0.807 sec.
@I [HLS-100] Command "source /opt/Xilinx/Vivado_HLS/2015.3/common/technology/xilinx/common/dsp48.hlp "
@I [HLS-100] Command 'ap_source' returned 0; elapsed 0Total elapsed time: 0.808 sec.
@I [HLS-100] Command 'ap_source' returned 0; elapsed 0Total elapsed time: 0.808 sec.
@I [HLS-100] Command 'ap_source' returned 0; elapsed 0Total elapsed time: 0.809 sec.
@I [HLS-100] Command "source /opt/Xilinx/Vivado_HLS/2015.3/common/technology/xilinx/kintex7/kintex7_hp.hlp "
@I [HLS-100] Command 'ap_source' returned 0; elapsed 0.01Total elapsed time: 0.810 sec.
@I [HLS-100] Command 'import_lib' returned 0; elapsed 0.03Total elapsed time: 0.815 sec.
@I [HLS-100] Command "source /opt/Xilinx/Vivado_HLS/2015.3/common/technology/xilinx/kintex7/kintex7_fpv6.gen "
@I [HLS-100] Command "source /opt/Xilinx/Vivado_HLS/2015.3/common/technology/xilinx/common/xilinx_fpv6.gen "
@I [HLS-100] Command 'ap_source' returned 0; elapsed 0Total elapsed time: 0.817 sec.
@I [HLS-100] Command 'ap_source' returned 0; elapsed 0Total elapsed time: 0.817 sec.
@I [HLS-100] Command "set_part xc7k160tfbg484-1 "
@I [HLS-100] Command "add_library xilinx/kintex7/kintex7:xc7k160t:fbg484:-1 "
@I [HLS-100] Command "get_default_platform "
@I [HLS-100] Command 'get_default_platform' returned 0; elapsed 0Total elapsed time: 0.821 sec.
@I [HLS-100] Command "license_exists VIVADO_HLS "
@I [HLS-100] Command 'license_exists' returned 1; elapsed 0Total elapsed time: 0.832 sec.
@I [HLS-100] Command "license_exists ap_opencl "
@I [HLS-100] Command 'license_exists' returned 1; elapsed 0Total elapsed time: 0.843 sec.
@I [HLS-100] Command "license_exists ap_sdsoc "
@I [HLS-100] Command 'license_exists' returned 1; elapsed 0.01Total elapsed time: 0.857 sec.
@I [HLS-100] Command "license_exists AUTOESL_NI "
@I [HLS-100] Command 'license_exists' returned 1; elapsed 0Total elapsed time: 0.867 sec.
@I [HLS-100] Command "license_exists HLS "
@I [HLS-100] Command 'license_exists' returned 0; elapsed 0Total elapsed time: 0.867 sec.
@I [HLS-100] Command "open_platform DefaultPlatform "
@I [HLS-100] Command 'open_platform' returned 0; elapsed 0Total elapsed time: 0.868 sec.
@I [HLS-100] Command "import_lib /opt/Xilinx/Vivado_HLS/2015.3/common/technology/xilinx/kintex7/kintex7 "
@I [HLS-100] Command "source /opt/Xilinx/Vivado_HLS/2015.3/common/technology/xilinx/common/xilinx.lib "
@I [HLS-100] Command "source /opt/Xilinx/Vivado_HLS/2015.3/common/technology/xilinx/interface/xilinx_interface.lib "
@I [HLS-100] Command "source /opt/Xilinx/Vivado_HLS/2015.3/common/technology/xilinx/interface/plb46.lib "
@I [HLS-100] Command 'ap_source' returned 0; elapsed 0Total elapsed time: 0.868 sec.
@I [HLS-100] Command "source /opt/Xilinx/Vivado_HLS/2015.3/common/technology/xilinx/interface/fsl.lib "
@I [HLS-100] Command 'ap_source' returned 0; elapsed 0Total elapsed time: 0.869 sec.
@I [HLS-100] Command "source /opt/Xilinx/Vivado_HLS/2015.3/common/technology/xilinx/interface/axi4.lib "
@I [HLS-100] Command 'ap_source' returned 0; elapsed 0Total elapsed time: 0.869 sec.
@I [HLS-100] Command "source /opt/Xilinx/Vivado_HLS/2015.3/common/technology/xilinx/interface/maxi.lib "
@I [HLS-100] Command 'ap_source' returned 0; elapsed 0Total elapsed time: 0.869 sec.
@I [HLS-100] Command "source /opt/Xilinx/Vivado_HLS/2015.3/common/technology/xilinx/interface/saxilite.lib "
@I [HLS-100] Command 'ap_source' returned 0; elapsed 0Total elapsed time: 0.869 sec.
@I [HLS-100] Command 'ap_source' returned 0; elapsed 0Total elapsed time: 0.869 sec.
@I [HLS-100] Command "source /opt/Xilinx/Vivado_HLS/2015.3/common/technology/xilinx/common/dsp48.lib "
@I [HLS-100] Command 'ap_source' returned 0; elapsed 0Total elapsed time: 0.870 sec.
@I [HLS-100] Command "source /opt/Xilinx/Vivado_HLS/2015.3/common/technology/xilinx/ip/dds_compiler.lib "
@I [HLS-100] Command 'ap_source' returned 0; elapsed 0Total elapsed time: 0.870 sec.
@I [HLS-100] Command "source /opt/Xilinx/Vivado_HLS/2015.3/common/technology/xilinx/ip/xfft.lib "
@I [HLS-100] Command 'ap_source' returned 0; elapsed 0Total elapsed time: 0.870 sec.
@I [HLS-100] Command "source /opt/Xilinx/Vivado_HLS/2015.3/common/technology/xilinx/ip/xfir.lib "
@I [HLS-100] Command 'ap_source' returned 0; elapsed 0Total elapsed time: 0.870 sec.
@I [HLS-100] Command 'ap_source' returned 0; elapsed 0Total elapsed time: 0.872 sec.
@I [HLS-100] Command "source /opt/Xilinx/Vivado_HLS/2015.3/common/technology/xilinx/common/xilinx_old.lib "
@I [HLS-100] Command 'ap_source' returned 0; elapsed 0Total elapsed time: 0.874 sec.
@I [HLS-100] Command "source /opt/Xilinx/Vivado_HLS/2015.3/common/technology/xilinx/common/xilinx_vivado.lib "
@I [HLS-100] Command 'ap_source' returned 0; elapsed 0.01Total elapsed time: 0.875 sec.
@I [HLS-100] Command "source /opt/Xilinx/Vivado_HLS/2015.3/common/technology/xilinx/common/xilinx.hlp "
@I [HLS-100] Command "source /opt/Xilinx/Vivado_HLS/2015.3/common/technology/xilinx/common/target_info.tcl "
@I [HLS-100] Command 'ap_source' returned 0; elapsed 0Total elapsed time: 0.877 sec.
@I [HLS-100] Command "source /opt/Xilinx/Vivado_HLS/2015.3/common/technology/xilinx/interface/xilinx_interface.hlp "
@I [HLS-100] Command "source /opt/Xilinx/Vivado_HLS/2015.3/common/technology/xilinx/interface/maxi.hlp "
@I [HLS-100] Command 'ap_source' returned 0; elapsed 0Total elapsed time: 0.877 sec.
@I [HLS-100] Command "source /opt/Xilinx/Vivado_HLS/2015.3/common/technology/xilinx/interface/saxilite.hlp "
@I [HLS-100] Command 'ap_source' returned 0; elapsed 0Total elapsed time: 0.877 sec.
@I [HLS-100] Command 'ap_source' returned 0; elapsed 0Total elapsed time: 0.877 sec.
@I [HLS-100] Command "source /opt/Xilinx/Vivado_HLS/2015.3/common/technology/xilinx/common/dsp48.hlp "
@I [HLS-100] Command 'ap_source' returned 0; elapsed 0Total elapsed time: 0.878 sec.
@I [HLS-100] Command 'ap_source' returned 0; elapsed 0Total elapsed time: 0.879 sec.
@I [HLS-100] Command "source /opt/Xilinx/Vivado_HLS/2015.3/common/technology/xilinx/kintex7/dsp48e1.hlp "
@I [HLS-100] Command 'ap_source' returned 0; elapsed 0Total elapsed time: 0.879 sec.
@I [HLS-100] Command "get_default_platform "
@I [HLS-100] Command 'get_default_platform' returned 0; elapsed 0Total elapsed time: 0.879 sec.
@I [HLS-100] Command "config_chip_info -quiet -resource  {SLICE 50950} {LUT 203800}    {FF 407600} {DSP48E 840}    {BRAM 890}  "
@I [HLS-100] Command 'config_chip_info' returned 0; elapsed 0Total elapsed time: 0.879 sec.
@I [HLS-100] Command "config_chip_info -quiet -speed medium "
@I [HLS-100] Command 'config_chip_info' returned 0; elapsed 0Total elapsed time: 0.879 sec.
@I [HLS-100] Command 'import_lib' returned 0; elapsed 0.01Total elapsed time: 0.881 sec.
@I [HLS-100] Command "source /opt/Xilinx/Vivado_HLS/2015.3/common/technology/xilinx/kintex7/kintex7.gen "
@I [HLS-100] Command "source /opt/Xilinx/Vivado_HLS/2015.3/common/technology/xilinx/common/virtex.gen "
@I [HLS-100] Command "source /opt/Xilinx/Vivado_HLS/2015.3/common/technology/xilinx/common/xilinx.gen "
@I [HLS-100] Command "source /opt/Xilinx/Vivado_HLS/2015.3/common/technology/xilinx/interface/plb46.gen "
@I [HLS-100] Command 'ap_source' returned 0; elapsed 0Total elapsed time: 0.883 sec.
@I [HLS-100] Command "source /opt/Xilinx/Vivado_HLS/2015.3/common/technology/xilinx/interface/fsl.gen "
@I [HLS-100] Command 'ap_source' returned 0; elapsed 0Total elapsed time: 0.883 sec.
@I [HLS-100] Command "source /opt/Xilinx/Vivado_HLS/2015.3/common/technology/xilinx/interface/axi4.gen "
@I [HLS-100] Command 'ap_source' returned 0; elapsed 0.01Total elapsed time: 0.885 sec.
@I [HLS-100] Command "source /opt/Xilinx/Vivado_HLS/2015.3/common/technology/xilinx/interface/nativeAXI4.gen "
@I [HLS-100] Command "source /opt/Xilinx/Vivado_HLS/2015.3/common/technology/xilinx/interface/saxilite.gen "
@I [HLS-100] Command 'ap_source' returned 0; elapsed 0Total elapsed time: 0.889 sec.
@I [HLS-100] Command "source /opt/Xilinx/Vivado_HLS/2015.3/common/technology/xilinx/interface/maxi.gen "
@I [HLS-100] Command 'ap_source' returned 0; elapsed 0.01Total elapsed time: 0.895 sec.
@I [HLS-100] Command 'ap_source' returned 0; elapsed 0.01Total elapsed time: 0.895 sec.
@I [HLS-100] Command "source /opt/Xilinx/Vivado_HLS/2015.3/common/technology/xilinx/scripts/xilinxcoregen.gen "
@I [HLS-100] Command 'ap_source' returned 0; elapsed 0.01Total elapsed time: 0.903 sec.
@I [HLS-100] Command "source /opt/Xilinx/Vivado_HLS/2015.3/common/technology/xilinx/interface/XilEDKCoreGen.gen "
@I [HLS-100] Command 'ap_source' returned 0; elapsed 0.01Total elapsed time: 0.911 sec.
@I [HLS-100] Command "source /opt/Xilinx/Vivado_HLS/2015.3/common/technology/xilinx/ip/xfft.gen "
@I [HLS-100] Command 'ap_source' returned 0; elapsed 0.1Total elapsed time: 1.17 sec.
@I [HLS-100] Command "source /opt/Xilinx/Vivado_HLS/2015.3/common/technology/xilinx/ip/xfir.gen "
@I [HLS-100] Command 'ap_source' returned 0; elapsed 0.04Total elapsed time: 1.49 sec.
@I [HLS-100] Command "source /opt/Xilinx/Vivado_HLS/2015.3/common/technology/xilinx/ip/dds_compiler.gen "
@I [HLS-100] Command 'ap_source' returned 0; elapsed 0Total elapsed time: 1.53 sec.
@I [HLS-100] Command "source /opt/Xilinx/Vivado_HLS/2015.3/common/technology/xilinx/ip/util.gen "
@I [HLS-100] Command 'ap_source' returned 0; elapsed 0Total elapsed time: 1.53 sec.
@I [HLS-100] Command 'ap_source' returned 0; elapsed 0.18Total elapsed time: 1.53 sec.
@I [HLS-100] Command "source /opt/Xilinx/Vivado_HLS/2015.3/common/technology/xilinx/common/dsp48.gen "
@I [HLS-100] Command 'ap_source' returned 0; elapsed 0Total elapsed time: 1.54 sec.
@I [HLS-100] Command 'ap_source' returned 0; elapsed 0.18Total elapsed time: 1.54 sec.
@I [HLS-100] Command 'ap_source' returned 0; elapsed 0.18Total elapsed time: 1.55 sec.
@I [HLS-100] Command "get_default_platform "
@I [HLS-100] Command 'get_default_platform' returned 0; elapsed 0Total elapsed time: 1.55 sec.
@I [HLS-100] Command "config_chip_info -quiet -resource  {SLICE 25350} {LUT 101400}    {FF 202800} {DSP48E 600}    {BRAM 650}  "
@I [HLS-100] Command 'config_chip_info' returned 0; elapsed 0Total elapsed time: 1.55 sec.
@I [HLS-100] Command "config_chip_info -quiet -speed slow "
@I [HLS-100] Command 'config_chip_info' returned 0; elapsed 0Total elapsed time: 1.56 sec.
@I [HLS-100] Command 'add_library' returned 0; elapsed 0.2Total elapsed time: 1.57 sec.
@I [HLS-100] Command "add_library xilinx/kintex7/kintex7_fpv6 "
@I [HLS-100] Command "get_default_platform "
@I [HLS-100] Command 'get_default_platform' returned 0; elapsed 0Total elapsed time: 1.57 sec.
@I [HLS-100] Command "license_exists VIVADO_HLS "
@I [HLS-100] Command 'license_exists' returned 1; elapsed 0Total elapsed time: 1.73 sec.
@I [HLS-100] Command "license_exists ap_opencl "
@I [HLS-100] Command 'license_exists' returned 1; elapsed 0.01Total elapsed time: 1.84 sec.
@I [HLS-100] Command "license_exists ap_sdsoc "
@I [HLS-100] Command 'license_exists' returned 1; elapsed 0.01Total elapsed time: 1.98 sec.
@I [HLS-100] Command "license_exists AUTOESL_NI "
@I [HLS-100] Command 'license_exists' returned 1; elapsed 0Total elapsed time: 1.108 sec.
@I [HLS-100] Command "license_exists HLS "
@I [HLS-100] Command 'license_exists' returned 0; elapsed 0Total elapsed time: 1.108 sec.
@I [HLS-100] Command "open_platform DefaultPlatform "
@I [HLS-100] Command 'open_platform' returned 0; elapsed 0Total elapsed time: 1.108 sec.
@I [HLS-100] Command "import_lib /opt/Xilinx/Vivado_HLS/2015.3/common/technology/xilinx/kintex7/kintex7_fpv6 "
@I [HLS-100] Command "source /opt/Xilinx/Vivado_HLS/2015.3/common/technology/xilinx/common/xilinx_fpv7.lib "
@I [HLS-100] Command "source /opt/Xilinx/Vivado_HLS/2015.3/common/technology/xilinx/common/xilinx_hp.lib "
@I [HLS-100] Command 'ap_source' returned 0; elapsed 0Total elapsed time: 1.110 sec.
@I [HLS-100] Command 'ap_source' returned 0; elapsed 0.01Total elapsed time: 1.113 sec.
@I [HLS-100] Command "source /opt/Xilinx/Vivado_HLS/2015.3/common/technology/xilinx/common/xilinx_fpv.hlp "
@I [HLS-100] Command "source /opt/Xilinx/Vivado_HLS/2015.3/common/technology/xilinx/common/xilinx.hlp "
@I [HLS-100] Command "source /opt/Xilinx/Vivado_HLS/2015.3/common/technology/xilinx/common/target_info.tcl "
@I [HLS-100] Command 'ap_source' returned 0; elapsed 0Total elapsed time: 1.119 sec.
@I [HLS-100] Command "source /opt/Xilinx/Vivado_HLS/2015.3/common/technology/xilinx/interface/xilinx_interface.hlp "
@I [HLS-100] Command "source /opt/Xilinx/Vivado_HLS/2015.3/common/technology/xilinx/interface/maxi.hlp "
@I [HLS-100] Command 'ap_source' returned 0; elapsed 0Total elapsed time: 1.119 sec.
@I [HLS-100] Command "source /opt/Xilinx/Vivado_HLS/2015.3/common/technology/xilinx/interface/saxilite.hlp "
@I [HLS-100] Command 'ap_source' returned 0; elapsed 0Total elapsed time: 1.120 sec.
@I [HLS-100] Command 'ap_source' returned 0; elapsed 0Total elapsed time: 1.120 sec.
@I [HLS-100] Command "source /opt/Xilinx/Vivado_HLS/2015.3/common/technology/xilinx/common/dsp48.hlp "
@I [HLS-100] Command 'ap_source' returned 0; elapsed 0Total elapsed time: 1.121 sec.
@I [HLS-100] Command 'ap_source' returned 0; elapsed 0Total elapsed time: 1.121 sec.
@I [HLS-100] Command 'ap_source' returned 0; elapsed 0Total elapsed time: 1.121 sec.
@I [HLS-100] Command "source /opt/Xilinx/Vivado_HLS/2015.3/common/technology/xilinx/kintex7/kintex7_hp.hlp "
@I [HLS-100] Command 'ap_source' returned 0; elapsed 0Total elapsed time: 1.122 sec.
@I [HLS-100] Command 'import_lib' returned 0; elapsed 0.02Total elapsed time: 1.128 sec.
@I [HLS-100] Command "source /opt/Xilinx/Vivado_HLS/2015.3/common/technology/xilinx/kintex7/kintex7_fpv6.gen "
@I [HLS-100] Command "source /opt/Xilinx/Vivado_HLS/2015.3/common/technology/xilinx/common/xilinx_fpv6.gen "
@I [HLS-100] Command 'ap_source' returned 0; elapsed 0Total elapsed time: 1.130 sec.
@I [HLS-100] Command 'ap_source' returned 0; elapsed 0Total elapsed time: 1.130 sec.
@I [HLS-100] Command 'add_library' returned 0; elapsed 0.04Total elapsed time: 1.130 sec.
@I [HLS-10] Setting target device to 'xc7k160tfbg484-1'
@I [HLS-100] Command 'set_part' returned 0; elapsed 0.25Total elapsed time: 1.130 sec.
@I [HLS-100] Command "get_default_platform "
@I [HLS-100] Command 'get_default_platform' returned 0; elapsed 0Total elapsed time: 1.130 sec.
@I [HLS-100] Command "config_chip_info -quiet -resource  {SLICE 25350} {LUT 101400}    {FF 202800} {DSP48E 600}    {BRAM 650}  "
@I [HLS-100] Command 'config_chip_info' returned 0; elapsed 0Total elapsed time: 1.131 sec.
@I [HLS-100] Command "config_chip_info -quiet -speed slow "
@I [HLS-100] Command 'config_chip_info' returned 0; elapsed 0Total elapsed time: 1.131 sec.
@I [HLS-100] Command 'open_solution' returned 0; elapsed 0.48Total elapsed time: 1.132 sec.
@I [HLS-100] Command "set_part xc7k160tfbg484-1 "
@I [HLS-100] Command "add_library xilinx/kintex7/kintex7:xc7k160t:fbg484:-1 "
@I [HLS-100] Command "get_default_platform "
@I [HLS-100] Command 'get_default_platform' returned 0; elapsed 0Total elapsed time: 1.134 sec.
@I [HLS-100] Command "license_exists VIVADO_HLS "
@I [HLS-100] Command 'license_exists' returned 1; elapsed 0.01Total elapsed time: 1.151 sec.
@I [HLS-100] Command "license_exists ap_opencl "
@I [HLS-100] Command 'license_exists' returned 1; elapsed 0Total elapsed time: 1.162 sec.
@I [HLS-100] Command "license_exists ap_sdsoc "
@I [HLS-100] Command 'license_exists' returned 1; elapsed 0.01Total elapsed time: 1.172 sec.
@I [HLS-100] Command "license_exists AUTOESL_NI "
@I [HLS-100] Command 'license_exists' returned 1; elapsed 0.01Total elapsed time: 1.182 sec.
@I [HLS-100] Command "license_exists HLS "
@I [HLS-100] Command 'license_exists' returned 0; elapsed 0Total elapsed time: 1.182 sec.
@I [HLS-100] Command "open_platform DefaultPlatform "
@I [HLS-100] Command 'open_platform' returned 0; elapsed 0Total elapsed time: 1.182 sec.
@I [HLS-100] Command "import_lib /opt/Xilinx/Vivado_HLS/2015.3/common/technology/xilinx/kintex7/kintex7 "
@I [HLS-100] Command "source /opt/Xilinx/Vivado_HLS/2015.3/common/technology/xilinx/common/xilinx.lib "
@I [HLS-100] Command "source /opt/Xilinx/Vivado_HLS/2015.3/common/technology/xilinx/interface/xilinx_interface.lib "
@I [HLS-100] Command "source /opt/Xilinx/Vivado_HLS/2015.3/common/technology/xilinx/interface/plb46.lib "
@I [HLS-100] Command 'ap_source' returned 0; elapsed 0Total elapsed time: 1.183 sec.
@I [HLS-100] Command "source /opt/Xilinx/Vivado_HLS/2015.3/common/technology/xilinx/interface/fsl.lib "
@I [HLS-100] Command 'ap_source' returned 0; elapsed 0Total elapsed time: 1.183 sec.
@I [HLS-100] Command "source /opt/Xilinx/Vivado_HLS/2015.3/common/technology/xilinx/interface/axi4.lib "
@I [HLS-100] Command 'ap_source' returned 0; elapsed 0Total elapsed time: 1.183 sec.
@I [HLS-100] Command "source /opt/Xilinx/Vivado_HLS/2015.3/common/technology/xilinx/interface/maxi.lib "
@I [HLS-100] Command 'ap_source' returned 0; elapsed 0Total elapsed time: 1.184 sec.
@I [HLS-100] Command "source /opt/Xilinx/Vivado_HLS/2015.3/common/technology/xilinx/interface/saxilite.lib "
@I [HLS-100] Command 'ap_source' returned 0; elapsed 0Total elapsed time: 1.184 sec.
@I [HLS-100] Command 'ap_source' returned 0; elapsed 0Total elapsed time: 1.184 sec.
@I [HLS-100] Command "source /opt/Xilinx/Vivado_HLS/2015.3/common/technology/xilinx/common/dsp48.lib "
@I [HLS-100] Command 'ap_source' returned 0; elapsed 0Total elapsed time: 1.184 sec.
@I [HLS-100] Command "source /opt/Xilinx/Vivado_HLS/2015.3/common/technology/xilinx/ip/dds_compiler.lib "
@I [HLS-100] Command 'ap_source' returned 0; elapsed 0Total elapsed time: 1.185 sec.
@I [HLS-100] Command "source /opt/Xilinx/Vivado_HLS/2015.3/common/technology/xilinx/ip/xfft.lib "
@I [HLS-100] Command 'ap_source' returned 0; elapsed 0Total elapsed time: 1.185 sec.
@I [HLS-100] Command "source /opt/Xilinx/Vivado_HLS/2015.3/common/technology/xilinx/ip/xfir.lib "
@I [HLS-100] Command 'ap_source' returned 0; elapsed 0Total elapsed time: 1.185 sec.
@I [HLS-100] Command 'ap_source' returned 0; elapsed 0Total elapsed time: 1.187 sec.
@I [HLS-100] Command "source /opt/Xilinx/Vivado_HLS/2015.3/common/technology/xilinx/common/xilinx_old.lib "
@I [HLS-100] Command 'ap_source' returned 0; elapsed 0Total elapsed time: 1.189 sec.
@I [HLS-100] Command "source /opt/Xilinx/Vivado_HLS/2015.3/common/technology/xilinx/common/xilinx_vivado.lib "
@I [HLS-100] Command 'ap_source' returned 0; elapsed 0Total elapsed time: 1.190 sec.
@I [HLS-100] Command "source /opt/Xilinx/Vivado_HLS/2015.3/common/technology/xilinx/common/xilinx.hlp "
@I [HLS-100] Command "source /opt/Xilinx/Vivado_HLS/2015.3/common/technology/xilinx/common/target_info.tcl "
@I [HLS-100] Command 'ap_source' returned 0; elapsed 0Total elapsed time: 1.192 sec.
@I [HLS-100] Command "source /opt/Xilinx/Vivado_HLS/2015.3/common/technology/xilinx/interface/xilinx_interface.hlp "
@I [HLS-100] Command "source /opt/Xilinx/Vivado_HLS/2015.3/common/technology/xilinx/interface/maxi.hlp "
@I [HLS-100] Command 'ap_source' returned 0; elapsed 0Total elapsed time: 1.192 sec.
@I [HLS-100] Command "source /opt/Xilinx/Vivado_HLS/2015.3/common/technology/xilinx/interface/saxilite.hlp "
@I [HLS-100] Command 'ap_source' returned 0; elapsed 0Total elapsed time: 1.192 sec.
@I [HLS-100] Command 'ap_source' returned 0; elapsed 0Total elapsed time: 1.193 sec.
@I [HLS-100] Command "source /opt/Xilinx/Vivado_HLS/2015.3/common/technology/xilinx/common/dsp48.hlp "
@I [HLS-100] Command 'ap_source' returned 0; elapsed 0.01Total elapsed time: 1.193 sec.
@I [HLS-100] Command 'ap_source' returned 0; elapsed 0.01Total elapsed time: 1.194 sec.
@I [HLS-100] Command "source /opt/Xilinx/Vivado_HLS/2015.3/common/technology/xilinx/kintex7/dsp48e1.hlp "
@I [HLS-100] Command 'ap_source' returned 0; elapsed 0Total elapsed time: 1.194 sec.
@I [HLS-100] Command "get_default_platform "
@I [HLS-100] Command 'get_default_platform' returned 0; elapsed 0Total elapsed time: 1.194 sec.
@I [HLS-100] Command "config_chip_info -quiet -resource  {SLICE 50950} {LUT 203800}    {FF 407600} {DSP48E 840}    {BRAM 890}  "
@I [HLS-100] Command 'config_chip_info' returned 0; elapsed 0Total elapsed time: 1.194 sec.
@I [HLS-100] Command "config_chip_info -quiet -speed medium "
@I [HLS-100] Command 'config_chip_info' returned 0; elapsed 0Total elapsed time: 1.194 sec.
@I [HLS-100] Command 'import_lib' returned 0; elapsed 0.01Total elapsed time: 1.196 sec.
@I [HLS-100] Command "source /opt/Xilinx/Vivado_HLS/2015.3/common/technology/xilinx/kintex7/kintex7.gen "
@I [HLS-100] Command "source /opt/Xilinx/Vivado_HLS/2015.3/common/technology/xilinx/common/virtex.gen "
@I [HLS-100] Command "source /opt/Xilinx/Vivado_HLS/2015.3/common/technology/xilinx/common/xilinx.gen "
@I [HLS-100] Command "source /opt/Xilinx/Vivado_HLS/2015.3/common/technology/xilinx/interface/plb46.gen "
@I [HLS-100] Command 'ap_source' returned 0; elapsed 0Total elapsed time: 1.197 sec.
@I [HLS-100] Command "source /opt/Xilinx/Vivado_HLS/2015.3/common/technology/xilinx/interface/fsl.gen "
@I [HLS-100] Command 'ap_source' returned 0; elapsed 0Total elapsed time: 1.198 sec.
@I [HLS-100] Command "source /opt/Xilinx/Vivado_HLS/2015.3/common/technology/xilinx/interface/axi4.gen "
@I [HLS-100] Command 'ap_source' returned 0; elapsed 0Total elapsed time: 1.200 sec.
@I [HLS-100] Command "source /opt/Xilinx/Vivado_HLS/2015.3/common/technology/xilinx/interface/nativeAXI4.gen "
@I [HLS-100] Command "source /opt/Xilinx/Vivado_HLS/2015.3/common/technology/xilinx/interface/saxilite.gen "
@I [HLS-100] Command 'ap_source' returned 0; elapsed 0Total elapsed time: 1.203 sec.
@I [HLS-100] Command "source /opt/Xilinx/Vivado_HLS/2015.3/common/technology/xilinx/interface/maxi.gen "
@I [HLS-100] Command 'ap_source' returned 0; elapsed 0.01Total elapsed time: 1.210 sec.
@I [HLS-100] Command 'ap_source' returned 0; elapsed 0.01Total elapsed time: 1.210 sec.
@I [HLS-100] Command "source /opt/Xilinx/Vivado_HLS/2015.3/common/technology/xilinx/scripts/xilinxcoregen.gen "
@I [HLS-100] Command 'ap_source' returned 0; elapsed 0.01Total elapsed time: 1.219 sec.
@I [HLS-100] Command "source /opt/Xilinx/Vivado_HLS/2015.3/common/technology/xilinx/interface/XilEDKCoreGen.gen "
@I [HLS-100] Command 'ap_source' returned 0; elapsed 0Total elapsed time: 1.227 sec.
@I [HLS-100] Command "source /opt/Xilinx/Vivado_HLS/2015.3/common/technology/xilinx/ip/xfft.gen "
@I [HLS-100] Command 'ap_source' returned 0; elapsed 0.11Total elapsed time: 1.334 sec.
@I [HLS-100] Command "source /opt/Xilinx/Vivado_HLS/2015.3/common/technology/xilinx/ip/xfir.gen "
@I [HLS-100] Command 'ap_source' returned 0; elapsed 0.04Total elapsed time: 1.368 sec.
@I [HLS-100] Command "source /opt/Xilinx/Vivado_HLS/2015.3/common/technology/xilinx/ip/dds_compiler.gen "
@I [HLS-100] Command 'ap_source' returned 0; elapsed 0Total elapsed time: 1.372 sec.
@I [HLS-100] Command "source /opt/Xilinx/Vivado_HLS/2015.3/common/technology/xilinx/ip/util.gen "
@I [HLS-100] Command 'ap_source' returned 0; elapsed 0Total elapsed time: 1.372 sec.
@I [HLS-100] Command 'ap_source' returned 0; elapsed 0.17Total elapsed time: 1.372 sec.
@I [HLS-100] Command "source /opt/Xilinx/Vivado_HLS/2015.3/common/technology/xilinx/common/dsp48.gen "
@I [HLS-100] Command 'ap_source' returned 0; elapsed 0Total elapsed time: 1.373 sec.
@I [HLS-100] Command 'ap_source' returned 0; elapsed 0.18Total elapsed time: 1.374 sec.
@I [HLS-100] Command 'ap_source' returned 0; elapsed 0.18Total elapsed time: 1.374 sec.
@I [HLS-100] Command "get_default_platform "
@I [HLS-100] Command 'get_default_platform' returned 0; elapsed 0Total elapsed time: 1.374 sec.
@I [HLS-100] Command "config_chip_info -quiet -resource  {SLICE 25350} {LUT 101400}    {FF 202800} {DSP48E 600}    {BRAM 650}  "
@I [HLS-100] Command 'config_chip_info' returned 0; elapsed 0Total elapsed time: 1.374 sec.
@I [HLS-100] Command "config_chip_info -quiet -speed slow "
@I [HLS-100] Command 'config_chip_info' returned 0; elapsed 0Total elapsed time: 1.374 sec.
@I [HLS-100] Command 'add_library' returned 0; elapsed 0.22Total elapsed time: 1.375 sec.
@I [HLS-100] Command "add_library xilinx/kintex7/kintex7_fpv6 "
@I [HLS-100] Command "get_default_platform "
@I [HLS-100] Command 'get_default_platform' returned 0; elapsed 0Total elapsed time: 1.376 sec.
@I [HLS-100] Command "license_exists VIVADO_HLS "
@I [HLS-100] Command 'license_exists' returned 1; elapsed 0Total elapsed time: 1.387 sec.
@I [HLS-100] Command "license_exists ap_opencl "
@I [HLS-100] Command 'license_exists' returned 1; elapsed 0Total elapsed time: 1.418 sec.
@I [HLS-100] Command "license_exists ap_sdsoc "
@I [HLS-100] Command 'license_exists' returned 1; elapsed 0.01Total elapsed time: 1.429 sec.
@I [HLS-100] Command "license_exists AUTOESL_NI "
@I [HLS-100] Command 'license_exists' returned 1; elapsed 0.01Total elapsed time: 1.439 sec.
@I [HLS-100] Command "license_exists HLS "
@I [HLS-100] Command 'license_exists' returned 0; elapsed 0Total elapsed time: 1.440 sec.
@I [HLS-100] Command "open_platform DefaultPlatform "
@I [HLS-100] Command 'open_platform' returned 0; elapsed 0Total elapsed time: 1.440 sec.
@I [HLS-100] Command "import_lib /opt/Xilinx/Vivado_HLS/2015.3/common/technology/xilinx/kintex7/kintex7_fpv6 "
@I [HLS-100] Command "source /opt/Xilinx/Vivado_HLS/2015.3/common/technology/xilinx/common/xilinx_fpv7.lib "
@I [HLS-100] Command "source /opt/Xilinx/Vivado_HLS/2015.3/common/technology/xilinx/common/xilinx_hp.lib "
@I [HLS-100] Command 'ap_source' returned 0; elapsed 0Total elapsed time: 1.441 sec.
@I [HLS-100] Command 'ap_source' returned 0; elapsed 0Total elapsed time: 1.444 sec.
@I [HLS-100] Command "source /opt/Xilinx/Vivado_HLS/2015.3/common/technology/xilinx/common/xilinx_fpv.hlp "
@I [HLS-100] Command "source /opt/Xilinx/Vivado_HLS/2015.3/common/technology/xilinx/common/xilinx.hlp "
@I [HLS-100] Command "source /opt/Xilinx/Vivado_HLS/2015.3/common/technology/xilinx/common/target_info.tcl "
@I [HLS-100] Command 'ap_source' returned 0; elapsed 0Total elapsed time: 1.450 sec.
@I [HLS-100] Command "source /opt/Xilinx/Vivado_HLS/2015.3/common/technology/xilinx/interface/xilinx_interface.hlp "
@I [HLS-100] Command "source /opt/Xilinx/Vivado_HLS/2015.3/common/technology/xilinx/interface/maxi.hlp "
@I [HLS-100] Command 'ap_source' returned 0; elapsed 0Total elapsed time: 1.451 sec.
@I [HLS-100] Command "source /opt/Xilinx/Vivado_HLS/2015.3/common/technology/xilinx/interface/saxilite.hlp "
@I [HLS-100] Command 'ap_source' returned 0; elapsed 0Total elapsed time: 1.451 sec.
@I [HLS-100] Command 'ap_source' returned 0; elapsed 0Total elapsed time: 1.451 sec.
@I [HLS-100] Command "source /opt/Xilinx/Vivado_HLS/2015.3/common/technology/xilinx/common/dsp48.hlp "
@I [HLS-100] Command 'ap_source' returned 0; elapsed 0Total elapsed time: 1.452 sec.
@I [HLS-100] Command 'ap_source' returned 0; elapsed 0Total elapsed time: 1.452 sec.
@I [HLS-100] Command 'ap_source' returned 0; elapsed 0Total elapsed time: 1.453 sec.
@I [HLS-100] Command "source /opt/Xilinx/Vivado_HLS/2015.3/common/technology/xilinx/kintex7/kintex7_hp.hlp "
@I [HLS-100] Command 'ap_source' returned 0; elapsed 0Total elapsed time: 1.454 sec.
@I [HLS-100] Command 'import_lib' returned 0; elapsed 0.02Total elapsed time: 1.459 sec.
@I [HLS-100] Command "source /opt/Xilinx/Vivado_HLS/2015.3/common/technology/xilinx/kintex7/kintex7_fpv6.gen "
@I [HLS-100] Command "source /opt/Xilinx/Vivado_HLS/2015.3/common/technology/xilinx/common/xilinx_fpv6.gen "
@I [HLS-100] Command 'ap_source' returned 0; elapsed 0Total elapsed time: 1.461 sec.
@I [HLS-100] Command 'ap_source' returned 0; elapsed 0Total elapsed time: 1.461 sec.
@I [HLS-100] Command 'add_library' returned 0; elapsed 0.04Total elapsed time: 1.462 sec.
@I [HLS-100] Command 'set_part' returned 0; elapsed 0.26Total elapsed time: 1.462 sec.
@I [HLS-100] Command "create_clock -period 4 -name default "
@I [HLS-100] Command 'create_clock' returned 0; elapsed 0Total elapsed time: 1.463 sec.
@I [HLS-100] Command "source ./axi_interfaces_prj/solution1/directives.tcl "
@I [HLS-100] Command "set_directive_array_partition -type cyclic -factor 8 -dim 1 axi_interfaces d_o "
@I [HLS-100] Command 'set_directive_array_partition' returned 0; elapsed 0Total elapsed time: 1.464 sec.
@I [HLS-100] Command "set_directive_interface -mode axis axi_interfaces d_o "
@I [HLS-100] Command 'set_directive_interface' returned 0; elapsed 0Total elapsed time: 1.464 sec.
@I [HLS-100] Command "set_directive_array_partition -type cyclic -factor 8 -dim 1 axi_interfaces d_i "
@I [HLS-100] Command 'set_directive_array_partition' returned 0; elapsed 0Total elapsed time: 1.464 sec.
@I [HLS-100] Command "set_directive_interface -mode axis axi_interfaces d_i "
@I [HLS-100] Command 'set_directive_interface' returned 0; elapsed 0Total elapsed time: 1.464 sec.
@I [HLS-100] Command "set_directive_unroll -factor 8 axi_interfaces/For_Loop "
@I [HLS-100] Command 'set_directive_unroll' returned 0; elapsed 0Total elapsed time: 1.465 sec.
@I [HLS-100] Command "set_directive_pipeline -II 1 -rewind axi_interfaces/For_Loop "
@I [HLS-100] Command 'set_directive_pipeline' returned 0; elapsed 0Total elapsed time: 1.465 sec.
@I [HLS-100] Command 'ap_source' returned 0; elapsed 0Total elapsed time: 1.465 sec.
@I [HLS-100] Command "csynth_design "
@I [HLS-100] Command "elaborate -effort=medium -skip_syncheck=0 -keep_printf=0 -lm=0 -skip_cdt=0 -skip_transform=0 -ng=0 -g=0 -opt_fp=0 "
@I [HLS-10] Analyzing design file 'axi_interfaces.c' ... 
@0 [HLS-0] Analyzing design file 'axi_interfaces.c' ... 
@I [HLS-0] Compiling one TU...
@I [HLS-0] 
Checking before pre-process: exec clang -fno-limit-debug-info -gcc-toolchain "/opt/Xilinx/Vivado_HLS/2015.3/lnx64/tools/gcc" -hls    -fno-math-errno -c -emit-llvm -O0  -mllvm -disable-llvm-optzns -std=gnu89   -DAESL_SYN -D__SYNTHESIS__ -D__HLS_SYN__ -I "/opt/Xilinx/Vivado_HLS/2015.3/common/technology/autopilot" -I "/opt/Xilinx/Vivado_HLS/2015.3/common/technology/autopilot/ap_sysc" -include etc/autopilot_ssdm_op.h  "axi_interfaces.c"  -o "/home/ctnguyen/work/tut_vivadohls/Vivado_HLS_Tutorial/Interface_Synthesis/lab4/axi_interfaces_prj/solution1/.autopilot/db/axi_interfaces.pp.00.o"

@I [HLS-100] Command "is_encrypted /home/ctnguyen/work/tut_vivadohls/Vivado_HLS_Tutorial/Interface_Synthesis/lab4/axi_interfaces_prj/solution1/.autopilot/db/axi_interfaces.pp.00.o "
@I [HLS-100] Command 'is_encrypted' returned 0; elapsed 0Total elapsed time: 1.542 sec.
@I [HLS-0] Syntax Checker time: 0 seconds per iteration
@I [HLS-0] 
Source preprocessing: exec clang -fno-limit-debug-info -gcc-toolchain "/opt/Xilinx/Vivado_HLS/2015.3/lnx64/tools/gcc" -hls -fno-exceptions  -D__llvm__  -CC -E "axi_interfaces.c"     -fno-math-errno -c -emit-llvm -O0  -mllvm -disable-llvm-optzns -std=gnu89   -DAESL_SYN -D__SYNTHESIS__ -D__HLS_SYN__ -I "/opt/Xilinx/Vivado_HLS/2015.3/common/technology/autopilot" -I "/opt/Xilinx/Vivado_HLS/2015.3/common/technology/autopilot/ap_sysc" -include etc/autopilot_ssdm_op.h  -o "/home/ctnguyen/work/tut_vivadohls/Vivado_HLS_Tutorial/Interface_Synthesis/lab4/axi_interfaces_prj/solution1/.autopilot/db/axi_interfaces.pp.0.c"

@I [HLS-0] GCC PP time: 0 seconds per iteration
@I [HLS-0] Setting directive 'ARRAY_PARTITION' partition=positionBooleanCmd variable=positionBooleanTextRequiredd_o cyclic=positionBoolean0type factor=8 dim=1 
@I [HLS-0] Setting directive 'INTERFACE' axis=positionBoolean0mode port=positionBooleanTextRequiredd_o 
@I [HLS-0] Setting directive 'ARRAY_PARTITION' partition=positionBooleanCmd variable=positionBooleanTextRequiredd_i cyclic=positionBoolean0type factor=8 dim=1 
@I [HLS-0] Setting directive 'INTERFACE' axis=positionBoolean0mode port=positionBooleanTextRequiredd_i 
@I [HLS-0] Setting directive 'UNROLL' factor=8 
@I [HLS-0] Setting directive 'PIPELINE' II=1 rewind=positionBoolean1 
@I [HLS-100] Command "list_core -type functional_unit "
@I [HLS-100] Command 'list_core' returned 0; elapsed 0Total elapsed time: 1.616 sec.
@I [HLS-0] Marker-Pragma convertor: /home/ctnguyen/work/tut_vivadohls/Vivado_HLS_Tutorial/Interface_Synthesis/lab4/axi_interfaces_prj/solution1/.autopilot/db/axi_interfaces.pp.0.c /home/ctnguyen/work/tut_vivadohls/Vivado_HLS_Tutorial/Interface_Synthesis/lab4/axi_interfaces_prj/solution1/.autopilot/db/axi_interfaces.pp.0.c.ap-line.c /home/ctnguyen/work/tut_vivadohls/Vivado_HLS_Tutorial/Interface_Synthesis/lab4/axi_interfaces_prj/solution1/.autopilot/db/axi_interfaces.pp.0.c.ap-line.c.CXX 1
@I [HLS-0] 
Source processor: exec /opt/Xilinx/Vivado_HLS/2015.3/tps/lnx64/jre/bin/java -Xmx512m -classpath   "/opt/Xilinx/Vivado_HLS/2015.3/lib/classes/autopilot.sourceprocessor.jar:/opt/Xilinx/Vivado_HLS/2015.3/lib/classes/org.eclipse.cdt.core_5.3.0.xilinx_patch.jar:/opt/Xilinx/Vivado_HLS/2015.3/lib/classes/org.eclipse.core.runtime_3.7.0.v20110110.jar:/opt/Xilinx/Vivado_HLS/2015.3/lib/classes/org.eclipse.equinox.common_3.6.0.v20110523.jar:/opt/Xilinx/Vivado_HLS/2015.3/lib/classes/com.ibm.icu_4.4.2.v20110208.jar:/opt/Xilinx/Vivado_HLS/2015.3/lib/classes/jargs.jar:/opt/Xilinx/Vivado_HLS/2015.3/lnx64/tools/eclipse/plugins/org.eclipse.emf.common_2.10.1.v20150123-0348.jar:/opt/Xilinx/Vivado_HLS/2015.3/lnx64/tools/eclipse/plugins/org.eclipse.emf.ecore_2.10.2.v20150123-0348.jar:/opt/Xilinx/Vivado_HLS/2015.3/lnx64/tools/eclipse/plugins/org.eclipse.emf.ecore.xmi_2.10.2.v20150123-0348.jar:/opt/Xilinx/Vivado_HLS/2015.3/lnx64/tools/eclipse/plugins/com.autoesl.autopilot.ui.directiveFileModel_1.0.0.jar:/opt/Xilinx/Vivado_HLS/2015.3/lnx64/tools/eclipse/plugins/com.autoesl.autopilot.ui.common_1.0.0.jar"  autopilot.sourceprocessor.CParser  "/home/ctnguyen/work/tut_vivadohls/Vivado_HLS_Tutorial/Interface_Synthesis/lab4/axi_interfaces_prj/solution1/.autopilot/db/axi_interfaces.pp.0.c.ap-line.c"  -m "axi_interfaces" -o "/home/ctnguyen/work/tut_vivadohls/Vivado_HLS_Tutorial/Interface_Synthesis/lab4/axi_interfaces_prj/solution1/.autopilot/db/axi_interfaces.pp.0.c.ap-cdt.c" -c --pp --directive /home/ctnguyen/work/tut_vivadohls/Vivado_HLS_Tutorial/Interface_Synthesis/lab4/axi_interfaces_prj/solution1/solution1.directive --source /home/ctnguyen/work/tut_vivadohls/Vivado_HLS_Tutorial/Interface_Synthesis/lab4/axi_interfaces.c --error /home/ctnguyen/work/tut_vivadohls/Vivado_HLS_Tutorial/Interface_Synthesis/lab4/axi_interfaces_prj/solution1/.autopilot/db --funcunit "AddSub AddSub_DSP AddSubnS DAddSub_fulldsp DAddSub_nodsp DDiv DExp_fulldsp DExp_meddsp DExp_nodsp DLog_fulldsp DLog_meddsp DLog_nodsp DMul_fulldsp DMul_maxdsp DMul_meddsp DMul_nodsp DRSqrt DRecip DSqrt DivnS FAddSub_fulldsp FAddSub_nodsp FDiv FExp_fulldsp FExp_meddsp FExp_nodsp FLog_fulldsp FLog_meddsp FLog_nodsp FMul_fulldsp FMul_maxdsp FMul_meddsp FMul_nodsp FRSqrt_fulldsp FRSqrt_nodsp FRecip_fulldsp FRecip_nodsp FSqrt HAddSub_nodsp HDiv HMul_fulldsp HMul_maxdsp HMul_nodsp HSqrt Mul Mul2S Mul3S Mul4S Mul5S Mul6S Mul_LUT MulnS MuxnS" --ca --gf --df --pd --p2d /home/ctnguyen/work/tut_vivadohls/Vivado_HLS_Tutorial/Interface_Synthesis/lab4/axi_interfaces_prj/solution1/.autopilot/db --sd --scff /home/ctnguyen/work/tut_vivadohls/Vivado_HLS_Tutorial/Interface_Synthesis/lab4/axi_interfaces_prj/solution1/.autopilot/db/.systemc_flag --ad

@I [HLS-0] Marker-Pragma convertor: /home/ctnguyen/work/tut_vivadohls/Vivado_HLS_Tutorial/Interface_Synthesis/lab4/axi_interfaces_prj/solution1/.autopilot/db/axi_interfaces.pp.0.c.ap-cdt.c /home/ctnguyen/work/tut_vivadohls/Vivado_HLS_Tutorial/Interface_Synthesis/lab4/axi_interfaces_prj/solution1/.autopilot/db/axi_interfaces.pragma.0.c /home/ctnguyen/work/tut_vivadohls/Vivado_HLS_Tutorial/Interface_Synthesis/lab4/axi_interfaces_prj/solution1/.autopilot/db/axi_interfaces.pragma.0.c.ap-line.CXX 0
@I [HLS-100] Command "source /home/ctnguyen/work/tut_vivadohls/Vivado_HLS_Tutorial/Interface_Synthesis/lab4/axi_interfaces_prj/solution1/.autopilot/db/pragma.status.tcl "
@I [HLS-100] Command 'ap_source' returned 0; elapsed 0Total elapsed time: 3.434 sec.
@I [HLS-0] CDT processor time: 1 seconds per iteration
@I [HLS-0] Pragma handling time: 0 seconds per iteration
@I [HLS-0] 
Source preprocessing: exec clang -fno-limit-debug-info -gcc-toolchain "/opt/Xilinx/Vivado_HLS/2015.3/lnx64/tools/gcc" -hls -fno-exceptions  -D__llvm__  -CC -E "/home/ctnguyen/work/tut_vivadohls/Vivado_HLS_Tutorial/Interface_Synthesis/lab4/axi_interfaces_prj/solution1/.autopilot/db/axi_interfaces.pragma.1.c"     -fno-math-errno -c -emit-llvm -O0  -mllvm -disable-llvm-optzns -std=gnu89   -DAESL_SYN -D__SYNTHESIS__ -D__HLS_SYN__ -I "/opt/Xilinx/Vivado_HLS/2015.3/common/technology/autopilot" -I "/opt/Xilinx/Vivado_HLS/2015.3/common/technology/autopilot/ap_sysc" -include etc/autopilot_ssdm_op.h  -o "/home/ctnguyen/work/tut_vivadohls/Vivado_HLS_Tutorial/Interface_Synthesis/lab4/axi_interfaces_prj/solution1/.autopilot/db/axi_interfaces.pragma.2.c"

@I [HLS-0] exec clang -fno-limit-debug-info -gcc-toolchain /opt/Xilinx/Vivado_HLS/2015.3/lnx64/tools/gcc -hls -hls-analyze-label -hls-analyze-pragma -fno-exceptions  -D__llvm__  -w  "/home/ctnguyen/work/tut_vivadohls/Vivado_HLS_Tutorial/Interface_Synthesis/lab4/axi_interfaces_prj/solution1/.autopilot/db/axi_interfaces.pragma.2.c"    -fno-math-errno -c -emit-llvm -O0  -mllvm -disable-llvm-optzns -std=gnu89  -DAESL_SYN -D__SYNTHESIS__ -D__HLS_SYN__ -I "/opt/Xilinx/Vivado_HLS/2015.3/common/technology/autopilot" -I "/opt/Xilinx/Vivado_HLS/2015.3/common/technology/autopilot/ap_sysc" -include etc/autopilot_ssdm_op.h -g -o "/home/ctnguyen/work/tut_vivadohls/Vivado_HLS_Tutorial/Interface_Synthesis/lab4/axi_interfaces_prj/solution1/.autopilot/db/axi_interfaces.g.bc"
@I [HLS-10] Validating synthesis directives ...
@0 [HLS-0] Validating synthesis directives ...
@I [HLS-100] Command "source /home/ctnguyen/work/tut_vivadohls/Vivado_HLS_Tutorial/Interface_Synthesis/lab4/axi_interfaces_prj/solution1/.autopilot/db/pragma.status.tcl "
@I [HLS-100] Command 'ap_source' returned 0; elapsed 0Total elapsed time: 3.619 sec.
@I [HLS-0] Linking all ...
@I [HLS-0] exec llvm-ld  "/home/ctnguyen/work/tut_vivadohls/Vivado_HLS_Tutorial/Interface_Synthesis/lab4/axi_interfaces_prj/solution1/.autopilot/db/axi_interfaces.bc"  -disable-opt  -L/opt/Xilinx/Vivado_HLS/2015.3/lnx64/lib -lm_basic -o "/home/ctnguyen/work/tut_vivadohls/Vivado_HLS_Tutorial/Interface_Synthesis/lab4/axi_interfaces_prj/solution1/.autopilot/db/a.o.pre"
@I [HLS-0] Link time: 0 seconds per iteration
@I [HLS-0] Linking all ...
@I [HLS-0] exec llvm-ld  "/home/ctnguyen/work/tut_vivadohls/Vivado_HLS_Tutorial/Interface_Synthesis/lab4/axi_interfaces_prj/solution1/.autopilot/db/axi_interfaces.g.bc"  -disable-opt  -L/opt/Xilinx/Vivado_HLS/2015.3/lnx64/lib -lm_basic -o "/home/ctnguyen/work/tut_vivadohls/Vivado_HLS_Tutorial/Interface_Synthesis/lab4/axi_interfaces_prj/solution1/.autopilot/db/a.g.pre"
@I [HLS-0] Link time: 0 seconds per iteration
@I [HLS-100] Command "opt_and_import_c a -opt_level=2 -skip_syncheck=0 -ng=0 -keep_printf=0 "
@I [HLS-100] Command "cleanup_all_models "
@I [HLS-100] Command 'cleanup_all_models' returned 0; elapsed 0Total elapsed time: 3.739 sec.
@I [HLS-10] Starting code transformations ...
@0 [HLS-0] Starting code transformations ...
@I [HLS-0] std xform: transform -hls -share-std-xform -always-inline -promote-dbg-pointer  -interface-preproc  -scalarrepl -mem2reg -keep-read-access -instcombine -dce  -promote-dbg-pointer  -bitop-raise  -indvars -loop-simplify -xunroll  -constprop -instcombine -simplifycfg -indvars  -simplifycfg -dce -globaldce  -basicaa  -simplifycfg -mem2reg -globalopt  -global-constprop -deadargelim -instcombine -simplifycfg  -prune-eh -simplifycfg  -scalarrepl -instcombine -reassociate -licm  -simplifycfg -loop-simplify -indvars -instcombine  -simplifycfg -mem2reg -loop-simplify -indvars -instcombine  -gvn -gvn -instcombine -adce  -break-crit-edges  -simplifycfg -loop-delete  -global-array-opt -dce -dse -adce  -find-syn-modules -top axi_interfaces  -deadargelim  -mem2reg -instcombine -dce  -presyn-prepare -auto-rom-infer  -interface-preproc  -syn-check -check-rec-only  -find-region -simplifycfg -func-extr -function-inline  -globaldce -mem2reg -instcombine -dce   -gvn -globaldce -adce -adse  -constprop -instcombine -bit-constprop  -instcombine -dce -simplifycfg -bitop-raise  -simplifycfg -dce -loop-delete -reassociate  -globalopt -global-privatize -mem2reg -dce  -global-constprop -pointer-simplify -constprop -dce  -func-inst -deadargelim  -promote-dbg-pointer  -norm-name   /home/ctnguyen/work/tut_vivadohls/Vivado_HLS_Tutorial/Interface_Synthesis/lab4/axi_interfaces_prj/solution1/.autopilot/db/a.g.0.bc -o /home/ctnguyen/work/tut_vivadohls/Vivado_HLS_Tutorial/Interface_Synthesis/lab4/axi_interfaces_prj/solution1/.autopilot/db/a.g.1.bc -f  -phase std-opt
@I [HLS-0] Std xform time: 0 seconds per iteration
@I [HLS-100] Command "is_encrypted /home/ctnguyen/work/tut_vivadohls/Vivado_HLS_Tutorial/Interface_Synthesis/lab4/axi_interfaces_prj/solution1/.autopilot/db/a.g.1.bc "
@I [HLS-100] Command 'is_encrypted' returned 0; elapsed 0Total elapsed time: 3.795 sec.
@I [HLS-10] Checking synthesizability ...
@0 [HLS-0] Checking synthesizability ...
@I [HLS-0] syn check 1/2: transform -hls -syn-check -check-rec-only -disaggr -scalarrepl -norm-name -dce  -mem2reg -instcombine  -function-uniquify -directive-preproc -mem2reg -dse -dce -auto-rom-infer -dce  -array-normalize -instcombine -dce  -array-seg-normalize -instcombine -dce  -array-flatten -instcombine -dce  -array-burst -dce  -deadargelim -promote-global-argument  -function-inline -globaldce -dce  -doublePtrSimplify -doublePtrElim -dce  -doublePtrSimplify -promote-dbg-pointer  -dce -scalarrepl -dse -adse -instcombine  -ptrLegalization  -simplifycfg -dce -instcombine  -pointer-simplify -ptrArgReplace -dce -instcombine   -disaggr -scalarrepl -norm-name -dce  -mem2reg -instcombine -ptrLegalization   -simplifycfg -deadargelim  -instcombine -dce -inst-simplify  -function-uniquify -directive-preproc -mem2reg -dse -dce  -globaldce    /home/ctnguyen/work/tut_vivadohls/Vivado_HLS_Tutorial/Interface_Synthesis/lab4/axi_interfaces_prj/solution1/.autopilot/db/a.g.1.bc -o /home/ctnguyen/work/tut_vivadohls/Vivado_HLS_Tutorial/Interface_Synthesis/lab4/axi_interfaces_prj/solution1/.autopilot/db/a.g.2.prechk.bc -f
@I [HLS-0] Syn check 1/2 time: 0 seconds per iteration
@I [HLS-0] syn check 2/2: transform -syn-check   /home/ctnguyen/work/tut_vivadohls/Vivado_HLS_Tutorial/Interface_Synthesis/lab4/axi_interfaces_prj/solution1/.autopilot/db/a.g.2.prechk.bc -o /home/ctnguyen/work/tut_vivadohls/Vivado_HLS_Tutorial/Interface_Synthesis/lab4/axi_interfaces_prj/solution1/.autopilot/db/a.g.2.bc -f  -phase syn-check
@I [HLS-0] Syn check 2/2 time: 0 seconds per iteration
@I [HLS-0] Compiler optimizing ...
@I [HLS-0] Share syncheck's 1.bc for syn flow: copy /home/ctnguyen/work/tut_vivadohls/Vivado_HLS_Tutorial/Interface_Synthesis/lab4/axi_interfaces_prj/solution1/.autopilot/db/a.g.1.bc to /home/ctnguyen/work/tut_vivadohls/Vivado_HLS_Tutorial/Interface_Synthesis/lab4/axi_interfaces_prj/solution1/.autopilot/db/a.o.1.bc
@I [HLS-0] presyn 1: transform -hls -tmp /home/ctnguyen/work/tut_vivadohls/Vivado_HLS_Tutorial/Interface_Synthesis/lab4/axi_interfaces_prj/solution1/.autopilot/db -type-info  -function-uniquify -directive-preproc -mem2reg -dse -dce  -disaggr -scalarrepl -norm-name -deadargelim  -mem2reg -instcombine -dce -auto-rom-infer -dce -function-uniquify  -clib-intrinsic-prepare -dce  -func-buffer -dce -array-normalize  -func-legal -instcombine -gvn -constprop -dce   -ptrArgReplace -mem2reg -instcombine -dce  -array-seg-normalize -deadargelim  -instcombine -dce  -pointer-simplify -dce  -port-alignment -dce  -interface-preproc  -data-pack -instcombine -dce   -basicaa -aggr-aa -aggrmodref-aa -aggr-aa -gvn -gvn  -basicaa -aggr-aa -aggrmodref-aa -aggr-aa -dse -adse -adce  -loop-simplify -indvars -instcombine  -gvn -loop-simplify -mem2reg -dce -simplifycfg  -find-region -instcombine  -auto-loop-pipeline  -inst-simplify  -interface-preproc  -indvars -auto-loop-unroll -loop-simplify -loop-bound -xunroll  -constprop -instcombine -simplifycfg -indvars  -simplifycfg -dce -globaldce  -attach-range  -gvn -disable-agg-range -inst-simplify  -constprop -simplifycfg -dce  -pointer-simplify -dce  -globalopt -constprop -dce  -array-promote -constprop -instcombine -dce  -ptrArgReplace -mem2reg  -instcombine -simplifycfg -dce  -auto-par -instcombine -dce  -array-transform-check  -array-reshape -instcombine -simplifycfg -dce  -ptrArgReplace -deadargelim -mem2reg  -instcombine -simplifycfg -dce   -duplicate-dataflow-processes -globaldce  -array-partition -instcombine -simplifycfg -dce  -ptrArgReplace -global-constprop -deadargelim -mem2reg  -func-legal -instcombine -dce -global-constprop -deadargelim -mem2reg  -instcombine -simplifycfg -dce   -globalopt -constprop -dce  -array-promote -constprop -instcombine -dce  -ptrArgReplace -mem2reg  -instcombine -simplifycfg -dce   -mem-intrinsic-preproc -dce  -global-privatize  -mem2reg -globaldce  -promote-global-argument  -ptrArgReplace -mem2reg -instcombine -dce  -globalopt -mergereturn -simplify-global-access -mem2reg -dce  -pointer-simplify -dce  -functionattrs  -basicaa -aggr-aa -aggrmodref-aa -aggr-aa -gvn -gvn  -basicaa -aggr-aa -aggrmodref-aa -aggr-aa -dse -adse -adce  -inst-simplify -dce -norm-name  -function-inline -globaldce  -func-inst -constprop -instcombine -simplifycfg -dce  -func-legal -dce   -loop-bound  -arraycheck -bitwidthmin -on-by-dataflow  -loop-delete -instcombine -simplifycfg -dce -loop-simplify -clean-region -simplifycfg -loop-stream -instcombine -simplifycfg -dce -globaldce  -stream-intrinsic-preproc -dce  -check-ap-stream -loop-simplify -eliminate-keepreads   -extract-dataflow-in-loop -loop-simplify -dce -gvn -deadargelim  -check-dataflow-syntax  -legalize-stream-variable -legalize-global -legalize-global-1  -extract-subproc -dce -dead-channel-elimination  -canonicalize-gep -globaldce -dce -gvn -deadargelim  -scalar-propagation -deadargelim -globaldce -mem2reg  -check-dataflow-channels -function-stream -dce -globaldce  -prop-fifo-spec -internal-stream-gen  -canonicalize-gep -globaldce -dce -gvn -deadargelim   -mergereturn -indvars -loop-simplify  -array-stream -instcombine -simplifycfg -dce  -bundle-memfifo-ops -deadargelim    -function-uniquify -directive-preproc -mem2reg -dse -dce  -group-axi-access    -licm -simplifycfg -dce -loop-delete  -norm-name  /home/ctnguyen/work/tut_vivadohls/Vivado_HLS_Tutorial/Interface_Synthesis/lab4/axi_interfaces_prj/solution1/.autopilot/db/a.o.1.bc -o /home/ctnguyen/work/tut_vivadohls/Vivado_HLS_Tutorial/Interface_Synthesis/lab4/axi_interfaces_prj/solution1/.autopilot/db/a.o.1.tmp.bc -f
@I [XFORM-501] Unrolling loop 'For_Loop' (axi_interfaces.c:64) in function 'axi_interfaces' partially with a factor of 8.
@I [XFORM-102] Partitioning array 'acc' automatically.
@I [XFORM-101] Partitioning array 'd_i' (axi_interfaces.c:57) in dimension 1 with a cyclic factor 8.
@I [XFORM-101] Partitioning array 'd_o' (axi_interfaces.c:57) in dimension 1 with a cyclic factor 8.
@I [HLS-0] Presyn 1 time: 0 seconds per iteration
@I [HLS-0] presyn 2: transform -hls -keep-callgraph -scalarrepl -mem2reg  -port-alignment -attach-range -dce  -pipe-mux-gen  -indvars -loop-bound  -inst-simplify -instcombine -dce  -merge-array-access -mem2reg -dce  -clean-region -mergereturn -if-conv  -instcombine -dce -constprop  -basicaa -aggr-aa -aggrmodref-aa -aggr-aa -gvn -gvn  -basicaa -aggr-aa -aggrmodref-aa -aggr-aa -dse -adse -adce  -scalarrepl -mem2reg  -global-constprop -deadargelim -deadargelim  -instcombine -dce -simplifycfg    -ptrArgReplace -mem2reg -function-inline  -globaldce -mem2reg -instcombine -dce -expr-balance  -instcombine -dce  -bitwidthmin  -directive-preproc  -inst-rectify -instcombine -dce  -functionattrs  -constprop -instcombine -bit-constprop  -simplify-global-access  -globalopt -globaldce  -inst-simplify -instcombine -elimdeaddata -dce  -loop-delete -simplifycfg   -norm-name /home/ctnguyen/work/tut_vivadohls/Vivado_HLS_Tutorial/Interface_Synthesis/lab4/axi_interfaces_prj/solution1/.autopilot/db/a.o.1.tmp.bc -o /home/ctnguyen/work/tut_vivadohls/Vivado_HLS_Tutorial/Interface_Synthesis/lab4/axi_interfaces_prj/solution1/.autopilot/db/a.o.2.bc -f  -phase presyn
@I [HLS-0] Presyn 2 time: 0 seconds per iteration
@I [HLS-100] Command "is_encrypted /home/ctnguyen/work/tut_vivadohls/Vivado_HLS_Tutorial/Interface_Synthesis/lab4/axi_interfaces_prj/solution1/.autopilot/db/a.o.2.bc "
@I [HLS-100] Command 'is_encrypted' returned 0; elapsed 0Total elapsed time: 4.353 sec.
@I [HLS-0] build ssdm: transform -hls  -function-uniquify -auto-function-inline -globaldce  -ptrArgReplace -mem2reg -instcombine -dce  -array-flatten -gvn -instcombine -dce  -loop-simplify -indvars -licm -loop-dep  -loop-bound -licm -loop-simplify -flattenloopnest  -array-map -dce -func-legal  -gvn -adce -instcombine -cfgopt -simplifycfg -loop-simplify   -array-burst -promote-global-argument -dce  -axi4-lower -array-seg-normalize  -basicaa -aggrmodref-aa -globalsmodref-aa -aggr-aa -gvn -gvn  -basicaa -aggrmodref-aa -globalsmodref-aa -aggr-aa -dse -adse -adce -licm  -inst-simplify -dce  -globaldce -array-stream -eliminate-keepreads -instcombine  -dce   -deadargelim -doublePtrSimplify  -doublePtrElim -dce -doublePtrSimplify -promote-dbg-pointer  -dce -scalarrepl -mem2reg -disaggr -norm-name -mem2reg  -instcombine  -dse -adse -adce -ptrLegalization -dce -auto-rom-infer -array-flatten -dce -instcombine  -loop-rot -constprop -cfgopt -simplifycfg -loop-simplify -indvars -pointer-simplify -dce -loop-bound  -loop-simplify -loop-preproc  -constprop -global-constprop -gvn -mem2reg -instcombine -dce  -loop-merge -dce  -bitwidthmin  -deadargelim -dce  -scalar-propagation -deadargelim -globaldce -mem2reg  -interface-preproc -interface-gen  -deadargelim -directive-preproc -inst-simplify -dce  -gvn -mem2reg -instcombine -dce -adse  -loop-bound  -instcombine -cfgopt -simplifycfg -loop-simplify  -clean-region -io-protocol  -find-region -mem2reg  -bitop-raise  -inst-simplify -inst-rectify -instcombine -adce -deadargelim  -loop-simplify -phi-opt -bitop-raise  -cfgopt -simplifycfg -strip-dead-prototypes  -interface-lower -bitop-lower -intrinsic-lower -auto-function-inline  -basicaa -aggrmodref-aa -globalsmodref-aa -aggr-aa  -inst-simplify -simplifycfg   -mergereturn -inst-simplify -inst-rectify  -dce -bitop-lower  -loop-rewind -pointer-simplify -dce -cfgopt  -read-loop-dep -dce -bitwidth -norm-name -legalize    -cdfg-build  /home/ctnguyen/work/tut_vivadohls/Vivado_HLS_Tutorial/Interface_Synthesis/lab4/axi_interfaces_prj/solution1/.autopilot/db/a.o.2.bc -o /home/ctnguyen/work/tut_vivadohls/Vivado_HLS_Tutorial/Interface_Synthesis/lab4/axi_interfaces_prj/solution1/.autopilot/db/a.o.3.bc -f  -phase build-ssdm
@I [XFORM-531] Rewinding loop 'For_Loop' (axi_interfaces.c:64) in function 'axi_interfaces'.
@I [HLS-0] Build ssdm time: 0 seconds per iteration
@I [HLS-100] Command "is_encrypted /home/ctnguyen/work/tut_vivadohls/Vivado_HLS_Tutorial/Interface_Synthesis/lab4/axi_interfaces_prj/solution1/.autopilot/db/a.o.3.bc "
@I [HLS-100] Command 'is_encrypted' returned 0; elapsed 0Total elapsed time: 4.910 sec.
@I [HLS-0] Finish building internal data model.
@I [HLS-100] Command 'opt_and_import_c' returned 0; elapsed 1.05Total elapsed time: 4.938 sec.
@I [HLS-111] Elapsed time: 2.34 seconds; current memory usage: 0.179 MB.
@I [HLS-100] Command 'elaborate' returned 0; elapsed 1.23Total elapsed time: 4.938 sec.
@I [HLS-100] Command "autosyn "
@I [HLS-10] Starting hardware synthesis ...
@0 [HLS-0] Starting hardware synthesis ...
@I [HLS-0] Synthesizing C/C++ design ...
@I [HLS-10] Synthesizing 'axi_interfaces' ...
@0 [HLS-0] Synthesizing 'axi_interfaces' ...
@I [HLS-100] Command "ap_set_top_model axi_interfaces "
@I [HLS-100] Command 'ap_set_top_model' returned 0; elapsed 0Total elapsed time: 4.939 sec.
@I [HLS-100] Command "get_model_list axi_interfaces -filter all-wo-channel -topdown "
@I [HLS-100] Command 'get_model_list' returned 0; elapsed 0Total elapsed time: 4.939 sec.
@I [HLS-100] Command "preproc_iomode -model axi_interfaces "
@I [HLS-100] Command 'preproc_iomode' returned 0; elapsed 0.01Total elapsed time: 4.940 sec.
@I [HLS-100] Command "get_model_list axi_interfaces -filter all-wo-channel "
@I [HLS-100] Command 'get_model_list' returned 0; elapsed 0Total elapsed time: 4.940 sec.
@I [HLS-0] Model list for configure: axi_interfaces
@I [HLS-0] Configuring Module : axi_interfaces ...
@I [HLS-100] Command "set_default_model axi_interfaces "
@I [HLS-100] Command 'set_default_model' returned 0; elapsed 0Total elapsed time: 4.940 sec.
@I [HLS-100] Command "apply_spec_resource_limit axi_interfaces "
@I [HLS-100] Command 'apply_spec_resource_limit' returned 0; elapsed 0Total elapsed time: 4.940 sec.
@I [HLS-0] Model list for preprocess: axi_interfaces
@I [HLS-0] Preprocessing Module: axi_interfaces ...
@I [HLS-100] Command "set_default_model axi_interfaces "
@I [HLS-100] Command 'set_default_model' returned 0; elapsed 0Total elapsed time: 4.942 sec.
@I [HLS-100] Command "cdfg_preprocess -model axi_interfaces "
@I [HLS-100] Command 'cdfg_preprocess' returned 0; elapsed 0Total elapsed time: 4.948 sec.
@I [HLS-100] Command "rtl_gen_preprocess axi_interfaces "
@I [HLS-100] Command 'rtl_gen_preprocess' returned 0; elapsed 0Total elapsed time: 4.949 sec.
@I [HLS-0] Model list for synthesis: axi_interfaces
@I [HLS-10] ----------------------------------------------------------------
@0 [HLS-0] ----------------------------------------------------------------
@I [HLS-10] -- Scheduling module 'axi_interfaces' 
@0 [HLS-0] -- Scheduling module 'axi_interfaces' 
@I [HLS-10] ----------------------------------------------------------------
@0 [HLS-0] ----------------------------------------------------------------
@I [HLS-100] Command "set_default_model axi_interfaces "
@I [HLS-100] Command 'set_default_model' returned 0; elapsed 0Total elapsed time: 4.951 sec.
@I [HLS-100] Command "schedule -model axi_interfaces "
@I [SCHED-11] Starting scheduling ...
@I [SCHED-61] Pipelining loop 'For_Loop'.
@I [SCHED-61] Pipelining result: Target II: 1, Final II: 1, Depth: 1.
@I [SCHED-11] Finished scheduling.
@I [HLS-100] Command 'schedule' returned 0; elapsed 0.04Total elapsed time: 4.985 sec.
@I [HLS-111] Elapsed time: 0.05 seconds; current memory usage: 0.179 MB.
@I [HLS-100] Command "report -o /home/ctnguyen/work/tut_vivadohls/Vivado_HLS_Tutorial/Interface_Synthesis/lab4/axi_interfaces_prj/solution1/.autopilot/db/axi_interfaces.verbose.sched.rpt -verbose -f "
@I [HLS-100] Command 'report' returned 0; elapsed 0Total elapsed time: 4.994 sec.
@I [HLS-100] Command "db_write -o /home/ctnguyen/work/tut_vivadohls/Vivado_HLS_Tutorial/Interface_Synthesis/lab4/axi_interfaces_prj/solution1/.autopilot/db/axi_interfaces.sched.adb -f "
@I [HLS-100] Command 'db_write' returned 0; elapsed 0.01Total elapsed time: 5.4 sec.
@I [HLS-0] Finish scheduling axi_interfaces.
@I [HLS-10] ----------------------------------------------------------------
@0 [HLS-0] ----------------------------------------------------------------
@I [HLS-10] -- Exploring micro-architecture for module 'axi_interfaces' 
@0 [HLS-0] -- Exploring micro-architecture for module 'axi_interfaces' 
@I [HLS-10] ----------------------------------------------------------------
@0 [HLS-0] ----------------------------------------------------------------
@I [HLS-100] Command "set_default_model axi_interfaces "
@I [HLS-100] Command 'set_default_model' returned 0; elapsed 0Total elapsed time: 5.11 sec.
@I [HLS-100] Command "bind -model axi_interfaces "
@I [BIND-110] clear=
@I [BIND-110] debug=
@I [BIND-110] drf=
@I [BIND-110] effort=
@I [BIND-110] fast_refine=
@I [BIND-110] fu_weight=[ 0.0 -- 1.0 ]
@I [BIND-110] global_opt=
@I [BIND-110] gsearch=
@I [BIND-110] help=
@I [BIND-110] help-hidden=
@I [BIND-110] min_mem_port=
@I [BIND-110] min_op=
@I [BIND-110] minreg=
@I [BIND-110] ml=
@I [BIND-110] model=axi_interfaces
@I [BIND-110] no_false_path=
@I [BIND-110] no_min_op=
@I [BIND-110] normalize=
@I [BIND-110] quiet=
@I [BIND-110] refine=
@I [BIND-110] reg_weight=[ 0.0 -- 1.0 ]
@I [BIND-110] search=
@I [BIND-110] tight_delay=
@I [BIND-110] verbose=
@I [BIND-110] wFF=
@I [BIND-110] wFU=
@I [BIND-110] wMUX=
@I [BIND-110] wNET=
@I [BIND-100] Starting micro-architecture generation ...
@I [BIND-101] Performing variable lifetime analysis.
@I [BIND-101] Exploring resource sharing.
@I [BIND-101] Binding ...
@I [BIND-100] Finished micro-architecture generation.
@I [HLS-100] Command 'bind' returned 0; elapsed 0Total elapsed time: 5.19 sec.
@I [HLS-111] Elapsed time: 0.01 seconds; current memory usage: 0.179 MB.
@I [HLS-100] Command "report -o /home/ctnguyen/work/tut_vivadohls/Vivado_HLS_Tutorial/Interface_Synthesis/lab4/axi_interfaces_prj/solution1/.autopilot/db/axi_interfaces.verbose.bind.rpt -verbose -f "
@I [HLS-100] Command 'report' returned 0; elapsed 0.01Total elapsed time: 5.29 sec.
@I [HLS-100] Command "db_write -o /home/ctnguyen/work/tut_vivadohls/Vivado_HLS_Tutorial/Interface_Synthesis/lab4/axi_interfaces_prj/solution1/.autopilot/db/axi_interfaces.bind.adb -f "
@I [HLS-100] Command 'db_write' returned 0; elapsed 0.01Total elapsed time: 5.37 sec.
@I [HLS-0] Finish binding axi_interfaces.
@I [HLS-100] Command "get_model_list axi_interfaces -filter all-wo-channel "
@I [HLS-100] Command 'get_model_list' returned 0; elapsed 0Total elapsed time: 5.37 sec.
@I [HLS-0] Preprocessing for RTLGen ...
@I [HLS-100] Command "rtl_gen_preprocess axi_interfaces "
@I [HLS-100] Command 'rtl_gen_preprocess' returned 0; elapsed 0Total elapsed time: 5.38 sec.
@I [HLS-0] Model list for RTL generation: axi_interfaces
@I [HLS-10] ----------------------------------------------------------------
@0 [HLS-0] ----------------------------------------------------------------
@I [HLS-10] -- Generating RTL for module 'axi_interfaces' 
@0 [HLS-0] -- Generating RTL for module 'axi_interfaces' 
@I [HLS-10] ----------------------------------------------------------------
@0 [HLS-0] ----------------------------------------------------------------
@I [HLS-100] Command "create_rtl_model axi_interfaces -vendor xilinx -mg_file /home/ctnguyen/work/tut_vivadohls/Vivado_HLS_Tutorial/Interface_Synthesis/lab4/axi_interfaces_prj/solution1/.autopilot/db/axi_interfaces.compgen.tcl "
@I [RTGEN-500] Setting interface mode on port 'axi_interfaces/d_o_0' to 'axis'.
@I [RTGEN-500] Setting interface mode on port 'axi_interfaces/d_o_1' to 'axis'.
@I [RTGEN-500] Setting interface mode on port 'axi_interfaces/d_o_2' to 'axis'.
@I [RTGEN-500] Setting interface mode on port 'axi_interfaces/d_o_3' to 'axis'.
@I [RTGEN-500] Setting interface mode on port 'axi_interfaces/d_o_4' to 'axis'.
@I [RTGEN-500] Setting interface mode on port 'axi_interfaces/d_o_5' to 'axis'.
@I [RTGEN-500] Setting interface mode on port 'axi_interfaces/d_o_6' to 'axis'.
@I [RTGEN-500] Setting interface mode on port 'axi_interfaces/d_o_7' to 'axis'.
@I [RTGEN-500] Setting interface mode on port 'axi_interfaces/d_i_0' to 'axis'.
@I [RTGEN-500] Setting interface mode on port 'axi_interfaces/d_i_1' to 'axis'.
@I [RTGEN-500] Setting interface mode on port 'axi_interfaces/d_i_2' to 'axis'.
@I [RTGEN-500] Setting interface mode on port 'axi_interfaces/d_i_3' to 'axis'.
@I [RTGEN-500] Setting interface mode on port 'axi_interfaces/d_i_4' to 'axis'.
@I [RTGEN-500] Setting interface mode on port 'axi_interfaces/d_i_5' to 'axis'.
@I [RTGEN-500] Setting interface mode on port 'axi_interfaces/d_i_6' to 'axis'.
@I [RTGEN-500] Setting interface mode on port 'axi_interfaces/d_i_7' to 'axis'.
@I [RTGEN-500] Setting interface mode on function 'axi_interfaces' to 'ap_ctrl_hs'.
@W [RTGEN-101] Register 'acc_0' is power-on initialization.
@W [RTGEN-101] Register 'acc_1' is power-on initialization.
@W [RTGEN-101] Register 'acc_2' is power-on initialization.
@W [RTGEN-101] Register 'acc_3' is power-on initialization.
@W [RTGEN-101] Register 'acc_4' is power-on initialization.
@W [RTGEN-101] Register 'acc_5' is power-on initialization.
@W [RTGEN-101] Register 'acc_6' is power-on initialization.
@W [RTGEN-101] Register 'acc_7' is power-on initialization.
@I [RTGEN-100] Finished creating RTL model for 'axi_interfaces'.
@I [HLS-100] Command 'create_rtl_model' returned 0; elapsed 0.04Total elapsed time: 5.166 sec.
@I [HLS-111] Elapsed time: 0.06 seconds; current memory usage: 0.179 MB.
@I [HLS-100] Command "source /home/ctnguyen/work/tut_vivadohls/Vivado_HLS_Tutorial/Interface_Synthesis/lab4/axi_interfaces_prj/solution1/.autopilot/db/axi_interfaces.rtl_wrap.cfg.tcl "
@I [HLS-100] Command 'ap_source' returned 0; elapsed 0Total elapsed time: 5.167 sec.
@I [HLS-100] Command "gen_rtl axi_interfaces -istop -style xilinx -tracefl mytrace -tracefmt vcd -traceopt all -f -lang sc -o /home/ctnguyen/work/tut_vivadohls/Vivado_HLS_Tutorial/Interface_Synthesis/lab4/axi_interfaces_prj/solution1/syn/systemc/axi_interfaces -synmodules axi_interfaces "
@I [HLS-100] Command 'gen_rtl' returned 0; elapsed 0Total elapsed time: 5.171 sec.
@I [HLS-100] Command "gen_rtl axi_interfaces -istop -style xilinx -f -lang vhdl -o /home/ctnguyen/work/tut_vivadohls/Vivado_HLS_Tutorial/Interface_Synthesis/lab4/axi_interfaces_prj/solution1/syn/vhdl/axi_interfaces "
@I [HLS-100] Command 'gen_rtl' returned 0; elapsed 0.03Total elapsed time: 5.216 sec.
@I [HLS-100] Command "gen_rtl axi_interfaces -istop -style xilinx -f -lang vlog -o /home/ctnguyen/work/tut_vivadohls/Vivado_HLS_Tutorial/Interface_Synthesis/lab4/axi_interfaces_prj/solution1/syn/verilog/axi_interfaces "
@I [HLS-100] Command 'gen_rtl' returned 0; elapsed 0.01Total elapsed time: 5.234 sec.
@I [HLS-100] Command "export_constraint_db -o /home/ctnguyen/work/tut_vivadohls/Vivado_HLS_Tutorial/Interface_Synthesis/lab4/axi_interfaces_prj/solution1/.autopilot/db/axi_interfaces.constraint.tcl -f -tool general "
@I [HLS-100] Command 'export_constraint_db' returned 0; elapsed 0Total elapsed time: 5.235 sec.
@I [HLS-100] Command "report -model axi_interfaces -o /home/ctnguyen/work/tut_vivadohls/Vivado_HLS_Tutorial/Interface_Synthesis/lab4/axi_interfaces_prj/solution1/.autopilot/db/axi_interfaces.design.xml -verbose -f -dv "
@I [HLS-100] Command 'report' returned 0; elapsed 0.02Total elapsed time: 5.253 sec.
@I [HLS-100] Command "report -model axi_interfaces -o /home/ctnguyen/work/tut_vivadohls/Vivado_HLS_Tutorial/Interface_Synthesis/lab4/axi_interfaces_prj/solution1/.autopilot/db/axi_interfaces.sdaccel.xml -verbose -f -sdaccel "
@I [HLS-100] Command 'report' returned 0; elapsed 0.02Total elapsed time: 5.283 sec.
@I [HLS-100] Command "gen_tb_info axi_interfaces -o /home/ctnguyen/work/tut_vivadohls/Vivado_HLS_Tutorial/Interface_Synthesis/lab4/axi_interfaces_prj/solution1/.autopilot/db/axi_interfaces -p /home/ctnguyen/work/tut_vivadohls/Vivado_HLS_Tutorial/Interface_Synthesis/lab4/axi_interfaces_prj/solution1/.autopilot/db "
@I [HLS-100] Command 'gen_tb_info' returned 0; elapsed 0.01Total elapsed time: 5.284 sec.
@I [HLS-100] Command "report -model axi_interfaces -o /home/ctnguyen/work/tut_vivadohls/Vivado_HLS_Tutorial/Interface_Synthesis/lab4/axi_interfaces_prj/solution1/syn/report/axi_interfaces_csynth.rpt -f "
@I [HLS-100] Command 'report' returned 0; elapsed 0.01Total elapsed time: 5.299 sec.
@I [HLS-100] Command "report -model axi_interfaces -o /home/ctnguyen/work/tut_vivadohls/Vivado_HLS_Tutorial/Interface_Synthesis/lab4/axi_interfaces_prj/solution1/syn/report/axi_interfaces_csynth.xml -f -x "
@I [HLS-100] Command 'report' returned 0; elapsed 0.01Total elapsed time: 5.309 sec.
@I [HLS-100] Command "report -model axi_interfaces -o /home/ctnguyen/work/tut_vivadohls/Vivado_HLS_Tutorial/Interface_Synthesis/lab4/axi_interfaces_prj/solution1/.autopilot/db/axi_interfaces.verbose.rpt -verbose -f "
@I [HLS-100] Command 'report' returned 0; elapsed 0.02Total elapsed time: 5.331 sec.
@I [HLS-100] Command "db_write -model axi_interfaces -o /home/ctnguyen/work/tut_vivadohls/Vivado_HLS_Tutorial/Interface_Synthesis/lab4/axi_interfaces_prj/solution1/.autopilot/db/axi_interfaces.adb -f "
@I [HLS-100] Command 'db_write' returned 0; elapsed 0.02Total elapsed time: 5.348 sec.
@I [HLS-100] Command "sc_get_clocks axi_interfaces "
@I [HLS-100] Command 'sc_get_clocks' returned 0; elapsed 0Total elapsed time: 5.373 sec.
@I [HLS-100] Command "sc_get_portdomain axi_interfaces "
@I [HLS-100] Command 'sc_get_portdomain' returned 0; elapsed 0Total elapsed time: 5.373 sec.
@I [HLS-0] Model list for RTL component generation: axi_interfaces
@I [HLS-0] Handling components in module [axi_interfaces] ... 
@I [HLS-100] Command "source /home/ctnguyen/work/tut_vivadohls/Vivado_HLS_Tutorial/Interface_Synthesis/lab4/axi_interfaces_prj/solution1/.autopilot/db/axi_interfaces.compgen.tcl "
@I [HLS-100] Command 'ap_source' returned 0; elapsed 0Total elapsed time: 5.375 sec.
@I [HLS-0] Append model axi_interfaces
@I [HLS-0] Generating RTL model list ...
@I [HLS-0] All models in this session: axi_interfaces
@I [HLS-0] To file: write model axi_interfaces
@I [HLS-0] Finished generating RTL model list.


@I [HLS-0] RTL Generation done.
@I [HLS-0] CAS Generation done.
@I [HLS-0] CBC Generation done.
@I [HLS-100] Command "export_ssdm /home/ctnguyen/work/tut_vivadohls/Vivado_HLS_Tutorial/Interface_Synthesis/lab4/axi_interfaces_prj/solution1/.autopilot/db/a.export.ll "
@I [HLS-100] Command 'export_ssdm' returned 0; elapsed 0Total elapsed time: 5.377 sec.
@I [HLS-100] Command "source /home/ctnguyen/work/tut_vivadohls/Vivado_HLS_Tutorial/Interface_Synthesis/lab4/axi_interfaces_prj/solution1/.autopilot/db/global.setting.tcl "
@I [HLS-100] Command 'ap_source' returned 0; elapsed 0Total elapsed time: 5.380 sec.
@I [HLS-100] Command "source /opt/Xilinx/Vivado_HLS/2015.3/common/technology/generic/autopilot/common.gen "
@I [HLS-100] Command "source /opt/Xilinx/Vivado_HLS/2015.3/common/technology/generic/autopilot/APCoreGen.gen "
@I [HLS-100] Command 'ap_source' returned 0; elapsed 0Total elapsed time: 5.381 sec.
@I [HLS-100] Command 'ap_source' returned 0; elapsed 0Total elapsed time: 5.381 sec.
@I [HLS-100] Command "source /opt/Xilinx/Vivado_HLS/2015.3/common/technology/generic/autopilot/op.gen "
@I [HLS-100] Command 'ap_source' returned 0; elapsed 0Total elapsed time: 5.382 sec.
@I [HLS-100] Command "source /opt/Xilinx/Vivado_HLS/2015.3/common/technology/generic/autopilot/op_simcore.gen "
@I [HLS-100] Command 'ap_source' returned 0; elapsed 0Total elapsed time: 5.383 sec.
@I [HLS-100] Command "source /opt/Xilinx/Vivado_HLS/2015.3/common/technology/generic/autopilot/interface.gen "
@I [HLS-100] Command 'ap_source' returned 0; elapsed 0Total elapsed time: 5.383 sec.
@I [HLS-100] Command "source /home/ctnguyen/work/tut_vivadohls/Vivado_HLS_Tutorial/Interface_Synthesis/lab4/axi_interfaces_prj/solution1/.autopilot/db/global.setting.tcl "
@I [HLS-100] Command 'ap_source' returned 0; elapsed 0Total elapsed time: 5.384 sec.
@I [HLS-100] Command "source /opt/Xilinx/Vivado_HLS/2015.3/common/technology/xilinx/kintex7/kintex7.gen "
@I [HLS-100] Command "source /opt/Xilinx/Vivado_HLS/2015.3/common/technology/xilinx/common/virtex.gen "
@I [HLS-100] Command "source /opt/Xilinx/Vivado_HLS/2015.3/common/technology/xilinx/common/xilinx.gen "
@I [HLS-100] Command "source /opt/Xilinx/Vivado_HLS/2015.3/common/technology/xilinx/interface/plb46.gen "
@I [HLS-100] Command 'ap_source' returned 0; elapsed 0.01Total elapsed time: 5.386 sec.
@I [HLS-100] Command "source /opt/Xilinx/Vivado_HLS/2015.3/common/technology/xilinx/interface/fsl.gen "
@I [HLS-100] Command 'ap_source' returned 0; elapsed 0Total elapsed time: 5.386 sec.
@I [HLS-100] Command "source /opt/Xilinx/Vivado_HLS/2015.3/common/technology/xilinx/interface/axi4.gen "
@I [HLS-100] Command 'ap_source' returned 0; elapsed 0Total elapsed time: 5.389 sec.
@I [HLS-100] Command "source /opt/Xilinx/Vivado_HLS/2015.3/common/technology/xilinx/interface/nativeAXI4.gen "
@I [HLS-100] Command "source /opt/Xilinx/Vivado_HLS/2015.3/common/technology/xilinx/interface/saxilite.gen "
@I [HLS-100] Command 'ap_source' returned 0; elapsed 0.01Total elapsed time: 5.393 sec.
@I [HLS-100] Command "source /opt/Xilinx/Vivado_HLS/2015.3/common/technology/xilinx/interface/maxi.gen "
@I [HLS-100] Command 'ap_source' returned 0; elapsed 0Total elapsed time: 5.400 sec.
@I [HLS-100] Command 'ap_source' returned 0; elapsed 0.01Total elapsed time: 5.400 sec.
@I [HLS-100] Command "source /opt/Xilinx/Vivado_HLS/2015.3/common/technology/xilinx/scripts/xilinxcoregen.gen "
@I [HLS-100] Command 'ap_source' returned 0; elapsed 0.01Total elapsed time: 5.409 sec.
@I [HLS-100] Command "source /opt/Xilinx/Vivado_HLS/2015.3/common/technology/xilinx/interface/XilEDKCoreGen.gen "
@I [HLS-100] Command 'ap_source' returned 0; elapsed 0.01Total elapsed time: 5.417 sec.
@I [HLS-100] Command "source /opt/Xilinx/Vivado_HLS/2015.3/common/technology/xilinx/ip/xfft.gen "
@I [HLS-100] Command 'ap_source' returned 0; elapsed 0.11Total elapsed time: 5.524 sec.
@I [HLS-100] Command "source /opt/Xilinx/Vivado_HLS/2015.3/common/technology/xilinx/ip/xfir.gen "
@I [HLS-100] Command 'ap_source' returned 0; elapsed 0.03Total elapsed time: 5.559 sec.
@I [HLS-100] Command "source /opt/Xilinx/Vivado_HLS/2015.3/common/technology/xilinx/ip/dds_compiler.gen "
@I [HLS-100] Command 'ap_source' returned 0; elapsed 0Total elapsed time: 5.563 sec.
@I [HLS-100] Command "source /opt/Xilinx/Vivado_HLS/2015.3/common/technology/xilinx/ip/util.gen "
@I [HLS-100] Command 'ap_source' returned 0; elapsed 0Total elapsed time: 5.563 sec.
@I [HLS-100] Command 'ap_source' returned 0; elapsed 0.18Total elapsed time: 5.563 sec.
@I [HLS-100] Command "source /opt/Xilinx/Vivado_HLS/2015.3/common/technology/xilinx/common/dsp48.gen "
@I [HLS-100] Command 'ap_source' returned 0; elapsed 0Total elapsed time: 5.565 sec.
@I [HLS-100] Command 'ap_source' returned 0; elapsed 0.19Total elapsed time: 5.565 sec.
@I [HLS-100] Command 'ap_source' returned 0; elapsed 0.19Total elapsed time: 5.565 sec.
@I [HLS-100] Command "source /opt/Xilinx/Vivado_HLS/2015.3/common/technology/xilinx/kintex7/kintex7_fpv6.gen "
@I [HLS-100] Command "source /opt/Xilinx/Vivado_HLS/2015.3/common/technology/xilinx/common/xilinx_fpv6.gen "
@I [HLS-100] Command 'ap_source' returned 0; elapsed 0Total elapsed time: 5.567 sec.
@I [HLS-100] Command 'ap_source' returned 0; elapsed 0Total elapsed time: 5.567 sec.
@I [HLS-100] Command "source /home/ctnguyen/work/tut_vivadohls/Vivado_HLS_Tutorial/Interface_Synthesis/lab4/axi_interfaces_prj/solution1/.autopilot/db/global.setting.tcl "
@I [HLS-100] Command 'ap_source' returned 0; elapsed 0Total elapsed time: 5.568 sec.
@I [HLS-100] Command "source /home/ctnguyen/work/tut_vivadohls/Vivado_HLS_Tutorial/Interface_Synthesis/lab4/axi_interfaces_prj/solution1/.autopilot/db/global.setting.tcl "
@I [HLS-100] Command 'ap_source' returned 0; elapsed 0Total elapsed time: 5.568 sec.
@I [HLS-100] Command "source /home/ctnguyen/work/tut_vivadohls/Vivado_HLS_Tutorial/Interface_Synthesis/lab4/axi_interfaces_prj/solution1/.autopilot/db/global.setting.tcl "
@I [HLS-100] Command 'ap_source' returned 0; elapsed 0Total elapsed time: 5.569 sec.
@I [HLS-100] Command "source /home/ctnguyen/work/tut_vivadohls/Vivado_HLS_Tutorial/Interface_Synthesis/lab4/axi_interfaces_prj/solution1/.autopilot/db/global.setting.tcl "
@I [HLS-100] Command 'ap_source' returned 0; elapsed 0Total elapsed time: 5.569 sec.
@I [HLS-100] Command "source /home/ctnguyen/work/tut_vivadohls/Vivado_HLS_Tutorial/Interface_Synthesis/lab4/axi_interfaces_prj/solution1/.autopilot/db/axi_interfaces.compgen.tcl "
@I [HLS-100] Command 'ap_source' returned 0; elapsed 0Total elapsed time: 5.570 sec.
@I [HLS-10] Finished generating all RTL models.
@0 [HLS-0] Finished generating all RTL models.
@I [WSYSC-301] Generating RTL SystemC for 'axi_interfaces'.
@I [WVHDL-304] Generating RTL VHDL for 'axi_interfaces'.
@I [WVLOG-307] Generating RTL Verilog for 'axi_interfaces'.
@I [HLS-100] Command 'autosyn' returned 0; elapsed 0.48Total elapsed time: 5.577 sec.
@I [HLS-100] Command 'csynth_design' returned 0; elapsed 1.71Total elapsed time: 5.577 sec.
@I [HLS-100] Command 'ap_source' returned 0; elapsed 2.46Total elapsed time: 5.577 sec.
@I [HLS-100] Command "cleanup_all "
@I [HLS-100] Command 'cleanup_all' returned 0; elapsed 0.01Total elapsed time: 5.582 sec.
