INFO-FLOW: Workspace /media/trungnguyen/data/01.git/tutorial/hls_example/vec_add/hls_proj/solution1 opened at Wed Jul 14 18:03:22 +07 2021
Execute     ap_set_clock -name default -period 10 -default=false 
INFO: [SYN 201-201] Setting up clock 'default' with a period of 10ns.
Execute     import_lib /home/trungnguyen/01.tools/Xilinx/Vitis_HLS/2020.2/common/technology/xilinx/zynquplus/zynquplus 
Execute       source /home/trungnguyen/01.tools/Xilinx/Vitis_HLS/2020.2/common/technology/xilinx/interface/xilinx_interface.hlp 
Execute         source /home/trungnguyen/01.tools/Xilinx/Vitis_HLS/2020.2/common/technology/xilinx/interface/maxi.hlp 
Execute         source /home/trungnguyen/01.tools/Xilinx/Vitis_HLS/2020.2/common/technology/xilinx/interface/saxilite.hlp 
Execute       source /home/trungnguyen/01.tools/Xilinx/Vitis_HLS/2020.2/common/technology/xilinx/DSP48/dsp48.hlp 
Execute     source /home/trungnguyen/01.tools/Xilinx/Vitis_HLS/2020.2/common/technology/xilinx/common/xilinx.gen 
Execute       source /home/trungnguyen/01.tools/Xilinx/Vitis_HLS/2020.2/common/technology/xilinx/interface/plb46.gen 
Execute       source /home/trungnguyen/01.tools/Xilinx/Vitis_HLS/2020.2/common/technology/xilinx/interface/axi4.gen 
Execute       source /home/trungnguyen/01.tools/Xilinx/Vitis_HLS/2020.2/common/technology/xilinx/interface/nativeAXI4.gen 
Execute         source /home/trungnguyen/01.tools/Xilinx/Vitis_HLS/2020.2/common/technology/xilinx/interface/saxilite.gen 
Execute         source /home/trungnguyen/01.tools/Xilinx/Vitis_HLS/2020.2/common/technology/xilinx/interface/maxi.gen 
Execute       source /home/trungnguyen/01.tools/Xilinx/Vitis_HLS/2020.2/common/technology/xilinx/scripts/xilinxcoregen.gen 
Execute       source /home/trungnguyen/01.tools/Xilinx/Vitis_HLS/2020.2/common/technology/xilinx/interface/XilEDKCoreGen.gen 
Execute       source /home/trungnguyen/01.tools/Xilinx/Vitis_HLS/2020.2/common/technology/xilinx/ip/dds_compiler.gen 
Execute       source /home/trungnguyen/01.tools/Xilinx/Vitis_HLS/2020.2/common/technology/xilinx/ip/util.gen 
Execute       source /home/trungnguyen/01.tools/Xilinx/Vitis_HLS/2020.2/common/technology/xilinx/ip/xfft.gen 
Execute       source /home/trungnguyen/01.tools/Xilinx/Vitis_HLS/2020.2/common/technology/xilinx/ip/xfir.gen 
Execute       source /home/trungnguyen/01.tools/Xilinx/Vitis_HLS/2020.2/common/technology/xilinx/DSP48/dsp48.gen 
Execute     import_lib /home/trungnguyen/01.tools/Xilinx/Vitis_HLS/2020.2/common/technology/xilinx/zynquplus/zynquplus_fpv7 
Execute       source /home/trungnguyen/01.tools/Xilinx/Vitis_HLS/2020.2/common/technology/xilinx/interface/xilinx_interface.hlp 
Execute         source /home/trungnguyen/01.tools/Xilinx/Vitis_HLS/2020.2/common/technology/xilinx/interface/maxi.hlp 
Execute         source /home/trungnguyen/01.tools/Xilinx/Vitis_HLS/2020.2/common/technology/xilinx/interface/saxilite.hlp 
Execute       source /home/trungnguyen/01.tools/Xilinx/Vitis_HLS/2020.2/common/technology/xilinx/DSP48/dsp48.hlp 
Execute     source /home/trungnguyen/01.tools/Xilinx/Vitis_HLS/2020.2/common/technology/xilinx/common/xilinx.gen 
Execute       source /home/trungnguyen/01.tools/Xilinx/Vitis_HLS/2020.2/common/technology/xilinx/interface/plb46.gen 
Execute       source /home/trungnguyen/01.tools/Xilinx/Vitis_HLS/2020.2/common/technology/xilinx/interface/axi4.gen 
Execute       source /home/trungnguyen/01.tools/Xilinx/Vitis_HLS/2020.2/common/technology/xilinx/interface/nativeAXI4.gen 
Execute         source /home/trungnguyen/01.tools/Xilinx/Vitis_HLS/2020.2/common/technology/xilinx/interface/saxilite.gen 
Execute         source /home/trungnguyen/01.tools/Xilinx/Vitis_HLS/2020.2/common/technology/xilinx/interface/maxi.gen 
Execute       source /home/trungnguyen/01.tools/Xilinx/Vitis_HLS/2020.2/common/technology/xilinx/scripts/xilinxcoregen.gen 
Execute       source /home/trungnguyen/01.tools/Xilinx/Vitis_HLS/2020.2/common/technology/xilinx/interface/XilEDKCoreGen.gen 
Execute       source /home/trungnguyen/01.tools/Xilinx/Vitis_HLS/2020.2/common/technology/xilinx/ip/dds_compiler.gen 
Execute       source /home/trungnguyen/01.tools/Xilinx/Vitis_HLS/2020.2/common/technology/xilinx/ip/util.gen 
Execute       source /home/trungnguyen/01.tools/Xilinx/Vitis_HLS/2020.2/common/technology/xilinx/ip/xfft.gen 
Execute       source /home/trungnguyen/01.tools/Xilinx/Vitis_HLS/2020.2/common/technology/xilinx/ip/xfir.gen 
Execute       source /home/trungnguyen/01.tools/Xilinx/Vitis_HLS/2020.2/common/technology/xilinx/DSP48/dsp48.gen 
Execute     import_lib /home/trungnguyen/01.tools/Xilinx/Vitis_HLS/2020.2/common/technology/xilinx/zynquplus/zynquplus 
Execute       source /home/trungnguyen/01.tools/Xilinx/Vitis_HLS/2020.2/common/technology/xilinx/interface/xilinx_interface.hlp 
Execute         source /home/trungnguyen/01.tools/Xilinx/Vitis_HLS/2020.2/common/technology/xilinx/interface/maxi.hlp 
Execute         source /home/trungnguyen/01.tools/Xilinx/Vitis_HLS/2020.2/common/technology/xilinx/interface/saxilite.hlp 
Execute       source /home/trungnguyen/01.tools/Xilinx/Vitis_HLS/2020.2/common/technology/xilinx/DSP48/dsp48.hlp 
Execute     source /home/trungnguyen/01.tools/Xilinx/Vitis_HLS/2020.2/common/technology/xilinx/common/xilinx.gen 
Execute       source /home/trungnguyen/01.tools/Xilinx/Vitis_HLS/2020.2/common/technology/xilinx/interface/plb46.gen 
Execute       source /home/trungnguyen/01.tools/Xilinx/Vitis_HLS/2020.2/common/technology/xilinx/interface/axi4.gen 
Execute       source /home/trungnguyen/01.tools/Xilinx/Vitis_HLS/2020.2/common/technology/xilinx/interface/nativeAXI4.gen 
Execute         source /home/trungnguyen/01.tools/Xilinx/Vitis_HLS/2020.2/common/technology/xilinx/interface/saxilite.gen 
Execute         source /home/trungnguyen/01.tools/Xilinx/Vitis_HLS/2020.2/common/technology/xilinx/interface/maxi.gen 
Execute       source /home/trungnguyen/01.tools/Xilinx/Vitis_HLS/2020.2/common/technology/xilinx/scripts/xilinxcoregen.gen 
Execute       source /home/trungnguyen/01.tools/Xilinx/Vitis_HLS/2020.2/common/technology/xilinx/interface/XilEDKCoreGen.gen 
Execute       source /home/trungnguyen/01.tools/Xilinx/Vitis_HLS/2020.2/common/technology/xilinx/ip/dds_compiler.gen 
Execute       source /home/trungnguyen/01.tools/Xilinx/Vitis_HLS/2020.2/common/technology/xilinx/ip/util.gen 
Execute       source /home/trungnguyen/01.tools/Xilinx/Vitis_HLS/2020.2/common/technology/xilinx/ip/xfft.gen 
Execute       source /home/trungnguyen/01.tools/Xilinx/Vitis_HLS/2020.2/common/technology/xilinx/ip/xfir.gen 
Execute       source /home/trungnguyen/01.tools/Xilinx/Vitis_HLS/2020.2/common/technology/xilinx/DSP48/dsp48.gen 
Execute     set_part xczu9eg-ffvb1156-2-e 
INFO-FLOW: DBG:set_part: XILINX_VIVADO=/home/trungnguyen/01.tools/Xilinx/Vivado/2020.2
INFO-FLOW: DBG:set_part: RDI_DATADIR=/home/trungnguyen/01.tools/Xilinx/Vivado/2020.2/data:/home/trungnguyen/01.tools/Xilinx/Vitis_HLS/2020.2/data
Execute       ap_part_info -name xczu9eg-ffvb1156-2-e -data single -quiet 
DBG:HLSDevice: Trying to load device library: /home/trungnguyen/01.tools/Xilinx/Vitis_HLS/2020.2/lib/lnx64.o/librdi_hlsvwrap.so
DBG:HLSDevice: first parts/arch.xml in RDI_DATADIR: /home/trungnguyen/01.tools/Xilinx/Vivado/2020.2/data/parts/arch.xml
Command       ap_part_info done; 0.79 sec.
Execute       ap_part_info -name xczu9eg-ffvb1156-2-e -data info 
Execute       add_library xilinx/zynquplus/zynquplus:xczu9eg:-ffvb1156:-2-e 
Execute         get_default_platform 
Execute         open_platform DefaultPlatform 
Execute         ap_part_info -data single -name xczu9eg-ffvb1156-2-e 
Execute         ap_part_info -name xczu9eg-ffvb1156-2-e -data resources 
Execute         config_chip_info -resource {SLICE 34260} {LUT 274080} {FF 548160} {DSP 2520} {BRAM 1824} {URAM 0} 
Execute         ap_part_info -name xczu9eg-ffvb1156-2-e -data info 
Execute         config_chip_info -speed medium 
Execute         ap_part_info -name xczu9eg-ffvb1156-2-e -data info 
Execute         config_library_info -library zynquplus_medium 
Execute         config_library_info -family zynquplus 
Execute         config_library_info -part xczu9eg:-ffvb1156:-2-e 
Execute         import_lib /home/trungnguyen/01.tools/Xilinx/Vitis_HLS/2020.2/common/technology/xilinx/zynquplus/zynquplus 
Execute           source /home/trungnguyen/01.tools/Xilinx/Vitis_HLS/2020.2/common/technology/xilinx/interface/xilinx_interface.hlp 
Execute             source /home/trungnguyen/01.tools/Xilinx/Vitis_HLS/2020.2/common/technology/xilinx/interface/maxi.hlp 
Execute             source /home/trungnguyen/01.tools/Xilinx/Vitis_HLS/2020.2/common/technology/xilinx/interface/saxilite.hlp 
Execute           source /home/trungnguyen/01.tools/Xilinx/Vitis_HLS/2020.2/common/technology/xilinx/DSP48/dsp48.hlp 
Execute           source /home/trungnguyen/01.tools/Xilinx/Vitis_HLS/2020.2/common/technology/xilinx/DSP48/zynquplus_dsp48e2.hlp 
Execute         source /home/trungnguyen/01.tools/Xilinx/Vitis_HLS/2020.2/common/technology/xilinx/common/xilinx.gen 
Execute           source /home/trungnguyen/01.tools/Xilinx/Vitis_HLS/2020.2/common/technology/xilinx/interface/plb46.gen 
Execute           source /home/trungnguyen/01.tools/Xilinx/Vitis_HLS/2020.2/common/technology/xilinx/interface/axi4.gen 
Execute           source /home/trungnguyen/01.tools/Xilinx/Vitis_HLS/2020.2/common/technology/xilinx/interface/nativeAXI4.gen 
Execute             source /home/trungnguyen/01.tools/Xilinx/Vitis_HLS/2020.2/common/technology/xilinx/interface/saxilite.gen 
Execute             source /home/trungnguyen/01.tools/Xilinx/Vitis_HLS/2020.2/common/technology/xilinx/interface/maxi.gen 
Execute           source /home/trungnguyen/01.tools/Xilinx/Vitis_HLS/2020.2/common/technology/xilinx/scripts/xilinxcoregen.gen 
Execute           source /home/trungnguyen/01.tools/Xilinx/Vitis_HLS/2020.2/common/technology/xilinx/interface/XilEDKCoreGen.gen 
Execute           source /home/trungnguyen/01.tools/Xilinx/Vitis_HLS/2020.2/common/technology/xilinx/ip/dds_compiler.gen 
Execute           source /home/trungnguyen/01.tools/Xilinx/Vitis_HLS/2020.2/common/technology/xilinx/ip/util.gen 
Execute           source /home/trungnguyen/01.tools/Xilinx/Vitis_HLS/2020.2/common/technology/xilinx/ip/xfft.gen 
Execute           source /home/trungnguyen/01.tools/Xilinx/Vitis_HLS/2020.2/common/technology/xilinx/ip/xfir.gen 
Execute           source /home/trungnguyen/01.tools/Xilinx/Vitis_HLS/2020.2/common/technology/xilinx/DSP48/dsp48.gen 
INFO: [HLS 200-10] Setting target device to 'xczu9eg-ffvb1156-2-e'
Execute       ap_part_info -name xczu9eg-ffvb1156-2-e -data info 
Execute       config_compile -quiet -complex-mul-dsp=0 
Command     set_part done; 0.91 sec.
Execute     ap_part_info -data single -name xczu9eg-ffvb1156-2-e 
Execute     ap_part_info -name xczu9eg-ffvb1156-2-e -data resources 
Execute     config_chip_info -resource {SLICE 34260} {LUT 274080} {FF 548160} {DSP 2520} {BRAM 1824} {URAM 0} 
Execute     ap_part_info -name xczu9eg-ffvb1156-2-e -data info 
Execute     config_chip_info -speed medium 
Execute     send_msg_by_id INFO @200-1505@%s%s  vivado 
INFO: [HLS 200-1505] Using flow_target 'vivado'
Execute     get_config_interface -m_axi_latency 
Execute     get_config_interface -m_axi_alignment_byte_size 
Execute     get_config_interface -m_axi_max_widen_bitwidth 
Execute     get_config_interface -default_interface 
Execute     get_config_interface -m_axi_offset 
Execute     get_config_rtl -register_reset_num 
Command   open_solution done; 1.13 sec.
Execute   set_part xczu9eg-ffvb1156-2-e 
INFO: [HLS 200-1510] Running: set_part xczu9eg-ffvb1156-2-e 
INFO-FLOW: DBG:set_part: XILINX_VIVADO=/home/trungnguyen/01.tools/Xilinx/Vivado/2020.2
INFO-FLOW: DBG:set_part: RDI_DATADIR=/home/trungnguyen/01.tools/Xilinx/Vivado/2020.2/data:/home/trungnguyen/01.tools/Xilinx/Vitis_HLS/2020.2/data
Execute     ap_part_info -name xczu9eg-ffvb1156-2-e -data single -quiet 
Execute     ap_part_info -name xczu9eg-ffvb1156-2-e -data info 
Execute     add_library xilinx/zynquplus/zynquplus:xczu9eg:-ffvb1156:-2-e 
Execute       get_default_platform 
Execute       open_platform DefaultPlatform 
Execute       ap_part_info -data single -name xczu9eg-ffvb1156-2-e 
Execute       ap_part_info -name xczu9eg-ffvb1156-2-e -data resources 
Execute       config_chip_info -resource {SLICE 34260} {LUT 274080} {FF 548160} {DSP 2520} {BRAM 1824} {URAM 0} 
Execute       ap_part_info -name xczu9eg-ffvb1156-2-e -data info 
Execute       config_chip_info -speed medium 
Execute       ap_part_info -name xczu9eg-ffvb1156-2-e -data info 
Execute       config_library_info -library zynquplus_medium 
Execute       config_library_info -family zynquplus 
Execute       config_library_info -part xczu9eg:-ffvb1156:-2-e 
Execute       import_lib /home/trungnguyen/01.tools/Xilinx/Vitis_HLS/2020.2/common/technology/xilinx/zynquplus/zynquplus 
Execute         source /home/trungnguyen/01.tools/Xilinx/Vitis_HLS/2020.2/common/technology/xilinx/interface/xilinx_interface.hlp 
Execute           source /home/trungnguyen/01.tools/Xilinx/Vitis_HLS/2020.2/common/technology/xilinx/interface/maxi.hlp 
Execute           source /home/trungnguyen/01.tools/Xilinx/Vitis_HLS/2020.2/common/technology/xilinx/interface/saxilite.hlp 
Execute         source /home/trungnguyen/01.tools/Xilinx/Vitis_HLS/2020.2/common/technology/xilinx/DSP48/dsp48.hlp 
Execute         source /home/trungnguyen/01.tools/Xilinx/Vitis_HLS/2020.2/common/technology/xilinx/DSP48/zynquplus_dsp48e2.hlp 
Execute       source /home/trungnguyen/01.tools/Xilinx/Vitis_HLS/2020.2/common/technology/xilinx/common/xilinx.gen 
Execute         source /home/trungnguyen/01.tools/Xilinx/Vitis_HLS/2020.2/common/technology/xilinx/interface/plb46.gen 
Execute         source /home/trungnguyen/01.tools/Xilinx/Vitis_HLS/2020.2/common/technology/xilinx/interface/axi4.gen 
Execute         source /home/trungnguyen/01.tools/Xilinx/Vitis_HLS/2020.2/common/technology/xilinx/interface/nativeAXI4.gen 
Execute           source /home/trungnguyen/01.tools/Xilinx/Vitis_HLS/2020.2/common/technology/xilinx/interface/saxilite.gen 
Execute           source /home/trungnguyen/01.tools/Xilinx/Vitis_HLS/2020.2/common/technology/xilinx/interface/maxi.gen 
Execute         source /home/trungnguyen/01.tools/Xilinx/Vitis_HLS/2020.2/common/technology/xilinx/scripts/xilinxcoregen.gen 
Execute         source /home/trungnguyen/01.tools/Xilinx/Vitis_HLS/2020.2/common/technology/xilinx/interface/XilEDKCoreGen.gen 
Execute         source /home/trungnguyen/01.tools/Xilinx/Vitis_HLS/2020.2/common/technology/xilinx/ip/dds_compiler.gen 
Execute         source /home/trungnguyen/01.tools/Xilinx/Vitis_HLS/2020.2/common/technology/xilinx/ip/util.gen 
Execute         source /home/trungnguyen/01.tools/Xilinx/Vitis_HLS/2020.2/common/technology/xilinx/ip/xfft.gen 
Execute         source /home/trungnguyen/01.tools/Xilinx/Vitis_HLS/2020.2/common/technology/xilinx/ip/xfir.gen 
Execute         source /home/trungnguyen/01.tools/Xilinx/Vitis_HLS/2020.2/common/technology/xilinx/DSP48/dsp48.gen 
Execute     ap_part_info -name xczu9eg-ffvb1156-2-e -data info 
Execute     config_compile -quiet -complex-mul-dsp=0 
Execute   create_clock -period 10 -name default 
INFO: [HLS 200-1510] Running: create_clock -period 10 -name default 
Execute   source ./hls_proj/solution1/directives.tcl 
Execute     set_directive_top -name kernel kernel 
INFO: [HLS 200-1510] Running: set_directive_top -name kernel kernel 
INFO-FLOW: Setting directive 'TOP' name=kernel 
Execute   csynth_design 
INFO: [HLS 200-1510] Running: csynth_design 
Execute     get_config_compile -effort 
Execute     get_config_compile -enable_clang39 
Execute     get_config_compile -g 
Execute     get_config_compile -ng 
Execute     get_config_compile -opt_fp 
Execute     get_config_compile -skip_cdt 
Execute     get_config_compile -skip_syncheck 
Execute     get_config_compile -skip_transform 
Execute     get_config_compile -keep_printf 
Execute     elaborate -effort=medium -skip_syncheck=0 -keep_printf=0 -skip_cdt=0 -skip_transform=0 -ng=0 -g=0 -opt_fp=0 -from_csynth_design=1 
INFO: [HLS 200-111] Finished File checks and directory preparation: CPU user time: 0 seconds. CPU system time: 0 seconds. Elapsed time: 0.01 seconds; current allocated memory: 191.758 MB.
INFO: [HLS 200-10] Analyzing design file 'kernel.cpp' ... 
INFO-FLOW: Compiling one TU...
Execute       get_config_compile -pragma_strict_mode 
INFO-FLOW: Handling kernel.cpp as C++
Execute       ap_part_info -name xczu9eg-ffvb1156-2-e -data info 
INFO-FLOW: Running: GCC PP 39
INFO-FLOW: Source preprocessing
Execute       ap_eval exec -ignorestderr /home/trungnguyen/01.tools/Xilinx/Vitis_HLS/2020.2/lnx64/tools/clang-3.9-csynth/bin/clang kernel.cpp -foptimization-record-file=/media/trungnguyen/data/01.git/tutorial/hls_example/vec_add/hls_proj/solution1/.autopilot/db/clang.kernel.cpp.diag.yml -mllvm -pass-remarks-missed=reflow|pasta|unroll -mllvm -pass-remarks=reflow|pasta|unroll|inline -fno-limit-debug-info -gcc-toolchain /home/trungnguyen/01.tools/Xilinx/Vitis_HLS/2020.2/tps/lnx64/gcc-6.2.0 -fhls -fno-exceptions -E -fno-math-errno -c -emit-llvm -mllvm -disable-llvm-optzns -Werror=implicit-function-declaration -Werror=implicit-hls-streams -Werror=return-type -Wpragmas -Wunused-parameter -fno-threadsafe-statics -fno-use-cxa-atexit -std=gnu++14 -target fpga64-xilinx-linux-gnu -fno-threadsafe-statics -fno-use-cxa-atexit -I /home/trungnguyen/01.tools/Xilinx/Vitis_HLS/2020.2/common/technology/autopilot/39 -D__VITIS_HLS__ -DAESL_SYN -D__SYNTHESIS__ -D__HLS_SYN__ -I /home/trungnguyen/01.tools/Xilinx/Vitis_HLS/2020.2/common/technology/autopilot -I /home/trungnguyen/01.tools/Xilinx/Vitis_HLS/2020.2/common/technology/autopilot/ap_sysc -include etc/autopilot_ssdm_op.h -D__DSP48E2__ -o /media/trungnguyen/data/01.git/tutorial/hls_example/vec_add/hls_proj/solution1/.autopilot/db/kernel.pp.0.cpp > /media/trungnguyen/data/01.git/tutorial/hls_example/vec_add/hls_proj/solution1/.autopilot/db/clang.kernel.cpp.out.log 2> /media/trungnguyen/data/01.git/tutorial/hls_example/vec_add/hls_proj/solution1/.autopilot/db/clang.kernel.cpp.err.log 
INFO-FLOW: Done: GCC PP 39 time: 0 seconds per iteration
Execute       set_directive_top kernel -name=kernel 
INFO-FLOW: Setting directive 'TOP' name=kernel 
INFO-FLOW: Setting directive 'TOP' name=kernel 
INFO-FLOW: Setting directive 'TOP' name=kernel 
INFO-FLOW: Setting directive 'TOP' name=kernel 
Execute       source /home/trungnguyen/01.tools/Xilinx/Vitis_HLS/2020.2/tps/tcl/tcllib1.11.1/yaml/huddle.tcl 
Execute       source /home/trungnguyen/01.tools/Xilinx/Vitis_HLS/2020.2/tps/tcl/tcllib1.11.1/yaml/json2huddle.tcl 
Execute         source /home/trungnguyen/01.tools/Xilinx/Vitis_HLS/2020.2/tps/tcl/tcllib1.11.1/try/try.tcl 
INFO-FLOW: Setting directive 'TOP' name=kernel 
INFO-FLOW: Setting directive 'TOP' name=kernel 
Execute       list_core -type functional_unit 
Execute       clang_tidy xilinx-systemc-detector /media/trungnguyen/data/01.git/tutorial/hls_example/vec_add/hls_proj/solution1/.autopilot/db/kernel.pp.0.cpp std=gnu++14 -target fpga  -directive=/media/trungnguyen/data/01.git/tutorial/hls_example/vec_add/hls_proj/solution1/.autopilot/db/.systemc_flag 
INFO-FLOW: exec /home/trungnguyen/01.tools/Xilinx/Vitis_HLS/2020.2/lnx64/tools/clang-3.9-csynth/bin/clang-tidy -header-filter=.* --checks=-*,xilinx-systemc-detector -import-directive=/media/trungnguyen/data/01.git/tutorial/hls_example/vec_add/hls_proj/solution1/.autopilot/db/.systemc_flag -fix-errors /media/trungnguyen/data/01.git/tutorial/hls_example/vec_add/hls_proj/solution1/.autopilot/db/kernel.pp.0.cpp -- -std=gnu++14 -target fpga -fhls -ferror-limit=0
INFO-FLOW: Running: clang-tidy CDT preprocess 39
Execute       clang_tidy xilinx-directive2pragma /media/trungnguyen/data/01.git/tutorial/hls_example/vec_add/hls_proj/solution1/.autopilot/db/kernel.pp.0.cpp std=gnu++14 -target fpga  -directive=/media/trungnguyen/data/01.git/tutorial/hls_example/vec_add/hls_proj/solution1/.autopilot/db/all.directive.json 
INFO-FLOW: exec /home/trungnguyen/01.tools/Xilinx/Vitis_HLS/2020.2/lnx64/tools/clang-3.9-csynth/bin/clang-tidy -header-filter=.* --checks=-*,xilinx-directive2pragma -import-directive=/media/trungnguyen/data/01.git/tutorial/hls_example/vec_add/hls_proj/solution1/.autopilot/db/all.directive.json -fix-errors /media/trungnguyen/data/01.git/tutorial/hls_example/vec_add/hls_proj/solution1/.autopilot/db/kernel.pp.0.cpp -- -std=gnu++14 -target fpga -fhls -ferror-limit=0
Execute       clang_tidy xilinx-constantarray-param,xilinx-remove-assert /media/trungnguyen/data/01.git/tutorial/hls_example/vec_add/hls_proj/solution1/.autopilot/db/kernel.pp.0.cpp std=gnu++14 -target fpga  
INFO-FLOW: exec /home/trungnguyen/01.tools/Xilinx/Vitis_HLS/2020.2/lnx64/tools/clang-3.9-csynth/bin/clang-tidy -header-filter=.* --checks=-*,xilinx-constantarray-param,xilinx-remove-assert -fix-errors /media/trungnguyen/data/01.git/tutorial/hls_example/vec_add/hls_proj/solution1/.autopilot/db/kernel.pp.0.cpp -- -std=gnu++14 -target fpga -fhls -ferror-limit=0
INFO-FLOW: Done: clang-tidy CDT preprocess 39 time: 0 seconds per iteration
INFO-FLOW: Calling xilinx-label-all-loops ... 
Execute       clang_tidy -errorcheck xilinx-label-all-loops,xilinx-top-parameters,xilinx-array-stream-check,xilinx-warn-mayneed-no-ctor-attribute /media/trungnguyen/data/01.git/tutorial/hls_example/vec_add/hls_proj/solution1/.autopilot/db/kernel.pp.0.cpp std=gnu++14 -target fpga  
Execute         ap_eval exec -ignorestderr /home/trungnguyen/01.tools/Xilinx/Vitis_HLS/2020.2/lnx64/tools/clang-3.9-csynth/bin/clang-tidy -export-fixes=/media/trungnguyen/data/01.git/tutorial/hls_example/vec_add/hls_proj/solution1/.autopilot/db/clang-tidy.kernel.pp.0.cpp.diag.yml -header-filter=.* --checks=-*,xilinx-label-all-loops,xilinx-top-parameters,xilinx-array-stream-check,xilinx-warn-mayneed-no-ctor-attribute -fix-errors /media/trungnguyen/data/01.git/tutorial/hls_example/vec_add/hls_proj/solution1/.autopilot/db/kernel.pp.0.cpp -- -std=gnu++14 -target fpga -fhls -ferror-limit=0 > /media/trungnguyen/data/01.git/tutorial/hls_example/vec_add/hls_proj/solution1/.autopilot/db/clang-tidy.kernel.pp.0.cpp.out.log 2> /media/trungnguyen/data/01.git/tutorial/hls_example/vec_add/hls_proj/solution1/.autopilot/db/clang-tidy.kernel.pp.0.cpp.err.log 
Execute       get_config_dataflow -strict_mode 
Execute       ap_eval exec -ignorestderr /home/trungnguyen/01.tools/Xilinx/Vitis_HLS/2020.2/lnx64/tools/clang-3.9-csynth/bin/xilinx-dataflow-lawyer -export-fixes=/media/trungnguyen/data/01.git/tutorial/hls_example/vec_add/hls_proj/solution1/.autopilot/db/xilinx-dataflow-lawyer.kernel.pp.0.cpp.diag.yml /media/trungnguyen/data/01.git/tutorial/hls_example/vec_add/hls_proj/solution1/.autopilot/db/kernel.pp.0.cpp -- -std=gnu++14 -target fpga -fhls -ferror-limit=0 -fstrict-dataflow > /media/trungnguyen/data/01.git/tutorial/hls_example/vec_add/hls_proj/solution1/.autopilot/db/xilinx-dataflow-lawyer.kernel.pp.0.cpp.out.log 2> /media/trungnguyen/data/01.git/tutorial/hls_example/vec_add/hls_proj/solution1/.autopilot/db/xilinx-dataflow-lawyer.kernel.pp.0.cpp.err.log 
Execute       source /home/trungnguyen/01.tools/Xilinx/Vitis_HLS/2020.2/tps/tcl/tcllib1.11.1/yaml/yaml.tcl 
Execute         source /home/trungnguyen/01.tools/Xilinx/Vitis_HLS/2020.2/tps/tcl/tcllib1.11.1/cmdline/cmdline.tcl 
WARNING: [HLS 214-114] Since the only kind of statements allowed in a canonical dataflow region are variable declarations and function calls, the compiler may not be able to correctly handle the region: kernel.cpp:30:2
WARNING: [HLS 214-114] Since the only kind of statements allowed in a canonical dataflow region are variable declarations and function calls, the compiler may not be able to correctly handle the region: kernel.cpp:32:2
Execute       send_msg_by_id WARNING @200-471@%s%s 2 kernel.cpp 
WARNING: [HLS 200-471] Dataflow form checks found 2 issue(s) in file kernel.cpp
Execute       ap_part_info -name xczu9eg-ffvb1156-2-e -data info 
INFO-FLOW: compiling source code to llvm bc
Execute       ap_eval exec -ignorestderr /home/trungnguyen/01.tools/Xilinx/Vitis_HLS/2020.2/lnx64/tools/clang-3.9-csynth/bin/clang -foptimization-record-file=/media/trungnguyen/data/01.git/tutorial/hls_example/vec_add/hls_proj/solution1/.autopilot/db/clang.kernel.pp.0.cpp.diag.yml -mllvm -pass-remarks-missed=reflow|pasta|unroll -mllvm -pass-remarks=reflow|pasta|unroll|inline -fno-limit-debug-info -fhls -flto -fno-exceptions -Wno-error=c++11-narrowing /media/trungnguyen/data/01.git/tutorial/hls_example/vec_add/hls_proj/solution1/.autopilot/db/kernel.pp.0.cpp -fno-math-errno -c -emit-llvm -mllvm -disable-llvm-optzns -Werror=implicit-function-declaration -Werror=implicit-hls-streams -Werror=return-type -Wpragmas -Wunused-parameter -fno-threadsafe-statics -fno-use-cxa-atexit -std=gnu++14 -target fpga64-xilinx-linux-gnu -D__VITIS_HLS__ -DAESL_SYN -D__SYNTHESIS__ -D__HLS_SYN__ -I /home/trungnguyen/01.tools/Xilinx/Vitis_HLS/2020.2/common/technology/autopilot -I /home/trungnguyen/01.tools/Xilinx/Vitis_HLS/2020.2/common/technology/autopilot/ap_sysc -include etc/autopilot_ssdm_op.h -D__DSP48E2__ -g -o /media/trungnguyen/data/01.git/tutorial/hls_example/vec_add/hls_proj/solution1/.autopilot/db/kernel.bc > /media/trungnguyen/data/01.git/tutorial/hls_example/vec_add/hls_proj/solution1/.autopilot/db/clang.kernel.pp.0.cpp.out.log 2> /media/trungnguyen/data/01.git/tutorial/hls_example/vec_add/hls_proj/solution1/.autopilot/db/clang.kernel.pp.0.cpp.err.log 
INFO: [HLS 200-111] Finished Source Code Analysis and Preprocessing: CPU user time: 0.26 seconds. CPU system time: 0.12 seconds. Elapsed time: 0.19 seconds; current allocated memory: 192.905 MB.
INFO-FLOW: Linking Debug ...
INFO-FLOW: Linking dut bc code.
Execute       run_link_or_opt -out /media/trungnguyen/data/01.git/tutorial/hls_example/vec_add/hls_proj/solution1/.autopilot/db/a.g.ld.0.bc -args  "/media/trungnguyen/data/01.git/tutorial/hls_example/vec_add/hls_proj/solution1/.autopilot/db/kernel.g.bc"  
Execute         ap_eval exec -ignorestderr /home/trungnguyen/01.tools/Xilinx/Vitis_HLS/2020.2/lnx64/tools/clang-3.9-csynth/bin/llvm-link /media/trungnguyen/data/01.git/tutorial/hls_example/vec_add/hls_proj/solution1/.autopilot/db/kernel.g.bc -o /media/trungnguyen/data/01.git/tutorial/hls_example/vec_add/hls_proj/solution1/.autopilot/db/a.g.ld.0.bc > /media/trungnguyen/data/01.git/tutorial/hls_example/vec_add/hls_proj/solution1/.autopilot/db/llvm-link.a.g.ld.0.bc.out.log 2> /media/trungnguyen/data/01.git/tutorial/hls_example/vec_add/hls_proj/solution1/.autopilot/db/llvm-link.a.g.ld.0.bc.err.log 
INFO-FLOW: 
Execute       run_link_or_opt -opt -out /media/trungnguyen/data/01.git/tutorial/hls_example/vec_add/hls_proj/solution1/.autopilot/db/a.g.ld.1.lower.bc -args /media/trungnguyen/data/01.git/tutorial/hls_example/vec_add/hls_proj/solution1/.autopilot/db/a.g.ld.0.bc -reflow-lower-math-intrinsics 
Execute         ap_eval exec -ignorestderr /home/trungnguyen/01.tools/Xilinx/Vitis_HLS/2020.2/lnx64/tools/clang-3.9-csynth/bin/opt -pass-remarks-missed=reflow|pasta|unroll -pass-remarks=reflow|pasta|unroll|inline -pass-remarks-output=/media/trungnguyen/data/01.git/tutorial/hls_example/vec_add/hls_proj/solution1/.autopilot/db/opt.a.g.ld.1.lower.bc.diag.yml /media/trungnguyen/data/01.git/tutorial/hls_example/vec_add/hls_proj/solution1/.autopilot/db/a.g.ld.0.bc -reflow-lower-math-intrinsics -o /media/trungnguyen/data/01.git/tutorial/hls_example/vec_add/hls_proj/solution1/.autopilot/db/a.g.ld.1.lower.bc > /media/trungnguyen/data/01.git/tutorial/hls_example/vec_add/hls_proj/solution1/.autopilot/db/opt.a.g.ld.1.lower.bc.out.log 2> /media/trungnguyen/data/01.git/tutorial/hls_example/vec_add/hls_proj/solution1/.autopilot/db/opt.a.g.ld.1.lower.bc.err.log 
INFO-FLOW: 
INFO-FLOW: Linking math bc lib
Execute       run_link_or_opt -out /media/trungnguyen/data/01.git/tutorial/hls_example/vec_add/hls_proj/solution1/.autopilot/db/a.g.ld.2.m1.bc -args /media/trungnguyen/data/01.git/tutorial/hls_example/vec_add/hls_proj/solution1/.autopilot/db/a.g.ld.1.lower.bc -only-needed /home/trungnguyen/01.tools/Xilinx/Vitis_HLS/2020.2/lnx64/lib/libhlsm_39.bc /home/trungnguyen/01.tools/Xilinx/Vitis_HLS/2020.2/lnx64/lib/libhlsmc++_39.bc 
Execute         ap_eval exec -ignorestderr /home/trungnguyen/01.tools/Xilinx/Vitis_HLS/2020.2/lnx64/tools/clang-3.9-csynth/bin/llvm-link /media/trungnguyen/data/01.git/tutorial/hls_example/vec_add/hls_proj/solution1/.autopilot/db/a.g.ld.1.lower.bc -only-needed /home/trungnguyen/01.tools/Xilinx/Vitis_HLS/2020.2/lnx64/lib/libhlsm_39.bc /home/trungnguyen/01.tools/Xilinx/Vitis_HLS/2020.2/lnx64/lib/libhlsmc++_39.bc -o /media/trungnguyen/data/01.git/tutorial/hls_example/vec_add/hls_proj/solution1/.autopilot/db/a.g.ld.2.m1.bc > /media/trungnguyen/data/01.git/tutorial/hls_example/vec_add/hls_proj/solution1/.autopilot/db/llvm-link.a.g.ld.2.m1.bc.out.log 2> /media/trungnguyen/data/01.git/tutorial/hls_example/vec_add/hls_proj/solution1/.autopilot/db/llvm-link.a.g.ld.2.m1.bc.err.log 
Command         ap_eval done; 1.59 sec.
INFO-FLOW: 
Command       run_link_or_opt done; 1.59 sec.
Execute       run_link_or_opt -opt -out /media/trungnguyen/data/01.git/tutorial/hls_example/vec_add/hls_proj/solution1/.autopilot/db/a.g.ld.3.fpc.bc -args /media/trungnguyen/data/01.git/tutorial/hls_example/vec_add/hls_proj/solution1/.autopilot/db/a.g.ld.2.m1.bc -reflow-globaldce -hls-top-function-name=kernel -reflow-float-conversion 
Execute         ap_eval exec -ignorestderr /home/trungnguyen/01.tools/Xilinx/Vitis_HLS/2020.2/lnx64/tools/clang-3.9-csynth/bin/opt -pass-remarks-missed=reflow|pasta|unroll -pass-remarks=reflow|pasta|unroll|inline -pass-remarks-output=/media/trungnguyen/data/01.git/tutorial/hls_example/vec_add/hls_proj/solution1/.autopilot/db/opt.a.g.ld.3.fpc.bc.diag.yml /media/trungnguyen/data/01.git/tutorial/hls_example/vec_add/hls_proj/solution1/.autopilot/db/a.g.ld.2.m1.bc -reflow-globaldce -hls-top-function-name=kernel -reflow-float-conversion -o /media/trungnguyen/data/01.git/tutorial/hls_example/vec_add/hls_proj/solution1/.autopilot/db/a.g.ld.3.fpc.bc > /media/trungnguyen/data/01.git/tutorial/hls_example/vec_add/hls_proj/solution1/.autopilot/db/opt.a.g.ld.3.fpc.bc.out.log 2> /media/trungnguyen/data/01.git/tutorial/hls_example/vec_add/hls_proj/solution1/.autopilot/db/opt.a.g.ld.3.fpc.bc.err.log 
Command         ap_eval done; 0.56 sec.
INFO-FLOW: 
Command       run_link_or_opt done; 0.56 sec.
Execute       run_link_or_opt -out /media/trungnguyen/data/01.git/tutorial/hls_example/vec_add/hls_proj/solution1/.autopilot/db/a.g.ld.4.m2.bc -args /media/trungnguyen/data/01.git/tutorial/hls_example/vec_add/hls_proj/solution1/.autopilot/db/a.g.ld.3.fpc.bc -only-needed /home/trungnguyen/01.tools/Xilinx/Vitis_HLS/2020.2/lnx64/lib/libfloatconversion_39.bc 
Execute         ap_eval exec -ignorestderr /home/trungnguyen/01.tools/Xilinx/Vitis_HLS/2020.2/lnx64/tools/clang-3.9-csynth/bin/llvm-link /media/trungnguyen/data/01.git/tutorial/hls_example/vec_add/hls_proj/solution1/.autopilot/db/a.g.ld.3.fpc.bc -only-needed /home/trungnguyen/01.tools/Xilinx/Vitis_HLS/2020.2/lnx64/lib/libfloatconversion_39.bc -o /media/trungnguyen/data/01.git/tutorial/hls_example/vec_add/hls_proj/solution1/.autopilot/db/a.g.ld.4.m2.bc > /media/trungnguyen/data/01.git/tutorial/hls_example/vec_add/hls_proj/solution1/.autopilot/db/llvm-link.a.g.ld.4.m2.bc.out.log 2> /media/trungnguyen/data/01.git/tutorial/hls_example/vec_add/hls_proj/solution1/.autopilot/db/llvm-link.a.g.ld.4.m2.bc.err.log 
INFO-FLOW: 
Execute       run_link_or_opt -opt -out /media/trungnguyen/data/01.git/tutorial/hls_example/vec_add/hls_proj/solution1/.autopilot/db/a.g.ld.5.gdce.bc -args /media/trungnguyen/data/01.git/tutorial/hls_example/vec_add/hls_proj/solution1/.autopilot/db/a.g.ld.4.m2.bc -reflow-globaldce -hls-top-function-name=kernel 
Execute         ap_eval exec -ignorestderr /home/trungnguyen/01.tools/Xilinx/Vitis_HLS/2020.2/lnx64/tools/clang-3.9-csynth/bin/opt -pass-remarks-missed=reflow|pasta|unroll -pass-remarks=reflow|pasta|unroll|inline -pass-remarks-output=/media/trungnguyen/data/01.git/tutorial/hls_example/vec_add/hls_proj/solution1/.autopilot/db/opt.a.g.ld.5.gdce.bc.diag.yml /media/trungnguyen/data/01.git/tutorial/hls_example/vec_add/hls_proj/solution1/.autopilot/db/a.g.ld.4.m2.bc -reflow-globaldce -hls-top-function-name=kernel -o /media/trungnguyen/data/01.git/tutorial/hls_example/vec_add/hls_proj/solution1/.autopilot/db/a.g.ld.5.gdce.bc > /media/trungnguyen/data/01.git/tutorial/hls_example/vec_add/hls_proj/solution1/.autopilot/db/opt.a.g.ld.5.gdce.bc.out.log 2> /media/trungnguyen/data/01.git/tutorial/hls_example/vec_add/hls_proj/solution1/.autopilot/db/opt.a.g.ld.5.gdce.bc.err.log 
INFO-FLOW: 
Execute       get_solution -flow_target 
Execute       get_config_export -xo 
Execute       get_config_export -format 
Execute       get_config_rtl -module_prefix 
Execute       get_config_interface -default_slave_interface 
Execute       get_solution -flow_target 
Execute       get_config_export -xo 
Execute       get_config_export -format 
Execute       get_config_interface -m_axi_offset 
Execute       get_config_interface -m_axi_latency 
Execute       get_config_interface -m_axi_alignment_byte_size 
Execute       get_config_interface -m_axi_min_bitwidth 
Execute       get_config_interface -m_axi_max_bitwidth 
Execute       get_config_interface -m_axi_max_widen_bitwidth 
Execute       get_config_interface -m_axi_num_read_outstanding 
Execute       get_config_interface -m_axi_num_write_outstanding 
Execute       get_config_interface -m_axi_max_read_burst_length 
Execute       get_config_interface -m_axi_max_write_burst_length 
Execute       get_config_interface -m_axi_min_bitwidth 
Execute       get_config_interface -m_axi_max_bitwidth 
Execute       get_config_interface -m_axi_latency 
Execute       get_config_interface -m_axi_min_bitwidth 
Execute       get_config_interface -m_axi_max_bitwidth 
Execute       get_config_interface -m_axi_max_widen_bitwidth 
Execute       get_config_interface -m_axi_auto_max_ports 
Execute       get_config_interface -m_axi_num_read_outstanding 
Execute       get_config_interface -m_axi_num_write_outstanding 
Execute       get_config_interface -m_axi_max_read_burst_length 
Execute       get_config_interface -m_axi_max_write_burst_length 
Execute       get_config_interface -s_axilite_data64 
Execute       get_config_interface -m_axi_alignment_byte_size 
Execute       get_config_compile -pragma_strict_mode 
Execute       get_config_compile -pipeline_style 
Execute       send_msg_by_id INFO @200-777@%s Vivado 
INFO: [HLS 200-777] Using interface defaults for 'Vivado' flow target.
Execute       is_m_axi_addr64 
INFO-FLOW: Doing LTO.
Execute       ap_eval exec -ignorestderr /home/trungnguyen/01.tools/Xilinx/Vitis_HLS/2020.2/lnx64/tools/clang-3.9-csynth/bin/clang -foptimization-record-file=/media/trungnguyen/data/01.git/tutorial/hls_example/vec_add/hls_proj/solution1/.autopilot/db/clang.a.g.ld.0.bc.diag.yml -mllvm -pass-remarks-missed=reflow|pasta|unroll -mllvm -pass-remarks=reflow|pasta|unroll|inline -fhls -mllvm -hls-top-function-name=kernel -mllvm -hls-db-dir -mllvm /media/trungnguyen/data/01.git/tutorial/hls_example/vec_add/hls_proj/solution1/.autopilot/db -emit-llvm -c -target fpga64-xilinx-none -mllvm -xcl-xmlinfo=/media/trungnguyen/data/01.git/tutorial/hls_example/vec_add/hls_proj/solution1/.autopilot/db/kernel.internal.xml -mllvm -top-io-mapping-info=/media/trungnguyen/data/01.git/tutorial/hls_example/vec_add/hls_proj/solution1/.autopilot/db/top-io-fe.xml -mllvm -hls-bitcode-version=3.1 -mllvm -reflow-enable-slave-interface-default-setting=true -mllvm -gen-kernel-xml=false -mllvm -default-maxi-offset=off -mllvm -maxi-latency=0 -mllvm -hls-maxi-data-size-in-bits=8 -mllvm -hls-maxi-max-data-size-in-bits=1024 -mllvm -hls-max-widen-size-in-bits=0 -mllvm -xcl-kernel-max-mem-ports=0 -mllvm -maxi-read-trans=16 -mllvm -maxi-write-trans=16 -mllvm -maxi-read-burst-len=16 -mllvm -maxi-write-burst-len=16 -mllvm -reflow-enable-saxi-64bits=0 -mllvm -assume-maxi-align=0 -mllvm -no-unaligned-maxi-accesses -mllvm -reflow-pipeline-style-llvm-setting=0 -mllvm -disable-inlined-alloca-merging=true -x ir /media/trungnguyen/data/01.git/tutorial/hls_example/vec_add/hls_proj/solution1/.autopilot/db/a.g.ld.5.gdce.bc -o /media/trungnguyen/data/01.git/tutorial/hls_example/vec_add/hls_proj/solution1/.autopilot/db/a.g.lto.bc > /media/trungnguyen/data/01.git/tutorial/hls_example/vec_add/hls_proj/solution1/.autopilot/db/clang.a.g.ld.0.bc.out.log 2> /media/trungnguyen/data/01.git/tutorial/hls_example/vec_add/hls_proj/solution1/.autopilot/db/clang.a.g.ld.0.bc.err.log 
WARNING: [HLS 214-167] The program may have out of bound array access (kernel.cpp:35:15)
WARNING: [HLS 214-167] The program may have out of bound array access (kernel.cpp:35:28)
WARNING: [HLS 214-167] The program may have out of bound array access (kernel.cpp:35:13)
WARNING: [HLS 214-205] The INTERFACE pragma must have a max_widen_bitwidth setting that is both a power of 2 and in the range [0, 1024]. The current value of '0' will be ignored, in 'kernel(float*, float*, float*, float)' (kernel.cpp:9:0)
WARNING: [HLS 214-205] The INTERFACE pragma must have a max_widen_bitwidth setting that is both a power of 2 and in the range [0, 1024]. The current value of '0' will be ignored, in 'kernel(float*, float*, float*, float)' (kernel.cpp:9:0)
WARNING: [HLS 214-205] The INTERFACE pragma must have a max_widen_bitwidth setting that is both a power of 2 and in the range [0, 1024]. The current value of '0' will be ignored, in 'kernel(float*, float*, float*, float)' (kernel.cpp:9:0)
INFO-FLOW: DBG:CMD: copy_raw_kernel_xml ap_link_39: kernel.xml not generated: /media/trungnguyen/data/01.git/tutorial/hls_example/vec_add/hls_proj/solution1/.autopilot/db/kernel.internal.xml
INFO: [HLS 200-111] Finished Compiling Optimization and Transform: CPU user time: 2.23 seconds. CPU system time: 0.22 seconds. Elapsed time: 2.3 seconds; current allocated memory: 194.059 MB.
INFO: [HLS 200-111] Finished Checking Pragmas: CPU user time: 0 seconds. CPU system time: 0 seconds. Elapsed time: 0 seconds; current allocated memory: 194.061 MB.
Execute       opt_and_import_c a -opt_level=2 -skip_syncheck=0 -ng=0 -keep_printf=0 
Execute         cleanup_all_models 
INFO: [HLS 200-10] Starting code transformations ...
INFO-FLOW: Running Standard Transforms...
Execute         transform -hls -share-std-xform -demangle-name -inline-byval-memcpy -always-inline -promote-dbg-pointer -interface-preproc -mem2reg -scalarrepl -mem2reg -keep-read-access -instcombine -dce -promote-dbg-pointer -bitop-raise -loop-simplify -indvarspre -indvars -loop-simplify -xunroll -constprop -instcombine -simplifycfg -indvars -simplifycfg -dce -globaldce -basicaa -simplifycfg -mem2reg -globalopt -global-constprop -deadargelim -instcombine -simplifycfg -scalarrepl -instcombine -reassociate -licm -simplifycfg -loop-simplify -indvars -instcombine -simplifycfg -mem2reg -loop-simplify -indvars -instcombine -gvn -gvn -instcombine -adce -break-crit-edges -simplifycfg -loop-delete -global-array-opt -dce -dse -adce -find-syn-modules -top kernel -deadargelim -mem2reg -instcombine -dce -presyn-prepare -auto-rom-infer -interface-preproc -syn-check -check-rec-only -find-region -simplifycfg -func-extr -function-inline -globaldce -mem2reg -instcombine -dce -gvn -globaldce -adce -adse -constprop -instcombine -bit-constprop -instcombine -dce -simplifycfg -bitop-raise -simplifycfg -dce -loop-delete -reassociate -globalopt -global-privatize -mem2reg -dce -global-constprop -pointer-simplify -constprop -dce -func-inst -deadargelim -auto-shift-reg-idiom -promote-dbg-pointer -norm-name /media/trungnguyen/data/01.git/tutorial/hls_example/vec_add/hls_proj/solution1/.autopilot/db/a.g.0.bc -o /media/trungnguyen/data/01.git/tutorial/hls_example/vec_add/hls_proj/solution1/.autopilot/db/a.g.1.bc -f -phase std-opt 
INFO: [HLS 200-111] Finished Standard Transforms: CPU user time: 0.01 seconds. CPU system time: 0 seconds. Elapsed time: 0.01 seconds; current allocated memory: 195.345 MB.
INFO: [HLS 200-10] Checking synthesizability ...
INFO-FLOW: Checking Synthesizability 1/2..
Execute         transform -hls -syn-check -check-rec-only -disaggr -scalarrepl -norm-name -dce -mem2reg -instcombine -function-uniquify -directive-preproc -mem2reg -dse -dce -auto-rom-infer -dce -pag -array-normalize -instcombine -dce -array-seg-normalize -instcombine -dce -data-pack -instcombine -dce -inst-simplify -array-flatten -instcombine -dce -array-burst -dce -deadargelim -promote-global-argument -simplifycfg -mem2reg -globaldce -dce -deadargelim -dce -instcombine -function-inline -globaldce -dce -doublePtrSimplify -doublePtrElim -dce -doublePtrSimplify -promote-dbg-pointer -dce -scalarrepl -dse -adse -instcombine -ptrLegalization -simplifycfg -dce -instcombine -pointer-simplify -ptrArgReplace -dce -instcombine -resolve-double-ptr -disaggr -scalarrepl -norm-name -dce -mem2reg -instcombine -ptrLegalization -simplifycfg -deadargelim -instcombine -dce -inst-simplify -function-uniquify -directive-preproc -mem2reg -dse -dce -globaldce -check-dspbuiltin /media/trungnguyen/data/01.git/tutorial/hls_example/vec_add/hls_proj/solution1/.autopilot/db/a.g.1.bc -o /media/trungnguyen/data/01.git/tutorial/hls_example/vec_add/hls_proj/solution1/.autopilot/db/a.g.2.prechk.bc -f 
INFO-FLOW: Checking Synthesizability 2/2..
Execute         transform -syn-check /media/trungnguyen/data/01.git/tutorial/hls_example/vec_add/hls_proj/solution1/.autopilot/db/a.g.2.prechk.bc -o /media/trungnguyen/data/01.git/tutorial/hls_example/vec_add/hls_proj/solution1/.autopilot/db/a.g.2.bc -f -phase syn-check 
INFO: [HLS 200-111] Finished Checking Synthesizability: CPU user time: 0.02 seconds. CPU system time: 0 seconds. Elapsed time: 0.03 seconds; current allocated memory: 194.562 MB.
INFO-FLOW: Compiler optimizing ...
INFO-FLOW: Share syncheck's 1.bc for syn flow: copy /media/trungnguyen/data/01.git/tutorial/hls_example/vec_add/hls_proj/solution1/.autopilot/db/a.g.1.bc to /media/trungnguyen/data/01.git/tutorial/hls_example/vec_add/hls_proj/solution1/.autopilot/db/a.o.1.bc
INFO-FLOW: Presyn 1...
Execute         transform -hls -tmp /media/trungnguyen/data/01.git/tutorial/hls_example/vec_add/hls_proj/solution1/.autopilot/db -interface-port-rename -function-uniquify -directive-preproc -mem2reg -dse -dce -disaggr -scalarrepl -norm-name -deadargelim -mem2reg -instcombine -dce -simplifycfg -auto-rom-infer -dce -function-uniquify -resource-proc -clib-intrinsic-prepare -dce -func-buffer -dce -pag -array-normalize -func-legal -instcombine -gvn -constprop -dce -simplifycfg -mem2reg -globaldce -resolve-double-ptr -dce -deadargelim -dce -instcombine -ptrArgReplace -mem2reg -dce -array-seg-normalize -deadargelim -instcombine -dce -function-uniquify -directive-preproc -mem2reg -dse -dce -pointer-simplify -dce -port-alignment -dce -interface-preproc -data-pack -instcombine -dce -basicaa -aggr-aa -aggrmodref-aa -aggr-aa -gvn -gvn -basicaa -aggr-aa -aggrmodref-aa -aggr-aa -dse -adse -adce -loop-simplify -indvars -instcombine -gvn -loop-simplify -mem2reg -dce -find-region -instcombine -auto-loop-pipeline -inst-simplify -interface-preproc -cfgopt -instcombine -indvars -auto-loop-unroll -loop-simplify -loop-bound -xunroll -constprop -instcombine -simplifycfg -indvars -simplifycfg -dce -globaldce -clean-region -attach-range -gvn -inst-simplify -constprop -simplifycfg -dce -pointer-simplify -dce -globalopt -constprop -dce -array-promote -constprop -dce -ptrArgReplace -mem2reg -simplifycfg -dce -instcombine -dce -array-transform-check -array-reshape -instcombine -simplifycfg -dce -ptrArgReplace -deadargelim -mem2reg -instcombine -simplifycfg -dce -indvars -loop-simplify -loop-bound -xunroll -constprop -instcombine -simplifycfg -indvars -simplifycfg -dce -globaldce -basicaa -aggr-aa -aggrmodref-aa -aggr-aa -dse -duplicate-dataflow-processes -globaldce -instcombine -array-partition -instcombine -simplifycfg -dce -ptrArgReplace -global-constprop -deadargelim -mem2reg -func-legal -dce -global-constprop -deadargelim -mem2reg -simplifycfg -dce -merge-param -deadargelim -globalopt -constprop -dce -array-promote -constprop -dce -ptrArgReplace -mem2reg -simplifycfg -dce -mem-intrinsic-preproc -dce -global-internalize -global-privatize -mem2reg -globaldce -promote-global-argument -ptrArgReplace -mem2reg -dce -globalopt -mergereturn -simplify-global-access -mem2reg -dce -pointer-simplify -dce -functionattrs -basicaa -aggr-aa -aggrmodref-aa -aggr-aa -gvn -gvn -basicaa -aggr-aa -aggrmodref-aa -aggr-aa -dse -adse -adce -dce -norm-name -basicaa -aggr-aa -aggrmodref-aa -aggr-aa -accesses-merge -function-inline -complex-op-raise -inst-simplify -globaldce -func-inst -constprop -instcombine -simplifycfg -dce -func-legal -dce -loop-bound -arraycheck -bitwidthmin2 -bitwidthmin2 -on-by-dataflow -loop-delete -instcombine -simplifycfg -globaldce -dce -gvn -deadargelim -dce -loop-simplify -clean-region -simplifycfg -propagate-stable-arguments -loop-stream -instcombine -simplifycfg -dce -globaldce -duplicate-dataflow-processes -stream-intrinsic-preproc -dce -check-ap-stream -loop-simplify -eliminate-keepreads -extract-dataflow-in-loop -loop-simplify -dce -gvn -deadargelim -dse -check-dataflow-syntax -legalize-stream-variable -legalize-global -extract-subproc -dce -dead-channel-elimination -canonicalize-gep -globaldce -dce -gvn -hls-dead-arg-elim -deadargelim -directive-preproc -annotate-dataflow-channels -scalar-propagation -deadargelim -globaldce -mem2reg -check-dataflow-channels -function-stream -dce -globaldce -prop-fifo-spec -internal-stream-gen -canonicalize-gep -globaldce -dce -gvn -deadargelim -mergereturn -indvars -loop-simplify -instcombine -array-stream -array-seg-normalize -array-partition -func-legal -instcombine -simplifycfg -dce -bundle-memfifo-ops -deadargelim -function-uniquify -directive-preproc -mem2reg -dse -dce -group-axi-access -licm -simplifycfg -dce -loop-delete -norm-name /media/trungnguyen/data/01.git/tutorial/hls_example/vec_add/hls_proj/solution1/.autopilot/db/a.o.1.bc -o /media/trungnguyen/data/01.git/tutorial/hls_example/vec_add/hls_proj/solution1/.autopilot/db/a.o.1.tmp.bc -f 
INFO: [XFORM 203-510] Pipelining loop 'Loop-2' in function 'kernel' automatically.
INFO: [XFORM 203-510] Pipelining loop 'Loop-3' in function 'kernel' automatically.
INFO: [XFORM 203-510] Pipelining loop 'Loop-4' in function 'kernel' automatically.
INFO: [XFORM 203-510] Pipelining loop 'Loop-6' in function 'kernel' automatically.
WARNING: [HLS 200-786] Detected dataflow-on-top in function  'kernel' (kernel.cpp:5)  with default interface mode 'ap_ctrl_hs'. Overlapped execution of successive kernel calls will not happen unless interface mode 'ap_ctrl_chain' is used (or 'ap_ctrl_none' for a purely data-driven design).
INFO: [XFORM 203-712] Applying dataflow to function 'kernel' (kernel.cpp:5), detected/extracted 1 process function(s): 
	 'Loop_1_proc3'.
INFO-FLOW: Presyn 2...
Execute         transform -hls -keep-callgraph -scalarrepl -mem2reg -port-alignment -attach-range -dce -pipe-mux-gen -indvars -loop-bound -inst-simplify -instcombine -dce -merge-array-access -mem2reg -dce -clean-region -mergereturn -if-conv -instcombine -dce -constprop -basicaa -aggr-aa -aggrmodref-aa -aggr-aa -gvn -gvn -basicaa -aggr-aa -aggrmodref-aa -aggr-aa -dse -adse -adce -scalarrepl -mem2reg -global-constprop -deadargelim -deadargelim -instcombine -dce -simplifycfg -ptrArgReplace -mem2reg -function-inline -globaldce -mem2reg -instcombine -dce -expr-balance -instcombine -dce -bitwidthmin2 -bitwidthmin2 -interface-preproc -directive-preproc -inst-rectify -instcombine -dce -functionattrs -constprop -instcombine -bit-constprop -simplify-global-access -globalopt -globaldce -inst-simplify -instcombine -elimdeaddata -dce -loop-delete -simplifycfg -loop-simplify -auto-burst -barrier -norm-name /media/trungnguyen/data/01.git/tutorial/hls_example/vec_add/hls_proj/solution1/.autopilot/db/a.o.1.tmp.bc -o /media/trungnguyen/data/01.git/tutorial/hls_example/vec_add/hls_proj/solution1/.autopilot/db/a.o.2.bc -f -phase presyn 
INFO: [HLS 200-111] Finished Loop, function and other optimizations: CPU user time: 0.12 seconds. CPU system time: 0 seconds. Elapsed time: 0.12 seconds; current allocated memory: 215.177 MB.
Execute         get_config_compile -enable_loop_extract 
Execute         get_config_compile -disable_auto_rewind 
Execute         get_config_compile -enable_auto_rewind 
INFO-FLOW: Building ssdm...
Execute         transform -hls -function-uniquify -auto-function-inline -globaldce -ptrArgReplace -mem2reg -dce -reset-lda -loop-simplify -indvars -aggr-aa -licm -loop-dep -loop-bound -licm -loop-simplify -flattenloopnest -array-flatten -gvn -instcombine -dce -array-map -dce -func-legal -gvn -adce -instcombine -cfgopt -simplifycfg -loop-simplify -array-burst -promote-global-argument -dce -array-seg-normalize -basicaa -aggrmodref-aa -globalsmodref-aa -aggr-aa -gvn -gvn -basicaa -aggrmodref-aa -globalsmodref-aa -aggr-aa -dse -adse -adce -licm -inst-simplify -dce -globaldce -instcombine -array-stream -eliminate-keepreads -instcombine -dce -deadargelim -doublePtrSimplify -doublePtrElim -dce -doublePtrSimplify -promote-dbg-pointer -dce -scalarrepl -mem2reg -disaggr -norm-name -mem2reg -instcombine -dse -adse -adce -ptrLegalization -dce -auto-rom-infer -array-flatten -dce -instcombine -check-doubleptr -loop-rot -constprop -cfgopt -simplifycfg -loop-simplify -indvars -pointer-simplify -dce -loop-bound -loop-simplify -loop-preproc -constprop -global-constprop -gvn -mem2reg -instcombine -dce -loop-bound -loop-merge -dce -bitwidthmin2 -bitwidthmin2 -deadargelim -dce -canonicalize-dataflow -dce -scalar-propagation -deadargelim -globaldce -mem2reg -read-loop-dep -interface-preproc -directive-preproc -interface-gen -bram-byte-enable -deadargelim -inst-simplify -dce -gvn -mem2reg -instcombine -dce -adse -loop-bound -instcombine -cfgopt -simplifycfg -loop-simplify -clean-region -io-protocol -find-region -mem2reg -bitop-raise -complex-op-raise -inst-simplify -inst-rectify -instcombine -adce -deadargelim -loop-simplify -phi-opt -bitop-raise -cfgopt -simplifycfg -strip-dead-prototypes -interface-lower -bitop-lower -intrinsic-lower -auto-function-inline -basicaa -aggrmodref-aa -globalsmodref-aa -aggr-aa -inst-simplify -simplifycfg -loop-simplify -mergereturn -inst-simplify -inst-rectify -dce -load-elim -bitop-lower -float-op-raise -loop-rewind -pointer-simplify -dce -cfgopt -dce -loop-bound -loop-dep -read-loop-dep -dce -dyn-mem-reuse -dce -check-stream -norm-name -legalize -validate-dataflow -inst-clarity -bitwidth -dump-loop-dep-to-ir -check-all-ssdm -cdfg-build /media/trungnguyen/data/01.git/tutorial/hls_example/vec_add/hls_proj/solution1/.autopilot/db/a.o.2.bc -o /media/trungnguyen/data/01.git/tutorial/hls_example/vec_add/hls_proj/solution1/.autopilot/db/a.o.3.bc -f -phase build-ssdm 
INFO: [HLS 200-444] Inferring multiple bus burst read of a total cumulative length 100 on port 'gmem0'. These data requests might be further partitioned to multiple requests during RTL generation, based on max_read_burst_length or max_write_burst_length settings.
INFO: [HLS 200-444] Inferring multiple bus burst read of a total cumulative length 100 on port 'gmem1'. These data requests might be further partitioned to multiple requests during RTL generation, based on max_read_burst_length or max_write_burst_length settings.
INFO: [HLS 200-444] Inferring multiple bus burst read of a total cumulative length 100 on port 'gmem2'. These data requests might be further partitioned to multiple requests during RTL generation, based on max_read_burst_length or max_write_burst_length settings.
INFO: [HLS 200-444] Inferring multiple bus burst write of a total cumulative length 100 on port 'gmem0'. These data requests might be further partitioned to multiple requests during RTL generation, based on max_read_burst_length or max_write_burst_length settings.
INFO: [HLS 200-472] Inferring partial write operation for 'a_local' 
INFO: [HLS 200-472] Inferring partial write operation for 'b_local' 
INFO: [HLS 200-472] Inferring partial write operation for 'c_local' 
INFO: [HLS 200-472] Inferring partial write operation for 'a_local' (kernel.cpp:35:13)
INFO: [HLS 200-111] Finished Architecture Synthesis: CPU user time: 0.1 seconds. CPU system time: 0 seconds. Elapsed time: 0.1 seconds; current allocated memory: 217.699 MB.
INFO-FLOW: Finish building internal data model.
Command       opt_and_import_c done; 0.26 sec.
Command     elaborate done; 2.76 sec.
Execute     autosyn -from_csynth_design=1 
INFO: [HLS 200-10] Starting hardware synthesis ...
INFO-FLOW: Synthesizing C/C++ design ...
INFO: [HLS 200-10] Synthesizing 'kernel' ...
Execute       ap_set_top_model kernel 
Execute       get_model_list kernel -filter all-wo-channel -topdown 
Execute       preproc_iomode -model kernel 
Execute       preproc_iomode -model Loop_1_proc3 
Execute       get_model_list kernel -filter all-wo-channel 
INFO-FLOW: Model list for configure: Loop_1_proc3 kernel
INFO-FLOW: Configuring Module : Loop_1_proc3 ...
Execute       set_default_model Loop_1_proc3 
Execute       apply_spec_resource_limit Loop_1_proc3 
INFO-FLOW: Configuring Module : kernel ...
Execute       set_default_model kernel 
Execute       apply_spec_resource_limit kernel 
INFO-FLOW: Model list for preprocess: Loop_1_proc3 kernel
INFO-FLOW: Preprocessing Module: Loop_1_proc3 ...
Execute       set_default_model Loop_1_proc3 
Execute       cdfg_preprocess -model Loop_1_proc3 
Execute       rtl_gen_preprocess Loop_1_proc3 
INFO-FLOW: Preprocessing Module: kernel ...
Execute       set_default_model kernel 
Execute       cdfg_preprocess -model kernel 
Execute       rtl_gen_preprocess kernel 
INFO-FLOW: Model list for synthesis: Loop_1_proc3 kernel
INFO: [HLS 200-10] ----------------------------------------------------------------
INFO: [HLS 200-42] -- Implementing module 'Loop_1_proc3' 
INFO: [HLS 200-10] ----------------------------------------------------------------
Execute       set_default_model Loop_1_proc3 
Execute       schedule -model Loop_1_proc3 
INFO: [SCHED 204-11] Starting scheduling ...
INFO: [SCHED 204-61] Pipelining loop 'Loop 1'.
INFO: [HLS 200-1470] Pipelining result : Target II = 1, Final II = 1, Depth = 3, loop 'Loop 1'
INFO: [SCHED 204-61] Pipelining loop 'Loop 2'.
INFO: [HLS 200-1470] Pipelining result : Target II = 1, Final II = 1, Depth = 3, loop 'Loop 2'
INFO: [SCHED 204-61] Pipelining loop 'Loop 3'.
INFO: [HLS 200-1470] Pipelining result : Target II = 1, Final II = 1, Depth = 3, loop 'Loop 3'
INFO: [SCHED 204-61] Pipelining loop 'loop'.
INFO: [HLS 200-1470] Pipelining result : Target II = 1, Final II = 1, Depth = 10, loop 'loop'
INFO: [SCHED 204-61] Pipelining loop 'Loop 5'.
INFO: [HLS 200-1470] Pipelining result : Target II = 1, Final II = 1, Depth = 3, loop 'Loop 5'
INFO: [SCHED 204-11] Finished scheduling.
INFO: [HLS 200-111] Finished Scheduling: CPU user time: 0.1 seconds. CPU system time: 0 seconds. Elapsed time: 0.1 seconds; current allocated memory: 218.285 MB.
Execute       syn_report -verbosereport -o /media/trungnguyen/data/01.git/tutorial/hls_example/vec_add/hls_proj/solution1/.autopilot/db/Loop_1_proc3.verbose.sched.rpt 
Execute         AP::get_flow_target_display_name
Execute           get_solution -flow_target 
Execute       db_write -o /media/trungnguyen/data/01.git/tutorial/hls_example/vec_add/hls_proj/solution1/.autopilot/db/Loop_1_proc3.sched.adb -f 
INFO-FLOW: Finish scheduling Loop_1_proc3.
Execute       set_default_model Loop_1_proc3 
Execute       bind -model Loop_1_proc3 
INFO: [BIND 205-100] Starting micro-architecture generation ...
INFO: [BIND 205-101] Performing variable lifetime analysis.
INFO: [BIND 205-101] Exploring resource sharing.
INFO: [BIND 205-101] Binding ...
INFO: [BIND 205-100] Finished micro-architecture generation.
INFO: [HLS 200-111] Finished Binding: CPU user time: 0.16 seconds. CPU system time: 0 seconds. Elapsed time: 0.16 seconds; current allocated memory: 218.799 MB.
Execute       syn_report -verbosereport -o /media/trungnguyen/data/01.git/tutorial/hls_example/vec_add/hls_proj/solution1/.autopilot/db/Loop_1_proc3.verbose.bind.rpt 
Execute         AP::get_flow_target_display_name
Execute           get_solution -flow_target 
Execute       db_write -o /media/trungnguyen/data/01.git/tutorial/hls_example/vec_add/hls_proj/solution1/.autopilot/db/Loop_1_proc3.bind.adb -f 
INFO-FLOW: Finish binding Loop_1_proc3.
INFO: [HLS 200-10] ----------------------------------------------------------------
INFO: [HLS 200-42] -- Implementing module 'kernel' 
INFO: [HLS 200-10] ----------------------------------------------------------------
Execute       set_default_model kernel 
Execute       schedule -model kernel 
INFO: [SCHED 204-11] Starting scheduling ...
INFO: [SCHED 204-11] Finished scheduling.
INFO: [HLS 200-111] Finished Scheduling: CPU user time: 0.07 seconds. CPU system time: 0 seconds. Elapsed time: 0.07 seconds; current allocated memory: 218.910 MB.
Execute       syn_report -verbosereport -o /media/trungnguyen/data/01.git/tutorial/hls_example/vec_add/hls_proj/solution1/.autopilot/db/kernel.verbose.sched.rpt 
Execute         AP::get_flow_target_display_name
Execute           get_solution -flow_target 
Execute       db_write -o /media/trungnguyen/data/01.git/tutorial/hls_example/vec_add/hls_proj/solution1/.autopilot/db/kernel.sched.adb -f 
INFO-FLOW: Finish scheduling kernel.
Execute       set_default_model kernel 
Execute       bind -model kernel 
INFO: [BIND 205-100] Starting micro-architecture generation ...
INFO: [BIND 205-101] Performing variable lifetime analysis.
INFO: [BIND 205-101] Exploring resource sharing.
INFO: [BIND 205-101] Binding ...
INFO: [BIND 205-100] Finished micro-architecture generation.
INFO: [HLS 200-111] Finished Binding: CPU user time: 0.03 seconds. CPU system time: 0 seconds. Elapsed time: 0.03 seconds; current allocated memory: 219.103 MB.
Execute       syn_report -verbosereport -o /media/trungnguyen/data/01.git/tutorial/hls_example/vec_add/hls_proj/solution1/.autopilot/db/kernel.verbose.bind.rpt 
Execute         AP::get_flow_target_display_name
Execute           get_solution -flow_target 
Execute       db_write -o /media/trungnguyen/data/01.git/tutorial/hls_example/vec_add/hls_proj/solution1/.autopilot/db/kernel.bind.adb -f 
INFO-FLOW: Finish binding kernel.
Execute       get_model_list kernel -filter all-wo-channel 
INFO-FLOW: Preprocessing for RTLGen ...
Execute       rtl_gen_preprocess Loop_1_proc3 
Execute       rtl_gen_preprocess kernel 
INFO-FLOW: Model list for RTL generation: Loop_1_proc3 kernel
INFO: [HLS 200-10] ----------------------------------------------------------------
INFO: [HLS 200-10] -- Generating RTL for module 'Loop_1_proc3' 
INFO: [HLS 200-10] ----------------------------------------------------------------
Execute       get_config_rtl -module_prefix 
Execute       get_config_rtl -module_auto_prefix 
Execute       get_config_rtl -module_prefix 
Execute       get_config_rtl -module_auto_prefix 
Execute       create_rtl_model Loop_1_proc3 -top_prefix kernel_ -sub_prefix kernel_ -mg_file /media/trungnguyen/data/01.git/tutorial/hls_example/vec_add/hls_proj/solution1/.autopilot/db/Loop_1_proc3.compgen.tcl 
INFO: [RTGEN 206-100] Generating core module 'fadd_32ns_32ns_32_4_full_dsp_1': 1 instance(s).
INFO: [RTGEN 206-100] Generating core module 'fmul_32ns_32ns_32_3_max_dsp_1': 1 instance(s).
INFO: [RTGEN 206-100] Finished creating RTL model for 'Loop_1_proc3'.
INFO: [HLS 200-111] Finished Creating RTL model: CPU user time: 0.05 seconds. CPU system time: 0 seconds. Elapsed time: 0.05 seconds; current allocated memory: 220.679 MB.
Execute       source /media/trungnguyen/data/01.git/tutorial/hls_example/vec_add/hls_proj/solution1/.autopilot/db/kernel.rtl_wrap.cfg.tcl 
Execute       gen_rtl Loop_1_proc3 -style xilinx -f -lang vhdl -o /media/trungnguyen/data/01.git/tutorial/hls_example/vec_add/hls_proj/solution1/syn/vhdl/kernel_Loop_1_proc3 
Execute       gen_rtl Loop_1_proc3 -style xilinx -f -lang vlog -o /media/trungnguyen/data/01.git/tutorial/hls_example/vec_add/hls_proj/solution1/syn/verilog/kernel_Loop_1_proc3 
Execute       syn_report -csynth -model Loop_1_proc3 -o /media/trungnguyen/data/01.git/tutorial/hls_example/vec_add/hls_proj/solution1/syn/report/Loop_1_proc3_csynth.rpt 
Execute         AP::get_flow_target_display_name
Execute           get_solution -flow_target 
Execute       syn_report -rtlxml -model Loop_1_proc3 -o /media/trungnguyen/data/01.git/tutorial/hls_example/vec_add/hls_proj/solution1/syn/report/Loop_1_proc3_csynth.xml 
Execute         get_solution -flow_target
Execute           get_solution -flow_target 
Execute       syn_report -verbosereport -model Loop_1_proc3 -o /media/trungnguyen/data/01.git/tutorial/hls_example/vec_add/hls_proj/solution1/.autopilot/db/Loop_1_proc3.verbose.rpt 
Execute         AP::get_flow_target_display_name
Execute           get_solution -flow_target 
Execute       db_write -model Loop_1_proc3 -f -o /media/trungnguyen/data/01.git/tutorial/hls_example/vec_add/hls_proj/solution1/.autopilot/db/Loop_1_proc3.adb 
Execute       gen_tb_info Loop_1_proc3 -p /media/trungnguyen/data/01.git/tutorial/hls_example/vec_add/hls_proj/solution1/.autopilot/db -o /media/trungnguyen/data/01.git/tutorial/hls_example/vec_add/hls_proj/solution1/.autopilot/db/Loop_1_proc3 
INFO: [HLS 200-10] ----------------------------------------------------------------
INFO: [HLS 200-10] -- Generating RTL for module 'kernel' 
INFO: [HLS 200-10] ----------------------------------------------------------------
Execute       get_config_rtl -module_prefix 
Execute       get_config_rtl -module_prefix 
Execute       get_config_rtl -module_auto_prefix 
Execute       create_rtl_model kernel -top_prefix  -sub_prefix kernel_ -mg_file /media/trungnguyen/data/01.git/tutorial/hls_example/vec_add/hls_proj/solution1/.autopilot/db/kernel.compgen.tcl 
WARNING: [RTGEN 206-101] Design contains AXI ports. Reset is fixed to synchronous and active low.
INFO: [RTGEN 206-500] Setting interface mode on port 'kernel/gmem0' to 'm_axi'.
INFO: [RTGEN 206-500] Setting interface mode on port 'kernel/gmem1' to 'm_axi'.
INFO: [RTGEN 206-500] Setting interface mode on port 'kernel/gmem2' to 'm_axi'.
INFO: [RTGEN 206-500] Setting interface mode on port 'kernel/a' to 's_axilite & ap_none'.
INFO: [RTGEN 206-500] Setting interface mode on port 'kernel/b' to 's_axilite & ap_none'.
INFO: [RTGEN 206-500] Setting interface mode on port 'kernel/c' to 's_axilite & ap_none'.
INFO: [RTGEN 206-500] Setting interface mode on port 'kernel/d' to 's_axilite & ap_none'.
INFO: [RTGEN 206-500] Setting interface mode on function 'kernel' to 's_axilite & ap_ctrl_hs'.
INFO: [RTGEN 206-100] Bundling port 'a', 'b', 'c', 'd' and 'return' to AXI-Lite port control.
INFO: [RTGEN 206-100] Finished creating RTL model for 'kernel'.
INFO: [HLS 200-111] Finished Creating RTL model: CPU user time: 0.22 seconds. CPU system time: 0 seconds. Elapsed time: 0.22 seconds; current allocated memory: 223.930 MB.
Execute       source /media/trungnguyen/data/01.git/tutorial/hls_example/vec_add/hls_proj/solution1/.autopilot/db/kernel.rtl_wrap.cfg.tcl 
Execute       gen_rtl kernel -istop -style xilinx -f -lang vhdl -o /media/trungnguyen/data/01.git/tutorial/hls_example/vec_add/hls_proj/solution1/syn/vhdl/kernel 
Execute       gen_rtl kernel -istop -style xilinx -f -lang vlog -o /media/trungnguyen/data/01.git/tutorial/hls_example/vec_add/hls_proj/solution1/syn/verilog/kernel 
Execute       syn_report -csynth -model kernel -o /media/trungnguyen/data/01.git/tutorial/hls_example/vec_add/hls_proj/solution1/syn/report/kernel_csynth.rpt 
Execute         AP::get_flow_target_display_name
Execute           get_solution -flow_target 
Execute       syn_report -rtlxml -model kernel -o /media/trungnguyen/data/01.git/tutorial/hls_example/vec_add/hls_proj/solution1/syn/report/kernel_csynth.xml 
Execute         get_solution -flow_target
Execute           get_solution -flow_target 
Execute       syn_report -verbosereport -model kernel -o /media/trungnguyen/data/01.git/tutorial/hls_example/vec_add/hls_proj/solution1/.autopilot/db/kernel.verbose.rpt 
Execute         AP::get_flow_target_display_name
Execute           get_solution -flow_target 
Execute       db_write -model kernel -f -o /media/trungnguyen/data/01.git/tutorial/hls_example/vec_add/hls_proj/solution1/.autopilot/db/kernel.adb 
Execute       gen_tb_info kernel -p /media/trungnguyen/data/01.git/tutorial/hls_example/vec_add/hls_proj/solution1/.autopilot/db -o /media/trungnguyen/data/01.git/tutorial/hls_example/vec_add/hls_proj/solution1/.autopilot/db/kernel 
Execute       export_constraint_db -f -tool general -o /media/trungnguyen/data/01.git/tutorial/hls_example/vec_add/hls_proj/solution1/.autopilot/db/kernel.constraint.tcl 
Execute       syn_report -designview -model kernel -o /media/trungnguyen/data/01.git/tutorial/hls_example/vec_add/hls_proj/solution1/.autopilot/db/kernel.design.xml 
Execute       syn_report -csynthDesign -model kernel -o /media/trungnguyen/data/01.git/tutorial/hls_example/vec_add/hls_proj/solution1/syn/report/csynth.rpt 
Execute         AP::get_flow_target_display_name
Execute           get_solution -flow_target 
Execute       get_config_rtl -disable_wave_debug 
Execute       syn_report -wcfg -model kernel -o /media/trungnguyen/data/01.git/tutorial/hls_example/vec_add/hls_proj/solution1/.autopilot/db/kernel_dataflow_ana.wcfg 
Execute       syn_report -protoinst -model kernel -o /media/trungnguyen/data/01.git/tutorial/hls_example/vec_add/hls_proj/solution1/.autopilot/db/kernel.protoinst 
Execute       get_config_debug -directory 
Execute       sc_get_clocks kernel 
Execute       get_config_export -vivado_clock 
Execute       get_config_rtl -module_prefix 
Execute       get_config_rtl -module_prefix 
Execute       get_config_rtl -module_auto_prefix 
Execute       sc_get_portdomain kernel 
INFO-FLOW: Model list for RTL component generation: Loop_1_proc3 kernel
INFO-FLOW: Handling components in module [Loop_1_proc3] ... 
Execute       source /media/trungnguyen/data/01.git/tutorial/hls_example/vec_add/hls_proj/solution1/.autopilot/db/Loop_1_proc3.compgen.tcl 
INFO-FLOW: Found component kernel_fadd_32ns_32ns_32_4_full_dsp_1.
INFO-FLOW: Append model kernel_fadd_32ns_32ns_32_4_full_dsp_1
INFO-FLOW: Found component kernel_fmul_32ns_32ns_32_3_max_dsp_1.
INFO-FLOW: Append model kernel_fmul_32ns_32ns_32_3_max_dsp_1
INFO-FLOW: Found component kernel_Loop_1_proc3_a_local.
INFO-FLOW: Append model kernel_Loop_1_proc3_a_local
INFO-FLOW: Handling components in module [kernel] ... 
Execute       source /media/trungnguyen/data/01.git/tutorial/hls_example/vec_add/hls_proj/solution1/.autopilot/db/kernel.compgen.tcl 
INFO-FLOW: Found component kernel_control_s_axi.
INFO-FLOW: Append model kernel_control_s_axi
INFO-FLOW: Found component kernel_gmem0_m_axi.
INFO-FLOW: Append model kernel_gmem0_m_axi
INFO-FLOW: Found component kernel_gmem1_m_axi.
INFO-FLOW: Append model kernel_gmem1_m_axi
INFO-FLOW: Found component kernel_gmem2_m_axi.
INFO-FLOW: Append model kernel_gmem2_m_axi
INFO-FLOW: Append model Loop_1_proc3
INFO-FLOW: Append model kernel
INFO-FLOW: Generating RTL model list ...
INFO-FLOW: All models in this session: kernel_fadd_32ns_32ns_32_4_full_dsp_1 kernel_fmul_32ns_32ns_32_3_max_dsp_1 kernel_Loop_1_proc3_a_local kernel_control_s_axi kernel_gmem0_m_axi kernel_gmem1_m_axi kernel_gmem2_m_axi Loop_1_proc3 kernel
INFO-FLOW: To file: write model kernel_fadd_32ns_32ns_32_4_full_dsp_1
INFO-FLOW: To file: write model kernel_fmul_32ns_32ns_32_3_max_dsp_1
INFO-FLOW: To file: write model kernel_Loop_1_proc3_a_local
INFO-FLOW: To file: write model kernel_control_s_axi
INFO-FLOW: To file: write model kernel_gmem0_m_axi
INFO-FLOW: To file: write model kernel_gmem1_m_axi
INFO-FLOW: To file: write model kernel_gmem2_m_axi
INFO-FLOW: To file: write model Loop_1_proc3
INFO-FLOW: To file: write model kernel
INFO-FLOW: Finished generating RTL model list.


INFO-FLOW: RTL Generation done.
INFO-FLOW: CAS Generation done.
INFO-FLOW: CBC Generation done.
Execute       get_top 
Execute       get_config_export -ipname 
Execute       get_config_export -xo 
Execute       get_config_export -format 
Execute       get_config_rtl -module_auto_prefix 
INFO-FLOW: DBG:CMD:   auto_impl: set ipname to top (module_auto_prefix): kernel
INFO-FLOW: DBG:CMD: auto_generate_csynth_design
INFO-FLOW: DBG:CMD:     auto_generate --sim-model -phase csynth_design -d /media/trungnguyen/data/01.git/tutorial/hls_example/vec_add/hls_proj/solution1
Execute       get_solution -flow_target 
Execute       get_config_export -xo 
Execute       get_config_export -format 
Execute       source /media/trungnguyen/data/01.git/tutorial/hls_example/vec_add/hls_proj/solution1/.autopilot/db/global.setting.tcl 
INFO-FLOW: DBG:CMD: read_platform_lib /media/trungnguyen/data/01.git/tutorial/hls_example/vec_add/hls_proj/solution1/.autopilot/db/global.setting.tcl
Execute       source /home/trungnguyen/01.tools/Xilinx/Vitis_HLS/2020.2/common/technology/generic/autopilot/common.gen 
Execute         source /home/trungnguyen/01.tools/Xilinx/Vitis_HLS/2020.2/common/technology/generic/autopilot/APCoreGen.gen 
Execute       source /home/trungnguyen/01.tools/Xilinx/Vitis_HLS/2020.2/common/technology/generic/autopilot/op.gen 
Execute       source /home/trungnguyen/01.tools/Xilinx/Vitis_HLS/2020.2/common/technology/generic/autopilot/op_simcore.gen 
Execute       source /home/trungnguyen/01.tools/Xilinx/Vitis_HLS/2020.2/common/technology/generic/autopilot/interface.gen 
Execute       source /media/trungnguyen/data/01.git/tutorial/hls_example/vec_add/hls_proj/solution1/.autopilot/db/global.setting.tcl 
Execute       source /home/trungnguyen/01.tools/Xilinx/Vitis_HLS/2020.2/common/technology/xilinx/common/xilinx.gen 
Execute         source /home/trungnguyen/01.tools/Xilinx/Vitis_HLS/2020.2/common/technology/xilinx/interface/plb46.gen 
Execute         source /home/trungnguyen/01.tools/Xilinx/Vitis_HLS/2020.2/common/technology/xilinx/interface/axi4.gen 
Execute         source /home/trungnguyen/01.tools/Xilinx/Vitis_HLS/2020.2/common/technology/xilinx/interface/nativeAXI4.gen 
Execute           source /home/trungnguyen/01.tools/Xilinx/Vitis_HLS/2020.2/common/technology/xilinx/interface/saxilite.gen 
Execute           source /home/trungnguyen/01.tools/Xilinx/Vitis_HLS/2020.2/common/technology/xilinx/interface/maxi.gen 
Execute         source /home/trungnguyen/01.tools/Xilinx/Vitis_HLS/2020.2/common/technology/xilinx/scripts/xilinxcoregen.gen 
Execute         source /home/trungnguyen/01.tools/Xilinx/Vitis_HLS/2020.2/common/technology/xilinx/interface/XilEDKCoreGen.gen 
Execute         source /home/trungnguyen/01.tools/Xilinx/Vitis_HLS/2020.2/common/technology/xilinx/ip/dds_compiler.gen 
Execute         source /home/trungnguyen/01.tools/Xilinx/Vitis_HLS/2020.2/common/technology/xilinx/ip/util.gen 
Execute         source /home/trungnguyen/01.tools/Xilinx/Vitis_HLS/2020.2/common/technology/xilinx/ip/xfft.gen 
Execute         source /home/trungnguyen/01.tools/Xilinx/Vitis_HLS/2020.2/common/technology/xilinx/ip/xfir.gen 
Execute         source /home/trungnguyen/01.tools/Xilinx/Vitis_HLS/2020.2/common/technology/xilinx/DSP48/dsp48.gen 
Execute       source /home/trungnguyen/01.tools/Xilinx/Vitis_HLS/2020.2/common/technology/xilinx/common/xilinx.gen 
Execute         source /home/trungnguyen/01.tools/Xilinx/Vitis_HLS/2020.2/common/technology/xilinx/interface/plb46.gen 
Execute         source /home/trungnguyen/01.tools/Xilinx/Vitis_HLS/2020.2/common/technology/xilinx/interface/axi4.gen 
Execute         source /home/trungnguyen/01.tools/Xilinx/Vitis_HLS/2020.2/common/technology/xilinx/interface/nativeAXI4.gen 
Execute           source /home/trungnguyen/01.tools/Xilinx/Vitis_HLS/2020.2/common/technology/xilinx/interface/saxilite.gen 
Execute           source /home/trungnguyen/01.tools/Xilinx/Vitis_HLS/2020.2/common/technology/xilinx/interface/maxi.gen 
Execute         source /home/trungnguyen/01.tools/Xilinx/Vitis_HLS/2020.2/common/technology/xilinx/scripts/xilinxcoregen.gen 
Execute         source /home/trungnguyen/01.tools/Xilinx/Vitis_HLS/2020.2/common/technology/xilinx/interface/XilEDKCoreGen.gen 
Execute         source /home/trungnguyen/01.tools/Xilinx/Vitis_HLS/2020.2/common/technology/xilinx/ip/dds_compiler.gen 
Execute         source /home/trungnguyen/01.tools/Xilinx/Vitis_HLS/2020.2/common/technology/xilinx/ip/util.gen 
Execute         source /home/trungnguyen/01.tools/Xilinx/Vitis_HLS/2020.2/common/technology/xilinx/ip/xfft.gen 
Execute         source /home/trungnguyen/01.tools/Xilinx/Vitis_HLS/2020.2/common/technology/xilinx/ip/xfir.gen 
Execute         source /home/trungnguyen/01.tools/Xilinx/Vitis_HLS/2020.2/common/technology/xilinx/DSP48/dsp48.gen 
INFO-FLOW: DBG:CMD:   using AESL_AUTOCG::g_clock_period=10.000 (was NA)
INFO-FLOW: DBG:CMD:       generate_ip_cores sim=1 export=0 expOnly=0 dstVlogDir=syn/verilog
Execute       source /media/trungnguyen/data/01.git/tutorial/hls_example/vec_add/hls_proj/solution1/.autopilot/db/global.setting.tcl 
Execute       ap_part_info -name xczu9eg-ffvb1156-2-e -data names -quiet 
Execute       ap_part_info -name xczu9eg-ffvb1156-2-e -data info -quiet 
Execute       source /media/trungnguyen/data/01.git/tutorial/hls_example/vec_add/hls_proj/solution1/.autopilot/db/global.setting.tcl 
Execute       source /media/trungnguyen/data/01.git/tutorial/hls_example/vec_add/hls_proj/solution1/.autopilot/db/global.setting.tcl 
Execute       source /media/trungnguyen/data/01.git/tutorial/hls_example/vec_add/hls_proj/solution1/.autopilot/db/Loop_1_proc3.compgen.tcl 
Execute         ap_part_info -name xczu9eg-ffvb1156-2-e -data names -quiet 
Execute         ap_part_info -name xczu9eg-ffvb1156-2-e -data info -quiet 
Execute         ap_part_info -name xczu9eg-ffvb1156-2-e -data names -quiet 
Execute         ap_part_info -name xczu9eg-ffvb1156-2-e -data info -quiet 
INFO: [RTMG 210-278] Implementing memory 'kernel_Loop_1_proc3_a_local_ram (RAM)' using auto RAMs.
Execute         ap_part_info -name xczu9eg-ffvb1156-2-e -data names -quiet 
Execute         ap_part_info -name xczu9eg-ffvb1156-2-e -data info -quiet 
Execute       source /media/trungnguyen/data/01.git/tutorial/hls_example/vec_add/hls_proj/solution1/.autopilot/db/kernel.compgen.tcl 
Execute         source ./control.slave.tcl 
Execute         ap_part_info -name xczu9eg-ffvb1156-2-e -data names -quiet 
Execute         ap_part_info -name xczu9eg-ffvb1156-2-e -data info -quiet 
Execute         ap_part_info -name xczu9eg-ffvb1156-2-e -data names -quiet 
Execute         ap_part_info -name xczu9eg-ffvb1156-2-e -data info -quiet 
Execute         ap_part_info -name xczu9eg-ffvb1156-2-e -data names -quiet 
Execute         ap_part_info -name xczu9eg-ffvb1156-2-e -data info -quiet 
Command       ap_source done; 0.12 sec.
INFO-FLOW: DBG:CMD:     auto_generate -export -impltomg_flag -rtl both -tool Vivado -pcore_version 1.00.a -phase csynth_design -d /media/trungnguyen/data/01.git/tutorial/hls_example/vec_add/hls_proj/solution1
Execute       get_solution -flow_target 
Execute       get_config_export -xo 
Execute       get_config_export -format 
Execute       source /media/trungnguyen/data/01.git/tutorial/hls_example/vec_add/hls_proj/solution1/.autopilot/db/global.setting.tcl 
INFO-FLOW: DBG:CMD: read_platform_lib /media/trungnguyen/data/01.git/tutorial/hls_example/vec_add/hls_proj/solution1/.autopilot/db/global.setting.tcl
Execute       source /home/trungnguyen/01.tools/Xilinx/Vitis_HLS/2020.2/common/technology/generic/autopilot/common.gen 
Execute         source /home/trungnguyen/01.tools/Xilinx/Vitis_HLS/2020.2/common/technology/generic/autopilot/APCoreGen.gen 
Execute       source /home/trungnguyen/01.tools/Xilinx/Vitis_HLS/2020.2/common/technology/generic/autopilot/op.gen 
Execute       source /home/trungnguyen/01.tools/Xilinx/Vitis_HLS/2020.2/common/technology/generic/autopilot/op_simcore.gen 
Execute       source /home/trungnguyen/01.tools/Xilinx/Vitis_HLS/2020.2/common/technology/generic/autopilot/interface.gen 
Execute       source /media/trungnguyen/data/01.git/tutorial/hls_example/vec_add/hls_proj/solution1/.autopilot/db/global.setting.tcl 
Execute       source /home/trungnguyen/01.tools/Xilinx/Vitis_HLS/2020.2/common/technology/xilinx/common/xilinx.gen 
Execute         source /home/trungnguyen/01.tools/Xilinx/Vitis_HLS/2020.2/common/technology/xilinx/interface/plb46.gen 
Execute         source /home/trungnguyen/01.tools/Xilinx/Vitis_HLS/2020.2/common/technology/xilinx/interface/axi4.gen 
Execute         source /home/trungnguyen/01.tools/Xilinx/Vitis_HLS/2020.2/common/technology/xilinx/interface/nativeAXI4.gen 
Execute           source /home/trungnguyen/01.tools/Xilinx/Vitis_HLS/2020.2/common/technology/xilinx/interface/saxilite.gen 
Execute           source /home/trungnguyen/01.tools/Xilinx/Vitis_HLS/2020.2/common/technology/xilinx/interface/maxi.gen 
Execute         source /home/trungnguyen/01.tools/Xilinx/Vitis_HLS/2020.2/common/technology/xilinx/scripts/xilinxcoregen.gen 
Execute         source /home/trungnguyen/01.tools/Xilinx/Vitis_HLS/2020.2/common/technology/xilinx/interface/XilEDKCoreGen.gen 
Execute         source /home/trungnguyen/01.tools/Xilinx/Vitis_HLS/2020.2/common/technology/xilinx/ip/dds_compiler.gen 
Execute         source /home/trungnguyen/01.tools/Xilinx/Vitis_HLS/2020.2/common/technology/xilinx/ip/util.gen 
Execute         source /home/trungnguyen/01.tools/Xilinx/Vitis_HLS/2020.2/common/technology/xilinx/ip/xfft.gen 
Execute         source /home/trungnguyen/01.tools/Xilinx/Vitis_HLS/2020.2/common/technology/xilinx/ip/xfir.gen 
Execute         source /home/trungnguyen/01.tools/Xilinx/Vitis_HLS/2020.2/common/technology/xilinx/DSP48/dsp48.gen 
Execute       source /home/trungnguyen/01.tools/Xilinx/Vitis_HLS/2020.2/common/technology/xilinx/common/xilinx.gen 
Execute         source /home/trungnguyen/01.tools/Xilinx/Vitis_HLS/2020.2/common/technology/xilinx/interface/plb46.gen 
Execute         source /home/trungnguyen/01.tools/Xilinx/Vitis_HLS/2020.2/common/technology/xilinx/interface/axi4.gen 
Execute         source /home/trungnguyen/01.tools/Xilinx/Vitis_HLS/2020.2/common/technology/xilinx/interface/nativeAXI4.gen 
Execute           source /home/trungnguyen/01.tools/Xilinx/Vitis_HLS/2020.2/common/technology/xilinx/interface/saxilite.gen 
Execute           source /home/trungnguyen/01.tools/Xilinx/Vitis_HLS/2020.2/common/technology/xilinx/interface/maxi.gen 
Execute         source /home/trungnguyen/01.tools/Xilinx/Vitis_HLS/2020.2/common/technology/xilinx/scripts/xilinxcoregen.gen 
Execute         source /home/trungnguyen/01.tools/Xilinx/Vitis_HLS/2020.2/common/technology/xilinx/interface/XilEDKCoreGen.gen 
Execute         source /home/trungnguyen/01.tools/Xilinx/Vitis_HLS/2020.2/common/technology/xilinx/ip/dds_compiler.gen 
Execute         source /home/trungnguyen/01.tools/Xilinx/Vitis_HLS/2020.2/common/technology/xilinx/ip/util.gen 
Execute         source /home/trungnguyen/01.tools/Xilinx/Vitis_HLS/2020.2/common/technology/xilinx/ip/xfft.gen 
Execute         source /home/trungnguyen/01.tools/Xilinx/Vitis_HLS/2020.2/common/technology/xilinx/ip/xfir.gen 
Execute         source /home/trungnguyen/01.tools/Xilinx/Vitis_HLS/2020.2/common/technology/xilinx/DSP48/dsp48.gen 
INFO-FLOW: DBG:CMD:       initCTypeInfo top_module=kernel xml_exists=0
Execute       source /media/trungnguyen/data/01.git/tutorial/hls_example/vec_add/hls_proj/solution1/.autopilot/db/kernel.rtl_wrap.cfg.tcl 
Execute       source /media/trungnguyen/data/01.git/tutorial/hls_example/vec_add/hls_proj/solution1/.autopilot/db/kernel.rtl_wrap.cfg.tcl 
Execute       source /media/trungnguyen/data/01.git/tutorial/hls_example/vec_add/hls_proj/solution1/.autopilot/db/kernel.rtl_wrap.cfg.tcl 
Execute       source /media/trungnguyen/data/01.git/tutorial/hls_example/vec_add/hls_proj/solution1/.autopilot/db/kernel.tbgen.tcl 
Execute       source /media/trungnguyen/data/01.git/tutorial/hls_example/vec_add/hls_proj/solution1/.autopilot/db/kernel.tbgen.tcl 
INFO-FLOW: DBG:CMD:       export_impl_rtl
INFO-FLOW: DBG:CMD:       generate_ip_cores sim=0 export=0 expOnly=0 dstVlogDir=impl/.verilog
Execute       source /media/trungnguyen/data/01.git/tutorial/hls_example/vec_add/hls_proj/solution1/.autopilot/db/global.setting.tcl 
Execute       source /media/trungnguyen/data/01.git/tutorial/hls_example/vec_add/hls_proj/solution1/.autopilot/db/Loop_1_proc3.compgen.tcl 
Execute         ap_part_info -name xczu9eg-ffvb1156-2-e -data names -quiet 
Execute         ap_part_info -name xczu9eg-ffvb1156-2-e -data info -quiet 
Execute         ap_part_info -name xczu9eg-ffvb1156-2-e -data names -quiet 
Execute         ap_part_info -name xczu9eg-ffvb1156-2-e -data info -quiet 
Execute       source /media/trungnguyen/data/01.git/tutorial/hls_example/vec_add/hls_proj/solution1/.autopilot/db/kernel.compgen.tcl 
INFO-FLOW: DBG:CMD:       generate_ip_cores sim=0 export=1 expOnly=1 dstVlogDir=impl/.pcores/verilog
Execute       source /media/trungnguyen/data/01.git/tutorial/hls_example/vec_add/hls_proj/solution1/.autopilot/db/global.setting.tcl 
Execute       source /media/trungnguyen/data/01.git/tutorial/hls_example/vec_add/hls_proj/solution1/.autopilot/db/Loop_1_proc3.compgen.tcl 
Execute       source /media/trungnguyen/data/01.git/tutorial/hls_example/vec_add/hls_proj/solution1/.autopilot/db/kernel.compgen.tcl 
Execute         ap_part_info -name xczu9eg-ffvb1156-2-e -data names -quiet 
Execute         ap_part_info -name xczu9eg-ffvb1156-2-e -data info -quiet 
Execute         ap_part_info -name xczu9eg-ffvb1156-2-e -data names -quiet 
Execute         ap_part_info -name xczu9eg-ffvb1156-2-e -data info -quiet 
Execute         ap_part_info -name xczu9eg-ffvb1156-2-e -data names -quiet 
Execute         ap_part_info -name xczu9eg-ffvb1156-2-e -data info -quiet 
Execute         ap_part_info -name xczu9eg-ffvb1156-2-e -data names -quiet 
Execute         ap_part_info -name xczu9eg-ffvb1156-2-e -data info -quiet 
Execute         ap_part_info -name xczu9eg-ffvb1156-2-e -data names -quiet 
Execute         ap_part_info -name xczu9eg-ffvb1156-2-e -data info -quiet 
Execute         ap_part_info -name xczu9eg-ffvb1156-2-e -data names -quiet 
Execute         ap_part_info -name xczu9eg-ffvb1156-2-e -data info -quiet 
Execute       ap_part_info -name xczu9eg-ffvb1156-2-e -data names -quiet 
Execute       ap_part_info -name xczu9eg-ffvb1156-2-e -data info -quiet 
INFO-FLOW: DBG:CMD:       generate_ip_cores sim=0 export=0 expOnly=0 dstVlogDir=impl/.pcores/verilog_sim
Execute       source /media/trungnguyen/data/01.git/tutorial/hls_example/vec_add/hls_proj/solution1/.autopilot/db/global.setting.tcl 
Execute       source /media/trungnguyen/data/01.git/tutorial/hls_example/vec_add/hls_proj/solution1/.autopilot/db/Loop_1_proc3.compgen.tcl 
Execute       source /media/trungnguyen/data/01.git/tutorial/hls_example/vec_add/hls_proj/solution1/.autopilot/db/kernel.compgen.tcl 
Execute       ap_part_info -name xczu9eg-ffvb1156-2-e -data names -quiet 
Execute       ap_part_info -name xczu9eg-ffvb1156-2-e -data info -quiet 
Execute       ap_part_info -name xczu9eg-ffvb1156-2-e -data names -quiet 
Execute       ap_part_info -name xczu9eg-ffvb1156-2-e -data info -quiet 
Execute       source /media/trungnguyen/data/01.git/tutorial/hls_example/vec_add/hls_proj/solution1/.autopilot/db/global.setting.tcl 
Execute       ap_part_info -name xczu9eg-ffvb1156-2-e -data names -quiet 
Execute       ap_part_info -name xczu9eg-ffvb1156-2-e -data info -quiet 
Execute       source /media/trungnguyen/data/01.git/tutorial/hls_example/vec_add/hls_proj/solution1/.autopilot/db/kernel.constraint.tcl 
Execute       source /media/trungnguyen/data/01.git/tutorial/hls_example/vec_add/hls_proj/solution1/.autopilot/db/kernel.tbgen.tcl 
INFO-FLOW: DBG:CMD:       hasPcoreIpAdapter=false #gSsdmPorts=0
INFO-FLOW: DBG:CMD: Skipping loadAnalyze_DB, #g_database=7
INFO-FLOW: DBG:CMD:       generate_json is_phase_csynth=1 g_has_adaptors=false generate_bd_files=0 #modelList=9 #gSsdmPorts=0
Execute       source /home/trungnguyen/01.tools/Xilinx/Vitis_HLS/2020.2/tps/tcl/tcllib1.11.1/fileutil/fileutil.tcl 
Execute       source /media/trungnguyen/data/01.git/tutorial/hls_example/vec_add/hls_proj/solution1/.autopilot/db/global.setting.tcl 
Execute       source /media/trungnguyen/data/01.git/tutorial/hls_example/vec_add/hls_proj/solution1/.autopilot/db/global.setting.tcl 
Execute       source /media/trungnguyen/data/01.git/tutorial/hls_example/vec_add/hls_proj/solution1/.autopilot/db/top-io-be.tcl 
Execute       source /media/trungnguyen/data/01.git/tutorial/hls_example/vec_add/hls_proj/solution1/.autopilot/db/kernel.tbgen.tcl 
Execute       source /media/trungnguyen/data/01.git/tutorial/hls_example/vec_add/hls_proj/solution1/.autopilot/db/kernel.compgen.dataonly.tcl 
Execute       source /media/trungnguyen/data/01.git/tutorial/hls_example/vec_add/hls_proj/solution1/.autopilot/db/kernel.compgen.dataonly.tcl 
Execute       source /media/trungnguyen/data/01.git/tutorial/hls_example/vec_add/hls_proj/solution1/.autopilot/db/kernel.tbgen.tcl 
Execute       source /media/trungnguyen/data/01.git/tutorial/hls_example/vec_add/hls_proj/solution1/.autopilot/db/kernel.tbgen.tcl 
Execute       source /media/trungnguyen/data/01.git/tutorial/hls_example/vec_add/hls_proj/solution1/.autopilot/db/kernel.tbgen.tcl 
Execute       source /media/trungnguyen/data/01.git/tutorial/hls_example/vec_add/hls_proj/solution1/.autopilot/db/kernel.rtl_wrap.cfg.tcl 
Execute       source /media/trungnguyen/data/01.git/tutorial/hls_example/vec_add/hls_proj/solution1/.autopilot/db/kernel.compgen.dataonly.tcl 
Execute       get_config_export -format 
Execute       ap_part_info -name xczu9eg-ffvb1156-2-e -data names -quiet 
Execute       ap_part_info -name xczu9eg-ffvb1156-2-e -data info -quiet 
Execute       source /media/trungnguyen/data/01.git/tutorial/hls_example/vec_add/hls_proj/solution1/.autopilot/db/Loop_1_proc3.tbgen.tcl 
Execute       source /media/trungnguyen/data/01.git/tutorial/hls_example/vec_add/hls_proj/solution1/.autopilot/db/kernel.tbgen.tcl 
Execute       source /media/trungnguyen/data/01.git/tutorial/hls_example/vec_add/hls_proj/solution1/.autopilot/db/global.setting.tcl 
Execute       ap_part_info -name xczu9eg-ffvb1156-2-e -data names -quiet 
Execute       ap_part_info -name xczu9eg-ffvb1156-2-e -data info -quiet 
Execute       get_solution -flow_target 
Execute       get_config_rtl -kernel_profile 
Execute       get_config_rtl -kernel_profile 
Execute       get_config_rtl -stall_sig_gen 
Execute       get_config_rtl -profile 
Execute       source /media/trungnguyen/data/01.git/tutorial/hls_example/vec_add/hls_proj/solution1/.autopilot/db/kernel.constraint.tcl 
Execute       sc_get_clocks kernel 
Execute       source /media/trungnguyen/data/01.git/tutorial/hls_example/vec_add/hls_proj/solution1/.autopilot/db/global.setting.tcl 
Execute       get_config_debug -directory 
Execute       source /media/trungnguyen/data/01.git/tutorial/hls_example/vec_add/hls_proj/solution1/impl/misc/kernel_ap_fadd_2_full_dsp_32_ip.tcl 
Execute       source /media/trungnguyen/data/01.git/tutorial/hls_example/vec_add/hls_proj/solution1/impl/misc/kernel_ap_fmul_1_max_dsp_32_ip.tcl 
INFO-FLOW: DBG:CMD:       delete-temp-dirs (skipped for debug)
INFO: [HLS 200-111] Finished Generating all RTL models: CPU user time: 1.14 seconds. CPU system time: 0.03 seconds. Elapsed time: 1.18 seconds; current allocated memory: 235.517 MB.
INFO: [VHDL 208-304] Generating VHDL RTL for kernel.
INFO: [VLOG 209-307] Generating Verilog RTL for kernel.
INFO-FLOW: DBG:CMD:       update_csynth_xml_report append design.xml content design_xml=/media/trungnguyen/data/01.git/tutorial/hls_example/vec_add/hls_proj/solution1/.autopilot/db/kernel.design.xml
INFO-FLOW: DBG:CMD:       update_csynth_xml_report json2reportxml
INFO-FLOW: DBG:CMD:       update_csynth_xml_report done
Execute       syn_report -model kernel -printsummary 
INFO: [HLS 200-790] **** Loop Constraint Status: All loop constraints were satisfied.
INFO: [HLS 200-789] **** Estimated Fmax: 136.99 MHz
Command     autosyn done; 1.95 sec.
Command   csynth_design done; 4.71 sec.
INFO: [HLS 200-111] Finished Command csynth_design CPU user time: 4.66 seconds. CPU system time: 0.37 seconds. Elapsed time: 4.71 seconds; current allocated memory: 236.831 MB.
Command ap_source done; 5.95 sec.
Execute cleanup_all 
