

================================================================
== Vivado HLS Report for 'dct'
================================================================
* Date:           Wed Jul  6 11:01:51 2016

* Version:        2015.3 (Build 1368829 on Mon Sep 28 20:31:51 PM 2015)
* Project:        dct_prj
* Solution:       solution7
* Product family: kintex7
* Target device:  xc7k160tfbg484-1


================================================================
== Performance Estimates
================================================================
+ Timing (ns): 
    * Summary: 
    +--------+-------+----------+------------+
    |  Clock | Target| Estimated| Uncertainty|
    +--------+-------+----------+------------+
    |ap_clk  |   8.00|      8.93|        1.00|
    +--------+-------+----------+------------+

+ Latency (clock cycles): 
    * Summary: 
    +-----+-----+-----+-----+----------+
    |  Latency  |  Interval | Pipeline |
    | min | max | min | max |   Type   |
    +-----+-----+-----+-----+----------+
    |  283|  283|   67|   67| dataflow |
    +-----+-----+-----+-----+----------+

    + Detail: 
        * Instance: 
        N/A

        * Loop: 
        N/A

============================================================
+ Verbose Summary: Synthesis Manager
============================================================
InlineROM: 1
ExposeGlobal: 0
============================================================
+ Verbose Summary: CDFG Model
============================================================
IsTopModel: 1
ResetActiveHigh: 1
IsCombinational: 2
IsDatapathOnly: 0
HasWiredReturn: 1
HasMFsm: 0
HasVarLatency: 1
IsPipeline: 0
IsRtlPipelined: 0
IsInstanceOverlapped: 0
IsDontTouch: 0
HasImplIP: 0
IsGatedGlobalClock: 0


============================================================
+ Verbose Summary: Schedule
============================================================
* Number of FSM states: 12
* Pipeline: 0
* Dataflow Pipeline: 1
  DF-Pipeline-0: Size = 12, States = { 1 2 3 4 5 6 7 8 9 10 11 12 }

* FSM state transitions: 
1 --> 
	2  / true
2 --> 
	3  / true
3 --> 
	4  / true
4 --> 
	5  / true
5 --> 
	6  / true
6 --> 
	7  / true
7 --> 
	8  / true
8 --> 
	9  / true
9 --> 
	10  / true
10 --> 
	11  / true
11 --> 
	12  / true
12 --> 
* FSM state operations: 

 <State 1>: 0.00ns
ST_1: row_outbuf_i [1/1] 0.00ns
codeRepl:3  %row_outbuf_i = alloca [64 x i16], align 2

ST_1: col_outbuf_i [1/1] 0.00ns
codeRepl:4  %col_outbuf_i = alloca [64 x i16], align 2

ST_1: col_inbuf_0 [1/1] 0.00ns
codeRepl:5  %col_inbuf_0 = alloca [16 x i16], align 2

ST_1: col_inbuf_1 [1/1] 0.00ns
codeRepl:6  %col_inbuf_1 = alloca [16 x i16], align 2

ST_1: col_inbuf_2 [1/1] 0.00ns
codeRepl:7  %col_inbuf_2 = alloca [16 x i16], align 2

ST_1: col_inbuf_3 [1/1] 0.00ns
codeRepl:8  %col_inbuf_3 = alloca [16 x i16], align 2

ST_1: buf_2d_in_0 [1/1] 0.00ns
codeRepl:10  %buf_2d_in_0 = alloca [16 x i16], align 2

ST_1: buf_2d_in_1 [1/1] 0.00ns
codeRepl:11  %buf_2d_in_1 = alloca [16 x i16], align 2

ST_1: buf_2d_in_2 [1/1] 0.00ns
codeRepl:12  %buf_2d_in_2 = alloca [16 x i16], align 2

ST_1: buf_2d_in_3 [1/1] 0.00ns
codeRepl:13  %buf_2d_in_3 = alloca [16 x i16], align 2

ST_1: buf_2d_out [1/1] 0.00ns
codeRepl:14  %buf_2d_out = alloca [64 x i16], align 2

ST_1: stg_24 [2/2] 0.00ns
codeRepl:15  call fastcc void @dct_read_data([64 x i16]* %input_r, [16 x i16]* %buf_2d_in_0, [16 x i16]* %buf_2d_in_1, [16 x i16]* %buf_2d_in_2, [16 x i16]* %buf_2d_in_3) nounwind


 <State 2>: 0.00ns
ST_2: stg_25 [1/2] 0.00ns
codeRepl:15  call fastcc void @dct_read_data([64 x i16]* %input_r, [16 x i16]* %buf_2d_in_0, [16 x i16]* %buf_2d_in_1, [16 x i16]* %buf_2d_in_2, [16 x i16]* %buf_2d_in_3) nounwind


 <State 3>: 0.00ns
ST_3: stg_26 [2/2] 0.00ns
codeRepl:16  call fastcc void @dct_Loop_Row_DCT_Loop_proc([16 x i16]* %buf_2d_in_0, [16 x i16]* %buf_2d_in_1, [16 x i16]* %buf_2d_in_2, [16 x i16]* %buf_2d_in_3, [64 x i16]* %row_outbuf_i)


 <State 4>: 0.00ns
ST_4: stg_27 [1/2] 0.00ns
codeRepl:16  call fastcc void @dct_Loop_Row_DCT_Loop_proc([16 x i16]* %buf_2d_in_0, [16 x i16]* %buf_2d_in_1, [16 x i16]* %buf_2d_in_2, [16 x i16]* %buf_2d_in_3, [64 x i16]* %row_outbuf_i)


 <State 5>: 0.00ns
ST_5: stg_28 [2/2] 0.00ns
codeRepl:17  call fastcc void @dct_Loop_2_proc([64 x i16]* %row_outbuf_i, [16 x i16]* %col_inbuf_0, [16 x i16]* %col_inbuf_1, [16 x i16]* %col_inbuf_2, [16 x i16]* %col_inbuf_3)


 <State 6>: 0.00ns
ST_6: stg_29 [1/2] 0.00ns
codeRepl:17  call fastcc void @dct_Loop_2_proc([64 x i16]* %row_outbuf_i, [16 x i16]* %col_inbuf_0, [16 x i16]* %col_inbuf_1, [16 x i16]* %col_inbuf_2, [16 x i16]* %col_inbuf_3)


 <State 7>: 0.00ns
ST_7: stg_30 [2/2] 0.00ns
codeRepl:18  call fastcc void @dct_Loop_Col_DCT_Loop_proc([16 x i16]* %col_inbuf_0, [16 x i16]* %col_inbuf_1, [16 x i16]* %col_inbuf_2, [16 x i16]* %col_inbuf_3, [64 x i16]* %col_outbuf_i)


 <State 8>: 0.00ns
ST_8: stg_31 [1/2] 0.00ns
codeRepl:18  call fastcc void @dct_Loop_Col_DCT_Loop_proc([16 x i16]* %col_inbuf_0, [16 x i16]* %col_inbuf_1, [16 x i16]* %col_inbuf_2, [16 x i16]* %col_inbuf_3, [64 x i16]* %col_outbuf_i)


 <State 9>: 0.00ns
ST_9: stg_32 [2/2] 0.00ns
codeRepl:19  call fastcc void @dct_Loop_4_proc([64 x i16]* %col_outbuf_i, [64 x i16]* %buf_2d_out)


 <State 10>: 0.00ns
ST_10: stg_33 [1/2] 0.00ns
codeRepl:19  call fastcc void @dct_Loop_4_proc([64 x i16]* %col_outbuf_i, [64 x i16]* %buf_2d_out)


 <State 11>: 0.00ns
ST_11: stg_34 [2/2] 0.00ns
codeRepl:20  call fastcc void @dct_write_data([64 x i16]* %buf_2d_out, [64 x i16]* %output_r) nounwind


 <State 12>: 0.00ns
ST_12: stg_35 [1/1] 0.00ns
codeRepl:0  call void (...)* @_ssdm_op_SpecDataflowPipeline(i32 -1, [1 x i8]* @p_str1) nounwind

ST_12: stg_36 [1/1] 0.00ns
codeRepl:1  call void (...)* @_ssdm_op_SpecBitsMap([64 x i16]* %input_r) nounwind, !map !7

ST_12: stg_37 [1/1] 0.00ns
codeRepl:2  call void (...)* @_ssdm_op_SpecBitsMap([64 x i16]* %output_r) nounwind, !map !13

ST_12: stg_38 [1/1] 0.00ns
codeRepl:9  call void (...)* @_ssdm_op_SpecTopModule([4 x i8]* @dct_str) nounwind

ST_12: stg_39 [1/2] 0.00ns
codeRepl:20  call fastcc void @dct_write_data([64 x i16]* %buf_2d_out, [64 x i16]* %output_r) nounwind

ST_12: stg_40 [1/1] 0.00ns
codeRepl:21  ret void



============================================================
+ Verbose Summary: Binding
============================================================
N/A
* FSMD analyzer results:
  - Output states:
  - Chain level:
	State 1
	State 2
	State 3
	State 4
	State 5
	State 6
	State 7
	State 8
	State 9
	State 10
	State 11
	State 12


============================================================
+ Verbose Summary: Datapath Resource usage 
============================================================
N/A
