

================================================================
== Vivado HLS Report for 'dct_dct_1d2'
================================================================
* Date:           Tue Jul  5 15:54:16 2016

* Version:        2015.3 (Build 1368829 on Mon Sep 28 20:31:51 PM 2015)
* Project:        dct_prj
* Solution:       solution3
* Product family: kintex7
* Target device:  xc7k160tfbg484-1


================================================================
== Performance Estimates
================================================================
+ Timing (ns): 
    * Summary: 
    +--------+-------+----------+------------+
    |  Clock | Target| Estimated| Uncertainty|
    +--------+-------+----------+------------+
    |ap_clk  |   8.00|      8.74|        1.00|
    +--------+-------+----------+------------+

+ Latency (clock cycles): 
    * Summary: 
    +-----+-----+-----+-----+---------+
    |  Latency  |  Interval | Pipeline|
    | min | max | min | max |   Type  |
    +-----+-----+-----+-----+---------+
    |   36|   36|   36|   36|   none  |
    +-----+-----+-----+-----+---------+

    + Detail: 
        * Instance: 
        N/A

        * Loop: 
        +------------------+-----+-----+----------+-----------+-----------+------+----------+
        |                  |  Latency  | Iteration|  Initiation Interval  | Trip |          |
        |     Loop Name    | min | max |  Latency |  achieved |   target  | Count| Pipelined|
        +------------------+-----+-----+----------+-----------+-----------+------+----------+
        |- DCT_Outer_Loop  |   34|   34|         7|          4|          1|     8|    yes   |
        +------------------+-----+-----+----------+-----------+-----------+------+----------+



================================================================
== Utilization Estimates
================================================================
* Summary: 
+-----------------+---------+-------+--------+--------+
|       Name      | BRAM_18K| DSP48E|   FF   |   LUT  |
+-----------------+---------+-------+--------+--------+
|DSP              |        -|      8|       -|       -|
|Expression       |        -|      -|       0|     142|
|FIFO             |        -|      -|       -|       -|
|Instance         |        -|      -|       -|       -|
|Memory           |        0|      -|     119|      16|
|Multiplexer      |        -|      -|       -|      21|
|Register         |        -|      -|     420|       -|
+-----------------+---------+-------+--------+--------+
|Total            |        0|      8|     539|     179|
+-----------------+---------+-------+--------+--------+
|Available        |      650|    600|  202800|  101400|
+-----------------+---------+-------+--------+--------+
|Utilization (%)  |        0|      1|   ~0   |   ~0   |
+-----------------+---------+-------+--------+--------+

+ Detail: 
    * Instance: 
    N/A

    * DSP48: 
    +-------------------------------------+----------------------------------+--------------+
    |               Instance              |              Module              |  Expression  |
    +-------------------------------------+----------------------------------+--------------+
    |dct_mac_muladd_16s_14ns_29s_29_1_U3  |dct_mac_muladd_16s_14ns_29s_29_1  | i0 + i1 * i2 |
    |dct_mac_muladd_16s_15s_14ns_29_1_U8  |dct_mac_muladd_16s_15s_14ns_29_1  | i0 * i1 + i2 |
    |dct_mac_muladd_16s_15s_29s_29_1_U1   |dct_mac_muladd_16s_15s_29s_29_1   | i0 * i1 + i2 |
    |dct_mac_muladd_16s_15s_29s_29_1_U2   |dct_mac_muladd_16s_15s_29s_29_1   | i0 + i1 * i2 |
    |dct_mac_muladd_16s_15s_29s_29_1_U7   |dct_mac_muladd_16s_15s_29s_29_1   | i0 + i1 * i2 |
    |dct_mul_mul_16s_15s_29_1_U4          |dct_mul_mul_16s_15s_29_1          |    i0 * i1   |
    |dct_mul_mul_16s_15s_29_1_U5          |dct_mul_mul_16s_15s_29_1          |    i0 * i1   |
    |dct_mul_mul_16s_15s_29_1_U6          |dct_mul_mul_16s_15s_29_1          |    i0 * i1   |
    +-------------------------------------+----------------------------------+--------------+

    * Memory: 
    +---------------------+-------------------------------+---------+----+----+------+-----+------+-------------+
    |        Memory       |             Module            | BRAM_18K| FF | LUT| Words| Bits| Banks| W*Bits*Banks|
    +---------------------+-------------------------------+---------+----+----+------+-----+------+-------------+
    |dct_coeff_table_0_U  |dct_dct_1d2_dct_coeff_table_0  |        0|  14|   2|     8|   14|     1|          112|
    |dct_coeff_table_1_U  |dct_dct_1d2_dct_coeff_table_1  |        0|  15|   2|     8|   15|     1|          120|
    |dct_coeff_table_2_U  |dct_dct_1d2_dct_coeff_table_2  |        0|  15|   2|     8|   15|     1|          120|
    |dct_coeff_table_3_U  |dct_dct_1d2_dct_coeff_table_3  |        0|  15|   2|     8|   15|     1|          120|
    |dct_coeff_table_4_U  |dct_dct_1d2_dct_coeff_table_4  |        0|  15|   2|     8|   15|     1|          120|
    |dct_coeff_table_5_U  |dct_dct_1d2_dct_coeff_table_5  |        0|  15|   2|     8|   15|     1|          120|
    |dct_coeff_table_6_U  |dct_dct_1d2_dct_coeff_table_6  |        0|  15|   2|     8|   15|     1|          120|
    |dct_coeff_table_7_U  |dct_dct_1d2_dct_coeff_table_7  |        0|  15|   2|     8|   15|     1|          120|
    +---------------------+-------------------------------+---------+----+----+------+-----+------+-------------+
    |Total                |                               |        0| 119|  16|    64|  119|     8|          952|
    +---------------------+-------------------------------+---------+----+----+------+-----+------+-------------+

    * FIFO: 
    N/A

    * Expression: 
    +---------------------+----------+-------+---+----+------------+------------+
    |    Variable Name    | Operation| DSP48E| FF| LUT| Bitwidth P0| Bitwidth P1|
    +---------------------+----------+-------+---+----+------------+------------+
    |k_1_fu_422_p2        |     +    |      0|  0|   4|           4|           1|
    |tmp1_fu_485_p2       |     +    |      0|  0|  29|          29|          29|
    |tmp4_fu_507_p2       |     +    |      0|  0|  14|          29|          29|
    |tmp_25_fu_438_p2     |     +    |      0|  0|   8|           8|           8|
    |tmp_s_fu_511_p2      |     +    |      0|  0|  14|          29|          29|
    |exitcond1_fu_416_p2  |   icmp   |      0|  0|   2|           4|           5|
    |tmp_10_fu_311_p2     |    or    |      0|  0|  10|           7|           1|
    |tmp_12_fu_326_p2     |    or    |      0|  0|  10|           7|           2|
    |tmp_14_fu_341_p2     |    or    |      0|  0|  10|           7|           2|
    |tmp_16_fu_356_p2     |    or    |      0|  0|  10|           7|           3|
    |tmp_18_fu_371_p2     |    or    |      0|  0|  10|           7|           3|
    |tmp_20_fu_386_p2     |    or    |      0|  0|  10|           7|           3|
    |tmp_23_fu_401_p2     |    or    |      0|  0|  10|           7|           3|
    +---------------------+----------+-------+---+----+------------+------------+
    |Total                |          |      0|  0| 142|         152|         118|
    +---------------------+----------+-------+---+----+------------+------------+

    * Multiplexer: 
    +-----------------+----+-----------+-----+-----------+
    |       Name      | LUT| Input Size| Bits| Total Bits|
    +-----------------+----+-----------+-----+-----------+
    |ap_NS_fsm        |   1|          7|    1|          7|
    |k_phi_fu_271_p4  |   4|          2|    4|          8|
    |k_reg_267        |   4|          2|    4|          8|
    |src_address0     |   6|          5|    6|         30|
    |src_address1     |   6|          5|    6|         30|
    +-----------------+----+-----------+-----+-----------+
    |Total            |  21|         21|   21|         83|
    +-----------------+----+-----------+-----+-----------+

    * Register: 
    +----------------------------------------+----+----+-----+-----------+
    |                  Name                  | FF | LUT| Bits| Const Bits|
    +----------------------------------------+----+----+-----+-----------+
    |ap_CS_fsm                               |   6|   0|    6|          0|
    |ap_reg_ppiten_pp0_it0                   |   1|   0|    1|          0|
    |ap_reg_ppiten_pp0_it1                   |   1|   0|    1|          0|
    |ap_reg_ppstg_exitcond1_reg_628_pp0_it1  |   1|   0|    1|          0|
    |ap_reg_ppstg_tmp_25_reg_647_pp0_it1     |   8|   0|    8|          0|
    |dct_coeff_table_0_load_reg_702          |  14|   0|   14|          0|
    |dct_coeff_table_1_load_reg_667          |  15|   0|   15|          0|
    |dct_coeff_table_2_load_reg_712          |  15|   0|   15|          0|
    |dct_coeff_table_3_load_reg_677          |  15|   0|   15|          0|
    |dct_coeff_table_4_load_reg_722          |  15|   0|   15|          0|
    |dct_coeff_table_5_load_reg_727          |  15|   0|   15|          0|
    |dct_coeff_table_6_load_reg_732          |  15|   0|   15|          0|
    |dct_coeff_table_7_load_reg_737          |  15|   0|   15|          0|
    |exitcond1_reg_628                       |   1|   0|    1|          0|
    |k_1_reg_632                             |   4|   0|    4|          0|
    |k_reg_267                               |   4|   0|    4|          0|
    |reg_278                                 |  16|   0|   16|          0|
    |reg_282                                 |  16|   0|   16|          0|
    |src_addr_1_reg_593                      |   3|   0|    6|          3|
    |src_addr_2_reg_598                      |   3|   0|    6|          3|
    |src_addr_3_reg_603                      |   3|   0|    6|          3|
    |src_addr_4_reg_608                      |   3|   0|    6|          3|
    |src_addr_5_reg_613                      |   3|   0|    6|          3|
    |src_addr_6_reg_618                      |   3|   0|    6|          3|
    |src_addr_7_reg_623                      |   3|   0|    6|          3|
    |src_addr_reg_588                        |   3|   0|    6|          3|
    |tmp1_reg_752                            |  29|   0|   29|          0|
    |tmp2_reg_747                            |  29|   0|   29|          0|
    |tmp5_reg_757                            |  29|   0|   29|          0|
    |tmp6_reg_762                            |  29|   0|   29|          0|
    |tmp_10_1_reg_707                        |  29|   0|   29|          0|
    |tmp_10_3_reg_717                        |  29|   0|   29|          0|
    |tmp_10_5_reg_742                        |  29|   0|   29|          0|
    |tmp_18_cast_reg_583                     |   4|   0|    8|          4|
    |tmp_25_reg_647                          |   8|   0|    8|          0|
    |tmp_reg_637                             |   4|   0|   64|         60|
    +----------------------------------------+----+----+-----+-----------+
    |Total                                   | 420|   0|  508|         88|
    +----------------------------------------+----+----+-----+-----------+



================================================================
== Interface
================================================================
* Summary: 
+--------------+-----+-----+------------+--------------+--------------+
|   RTL Ports  | Dir | Bits|  Protocol  | Source Object|    C Type    |
+--------------+-----+-----+------------+--------------+--------------+
|ap_clk        |  in |    1| ap_ctrl_hs |  dct_dct_1d2 | return value |
|ap_rst        |  in |    1| ap_ctrl_hs |  dct_dct_1d2 | return value |
|ap_start      |  in |    1| ap_ctrl_hs |  dct_dct_1d2 | return value |
|ap_done       | out |    1| ap_ctrl_hs |  dct_dct_1d2 | return value |
|ap_idle       | out |    1| ap_ctrl_hs |  dct_dct_1d2 | return value |
|ap_ready      | out |    1| ap_ctrl_hs |  dct_dct_1d2 | return value |
|src_address0  | out |    6|  ap_memory |      src     |     array    |
|src_ce0       | out |    1|  ap_memory |      src     |     array    |
|src_q0        |  in |   16|  ap_memory |      src     |     array    |
|src_address1  | out |    6|  ap_memory |      src     |     array    |
|src_ce1       | out |    1|  ap_memory |      src     |     array    |
|src_q1        |  in |   16|  ap_memory |      src     |     array    |
|tmp_2         |  in |    4|   ap_none  |     tmp_2    |    scalar    |
|dst_address0  | out |    6|  ap_memory |      dst     |     array    |
|dst_ce0       | out |    1|  ap_memory |      dst     |     array    |
|dst_we0       | out |    1|  ap_memory |      dst     |     array    |
|dst_d0        | out |   16|  ap_memory |      dst     |     array    |
|tmp_21        |  in |    4|   ap_none  |    tmp_21    |    scalar    |
+--------------+-----+-----+------------+--------------+--------------+

