@I [SIM-47] Using XSIM for RTL simulation.
@I [SIM-14] Instrumenting C test bench ...
   Build using "/opt/Xilinx/Vivado_HLS/2015.3/lnx64/tools/gcc/bin/g++"
   Compiling apatb_hls_real2xfft.cpp
   Compiling hls_realfft_test.cpp_pre.cpp.tb.cpp
   Compiling real2xfft.cpp_pre.cpp.tb.cpp
   Compiling xfft2real.cpp_pre.cpp.tb.cpp
   Generating cosim.tv.exe
@I [SIM-302] Starting C TB testing ... 
@I [SIM-333] Generating C post check test bench ...
@I [SIM-12] Generating RTL test bench ...
@I [SIM-323] Starting verilog simulation. 
@I [SIM-15] Starting XSIM ...
@I [SIM-316] Starting C post checking ...







   0:	{ -0.000061,  0.000000 }; mag = 0.000061
   1:	{  0.000000,  0.000000 }; mag = 0.000000
   2:	{  0.000000,  0.000000 }; mag = 0.000000
   3:	{  0.000000,  0.000000 }; mag = 0.000000
   4:	{ -0.050415,  0.000000 }; mag = 0.050415
   5:	{  0.118408,  0.000000 }; mag = 0.118408
   6:	{ -0.050415,  0.000000 }; mag = 0.050415
   7:	{  0.000000,  0.000000 }; mag = 0.000000
   8:	{  0.000000,  0.000000 }; mag = 0.000000
   9:	{  0.000000,  0.000000 }; mag = 0.000000
  10:	{  0.000000,  0.000000 }; mag = 0.000000
  11:	{  0.000000,  0.000000 }; mag = 0.000000
  12:	{  0.000000,  0.000000 }; mag = 0.000000
  13:	{  0.000000,  0.000000 }; mag = 0.000000
  14:	{ -0.000031, -0.000031 }; mag = 0.000043
  15:	{ -0.000031, -0.000031 }; mag = 0.000043
  16:	{  0.000000, -0.000031 }; mag = 0.000031
  17:	{  0.000000,  0.000000 }; mag = 0.000000
  18:	{  0.000000,  0.000000 }; mag = 0.000000
  19:	{  0.000000,  0.000000 }; mag = 0.000000
  20:	{  0.000000, -0.000031 }; mag = 0.000031
  21:	{  0.000000, -0.000031 }; mag = 0.000031
  22:	{  0.000000,  0.000000 }; mag = 0.000000
  23:	{  0.000000,  0.000000 }; mag = 0.000000
  24:	{  0.000000,  0.000000 }; mag = 0.000000
  25:	{  0.000000,  0.000000 }; mag = 0.000000
  26:	{  0.000000,  0.000000 }; mag = 0.000000
  27:	{  0.000000,  0.000000 }; mag = 0.000000
  28:	{  0.000000,  0.000000 }; mag = 0.000000
  29:	{  0.000000,  0.000000 }; mag = 0.000000
  30:	{  0.000000,  0.000000 }; mag = 0.000000
  31:	{  0.000000,  0.000000 }; mag = 0.000000
  32:	{  0.000000,  0.000000 }; mag = 0.000000
  33:	{  0.000000,  0.000000 }; mag = 0.000000
  34:	{ -0.044769, -0.000031 }; mag = 0.044769
  35:	{  0.105225, -0.000031 }; mag = 0.105225
  36:	{ -0.044800,  0.000000 }; mag = 0.044800
  37:	{  0.000000,  0.000000 }; mag = 0.000000
  38:	{  0.000000,  0.000000 }; mag = 0.000000
  39:	{  0.000000,  0.000000 }; mag = 0.000000
  40:	{  0.000000,  0.000000 }; mag = 0.000000
  41:	{  0.000000,  0.000000 }; mag = 0.000000
  42:	{  0.000000,  0.000000 }; mag = 0.000000
  43:	{  0.000000,  0.000000 }; mag = 0.000000
  44:	{  0.000000,  0.000000 }; mag = 0.000000
  45:	{  0.000000,  0.000000 }; mag = 0.000000
  46:	{  0.000000,  0.000000 }; mag = 0.000000
  47:	{  0.000000,  0.000000 }; mag = 0.000000
  48:	{  0.000000,  0.000000 }; mag = 0.000000
  49:	{  0.000000,  0.000000 }; mag = 0.000000
  50:	{  0.000000,  0.000000 }; mag = 0.000000
  51:	{  0.000000,  0.000000 }; mag = 0.000000
  52:	{  0.000000,  0.000000 }; mag = 0.000000
  53:	{  0.000000,  0.000000 }; mag = 0.000000
  54:	{  0.000000,  0.000000 }; mag = 0.000000
  55:	{  0.000000,  0.000000 }; mag = 0.000000
  56:	{  0.000000,  0.000000 }; mag = 0.000000
  57:	{  0.000000,  0.000000 }; mag = 0.000000
  58:	{  0.000000,  0.000000 }; mag = 0.000000
  59:	{  0.000000,  0.000000 }; mag = 0.000000
  60:	{  0.000000,  0.000000 }; mag = 0.000000
  61:	{  0.000000,  0.000000 }; mag = 0.000000
  62:	{  0.000000,  0.000000 }; mag = 0.000000
  63:	{  0.000000,  0.000000 }; mag = 0.000000
  64:	{  0.000000,  0.000000 }; mag = 0.000000
  65:	{  0.000000,  0.000000 }; mag = 0.000000
  66:	{  0.000000,  0.000000 }; mag = 0.000000
  67:	{  0.000000,  0.000000 }; mag = 0.000000
  68:	{  0.000000,  0.000000 }; mag = 0.000000
  69:	{  0.000000,  0.000000 }; mag = 0.000000
  70:	{  0.000000,  0.000000 }; mag = 0.000000
  71:	{  0.000000,  0.000000 }; mag = 0.000000
  72:	{  0.000000,  0.000000 }; mag = 0.000000
  73:	{  0.000000,  0.000000 }; mag = 0.000000
  74:	{  0.000000,  0.000000 }; mag = 0.000000
  75:	{  0.000000,  0.000000 }; mag = 0.000000
  76:	{  0.000000,  0.000000 }; mag = 0.000000
  77:	{  0.000000,  0.000000 }; mag = 0.000000
  78:	{  0.000000,  0.000000 }; mag = 0.000000
  79:	{  0.000000,  0.000000 }; mag = 0.000000
  80:	{  0.000000,  0.000000 }; mag = 0.000000
  81:	{  0.000000,  0.000000 }; mag = 0.000000
  82:	{  0.000000,  0.000000 }; mag = 0.000000
  83:	{  0.000000,  0.000000 }; mag = 0.000000
  84:	{  0.000000,  0.000000 }; mag = 0.000000
  85:	{  0.000000,  0.000000 }; mag = 0.000000
  86:	{  0.000000,  0.000000 }; mag = 0.000000
  87:	{  0.000000,  0.000000 }; mag = 0.000000
  88:	{  0.000000,  0.000000 }; mag = 0.000000
  89:	{  0.000000,  0.000000 }; mag = 0.000000
  90:	{  0.000000,  0.000000 }; mag = 0.000000
  91:	{  0.000000,  0.000000 }; mag = 0.000000
  92:	{  0.000000,  0.000000 }; mag = 0.000000
  93:	{  0.000000,  0.000000 }; mag = 0.000000
  94:	{  0.000000,  0.000000 }; mag = 0.000000
  95:	{  0.000000,  0.000000 }; mag = 0.000000
  96:	{  0.000000,  0.000000 }; mag = 0.000000
  97:	{  0.000000,  0.000000 }; mag = 0.000000
  98:	{  0.000000,  0.000000 }; mag = 0.000000
  99:	{ -0.033600,  0.000000 }; mag = 0.033600
 100:	{  0.078918,  0.000000 }; mag = 0.078918
 101:	{ -0.033569, -0.000031 }; mag = 0.033569
 102:	{  0.000000,  0.000000 }; mag = 0.000000
 103:	{  0.000000,  0.000000 }; mag = 0.000000
 104:	{  0.000000,  0.000000 }; mag = 0.000000
 105:	{  0.000000,  0.000000 }; mag = 0.000000
 106:	{  0.000000,  0.000000 }; mag = 0.000000
 107:	{  0.000000,  0.000000 }; mag = 0.000000
 108:	{  0.000000,  0.000000 }; mag = 0.000000
 109:	{  0.000000,  0.000000 }; mag = 0.000000
 110:	{  0.000000,  0.000000 }; mag = 0.000000
 111:	{  0.000000,  0.000000 }; mag = 0.000000
 112:	{  0.000000,  0.000000 }; mag = 0.000000
 113:	{  0.000000,  0.000000 }; mag = 0.000000
 114:	{  0.000000,  0.000000 }; mag = 0.000000
 115:	{  0.000000,  0.000000 }; mag = 0.000000
 116:	{  0.000000,  0.000000 }; mag = 0.000000
 117:	{  0.000000,  0.000000 }; mag = 0.000000
 118:	{  0.000000,  0.000000 }; mag = 0.000000
 119:	{  0.000000,  0.000000 }; mag = 0.000000
 120:	{  0.000000,  0.000000 }; mag = 0.000000
 121:	{  0.000000,  0.000000 }; mag = 0.000000
 122:	{  0.000000,  0.000000 }; mag = 0.000000
 123:	{  0.000000,  0.000000 }; mag = 0.000000
 124:	{  0.000000,  0.000000 }; mag = 0.000000
 125:	{  0.000000,  0.000000 }; mag = 0.000000
 126:	{  0.000000,  0.000000 }; mag = 0.000000
 127:	{  0.000000,  0.000000 }; mag = 0.000000
 128:	{  0.000000,  0.000000 }; mag = 0.000000
 129:	{  0.000000,  0.000000 }; mag = 0.000000
 130:	{  0.000000,  0.000000 }; mag = 0.000000
 131:	{  0.000000,  0.000000 }; mag = 0.000000
 132:	{  0.000000,  0.000000 }; mag = 0.000000
 133:	{  0.000000,  0.000000 }; mag = 0.000000
 134:	{  0.000000,  0.000000 }; mag = 0.000000
 135:	{  0.000000,  0.000000 }; mag = 0.000000
 136:	{  0.000000,  0.000000 }; mag = 0.000000
 137:	{  0.000000,  0.000000 }; mag = 0.000000
 138:	{  0.000000,  0.000000 }; mag = 0.000000
 139:	{  0.000000,  0.000000 }; mag = 0.000000
 140:	{  0.000000,  0.000000 }; mag = 0.000000
 141:	{  0.000000,  0.000000 }; mag = 0.000000
 142:	{  0.000000,  0.000000 }; mag = 0.000000
 143:	{  0.000000,  0.000000 }; mag = 0.000000
 144:	{  0.000000,  0.000000 }; mag = 0.000000
 145:	{  0.000000,  0.000000 }; mag = 0.000000
 146:	{  0.000000,  0.000000 }; mag = 0.000000
 147:	{  0.000000,  0.000000 }; mag = 0.000000
 148:	{  0.000000,  0.000000 }; mag = 0.000000
 149:	{  0.000000,  0.000000 }; mag = 0.000000
 150:	{  0.000000,  0.000000 }; mag = 0.000000
 151:	{  0.000000,  0.000000 }; mag = 0.000000
 152:	{  0.000000,  0.000000 }; mag = 0.000000
 153:	{  0.000000,  0.000000 }; mag = 0.000000
 154:	{  0.000000,  0.000000 }; mag = 0.000000
 155:	{  0.000000,  0.000000 }; mag = 0.000000
 156:	{  0.000000,  0.000000 }; mag = 0.000000
 157:	{  0.000000,  0.000000 }; mag = 0.000000
 158:	{  0.000000,  0.000000 }; mag = 0.000000
 159:	{  0.000000,  0.000000 }; mag = 0.000000
 160:	{  0.000000,  0.000000 }; mag = 0.000000
 161:	{  0.000000,  0.000000 }; mag = 0.000000
 162:	{  0.000000,  0.000000 }; mag = 0.000000
 163:	{  0.000000,  0.000000 }; mag = 0.000000
 164:	{  0.000000,  0.000000 }; mag = 0.000000
 165:	{  0.000000,  0.000000 }; mag = 0.000000
 166:	{  0.000000,  0.000000 }; mag = 0.000000
 167:	{  0.000000,  0.000000 }; mag = 0.000000
 168:	{  0.000000,  0.000000 }; mag = 0.000000
 169:	{  0.000000,  0.000000 }; mag = 0.000000
 170:	{  0.000000,  0.000000 }; mag = 0.000000
 171:	{  0.000000,  0.000000 }; mag = 0.000000
 172:	{  0.000000,  0.000000 }; mag = 0.000000
 173:	{  0.000000,  0.000000 }; mag = 0.000000
 174:	{  0.000000,  0.000000 }; mag = 0.000000
 175:	{  0.000000,  0.000000 }; mag = 0.000000
 176:	{  0.000000,  0.000000 }; mag = 0.000000
 177:	{  0.000000,  0.000000 }; mag = 0.000000
 178:	{  0.000000,  0.000000 }; mag = 0.000000
 179:	{  0.000000,  0.000000 }; mag = 0.000000
 180:	{  0.000000,  0.000000 }; mag = 0.000000
 181:	{  0.000000,  0.000000 }; mag = 0.000000
 182:	{  0.000000,  0.000000 }; mag = 0.000000
 183:	{  0.000000,  0.000000 }; mag = 0.000000
 184:	{  0.000000,  0.000000 }; mag = 0.000000
 185:	{  0.000000,  0.000000 }; mag = 0.000000
 186:	{  0.000000,  0.000000 }; mag = 0.000000
 187:	{  0.000000,  0.000000 }; mag = 0.000000
 188:	{  0.000000,  0.000000 }; mag = 0.000000
 189:	{  0.000000,  0.000000 }; mag = 0.000000
 190:	{  0.000000,  0.000000 }; mag = 0.000000
 191:	{  0.000000,  0.000000 }; mag = 0.000000
 192:	{  0.000000,  0.000000 }; mag = 0.000000
 193:	{  0.000000,  0.000000 }; mag = 0.000000
 194:	{  0.000000,  0.000000 }; mag = 0.000000
 195:	{  0.000000,  0.000000 }; mag = 0.000000
 196:	{  0.000000,  0.000000 }; mag = 0.000000
 197:	{  0.000000,  0.000000 }; mag = 0.000000
 198:	{  0.000000,  0.000000 }; mag = 0.000000
 199:	{  0.000000,  0.000000 }; mag = 0.000000
 200:	{  0.000000,  0.000000 }; mag = 0.000000
 201:	{  0.000000,  0.000000 }; mag = 0.000000
 202:	{  0.000000,  0.000000 }; mag = 0.000000
 203:	{  0.000000,  0.000000 }; mag = 0.000000
 204:	{  0.000000,  0.000000 }; mag = 0.000000
 205:	{  0.000000,  0.000000 }; mag = 0.000000
 206:	{  0.000000,  0.000000 }; mag = 0.000000
 207:	{  0.000000,  0.000000 }; mag = 0.000000
 208:	{  0.000000,  0.000000 }; mag = 0.000000
 209:	{  0.000000,  0.000000 }; mag = 0.000000
 210:	{  0.000000,  0.000000 }; mag = 0.000000
 211:	{  0.000000,  0.000000 }; mag = 0.000000
 212:	{  0.000000,  0.000000 }; mag = 0.000000
 213:	{  0.000000,  0.000000 }; mag = 0.000000
 214:	{  0.000000,  0.000000 }; mag = 0.000000
 215:	{  0.000000,  0.000000 }; mag = 0.000000
 216:	{  0.000000,  0.000000 }; mag = 0.000000
 217:	{  0.000000,  0.000000 }; mag = 0.000000
 218:	{  0.000000,  0.000000 }; mag = 0.000000
 219:	{  0.000000,  0.000000 }; mag = 0.000000
 220:	{  0.000000,  0.000000 }; mag = 0.000000
 221:	{  0.000000,  0.000000 }; mag = 0.000000
 222:	{  0.000000,  0.000000 }; mag = 0.000000
 223:	{  0.000000,  0.000000 }; mag = 0.000000
 224:	{  0.000000,  0.000000 }; mag = 0.000000
 225:	{  0.000000,  0.000000 }; mag = 0.000000
 226:	{  0.000000,  0.000000 }; mag = 0.000000
 227:	{  0.000000,  0.000000 }; mag = 0.000000
 228:	{  0.000000,  0.000000 }; mag = 0.000000
 229:	{  0.000000,  0.000000 }; mag = 0.000000
 230:	{  0.000000,  0.000000 }; mag = 0.000000
 231:	{  0.000000,  0.000000 }; mag = 0.000000
 232:	{  0.000000,  0.000000 }; mag = 0.000000
 233:	{  0.000000,  0.000000 }; mag = 0.000000
 234:	{ -0.056000, -0.000061 }; mag = 0.056000
 235:	{  0.131592,  0.000031 }; mag = 0.131592
 236:	{ -0.056000, -0.000031 }; mag = 0.056000
 237:	{  0.000000,  0.000000 }; mag = 0.000000
 238:	{  0.000000,  0.000000 }; mag = 0.000000
 239:	{  0.000000,  0.000000 }; mag = 0.000000
 240:	{  0.000000,  0.000000 }; mag = 0.000000
 241:	{  0.000000,  0.000000 }; mag = 0.000000
 242:	{  0.000000,  0.000000 }; mag = 0.000000
 243:	{  0.000000,  0.000000 }; mag = 0.000000
 244:	{  0.000000,  0.000000 }; mag = 0.000000
 245:	{  0.000000,  0.000000 }; mag = 0.000000
 246:	{  0.000000,  0.000000 }; mag = 0.000000
 247:	{  0.000000,  0.000000 }; mag = 0.000000
 248:	{  0.000000,  0.000000 }; mag = 0.000000
 249:	{  0.000000,  0.000000 }; mag = 0.000000
 250:	{  0.000000,  0.000000 }; mag = 0.000000
 251:	{  0.000000,  0.000000 }; mag = 0.000000
 252:	{  0.000000,  0.000000 }; mag = 0.000000
 253:	{  0.000000,  0.000000 }; mag = 0.000000
 254:	{  0.000000,  0.000000 }; mag = 0.000000
 255:	{  0.000000,  0.000000 }; mag = 0.000000
 256:	{  0.000000,  0.000000 }; mag = 0.000000
 257:	{  0.000000,  0.000000 }; mag = 0.000000
 258:	{  0.000000,  0.000000 }; mag = 0.000000
 259:	{  0.000000,  0.000000 }; mag = 0.000000
 260:	{  0.000000,  0.000000 }; mag = 0.000000
 261:	{  0.000000,  0.000000 }; mag = 0.000000
 262:	{  0.000000,  0.000000 }; mag = 0.000000
 263:	{  0.000000,  0.000000 }; mag = 0.000000
 264:	{  0.000000,  0.000000 }; mag = 0.000000
 265:	{  0.000000,  0.000000 }; mag = 0.000000
 266:	{  0.000000,  0.000000 }; mag = 0.000000
 267:	{  0.000000,  0.000000 }; mag = 0.000000
 268:	{  0.000000,  0.000000 }; mag = 0.000000
 269:	{  0.000000,  0.000000 }; mag = 0.000000
 270:	{  0.000000,  0.000000 }; mag = 0.000000
 271:	{  0.000000,  0.000000 }; mag = 0.000000
 272:	{  0.000000,  0.000000 }; mag = 0.000000
 273:	{  0.000000,  0.000000 }; mag = 0.000000
 274:	{  0.000000,  0.000000 }; mag = 0.000000
 275:	{  0.000000,  0.000000 }; mag = 0.000000
 276:	{  0.000000, -0.000031 }; mag = 0.000031
 277:	{ -0.000031,  0.000031 }; mag = 0.000043
 278:	{  0.000000, -0.000061 }; mag = 0.000061
 279:	{  0.000000,  0.000000 }; mag = 0.000000
 280:	{  0.000000,  0.000000 }; mag = 0.000000
 281:	{  0.000000,  0.000000 }; mag = 0.000000
 282:	{  0.000000,  0.000000 }; mag = 0.000000
 283:	{  0.000000,  0.000000 }; mag = 0.000000
 284:	{  0.000000,  0.000000 }; mag = 0.000000
 285:	{  0.000000,  0.000000 }; mag = 0.000000
 286:	{  0.000000,  0.000000 }; mag = 0.000000
 287:	{  0.000000,  0.000000 }; mag = 0.000000
 288:	{  0.000000,  0.000000 }; mag = 0.000000
 289:	{  0.000000,  0.000000 }; mag = 0.000000
 290:	{  0.000000,  0.000000 }; mag = 0.000000
 291:	{  0.000000,  0.000000 }; mag = 0.000000
 292:	{  0.000000,  0.000000 }; mag = 0.000000
 293:	{  0.000000,  0.000000 }; mag = 0.000000
 294:	{  0.000000,  0.000000 }; mag = 0.000000
 295:	{  0.000000,  0.000000 }; mag = 0.000000
 296:	{  0.000000,  0.000000 }; mag = 0.000000
 297:	{  0.000000,  0.000000 }; mag = 0.000000
 298:	{  0.000000,  0.000000 }; mag = 0.000000
 299:	{  0.000000,  0.000000 }; mag = 0.000000
 300:	{  0.000000,  0.000000 }; mag = 0.000000
 301:	{  0.000000,  0.000000 }; mag = 0.000000
 302:	{  0.000000,  0.000000 }; mag = 0.000000
 303:	{  0.000000,  0.000000 }; mag = 0.000000
 304:	{  0.000000,  0.000000 }; mag = 0.000000
 305:	{  0.000000,  0.000000 }; mag = 0.000000
 306:	{  0.000000,  0.000000 }; mag = 0.000000
 307:	{  0.000000,  0.000000 }; mag = 0.000000
 308:	{  0.000000,  0.000000 }; mag = 0.000000
 309:	{  0.000000,  0.000000 }; mag = 0.000000
 310:	{  0.000000,  0.000000 }; mag = 0.000000
 311:	{  0.000000,  0.000000 }; mag = 0.000000
 312:	{  0.000000,  0.000000 }; mag = 0.000000
 313:	{  0.000000,  0.000000 }; mag = 0.000000
 314:	{  0.000000,  0.000000 }; mag = 0.000000
 315:	{  0.000000,  0.000000 }; mag = 0.000000
 316:	{  0.000000,  0.000000 }; mag = 0.000000
 317:	{  0.000000,  0.000000 }; mag = 0.000000
 318:	{  0.000000,  0.000000 }; mag = 0.000000
 319:	{  0.000000,  0.000000 }; mag = 0.000000
 320:	{  0.000000,  0.000000 }; mag = 0.000000
 321:	{  0.000000,  0.000000 }; mag = 0.000000
 322:	{  0.000000,  0.000000 }; mag = 0.000000
 323:	{  0.000000,  0.000000 }; mag = 0.000000
 324:	{  0.000000,  0.000000 }; mag = 0.000000
 325:	{  0.000000,  0.000000 }; mag = 0.000000
 326:	{  0.000000,  0.000000 }; mag = 0.000000
 327:	{  0.000000,  0.000000 }; mag = 0.000000
 328:	{  0.000000,  0.000000 }; mag = 0.000000
 329:	{  0.000000,  0.000000 }; mag = 0.000000
 330:	{  0.000000,  0.000000 }; mag = 0.000000
 331:	{  0.000000,  0.000000 }; mag = 0.000000
 332:	{  0.000000,  0.000000 }; mag = 0.000000
 333:	{  0.000000,  0.000000 }; mag = 0.000000
 334:	{  0.000000,  0.000000 }; mag = 0.000000
 335:	{  0.000000,  0.000000 }; mag = 0.000000
 336:	{  0.000000,  0.000000 }; mag = 0.000000
 337:	{  0.000000,  0.000000 }; mag = 0.000000
 338:	{  0.000000,  0.000000 }; mag = 0.000000
 339:	{  0.000000,  0.000000 }; mag = 0.000000
 340:	{  0.000000,  0.000000 }; mag = 0.000000
 341:	{  0.000000,  0.000000 }; mag = 0.000000
 342:	{  0.000000,  0.000000 }; mag = 0.000000
 343:	{  0.000000,  0.000000 }; mag = 0.000000
 344:	{  0.000000,  0.000000 }; mag = 0.000000
 345:	{  0.000000,  0.000000 }; mag = 0.000000
 346:	{  0.000000,  0.000000 }; mag = 0.000000
 347:	{  0.000000,  0.000000 }; mag = 0.000000
 348:	{  0.000000,  0.000000 }; mag = 0.000000
 349:	{  0.000000,  0.000000 }; mag = 0.000000
 350:	{  0.000000,  0.000000 }; mag = 0.000000
 351:	{  0.000000,  0.000000 }; mag = 0.000000
 352:	{  0.000000,  0.000000 }; mag = 0.000000
 353:	{  0.000000,  0.000000 }; mag = 0.000000
 354:	{  0.000000,  0.000000 }; mag = 0.000000
 355:	{  0.000000,  0.000000 }; mag = 0.000000
 356:	{  0.000000,  0.000000 }; mag = 0.000000
 357:	{  0.000000,  0.000000 }; mag = 0.000000
 358:	{  0.000000,  0.000000 }; mag = 0.000000
 359:	{  0.000000,  0.000000 }; mag = 0.000000
 360:	{  0.000000,  0.000000 }; mag = 0.000000
 361:	{  0.000000,  0.000000 }; mag = 0.000000
 362:	{  0.000000,  0.000000 }; mag = 0.000000
 363:	{  0.000000,  0.000000 }; mag = 0.000000
 364:	{  0.000000,  0.000000 }; mag = 0.000000
 365:	{  0.000000,  0.000000 }; mag = 0.000000
 366:	{  0.000000,  0.000000 }; mag = 0.000000
 367:	{  0.000000,  0.000000 }; mag = 0.000000
 368:	{  0.000000,  0.000000 }; mag = 0.000000
 369:	{  0.000000,  0.000000 }; mag = 0.000000
 370:	{  0.000000,  0.000000 }; mag = 0.000000
 371:	{  0.000000,  0.000000 }; mag = 0.000000
 372:	{  0.000000,  0.000000 }; mag = 0.000000
 373:	{  0.000000,  0.000000 }; mag = 0.000000
 374:	{  0.000000,  0.000000 }; mag = 0.000000
 375:	{  0.000000,  0.000000 }; mag = 0.000000
 376:	{  0.000000,  0.000000 }; mag = 0.000000
 377:	{  0.000000,  0.000000 }; mag = 0.000000
 378:	{  0.000000,  0.000000 }; mag = 0.000000
 379:	{  0.000000,  0.000000 }; mag = 0.000000
 380:	{  0.000000,  0.000000 }; mag = 0.000000
 381:	{  0.000000,  0.000000 }; mag = 0.000000
 382:	{  0.000000,  0.000000 }; mag = 0.000000
 383:	{  0.000000,  0.000000 }; mag = 0.000000
 384:	{  0.000000,  0.000000 }; mag = 0.000000
 385:	{  0.000000,  0.000000 }; mag = 0.000000
 386:	{  0.000000,  0.000000 }; mag = 0.000000
 387:	{  0.000000,  0.000000 }; mag = 0.000000
 388:	{  0.000000,  0.000000 }; mag = 0.000000
 389:	{  0.000000,  0.000000 }; mag = 0.000000
 390:	{  0.000000,  0.000000 }; mag = 0.000000
 391:	{  0.000000,  0.000000 }; mag = 0.000000
 392:	{  0.000000,  0.000000 }; mag = 0.000000
 393:	{  0.000000,  0.000000 }; mag = 0.000000
 394:	{  0.000000,  0.000000 }; mag = 0.000000
 395:	{  0.000000,  0.000000 }; mag = 0.000000
 396:	{  0.000000,  0.000000 }; mag = 0.000000
 397:	{  0.000000,  0.000000 }; mag = 0.000000
 398:	{  0.000000,  0.000000 }; mag = 0.000000
 399:	{  0.000000,  0.000000 }; mag = 0.000000
 400:	{  0.000000,  0.000000 }; mag = 0.000000
 401:	{  0.000000,  0.000000 }; mag = 0.000000
 402:	{  0.000000,  0.000000 }; mag = 0.000000
 403:	{  0.000000,  0.000000 }; mag = 0.000000
 404:	{  0.000000,  0.000000 }; mag = 0.000000
 405:	{  0.000000,  0.000000 }; mag = 0.000000
 406:	{  0.000000,  0.000000 }; mag = 0.000000
 407:	{  0.000000,  0.000000 }; mag = 0.000000
 408:	{  0.000000,  0.000000 }; mag = 0.000000
 409:	{  0.000000,  0.000000 }; mag = 0.000000
 410:	{  0.000000,  0.000000 }; mag = 0.000000
 411:	{ -0.000031, -0.000031 }; mag = 0.000043
 412:	{ -0.000031,  0.000000 }; mag = 0.000031
 413:	{  0.000000,  0.000000 }; mag = 0.000000
 414:	{  0.000000,  0.000000 }; mag = 0.000000
 415:	{  0.000000,  0.000000 }; mag = 0.000000
 416:	{  0.000000,  0.000000 }; mag = 0.000000
 417:	{  0.000000,  0.000000 }; mag = 0.000000
 418:	{  0.000000,  0.000000 }; mag = 0.000000
 419:	{  0.000000,  0.000000 }; mag = 0.000000
 420:	{  0.000000,  0.000000 }; mag = 0.000000
 421:	{  0.000000,  0.000000 }; mag = 0.000000
 422:	{  0.000000,  0.000000 }; mag = 0.000000
 423:	{  0.000000,  0.000000 }; mag = 0.000000
 424:	{  0.000000,  0.000000 }; mag = 0.000000
 425:	{  0.000000,  0.000000 }; mag = 0.000000
 426:	{  0.000000,  0.000000 }; mag = 0.000000
 427:	{  0.000000,  0.000000 }; mag = 0.000000
 428:	{  0.000000,  0.000000 }; mag = 0.000000
 429:	{  0.000000,  0.000000 }; mag = 0.000000
 430:	{  0.000000,  0.000000 }; mag = 0.000000
 431:	{  0.000000,  0.000000 }; mag = 0.000000
 432:	{  0.000000,  0.000000 }; mag = 0.000000
 433:	{  0.000000,  0.000000 }; mag = 0.000000
 434:	{  0.000000,  0.000000 }; mag = 0.000000
 435:	{  0.000000,  0.000000 }; mag = 0.000000
 436:	{  0.000000,  0.000000 }; mag = 0.000000
 437:	{  0.000000,  0.000000 }; mag = 0.000000
 438:	{  0.000000,  0.000000 }; mag = 0.000000
 439:	{  0.000000,  0.000000 }; mag = 0.000000
 440:	{  0.000000,  0.000000 }; mag = 0.000000
 441:	{  0.000000,  0.000000 }; mag = 0.000000
 442:	{  0.000000,  0.000000 }; mag = 0.000000
 443:	{  0.000000,  0.000000 }; mag = 0.000000
 444:	{  0.000000,  0.000000 }; mag = 0.000000
 445:	{  0.000000,  0.000000 }; mag = 0.000000
 446:	{  0.000000,  0.000000 }; mag = 0.000000
 447:	{  0.000000,  0.000000 }; mag = 0.000000
 448:	{  0.000000,  0.000000 }; mag = 0.000000
 449:	{  0.000000,  0.000000 }; mag = 0.000000
 450:	{  0.000000,  0.000000 }; mag = 0.000000
 451:	{  0.000000,  0.000000 }; mag = 0.000000
 452:	{  0.000000,  0.000000 }; mag = 0.000000
 453:	{  0.000000,  0.000000 }; mag = 0.000000
 454:	{  0.000000,  0.000000 }; mag = 0.000000
 455:	{  0.000000,  0.000000 }; mag = 0.000000
 456:	{  0.000000,  0.000000 }; mag = 0.000000
 457:	{  0.000000,  0.000000 }; mag = 0.000000
 458:	{  0.000000,  0.000000 }; mag = 0.000000
 459:	{  0.000000,  0.000000 }; mag = 0.000000
 460:	{  0.000000,  0.000000 }; mag = 0.000000
 461:	{  0.000000,  0.000000 }; mag = 0.000000
 462:	{  0.000000,  0.000000 }; mag = 0.000000
 463:	{  0.000000,  0.000000 }; mag = 0.000000
 464:	{  0.000000,  0.000000 }; mag = 0.000000
 465:	{  0.000000,  0.000000 }; mag = 0.000000
 466:	{  0.000000,  0.000000 }; mag = 0.000000
 467:	{  0.000000,  0.000000 }; mag = 0.000000
 468:	{  0.000000,  0.000000 }; mag = 0.000000
 469:	{  0.000000,  0.000000 }; mag = 0.000000
 470:	{  0.000000,  0.000000 }; mag = 0.000000
 471:	{  0.000000,  0.000000 }; mag = 0.000000
 472:	{  0.000000,  0.000000 }; mag = 0.000000
 473:	{  0.000000,  0.000000 }; mag = 0.000000
 474:	{  0.000000,  0.000000 }; mag = 0.000000
 475:	{  0.000000,  0.000000 }; mag = 0.000000
 476:	{ -0.000031,  0.000000 }; mag = 0.000031
 477:	{ -0.000031,  0.000031 }; mag = 0.000043
 478:	{ -0.000061, -0.000031 }; mag = 0.000068
 479:	{  0.000000,  0.000000 }; mag = 0.000000
 480:	{  0.000000,  0.000000 }; mag = 0.000000
 481:	{  0.000000,  0.000000 }; mag = 0.000000
 482:	{  0.000000,  0.000000 }; mag = 0.000000
 483:	{  0.000000,  0.000000 }; mag = 0.000000
 484:	{  0.000000,  0.000000 }; mag = 0.000000
 485:	{  0.000000,  0.000000 }; mag = 0.000000
 486:	{  0.000000,  0.000000 }; mag = 0.000000
 487:	{  0.000000,  0.000000 }; mag = 0.000000
 488:	{  0.000000,  0.000000 }; mag = 0.000000
 489:	{  0.000000,  0.000000 }; mag = 0.000000
 490:	{ -0.000031,  0.000000 }; mag = 0.000031
 491:	{  0.000000,  0.000031 }; mag = 0.000031
 492:	{  0.000000,  0.000031 }; mag = 0.000031
 493:	{  0.000000,  0.000000 }; mag = 0.000000
 494:	{  0.000000,  0.000000 }; mag = 0.000000
 495:	{  0.000000,  0.000000 }; mag = 0.000000
 496:	{ -0.044769,  0.000031 }; mag = 0.044769
 497:	{  0.105225,  0.000031 }; mag = 0.105225
 498:	{ -0.044800,  0.000031 }; mag = 0.044800
 499:	{  0.000000,  0.000000 }; mag = 0.000000
 500:	{  0.000000,  0.000000 }; mag = 0.000000
 501:	{  0.000000,  0.000000 }; mag = 0.000000
 502:	{  0.000000,  0.000000 }; mag = 0.000000
 503:	{  0.000000,  0.000000 }; mag = 0.000000
 504:	{  0.000000,  0.000000 }; mag = 0.000000
 505:	{  0.000000,  0.000000 }; mag = 0.000000
 506:	{ -0.000031,  0.000061 }; mag = 0.000068
 507:	{ -0.000031,  0.000061 }; mag = 0.000068
 508:	{ -0.000031,  0.000061 }; mag = 0.000068
 509:	{  0.000000,  0.000000 }; mag = 0.000000
 510:	{  0.000000,  0.000000 }; mag = 0.000000
 511:	{  0.000000,  0.000000 }; mag = 0.000000

*** TEST COMPLETE ***

Vivado Simulator 2015.3
Copyright 1986-1999, 2001-2015 Xilinx, Inc. All Rights Reserved.
Running: /opt/Xilinx/Vivado/2015.3/bin/unwrapped/lnx64.o/xelab xil_defaultlib.apatb_hls_real2xfft_top -prj hls_real2xfft.prj --lib ieee_proposed=./ieee_proposed -s hls_real2xfft -debug wave 
WARNING: [XSIM 43-3431] One or more environment variables have been detected which affect the operation of the C compiler. These are typically not set in standard installations and are not tested by Xilinx, however they may be appropriate for your system, so the flow will attempt to continue.  If errors occur, try running fuse with the "-mt off -v 1" switches to see more information from the C compiler. The following environment variables have been detected:
    C_INCLUDE_PATH
    LIBRARY_PATH
INFO: [VRFC 10-2263] Analyzing Verilog file "/home/ctnguyen/work/tut_vivadohls/Vivado_HLS_Tutorial/Using_IP_with_IPI/lab1/hls_designs/fe_vhls_prj/IPXACTExport/sim/verilog/hls_real2xfft_window_fn.v" into library xil_defaultlib
INFO: [VRFC 10-311] analyzing module hls_real2xfft_window_fn
INFO: [VRFC 10-2263] Analyzing Verilog file "/home/ctnguyen/work/tut_vivadohls/Vivado_HLS_Tutorial/Using_IP_with_IPI/lab1/hls_designs/fe_vhls_prj/IPXACTExport/sim/verilog/hls_real2xfft_mul_mul_16s_15ns_31_3.v" into library xil_defaultlib
INFO: [VRFC 10-311] analyzing module hls_real2xfft_mul_mul_16s_15ns_31_3_DSP48_0
INFO: [VRFC 10-311] analyzing module hls_real2xfft_mul_mul_16s_15ns_31_3
INFO: [VRFC 10-2263] Analyzing Verilog file "/home/ctnguyen/work/tut_vivadohls/Vivado_HLS_Tutorial/Using_IP_with_IPI/lab1/hls_designs/fe_vhls_prj/IPXACTExport/sim/verilog/FIFO_hls_real2xfft_data2window_1_channel.v" into library xil_defaultlib
INFO: [VRFC 10-311] analyzing module FIFO_hls_real2xfft_data2window_1_channel_shiftReg
INFO: [VRFC 10-311] analyzing module FIFO_hls_real2xfft_data2window_1_channel
INFO: [VRFC 10-2458] undeclared symbol shiftReg_ce, assumed default net type wire [/home/ctnguyen/work/tut_vivadohls/Vivado_HLS_Tutorial/Using_IP_with_IPI/lab1/hls_designs/fe_vhls_prj/IPXACTExport/sim/verilog/FIFO_hls_real2xfft_data2window_1_channel.v:111]
INFO: [VRFC 10-2263] Analyzing Verilog file "/home/ctnguyen/work/tut_vivadohls/Vivado_HLS_Tutorial/Using_IP_with_IPI/lab1/hls_designs/fe_vhls_prj/IPXACTExport/sim/verilog/FIFO_hls_real2xfft_data2window_0_channel.v" into library xil_defaultlib
INFO: [VRFC 10-311] analyzing module FIFO_hls_real2xfft_data2window_0_channel_shiftReg
INFO: [VRFC 10-311] analyzing module FIFO_hls_real2xfft_data2window_0_channel
INFO: [VRFC 10-2458] undeclared symbol shiftReg_ce, assumed default net type wire [/home/ctnguyen/work/tut_vivadohls/Vivado_HLS_Tutorial/Using_IP_with_IPI/lab1/hls_designs/fe_vhls_prj/IPXACTExport/sim/verilog/FIFO_hls_real2xfft_data2window_0_channel.v:111]
INFO: [VRFC 10-2263] Analyzing Verilog file "/home/ctnguyen/work/tut_vivadohls/Vivado_HLS_Tutorial/Using_IP_with_IPI/lab1/hls_designs/fe_vhls_prj/IPXACTExport/sim/verilog/FIFO_hls_real2xfft_windowed_1_channel.v" into library xil_defaultlib
INFO: [VRFC 10-311] analyzing module FIFO_hls_real2xfft_windowed_1_channel_shiftReg
INFO: [VRFC 10-311] analyzing module FIFO_hls_real2xfft_windowed_1_channel
INFO: [VRFC 10-2458] undeclared symbol shiftReg_ce, assumed default net type wire [/home/ctnguyen/work/tut_vivadohls/Vivado_HLS_Tutorial/Using_IP_with_IPI/lab1/hls_designs/fe_vhls_prj/IPXACTExport/sim/verilog/FIFO_hls_real2xfft_windowed_1_channel.v:111]
INFO: [VRFC 10-2263] Analyzing Verilog file "/home/ctnguyen/work/tut_vivadohls/Vivado_HLS_Tutorial/Using_IP_with_IPI/lab1/hls_designs/fe_vhls_prj/IPXACTExport/sim/verilog/hls_real2xfft.autotb.v" into library xil_defaultlib
INFO: [VRFC 10-311] analyzing module apatb_hls_real2xfft_top
INFO: [VRFC 10-2458] undeclared symbol ap_clk, assumed default net type wire [/home/ctnguyen/work/tut_vivadohls/Vivado_HLS_Tutorial/Using_IP_with_IPI/lab1/hls_designs/fe_vhls_prj/IPXACTExport/sim/verilog/hls_real2xfft.autotb.v:120]
INFO: [VRFC 10-2458] undeclared symbol ap_rst_n, assumed default net type wire [/home/ctnguyen/work/tut_vivadohls/Vivado_HLS_Tutorial/Using_IP_with_IPI/lab1/hls_designs/fe_vhls_prj/IPXACTExport/sim/verilog/hls_real2xfft.autotb.v:121]
INFO: [VRFC 10-2458] undeclared symbol ap_rst_n_n, assumed default net type wire [/home/ctnguyen/work/tut_vivadohls/Vivado_HLS_Tutorial/Using_IP_with_IPI/lab1/hls_designs/fe_vhls_prj/IPXACTExport/sim/verilog/hls_real2xfft.autotb.v:134]
INFO: [VRFC 10-2263] Analyzing Verilog file "/home/ctnguyen/work/tut_vivadohls/Vivado_HLS_Tutorial/Using_IP_with_IPI/lab1/hls_designs/fe_vhls_prj/IPXACTExport/sim/verilog/hls_real2xfft_Loop_sliding_win_output_proc.v" into library xil_defaultlib
INFO: [VRFC 10-311] analyzing module hls_real2xfft_Loop_sliding_win_output_proc
INFO: [VRFC 10-2263] Analyzing Verilog file "/home/ctnguyen/work/tut_vivadohls/Vivado_HLS_Tutorial/Using_IP_with_IPI/lab1/hls_designs/fe_vhls_prj/IPXACTExport/sim/verilog/AESL_fifo.v" into library xil_defaultlib
INFO: [VRFC 10-311] analyzing module fifo
INFO: [VRFC 10-2263] Analyzing Verilog file "/home/ctnguyen/work/tut_vivadohls/Vivado_HLS_Tutorial/Using_IP_with_IPI/lab1/hls_designs/fe_vhls_prj/IPXACTExport/sim/verilog/hls_real2xfft_Loop_real2xfft_output_proc.v" into library xil_defaultlib
INFO: [VRFC 10-311] analyzing module hls_real2xfft_Loop_real2xfft_output_proc
INFO: [VRFC 10-2263] Analyzing Verilog file "/home/ctnguyen/work/tut_vivadohls/Vivado_HLS_Tutorial/Using_IP_with_IPI/lab1/hls_designs/fe_vhls_prj/IPXACTExport/sim/verilog/hls_real2xfft_Loop_sliding_win_delay_proc.v" into library xil_defaultlib
INFO: [VRFC 10-311] analyzing module hls_real2xfft_Loop_sliding_win_delay_proc
INFO: [VRFC 10-2263] Analyzing Verilog file "/home/ctnguyen/work/tut_vivadohls/Vivado_HLS_Tutorial/Using_IP_with_IPI/lab1/hls_designs/fe_vhls_prj/IPXACTExport/sim/verilog/FIFO_hls_real2xfft_windowed_0_channel.v" into library xil_defaultlib
INFO: [VRFC 10-311] analyzing module FIFO_hls_real2xfft_windowed_0_channel_shiftReg
INFO: [VRFC 10-311] analyzing module FIFO_hls_real2xfft_windowed_0_channel
INFO: [VRFC 10-2458] undeclared symbol shiftReg_ce, assumed default net type wire [/home/ctnguyen/work/tut_vivadohls/Vivado_HLS_Tutorial/Using_IP_with_IPI/lab1/hls_designs/fe_vhls_prj/IPXACTExport/sim/verilog/FIFO_hls_real2xfft_windowed_0_channel.v:111]
INFO: [VRFC 10-2263] Analyzing Verilog file "/home/ctnguyen/work/tut_vivadohls/Vivado_HLS_Tutorial/Using_IP_with_IPI/lab1/hls_designs/fe_vhls_prj/IPXACTExport/sim/verilog/FIFO_hls_real2xfft_delayed_i_1_channel.v" into library xil_defaultlib
INFO: [VRFC 10-311] analyzing module FIFO_hls_real2xfft_delayed_i_1_channel
INFO: [VRFC 10-2263] Analyzing Verilog file "/home/ctnguyen/work/tut_vivadohls/Vivado_HLS_Tutorial/Using_IP_with_IPI/lab1/hls_designs/fe_vhls_prj/IPXACTExport/sim/verilog/AESL_axi_s_din_V_V.v" into library xil_defaultlib
INFO: [VRFC 10-311] analyzing module AESL_axi_s_din_V_V
INFO: [VRFC 10-2263] Analyzing Verilog file "/home/ctnguyen/work/tut_vivadohls/Vivado_HLS_Tutorial/Using_IP_with_IPI/lab1/hls_designs/fe_vhls_prj/IPXACTExport/sim/verilog/FIFO_hls_real2xfft_nodelay_i_0_channel.v" into library xil_defaultlib
INFO: [VRFC 10-311] analyzing module FIFO_hls_real2xfft_nodelay_i_0_channel
INFO: [VRFC 10-2263] Analyzing Verilog file "/home/ctnguyen/work/tut_vivadohls/Vivado_HLS_Tutorial/Using_IP_with_IPI/lab1/hls_designs/fe_vhls_prj/IPXACTExport/sim/verilog/FIFO_hls_real2xfft_nodelay_i_1_channel.v" into library xil_defaultlib
INFO: [VRFC 10-311] analyzing module FIFO_hls_real2xfft_nodelay_i_1_channel
INFO: [VRFC 10-2263] Analyzing Verilog file "/home/ctnguyen/work/tut_vivadohls/Vivado_HLS_Tutorial/Using_IP_with_IPI/lab1/hls_designs/fe_vhls_prj/IPXACTExport/sim/verilog/hls_real2xfft.v" into library xil_defaultlib
INFO: [VRFC 10-311] analyzing module hls_real2xfft
INFO: [VRFC 10-2263] Analyzing Verilog file "/home/ctnguyen/work/tut_vivadohls/Vivado_HLS_Tutorial/Using_IP_with_IPI/lab1/hls_designs/fe_vhls_prj/IPXACTExport/sim/verilog/AESL_axi_s_dout.v" into library xil_defaultlib
INFO: [VRFC 10-311] analyzing module AESL_axi_s_dout
INFO: [VRFC 10-2263] Analyzing Verilog file "/home/ctnguyen/work/tut_vivadohls/Vivado_HLS_Tutorial/Using_IP_with_IPI/lab1/hls_designs/fe_vhls_prj/IPXACTExport/sim/verilog/hls_real2xfft_window_fn_coeff_tab1_0.v" into library xil_defaultlib
INFO: [VRFC 10-311] analyzing module hls_real2xfft_window_fn_coeff_tab1_0_rom
INFO: [VRFC 10-311] analyzing module hls_real2xfft_window_fn_coeff_tab1_0
INFO: [VRFC 10-2263] Analyzing Verilog file "/home/ctnguyen/work/tut_vivadohls/Vivado_HLS_Tutorial/Using_IP_with_IPI/lab1/hls_designs/fe_vhls_prj/IPXACTExport/sim/verilog/FIFO_hls_real2xfft_delayed_i_0_channel.v" into library xil_defaultlib
INFO: [VRFC 10-311] analyzing module FIFO_hls_real2xfft_delayed_i_0_channel
INFO: [VRFC 10-2263] Analyzing Verilog file "/home/ctnguyen/work/tut_vivadohls/Vivado_HLS_Tutorial/Using_IP_with_IPI/lab1/hls_designs/fe_vhls_prj/IPXACTExport/sim/verilog/hls_real2xfft_Loop_sliding_win_delay_proc_delay_line_Array_V.v" into library xil_defaultlib
INFO: [VRFC 10-311] analyzing module hls_real2xfft_Loop_sliding_win_delay_proc_delay_line_Array_V_core
INFO: [VRFC 10-311] analyzing module hls_real2xfft_Loop_sliding_win_delay_proc_delay_line_Array_V
INFO: [VRFC 10-2263] Analyzing Verilog file "/home/ctnguyen/work/tut_vivadohls/Vivado_HLS_Tutorial/Using_IP_with_IPI/lab1/hls_designs/fe_vhls_prj/IPXACTExport/sim/verilog/hls_real2xfft_window_fn_coeff_tab1_1.v" into library xil_defaultlib
INFO: [VRFC 10-311] analyzing module hls_real2xfft_window_fn_coeff_tab1_1_rom
INFO: [VRFC 10-311] analyzing module hls_real2xfft_window_fn_coeff_tab1_1
Starting static elaboration
Completed static elaboration
Starting simulation data flow analysis
Completed simulation data flow analysis
Time Resolution for simulation is 1ps
Compiling module xil_defaultlib.hls_real2xfft_Loop_sliding_win_d...
Compiling module xil_defaultlib.hls_real2xfft_Loop_sliding_win_d...
Compiling module xil_defaultlib.hls_real2xfft_Loop_sliding_win_d...
Compiling module xil_defaultlib.hls_real2xfft_Loop_sliding_win_o...
Compiling module xil_defaultlib.hls_real2xfft_window_fn_coeff_ta...
Compiling module xil_defaultlib.hls_real2xfft_window_fn_coeff_ta...
Compiling module xil_defaultlib.hls_real2xfft_window_fn_coeff_ta...
Compiling module xil_defaultlib.hls_real2xfft_window_fn_coeff_ta...
Compiling module xil_defaultlib.hls_real2xfft_mul_mul_16s_15ns_3...
Compiling module xil_defaultlib.hls_real2xfft_mul_mul_16s_15ns_3...
Compiling module xil_defaultlib.hls_real2xfft_window_fn
Compiling module xil_defaultlib.hls_real2xfft_Loop_real2xfft_out...
Compiling module xil_defaultlib.FIFO_hls_real2xfft_delayed_i_0_c...
Compiling module xil_defaultlib.FIFO_hls_real2xfft_delayed_i_1_c...
Compiling module xil_defaultlib.FIFO_hls_real2xfft_nodelay_i_0_c...
Compiling module xil_defaultlib.FIFO_hls_real2xfft_nodelay_i_1_c...
Compiling module xil_defaultlib.FIFO_hls_real2xfft_data2window_1...
Compiling module xil_defaultlib.FIFO_hls_real2xfft_data2window_1...
Compiling module xil_defaultlib.FIFO_hls_real2xfft_data2window_0...
Compiling module xil_defaultlib.FIFO_hls_real2xfft_data2window_0...
Compiling module xil_defaultlib.FIFO_hls_real2xfft_windowed_0_ch...
Compiling module xil_defaultlib.FIFO_hls_real2xfft_windowed_0_ch...
Compiling module xil_defaultlib.FIFO_hls_real2xfft_windowed_1_ch...
Compiling module xil_defaultlib.FIFO_hls_real2xfft_windowed_1_ch...
Compiling module xil_defaultlib.hls_real2xfft
Compiling module xil_defaultlib.fifo(DEPTH=512,WIDTH=16)
Compiling module xil_defaultlib.AESL_axi_s_din_V_V
Compiling module xil_defaultlib.fifo(DEPTH=512,WIDTH=32)
Compiling module xil_defaultlib.fifo(DEPTH=512,WIDTH=1)
Compiling module xil_defaultlib.AESL_axi_s_dout
Compiling module xil_defaultlib.apatb_hls_real2xfft_top
Built simulation snapshot hls_real2xfft

****** Webtalk v2015.3 (64-bit)
  **** SW Build 1368829 on Mon Sep 28 20:06:39 MDT 2015
  **** IP Build 1367837 on Mon Sep 28 08:56:14 MDT 2015
    ** Copyright 1986-2015 Xilinx, Inc. All Rights Reserved.

source /home/ctnguyen/work/tut_vivadohls/Vivado_HLS_Tutorial/Using_IP_with_IPI/lab1/hls_designs/fe_vhls_prj/IPXACTExport/sim/verilog/xsim.dir/hls_real2xfft/webtalk/xsim_webtalk.tcl -notrace
INFO: [Common 17-206] Exiting Webtalk at Thu Jul  7 15:00:19 2016...

****** xsim v2015.3 (64-bit)
  **** SW Build 1368829 on Mon Sep 28 20:06:39 MDT 2015
  **** IP Build 1367837 on Mon Sep 28 08:56:14 MDT 2015
    ** Copyright 1986-2015 Xilinx, Inc. All Rights Reserved.

source xsim.dir/hls_real2xfft/xsim_script.tcl
# xsim {hls_real2xfft} -maxdeltaid 10000 -autoloadwcfg -tclbatch {hls_real2xfft.tcl}
Vivado Simulator 2015.3
Time resolution is 1 ps
source hls_real2xfft.tcl
## add_wave -r /
WARNING: Simulation object /apatb_hls_real2xfft_top/next_trigger_ready_cnt was not traceable in the design for the following reason:
Vivado Simulator does not yet support tracing of Verilog named events.
WARNING: Simulation object /apatb_hls_real2xfft_top/AESL_AXI_S_din_V_V/fifo_din_V_V_TDATA/write_event was not traceable in the design for the following reason:
Vivado Simulator does not yet support tracing of Verilog named events.
WARNING: Simulation object /apatb_hls_real2xfft_top/AESL_AXI_S_din_V_V/fifo_din_V_V_TDATA/read_event was not traceable in the design for the following reason:
Vivado Simulator does not yet support tracing of Verilog named events.
WARNING: Simulation object /apatb_hls_real2xfft_top/AESL_AXI_S_dout/fifo_dout_TDATA/write_event was not traceable in the design for the following reason:
Vivado Simulator does not yet support tracing of Verilog named events.
WARNING: Simulation object /apatb_hls_real2xfft_top/AESL_AXI_S_dout/fifo_dout_TDATA/read_event was not traceable in the design for the following reason:
Vivado Simulator does not yet support tracing of Verilog named events.
WARNING: Simulation object /apatb_hls_real2xfft_top/AESL_AXI_S_dout/fifo_dout_TLAST/write_event was not traceable in the design for the following reason:
Vivado Simulator does not yet support tracing of Verilog named events.
WARNING: Simulation object /apatb_hls_real2xfft_top/AESL_AXI_S_dout/fifo_dout_TLAST/read_event was not traceable in the design for the following reason:
Vivado Simulator does not yet support tracing of Verilog named events.
WARNING: Simulation object /apatb_hls_real2xfft_top/AESL_AXI_S_din_V_V/fifo_din_V_V_TDATA/write_event was not traceable in the design for the following reason:
Vivado Simulator does not yet support tracing of Verilog named events.
WARNING: Simulation object /apatb_hls_real2xfft_top/AESL_AXI_S_din_V_V/fifo_din_V_V_TDATA/read_event was not traceable in the design for the following reason:
Vivado Simulator does not yet support tracing of Verilog named events.
WARNING: Simulation object /apatb_hls_real2xfft_top/AESL_AXI_S_din_V_V/fifo_din_V_V_TDATA/write_event was not traceable in the design for the following reason:
Vivado Simulator does not yet support tracing of Verilog named events.
WARNING: Simulation object /apatb_hls_real2xfft_top/AESL_AXI_S_din_V_V/fifo_din_V_V_TDATA/read_event was not traceable in the design for the following reason:
Vivado Simulator does not yet support tracing of Verilog named events.
WARNING: Simulation object /apatb_hls_real2xfft_top/AESL_AXI_S_dout/fifo_dout_TDATA/write_event was not traceable in the design for the following reason:
Vivado Simulator does not yet support tracing of Verilog named events.
WARNING: Simulation object /apatb_hls_real2xfft_top/AESL_AXI_S_dout/fifo_dout_TDATA/read_event was not traceable in the design for the following reason:
Vivado Simulator does not yet support tracing of Verilog named events.
WARNING: Simulation object /apatb_hls_real2xfft_top/AESL_AXI_S_dout/fifo_dout_TLAST/write_event was not traceable in the design for the following reason:
Vivado Simulator does not yet support tracing of Verilog named events.
WARNING: Simulation object /apatb_hls_real2xfft_top/AESL_AXI_S_dout/fifo_dout_TLAST/read_event was not traceable in the design for the following reason:
Vivado Simulator does not yet support tracing of Verilog named events.
WARNING: Simulation object /apatb_hls_real2xfft_top/AESL_AXI_S_dout/fifo_dout_TDATA/write_event was not traceable in the design for the following reason:
Vivado Simulator does not yet support tracing of Verilog named events.
WARNING: Simulation object /apatb_hls_real2xfft_top/AESL_AXI_S_dout/fifo_dout_TDATA/read_event was not traceable in the design for the following reason:
Vivado Simulator does not yet support tracing of Verilog named events.
WARNING: Simulation object /apatb_hls_real2xfft_top/AESL_AXI_S_dout/fifo_dout_TLAST/write_event was not traceable in the design for the following reason:
Vivado Simulator does not yet support tracing of Verilog named events.
WARNING: Simulation object /apatb_hls_real2xfft_top/AESL_AXI_S_dout/fifo_dout_TLAST/read_event was not traceable in the design for the following reason:
Vivado Simulator does not yet support tracing of Verilog named events.
## save_wave_config hls_real2xfft.wcfg
## run all
$finish called at time : 17574 ns : File "/home/ctnguyen/work/tut_vivadohls/Vivado_HLS_Tutorial/Using_IP_with_IPI/lab1/hls_designs/fe_vhls_prj/IPXACTExport/sim/verilog/hls_real2xfft.autotb.v" Line 293
## quit
INFO: [Common 17-206] Exiting xsim at Thu Jul  7 15:00:24 2016...







   0:	{ -0.000061,  0.000000 }; mag = 0.000061
   1:	{  0.000000,  0.000000 }; mag = 0.000000
   2:	{  0.000000,  0.000000 }; mag = 0.000000
   3:	{  0.000000,  0.000000 }; mag = 0.000000
   4:	{ -0.050415,  0.000000 }; mag = 0.050415
   5:	{  0.118408,  0.000000 }; mag = 0.118408
   6:	{ -0.050415,  0.000000 }; mag = 0.050415
   7:	{  0.000000,  0.000000 }; mag = 0.000000
   8:	{  0.000000,  0.000000 }; mag = 0.000000
   9:	{  0.000000,  0.000000 }; mag = 0.000000
  10:	{  0.000000,  0.000000 }; mag = 0.000000
  11:	{  0.000000,  0.000000 }; mag = 0.000000
  12:	{  0.000000,  0.000000 }; mag = 0.000000
  13:	{  0.000000,  0.000000 }; mag = 0.000000
  14:	{ -0.000031, -0.000031 }; mag = 0.000043
  15:	{ -0.000031, -0.000031 }; mag = 0.000043
  16:	{  0.000000, -0.000031 }; mag = 0.000031
  17:	{  0.000000,  0.000000 }; mag = 0.000000
  18:	{  0.000000,  0.000000 }; mag = 0.000000
  19:	{  0.000000,  0.000000 }; mag = 0.000000
  20:	{  0.000000, -0.000031 }; mag = 0.000031
  21:	{  0.000000, -0.000031 }; mag = 0.000031
  22:	{  0.000000,  0.000000 }; mag = 0.000000
  23:	{  0.000000,  0.000000 }; mag = 0.000000
  24:	{  0.000000,  0.000000 }; mag = 0.000000
  25:	{  0.000000,  0.000000 }; mag = 0.000000
  26:	{  0.000000,  0.000000 }; mag = 0.000000
  27:	{  0.000000,  0.000000 }; mag = 0.000000
  28:	{  0.000000,  0.000000 }; mag = 0.000000
  29:	{  0.000000,  0.000000 }; mag = 0.000000
  30:	{  0.000000,  0.000000 }; mag = 0.000000
  31:	{  0.000000,  0.000000 }; mag = 0.000000
  32:	{  0.000000,  0.000000 }; mag = 0.000000
  33:	{  0.000000,  0.000000 }; mag = 0.000000
  34:	{ -0.044769, -0.000031 }; mag = 0.044769
  35:	{  0.105225, -0.000031 }; mag = 0.105225
  36:	{ -0.044800,  0.000000 }; mag = 0.044800
  37:	{  0.000000,  0.000000 }; mag = 0.000000
  38:	{  0.000000,  0.000000 }; mag = 0.000000
  39:	{  0.000000,  0.000000 }; mag = 0.000000
  40:	{  0.000000,  0.000000 }; mag = 0.000000
  41:	{  0.000000,  0.000000 }; mag = 0.000000
  42:	{  0.000000,  0.000000 }; mag = 0.000000
  43:	{  0.000000,  0.000000 }; mag = 0.000000
  44:	{  0.000000,  0.000000 }; mag = 0.000000
  45:	{  0.000000,  0.000000 }; mag = 0.000000
  46:	{  0.000000,  0.000000 }; mag = 0.000000
  47:	{  0.000000,  0.000000 }; mag = 0.000000
  48:	{  0.000000,  0.000000 }; mag = 0.000000
  49:	{  0.000000,  0.000000 }; mag = 0.000000
  50:	{  0.000000,  0.000000 }; mag = 0.000000
  51:	{  0.000000,  0.000000 }; mag = 0.000000
  52:	{  0.000000,  0.000000 }; mag = 0.000000
  53:	{  0.000000,  0.000000 }; mag = 0.000000
  54:	{  0.000000,  0.000000 }; mag = 0.000000
  55:	{  0.000000,  0.000000 }; mag = 0.000000
  56:	{  0.000000,  0.000000 }; mag = 0.000000
  57:	{  0.000000,  0.000000 }; mag = 0.000000
  58:	{  0.000000,  0.000000 }; mag = 0.000000
  59:	{  0.000000,  0.000000 }; mag = 0.000000
  60:	{  0.000000,  0.000000 }; mag = 0.000000
  61:	{  0.000000,  0.000000 }; mag = 0.000000
  62:	{  0.000000,  0.000000 }; mag = 0.000000
  63:	{  0.000000,  0.000000 }; mag = 0.000000
  64:	{  0.000000,  0.000000 }; mag = 0.000000
  65:	{  0.000000,  0.000000 }; mag = 0.000000
  66:	{  0.000000,  0.000000 }; mag = 0.000000
  67:	{  0.000000,  0.000000 }; mag = 0.000000
  68:	{  0.000000,  0.000000 }; mag = 0.000000
  69:	{  0.000000,  0.000000 }; mag = 0.000000
  70:	{  0.000000,  0.000000 }; mag = 0.000000
  71:	{  0.000000,  0.000000 }; mag = 0.000000
  72:	{  0.000000,  0.000000 }; mag = 0.000000
  73:	{  0.000000,  0.000000 }; mag = 0.000000
  74:	{  0.000000,  0.000000 }; mag = 0.000000
  75:	{  0.000000,  0.000000 }; mag = 0.000000
  76:	{  0.000000,  0.000000 }; mag = 0.000000
  77:	{  0.000000,  0.000000 }; mag = 0.000000
  78:	{  0.000000,  0.000000 }; mag = 0.000000
  79:	{  0.000000,  0.000000 }; mag = 0.000000
  80:	{  0.000000,  0.000000 }; mag = 0.000000
  81:	{  0.000000,  0.000000 }; mag = 0.000000
  82:	{  0.000000,  0.000000 }; mag = 0.000000
  83:	{  0.000000,  0.000000 }; mag = 0.000000
  84:	{  0.000000,  0.000000 }; mag = 0.000000
  85:	{  0.000000,  0.000000 }; mag = 0.000000
  86:	{  0.000000,  0.000000 }; mag = 0.000000
  87:	{  0.000000,  0.000000 }; mag = 0.000000
  88:	{  0.000000,  0.000000 }; mag = 0.000000
  89:	{  0.000000,  0.000000 }; mag = 0.000000
  90:	{  0.000000,  0.000000 }; mag = 0.000000
  91:	{  0.000000,  0.000000 }; mag = 0.000000
  92:	{  0.000000,  0.000000 }; mag = 0.000000
  93:	{  0.000000,  0.000000 }; mag = 0.000000
  94:	{  0.000000,  0.000000 }; mag = 0.000000
  95:	{  0.000000,  0.000000 }; mag = 0.000000
  96:	{  0.000000,  0.000000 }; mag = 0.000000
  97:	{  0.000000,  0.000000 }; mag = 0.000000
  98:	{  0.000000,  0.000000 }; mag = 0.000000
  99:	{ -0.033600,  0.000000 }; mag = 0.033600
 100:	{  0.078918,  0.000000 }; mag = 0.078918
 101:	{ -0.033569, -0.000031 }; mag = 0.033569
 102:	{  0.000000,  0.000000 }; mag = 0.000000
 103:	{  0.000000,  0.000000 }; mag = 0.000000
 104:	{  0.000000,  0.000000 }; mag = 0.000000
 105:	{  0.000000,  0.000000 }; mag = 0.000000
 106:	{  0.000000,  0.000000 }; mag = 0.000000
 107:	{  0.000000,  0.000000 }; mag = 0.000000
 108:	{  0.000000,  0.000000 }; mag = 0.000000
 109:	{  0.000000,  0.000000 }; mag = 0.000000
 110:	{  0.000000,  0.000000 }; mag = 0.000000
 111:	{  0.000000,  0.000000 }; mag = 0.000000
 112:	{  0.000000,  0.000000 }; mag = 0.000000
 113:	{  0.000000,  0.000000 }; mag = 0.000000
 114:	{  0.000000,  0.000000 }; mag = 0.000000
 115:	{  0.000000,  0.000000 }; mag = 0.000000
 116:	{  0.000000,  0.000000 }; mag = 0.000000
 117:	{  0.000000,  0.000000 }; mag = 0.000000
 118:	{  0.000000,  0.000000 }; mag = 0.000000
 119:	{  0.000000,  0.000000 }; mag = 0.000000
 120:	{  0.000000,  0.000000 }; mag = 0.000000
 121:	{  0.000000,  0.000000 }; mag = 0.000000
 122:	{  0.000000,  0.000000 }; mag = 0.000000
 123:	{  0.000000,  0.000000 }; mag = 0.000000
 124:	{  0.000000,  0.000000 }; mag = 0.000000
 125:	{  0.000000,  0.000000 }; mag = 0.000000
 126:	{  0.000000,  0.000000 }; mag = 0.000000
 127:	{  0.000000,  0.000000 }; mag = 0.000000
 128:	{  0.000000,  0.000000 }; mag = 0.000000
 129:	{  0.000000,  0.000000 }; mag = 0.000000
 130:	{  0.000000,  0.000000 }; mag = 0.000000
 131:	{  0.000000,  0.000000 }; mag = 0.000000
 132:	{  0.000000,  0.000000 }; mag = 0.000000
 133:	{  0.000000,  0.000000 }; mag = 0.000000
 134:	{  0.000000,  0.000000 }; mag = 0.000000
 135:	{  0.000000,  0.000000 }; mag = 0.000000
 136:	{  0.000000,  0.000000 }; mag = 0.000000
 137:	{  0.000000,  0.000000 }; mag = 0.000000
 138:	{  0.000000,  0.000000 }; mag = 0.000000
 139:	{  0.000000,  0.000000 }; mag = 0.000000
 140:	{  0.000000,  0.000000 }; mag = 0.000000
 141:	{  0.000000,  0.000000 }; mag = 0.000000
 142:	{  0.000000,  0.000000 }; mag = 0.000000
 143:	{  0.000000,  0.000000 }; mag = 0.000000
 144:	{  0.000000,  0.000000 }; mag = 0.000000
 145:	{  0.000000,  0.000000 }; mag = 0.000000
 146:	{  0.000000,  0.000000 }; mag = 0.000000
 147:	{  0.000000,  0.000000 }; mag = 0.000000
 148:	{  0.000000,  0.000000 }; mag = 0.000000
 149:	{  0.000000,  0.000000 }; mag = 0.000000
 150:	{  0.000000,  0.000000 }; mag = 0.000000
 151:	{  0.000000,  0.000000 }; mag = 0.000000
 152:	{  0.000000,  0.000000 }; mag = 0.000000
 153:	{  0.000000,  0.000000 }; mag = 0.000000
 154:	{  0.000000,  0.000000 }; mag = 0.000000
 155:	{  0.000000,  0.000000 }; mag = 0.000000
 156:	{  0.000000,  0.000000 }; mag = 0.000000
 157:	{  0.000000,  0.000000 }; mag = 0.000000
 158:	{  0.000000,  0.000000 }; mag = 0.000000
 159:	{  0.000000,  0.000000 }; mag = 0.000000
 160:	{  0.000000,  0.000000 }; mag = 0.000000
 161:	{  0.000000,  0.000000 }; mag = 0.000000
 162:	{  0.000000,  0.000000 }; mag = 0.000000
 163:	{  0.000000,  0.000000 }; mag = 0.000000
 164:	{  0.000000,  0.000000 }; mag = 0.000000
 165:	{  0.000000,  0.000000 }; mag = 0.000000
 166:	{  0.000000,  0.000000 }; mag = 0.000000
 167:	{  0.000000,  0.000000 }; mag = 0.000000
 168:	{  0.000000,  0.000000 }; mag = 0.000000
 169:	{  0.000000,  0.000000 }; mag = 0.000000
 170:	{  0.000000,  0.000000 }; mag = 0.000000
 171:	{  0.000000,  0.000000 }; mag = 0.000000
 172:	{  0.000000,  0.000000 }; mag = 0.000000
 173:	{  0.000000,  0.000000 }; mag = 0.000000
 174:	{  0.000000,  0.000000 }; mag = 0.000000
 175:	{  0.000000,  0.000000 }; mag = 0.000000
 176:	{  0.000000,  0.000000 }; mag = 0.000000
 177:	{  0.000000,  0.000000 }; mag = 0.000000
 178:	{  0.000000,  0.000000 }; mag = 0.000000
 179:	{  0.000000,  0.000000 }; mag = 0.000000
 180:	{  0.000000,  0.000000 }; mag = 0.000000
 181:	{  0.000000,  0.000000 }; mag = 0.000000
 182:	{  0.000000,  0.000000 }; mag = 0.000000
 183:	{  0.000000,  0.000000 }; mag = 0.000000
 184:	{  0.000000,  0.000000 }; mag = 0.000000
 185:	{  0.000000,  0.000000 }; mag = 0.000000
 186:	{  0.000000,  0.000000 }; mag = 0.000000
 187:	{  0.000000,  0.000000 }; mag = 0.000000
 188:	{  0.000000,  0.000000 }; mag = 0.000000
 189:	{  0.000000,  0.000000 }; mag = 0.000000
 190:	{  0.000000,  0.000000 }; mag = 0.000000
 191:	{  0.000000,  0.000000 }; mag = 0.000000
 192:	{  0.000000,  0.000000 }; mag = 0.000000
 193:	{  0.000000,  0.000000 }; mag = 0.000000
 194:	{  0.000000,  0.000000 }; mag = 0.000000
 195:	{  0.000000,  0.000000 }; mag = 0.000000
 196:	{  0.000000,  0.000000 }; mag = 0.000000
 197:	{  0.000000,  0.000000 }; mag = 0.000000
 198:	{  0.000000,  0.000000 }; mag = 0.000000
 199:	{  0.000000,  0.000000 }; mag = 0.000000
 200:	{  0.000000,  0.000000 }; mag = 0.000000
 201:	{  0.000000,  0.000000 }; mag = 0.000000
 202:	{  0.000000,  0.000000 }; mag = 0.000000
 203:	{  0.000000,  0.000000 }; mag = 0.000000
 204:	{  0.000000,  0.000000 }; mag = 0.000000
 205:	{  0.000000,  0.000000 }; mag = 0.000000
 206:	{  0.000000,  0.000000 }; mag = 0.000000
 207:	{  0.000000,  0.000000 }; mag = 0.000000
 208:	{  0.000000,  0.000000 }; mag = 0.000000
 209:	{  0.000000,  0.000000 }; mag = 0.000000
 210:	{  0.000000,  0.000000 }; mag = 0.000000
 211:	{  0.000000,  0.000000 }; mag = 0.000000
 212:	{  0.000000,  0.000000 }; mag = 0.000000
 213:	{  0.000000,  0.000000 }; mag = 0.000000
 214:	{  0.000000,  0.000000 }; mag = 0.000000
 215:	{  0.000000,  0.000000 }; mag = 0.000000
 216:	{  0.000000,  0.000000 }; mag = 0.000000
 217:	{  0.000000,  0.000000 }; mag = 0.000000
 218:	{  0.000000,  0.000000 }; mag = 0.000000
 219:	{  0.000000,  0.000000 }; mag = 0.000000
 220:	{  0.000000,  0.000000 }; mag = 0.000000
 221:	{  0.000000,  0.000000 }; mag = 0.000000
 222:	{  0.000000,  0.000000 }; mag = 0.000000
 223:	{  0.000000,  0.000000 }; mag = 0.000000
 224:	{  0.000000,  0.000000 }; mag = 0.000000
 225:	{  0.000000,  0.000000 }; mag = 0.000000
 226:	{  0.000000,  0.000000 }; mag = 0.000000
 227:	{  0.000000,  0.000000 }; mag = 0.000000
 228:	{  0.000000,  0.000000 }; mag = 0.000000
 229:	{  0.000000,  0.000000 }; mag = 0.000000
 230:	{  0.000000,  0.000000 }; mag = 0.000000
 231:	{  0.000000,  0.000000 }; mag = 0.000000
 232:	{  0.000000,  0.000000 }; mag = 0.000000
 233:	{  0.000000,  0.000000 }; mag = 0.000000
 234:	{ -0.056000, -0.000061 }; mag = 0.056000
 235:	{  0.131592,  0.000031 }; mag = 0.131592
 236:	{ -0.056000, -0.000031 }; mag = 0.056000
 237:	{  0.000000,  0.000000 }; mag = 0.000000
 238:	{  0.000000,  0.000000 }; mag = 0.000000
 239:	{  0.000000,  0.000000 }; mag = 0.000000
 240:	{  0.000000,  0.000000 }; mag = 0.000000
 241:	{  0.000000,  0.000000 }; mag = 0.000000
 242:	{  0.000000,  0.000000 }; mag = 0.000000
 243:	{  0.000000,  0.000000 }; mag = 0.000000
 244:	{  0.000000,  0.000000 }; mag = 0.000000
 245:	{  0.000000,  0.000000 }; mag = 0.000000
 246:	{  0.000000,  0.000000 }; mag = 0.000000
 247:	{  0.000000,  0.000000 }; mag = 0.000000
 248:	{  0.000000,  0.000000 }; mag = 0.000000
 249:	{  0.000000,  0.000000 }; mag = 0.000000
 250:	{  0.000000,  0.000000 }; mag = 0.000000
 251:	{  0.000000,  0.000000 }; mag = 0.000000
 252:	{  0.000000,  0.000000 }; mag = 0.000000
 253:	{  0.000000,  0.000000 }; mag = 0.000000
 254:	{  0.000000,  0.000000 }; mag = 0.000000
 255:	{  0.000000,  0.000000 }; mag = 0.000000
 256:	{  0.000000,  0.000000 }; mag = 0.000000
 257:	{  0.000000,  0.000000 }; mag = 0.000000
 258:	{  0.000000,  0.000000 }; mag = 0.000000
 259:	{  0.000000,  0.000000 }; mag = 0.000000
 260:	{  0.000000,  0.000000 }; mag = 0.000000
 261:	{  0.000000,  0.000000 }; mag = 0.000000
 262:	{  0.000000,  0.000000 }; mag = 0.000000
 263:	{  0.000000,  0.000000 }; mag = 0.000000
 264:	{  0.000000,  0.000000 }; mag = 0.000000
 265:	{  0.000000,  0.000000 }; mag = 0.000000
 266:	{  0.000000,  0.000000 }; mag = 0.000000
 267:	{  0.000000,  0.000000 }; mag = 0.000000
 268:	{  0.000000,  0.000000 }; mag = 0.000000
 269:	{  0.000000,  0.000000 }; mag = 0.000000
 270:	{  0.000000,  0.000000 }; mag = 0.000000
 271:	{  0.000000,  0.000000 }; mag = 0.000000
 272:	{  0.000000,  0.000000 }; mag = 0.000000
 273:	{  0.000000,  0.000000 }; mag = 0.000000
 274:	{  0.000000,  0.000000 }; mag = 0.000000
 275:	{  0.000000,  0.000000 }; mag = 0.000000
 276:	{  0.000000, -0.000031 }; mag = 0.000031
 277:	{ -0.000031,  0.000031 }; mag = 0.000043
 278:	{  0.000000, -0.000061 }; mag = 0.000061
 279:	{  0.000000,  0.000000 }; mag = 0.000000
 280:	{  0.000000,  0.000000 }; mag = 0.000000
 281:	{  0.000000,  0.000000 }; mag = 0.000000
 282:	{  0.000000,  0.000000 }; mag = 0.000000
 283:	{  0.000000,  0.000000 }; mag = 0.000000
 284:	{  0.000000,  0.000000 }; mag = 0.000000
 285:	{  0.000000,  0.000000 }; mag = 0.000000
 286:	{  0.000000,  0.000000 }; mag = 0.000000
 287:	{  0.000000,  0.000000 }; mag = 0.000000
 288:	{  0.000000,  0.000000 }; mag = 0.000000
 289:	{  0.000000,  0.000000 }; mag = 0.000000
 290:	{  0.000000,  0.000000 }; mag = 0.000000
 291:	{  0.000000,  0.000000 }; mag = 0.000000
 292:	{  0.000000,  0.000000 }; mag = 0.000000
 293:	{  0.000000,  0.000000 }; mag = 0.000000
 294:	{  0.000000,  0.000000 }; mag = 0.000000
 295:	{  0.000000,  0.000000 }; mag = 0.000000
 296:	{  0.000000,  0.000000 }; mag = 0.000000
 297:	{  0.000000,  0.000000 }; mag = 0.000000
 298:	{  0.000000,  0.000000 }; mag = 0.000000
 299:	{  0.000000,  0.000000 }; mag = 0.000000
 300:	{  0.000000,  0.000000 }; mag = 0.000000
 301:	{  0.000000,  0.000000 }; mag = 0.000000
 302:	{  0.000000,  0.000000 }; mag = 0.000000
 303:	{  0.000000,  0.000000 }; mag = 0.000000
 304:	{  0.000000,  0.000000 }; mag = 0.000000
 305:	{  0.000000,  0.000000 }; mag = 0.000000
 306:	{  0.000000,  0.000000 }; mag = 0.000000
 307:	{  0.000000,  0.000000 }; mag = 0.000000
 308:	{  0.000000,  0.000000 }; mag = 0.000000
 309:	{  0.000000,  0.000000 }; mag = 0.000000
 310:	{  0.000000,  0.000000 }; mag = 0.000000
 311:	{  0.000000,  0.000000 }; mag = 0.000000
 312:	{  0.000000,  0.000000 }; mag = 0.000000
 313:	{  0.000000,  0.000000 }; mag = 0.000000
 314:	{  0.000000,  0.000000 }; mag = 0.000000
 315:	{  0.000000,  0.000000 }; mag = 0.000000
 316:	{  0.000000,  0.000000 }; mag = 0.000000
 317:	{  0.000000,  0.000000 }; mag = 0.000000
 318:	{  0.000000,  0.000000 }; mag = 0.000000
 319:	{  0.000000,  0.000000 }; mag = 0.000000
 320:	{  0.000000,  0.000000 }; mag = 0.000000
 321:	{  0.000000,  0.000000 }; mag = 0.000000
 322:	{  0.000000,  0.000000 }; mag = 0.000000
 323:	{  0.000000,  0.000000 }; mag = 0.000000
 324:	{  0.000000,  0.000000 }; mag = 0.000000
 325:	{  0.000000,  0.000000 }; mag = 0.000000
 326:	{  0.000000,  0.000000 }; mag = 0.000000
 327:	{  0.000000,  0.000000 }; mag = 0.000000
 328:	{  0.000000,  0.000000 }; mag = 0.000000
 329:	{  0.000000,  0.000000 }; mag = 0.000000
 330:	{  0.000000,  0.000000 }; mag = 0.000000
 331:	{  0.000000,  0.000000 }; mag = 0.000000
 332:	{  0.000000,  0.000000 }; mag = 0.000000
 333:	{  0.000000,  0.000000 }; mag = 0.000000
 334:	{  0.000000,  0.000000 }; mag = 0.000000
 335:	{  0.000000,  0.000000 }; mag = 0.000000
 336:	{  0.000000,  0.000000 }; mag = 0.000000
 337:	{  0.000000,  0.000000 }; mag = 0.000000
 338:	{  0.000000,  0.000000 }; mag = 0.000000
 339:	{  0.000000,  0.000000 }; mag = 0.000000
 340:	{  0.000000,  0.000000 }; mag = 0.000000
 341:	{  0.000000,  0.000000 }; mag = 0.000000
 342:	{  0.000000,  0.000000 }; mag = 0.000000
 343:	{  0.000000,  0.000000 }; mag = 0.000000
 344:	{  0.000000,  0.000000 }; mag = 0.000000
 345:	{  0.000000,  0.000000 }; mag = 0.000000
 346:	{  0.000000,  0.000000 }; mag = 0.000000
 347:	{  0.000000,  0.000000 }; mag = 0.000000
 348:	{  0.000000,  0.000000 }; mag = 0.000000
 349:	{  0.000000,  0.000000 }; mag = 0.000000
 350:	{  0.000000,  0.000000 }; mag = 0.000000
 351:	{  0.000000,  0.000000 }; mag = 0.000000
 352:	{  0.000000,  0.000000 }; mag = 0.000000
 353:	{  0.000000,  0.000000 }; mag = 0.000000
 354:	{  0.000000,  0.000000 }; mag = 0.000000
 355:	{  0.000000,  0.000000 }; mag = 0.000000
 356:	{  0.000000,  0.000000 }; mag = 0.000000
 357:	{  0.000000,  0.000000 }; mag = 0.000000
 358:	{  0.000000,  0.000000 }; mag = 0.000000
 359:	{  0.000000,  0.000000 }; mag = 0.000000
 360:	{  0.000000,  0.000000 }; mag = 0.000000
 361:	{  0.000000,  0.000000 }; mag = 0.000000
 362:	{  0.000000,  0.000000 }; mag = 0.000000
 363:	{  0.000000,  0.000000 }; mag = 0.000000
 364:	{  0.000000,  0.000000 }; mag = 0.000000
 365:	{  0.000000,  0.000000 }; mag = 0.000000
 366:	{  0.000000,  0.000000 }; mag = 0.000000
 367:	{  0.000000,  0.000000 }; mag = 0.000000
 368:	{  0.000000,  0.000000 }; mag = 0.000000
 369:	{  0.000000,  0.000000 }; mag = 0.000000
 370:	{  0.000000,  0.000000 }; mag = 0.000000
 371:	{  0.000000,  0.000000 }; mag = 0.000000
 372:	{  0.000000,  0.000000 }; mag = 0.000000
 373:	{  0.000000,  0.000000 }; mag = 0.000000
 374:	{  0.000000,  0.000000 }; mag = 0.000000
 375:	{  0.000000,  0.000000 }; mag = 0.000000
 376:	{  0.000000,  0.000000 }; mag = 0.000000
 377:	{  0.000000,  0.000000 }; mag = 0.000000
 378:	{  0.000000,  0.000000 }; mag = 0.000000
 379:	{  0.000000,  0.000000 }; mag = 0.000000
 380:	{  0.000000,  0.000000 }; mag = 0.000000
 381:	{  0.000000,  0.000000 }; mag = 0.000000
 382:	{  0.000000,  0.000000 }; mag = 0.000000
 383:	{  0.000000,  0.000000 }; mag = 0.000000
 384:	{  0.000000,  0.000000 }; mag = 0.000000
 385:	{  0.000000,  0.000000 }; mag = 0.000000
 386:	{  0.000000,  0.000000 }; mag = 0.000000
 387:	{  0.000000,  0.000000 }; mag = 0.000000
 388:	{  0.000000,  0.000000 }; mag = 0.000000
 389:	{  0.000000,  0.000000 }; mag = 0.000000
 390:	{  0.000000,  0.000000 }; mag = 0.000000
 391:	{  0.000000,  0.000000 }; mag = 0.000000
 392:	{  0.000000,  0.000000 }; mag = 0.000000
 393:	{  0.000000,  0.000000 }; mag = 0.000000
 394:	{  0.000000,  0.000000 }; mag = 0.000000
 395:	{  0.000000,  0.000000 }; mag = 0.000000
 396:	{  0.000000,  0.000000 }; mag = 0.000000
 397:	{  0.000000,  0.000000 }; mag = 0.000000
 398:	{  0.000000,  0.000000 }; mag = 0.000000
 399:	{  0.000000,  0.000000 }; mag = 0.000000
 400:	{  0.000000,  0.000000 }; mag = 0.000000
 401:	{  0.000000,  0.000000 }; mag = 0.000000
 402:	{  0.000000,  0.000000 }; mag = 0.000000
 403:	{  0.000000,  0.000000 }; mag = 0.000000
 404:	{  0.000000,  0.000000 }; mag = 0.000000
 405:	{  0.000000,  0.000000 }; mag = 0.000000
 406:	{  0.000000,  0.000000 }; mag = 0.000000
 407:	{  0.000000,  0.000000 }; mag = 0.000000
 408:	{  0.000000,  0.000000 }; mag = 0.000000
 409:	{  0.000000,  0.000000 }; mag = 0.000000
 410:	{  0.000000,  0.000000 }; mag = 0.000000
 411:	{ -0.000031, -0.000031 }; mag = 0.000043
 412:	{ -0.000031,  0.000000 }; mag = 0.000031
 413:	{  0.000000,  0.000000 }; mag = 0.000000
 414:	{  0.000000,  0.000000 }; mag = 0.000000
 415:	{  0.000000,  0.000000 }; mag = 0.000000
 416:	{  0.000000,  0.000000 }; mag = 0.000000
 417:	{  0.000000,  0.000000 }; mag = 0.000000
 418:	{  0.000000,  0.000000 }; mag = 0.000000
 419:	{  0.000000,  0.000000 }; mag = 0.000000
 420:	{  0.000000,  0.000000 }; mag = 0.000000
 421:	{  0.000000,  0.000000 }; mag = 0.000000
 422:	{  0.000000,  0.000000 }; mag = 0.000000
 423:	{  0.000000,  0.000000 }; mag = 0.000000
 424:	{  0.000000,  0.000000 }; mag = 0.000000
 425:	{  0.000000,  0.000000 }; mag = 0.000000
 426:	{  0.000000,  0.000000 }; mag = 0.000000
 427:	{  0.000000,  0.000000 }; mag = 0.000000
 428:	{  0.000000,  0.000000 }; mag = 0.000000
 429:	{  0.000000,  0.000000 }; mag = 0.000000
 430:	{  0.000000,  0.000000 }; mag = 0.000000
 431:	{  0.000000,  0.000000 }; mag = 0.000000
 432:	{  0.000000,  0.000000 }; mag = 0.000000
 433:	{  0.000000,  0.000000 }; mag = 0.000000
 434:	{  0.000000,  0.000000 }; mag = 0.000000
 435:	{  0.000000,  0.000000 }; mag = 0.000000
 436:	{  0.000000,  0.000000 }; mag = 0.000000
 437:	{  0.000000,  0.000000 }; mag = 0.000000
 438:	{  0.000000,  0.000000 }; mag = 0.000000
 439:	{  0.000000,  0.000000 }; mag = 0.000000
 440:	{  0.000000,  0.000000 }; mag = 0.000000
 441:	{  0.000000,  0.000000 }; mag = 0.000000
 442:	{  0.000000,  0.000000 }; mag = 0.000000
 443:	{  0.000000,  0.000000 }; mag = 0.000000
 444:	{  0.000000,  0.000000 }; mag = 0.000000
 445:	{  0.000000,  0.000000 }; mag = 0.000000
 446:	{  0.000000,  0.000000 }; mag = 0.000000
 447:	{  0.000000,  0.000000 }; mag = 0.000000
 448:	{  0.000000,  0.000000 }; mag = 0.000000
 449:	{  0.000000,  0.000000 }; mag = 0.000000
 450:	{  0.000000,  0.000000 }; mag = 0.000000
 451:	{  0.000000,  0.000000 }; mag = 0.000000
 452:	{  0.000000,  0.000000 }; mag = 0.000000
 453:	{  0.000000,  0.000000 }; mag = 0.000000
 454:	{  0.000000,  0.000000 }; mag = 0.000000
 455:	{  0.000000,  0.000000 }; mag = 0.000000
 456:	{  0.000000,  0.000000 }; mag = 0.000000
 457:	{  0.000000,  0.000000 }; mag = 0.000000
 458:	{  0.000000,  0.000000 }; mag = 0.000000
 459:	{  0.000000,  0.000000 }; mag = 0.000000
 460:	{  0.000000,  0.000000 }; mag = 0.000000
 461:	{  0.000000,  0.000000 }; mag = 0.000000
 462:	{  0.000000,  0.000000 }; mag = 0.000000
 463:	{  0.000000,  0.000000 }; mag = 0.000000
 464:	{  0.000000,  0.000000 }; mag = 0.000000
 465:	{  0.000000,  0.000000 }; mag = 0.000000
 466:	{  0.000000,  0.000000 }; mag = 0.000000
 467:	{  0.000000,  0.000000 }; mag = 0.000000
 468:	{  0.000000,  0.000000 }; mag = 0.000000
 469:	{  0.000000,  0.000000 }; mag = 0.000000
 470:	{  0.000000,  0.000000 }; mag = 0.000000
 471:	{  0.000000,  0.000000 }; mag = 0.000000
 472:	{  0.000000,  0.000000 }; mag = 0.000000
 473:	{  0.000000,  0.000000 }; mag = 0.000000
 474:	{  0.000000,  0.000000 }; mag = 0.000000
 475:	{  0.000000,  0.000000 }; mag = 0.000000
 476:	{ -0.000031,  0.000000 }; mag = 0.000031
 477:	{ -0.000031,  0.000031 }; mag = 0.000043
 478:	{ -0.000061, -0.000031 }; mag = 0.000068
 479:	{  0.000000,  0.000000 }; mag = 0.000000
 480:	{  0.000000,  0.000000 }; mag = 0.000000
 481:	{  0.000000,  0.000000 }; mag = 0.000000
 482:	{  0.000000,  0.000000 }; mag = 0.000000
 483:	{  0.000000,  0.000000 }; mag = 0.000000
 484:	{  0.000000,  0.000000 }; mag = 0.000000
 485:	{  0.000000,  0.000000 }; mag = 0.000000
 486:	{  0.000000,  0.000000 }; mag = 0.000000
 487:	{  0.000000,  0.000000 }; mag = 0.000000
 488:	{  0.000000,  0.000000 }; mag = 0.000000
 489:	{  0.000000,  0.000000 }; mag = 0.000000
 490:	{ -0.000031,  0.000000 }; mag = 0.000031
 491:	{  0.000000,  0.000031 }; mag = 0.000031
 492:	{  0.000000,  0.000031 }; mag = 0.000031
 493:	{  0.000000,  0.000000 }; mag = 0.000000
 494:	{  0.000000,  0.000000 }; mag = 0.000000
 495:	{  0.000000,  0.000000 }; mag = 0.000000
 496:	{ -0.044769,  0.000031 }; mag = 0.044769
 497:	{  0.105225,  0.000031 }; mag = 0.105225
 498:	{ -0.044800,  0.000031 }; mag = 0.044800
 499:	{  0.000000,  0.000000 }; mag = 0.000000
 500:	{  0.000000,  0.000000 }; mag = 0.000000
 501:	{  0.000000,  0.000000 }; mag = 0.000000
 502:	{  0.000000,  0.000000 }; mag = 0.000000
 503:	{  0.000000,  0.000000 }; mag = 0.000000
 504:	{  0.000000,  0.000000 }; mag = 0.000000
 505:	{  0.000000,  0.000000 }; mag = 0.000000
 506:	{ -0.000031,  0.000061 }; mag = 0.000068
 507:	{ -0.000031,  0.000061 }; mag = 0.000068
 508:	{ -0.000031,  0.000061 }; mag = 0.000068
 509:	{  0.000000,  0.000000 }; mag = 0.000000
 510:	{  0.000000,  0.000000 }; mag = 0.000000
 511:	{  0.000000,  0.000000 }; mag = 0.000000

*** TEST COMPLETE ***

@I [SIM-1000] *** C/RTL co-simulation finished: PASS ***
