#-----------------------------------------------------------
# Vivado v2015.3 (64-bit)
# SW Build 1368829 on Mon Sep 28 20:06:39 MDT 2015
# IP Build 1367837 on Mon Sep 28 08:56:14 MDT 2015
# Start of session at: Thu Jul  7 13:33:03 2016
# Process ID: 20249
# Current directory: /home/ctnguyen/work/tut_vivadohls/Vivado_HLS_Tutorial/RTL_Verification/lab2/duc_prj/solution1/sim/vhdl
# Command line: vivado
# Log file: /home/ctnguyen/work/tut_vivadohls/Vivado_HLS_Tutorial/RTL_Verification/lab2/duc_prj/solution1/sim/vhdl/vivado.log
# Journal file: /home/ctnguyen/work/tut_vivadohls/Vivado_HLS_Tutorial/RTL_Verification/lab2/duc_prj/solution1/sim/vhdl/vivado.jou
#-----------------------------------------------------------
start_gui
current_fileset
INFO: [IP_Flow 19-234] Refreshing IP repositories
INFO: [IP_Flow 19-1704] No user IP repositories specified
INFO: [IP_Flow 19-2313] Loaded Vivado IP repository '/opt/Xilinx/Vivado/2015.3/data/ip'.
sources_1
pwd
/home/ctnguyen/work/tut_vivadohls/Vivado_HLS_Tutorial/RTL_Verification/lab2/duc_prj/solution1/sim/vhdl
open_waveform_database duc.wdb
invalid command name "open_waveform_database"
open_wave_database duc.wdb
open_wave_config /home/ctnguyen/work/tut_vivadohls/Vivado_HLS_Tutorial/RTL_Verification/lab2/duc_prj/solution1/sim/vhdl/duc.wcfg
open_wave_database: Time (s): cpu = 00:00:07 ; elapsed = 00:00:06 . Memory (MB): peak = 6005.508 ; gain = 139.742 ; free physical = 3814 ; free virtual = 36693
create_wave_config; add_wave /; set_property needs_save false [current_wave_config]
close_sim
INFO: [Simtcl 6-16] Simulation closed
exit
INFO: [Common 17-206] Exiting Vivado at Thu Jul  7 13:38:12 2016...
