#-----------------------------------------------------------
# Vivado v2015.3 (64-bit)
# SW Build 1368829 on Mon Sep 28 20:06:39 MDT 2015
# IP Build 1367837 on Mon Sep 28 08:56:14 MDT 2015
# Start of session at: Thu Jul  7 13:15:40 2016
# Process ID: 16137
# Current directory: /home/ctnguyen/work/tut_vivadohls/Vivado_HLS_Tutorial/RTL_Verification/lab2/duc_prj/solution1/sim/vhdl
# Command line: vivado duc.wdb
# Log file: /home/ctnguyen/work/tut_vivadohls/Vivado_HLS_Tutorial/RTL_Verification/lab2/duc_prj/solution1/sim/vhdl/vivado.log
# Journal file: /home/ctnguyen/work/tut_vivadohls/Vivado_HLS_Tutorial/RTL_Verification/lab2/duc_prj/solution1/sim/vhdl/vivado.jou
#-----------------------------------------------------------
start_gui
ls
WARNING: [Common 17-259] Unknown Tcl command 'ls' sending command to the OS shell for execution.
AESL_sim_pkg.vhd
check_sim.tcl
duc_ama_addmuladd_18s_18s_16s_32s_32_3.vhd
duc_ama_submuladd_18s_18s_16s_32s_32_3.vhd
duc_am_submul_16s_16s_18s_32_4.vhd
duc.autotb.vhd
duc_c_1.vhd
duc_c.vhd
duc_imf2_c_2.vhd
duc_imf2_shift_reg_p_2.vhd
duc_imf2.vhd
duc_imf3_c_3_0.vhd
duc_imf3_c_3_1.vhd
duc_imf3_shift_reg_p0.vhd
duc_imf3.vhd
duc_mac_muladd_18s_18s_38ns_38_4.vhd
duc_mixer_dds_table.vhd
duc_mixer_DI_cache.vhd
duc_mixer.vhd
duc.performance.result.transaction.xml
duc.prj
duc.result.lat.rb
duc_shift_reg_p_1.vhd
duc_shift_reg_p.vhd
duc.tcl
duc.vhd
duc.wcfg
duc.wdb
hs_err_pid10214.log
run_sim.tcl
run_xsim.sh
sim.sh
vivado_10214.backup.jou
vivado_10214.backup.log
vivado_10847.backup.jou
vivado_10847.backup.log
vivado.jou
vivado.log
vivado_pid10214.str
vivado_pid16137.str
webtalk_9633.backup.jou
webtalk_9633.backup.log
webtalk.jou
webtalk.log
xelab.log
xelab.pb
xsim.dir
xsim.jou
xsim.log
xvhdl.log
xvhdl.pb
duc.wdb
invalid command name "duc.wdb"
open duc.wdb
file95
ls
WARNING: [Common 17-259] Unknown Tcl command 'ls' sending command to the OS shell for execution.
AESL_sim_pkg.vhd
check_sim.tcl
duc_ama_addmuladd_18s_18s_16s_32s_32_3.vhd
duc_ama_submuladd_18s_18s_16s_32s_32_3.vhd
duc_am_submul_16s_16s_18s_32_4.vhd
duc.autotb.vhd
duc_c_1.vhd
duc_c.vhd
duc_imf2_c_2.vhd
duc_imf2_shift_reg_p_2.vhd
duc_imf2.vhd
duc_imf3_c_3_0.vhd
duc_imf3_c_3_1.vhd
duc_imf3_shift_reg_p0.vhd
duc_imf3.vhd
duc_mac_muladd_18s_18s_38ns_38_4.vhd
duc_mixer_dds_table.vhd
duc_mixer_DI_cache.vhd
duc_mixer.vhd
duc.performance.result.transaction.xml
duc.prj
duc.result.lat.rb
duc_shift_reg_p_1.vhd
duc_shift_reg_p.vhd
duc.tcl
duc.vhd
duc.wcfg
duc.wdb
hs_err_pid10214.log
run_sim.tcl
run_xsim.sh
sim.sh
vivado_10214.backup.jou
vivado_10214.backup.log
vivado_10847.backup.jou
vivado_10847.backup.log
vivado.jou
vivado.log
vivado_pid10214.str
vivado_pid16137.str
webtalk_9633.backup.jou
webtalk_9633.backup.log
webtalk.jou
webtalk.log
xelab.log
xelab.pb
xsim.dir
xsim.jou
xsim.log
xvhdl.log
xvhdl.pb
exit
INFO: [Common 17-206] Exiting Vivado at Thu Jul  7 13:22:26 2016...
