@I [HLS-0] Workspace /home/ctnguyen/work/tut_vivadohls/Vivado_HLS_Tutorial/Interface_Synthesis/lab1/adders_prj/solution1 opened at Wed Jun 29 00:03:12 CEST 2016
@I [HLS-100] Command "config_clock -quiet -name default -period 1 -default=false "
@I [SYN-201] Setting up clock 'default' with a period of 1ns.
@I [HLS-100] Command 'config_clock' returned 0; elapsed 0Total elapsed time: 0.505 sec.
@I [HLS-100] Command "open_platform DefaultPlatform "
@I [HLS-100] Command 'open_platform' returned 0; elapsed 0Total elapsed time: 0.506 sec.
@I [HLS-100] Command "import_lib /opt/Xilinx/Vivado_HLS/2015.3/common/technology/xilinx/kintex7/kintex7 "
@I [HLS-100] Command "source /opt/Xilinx/Vivado_HLS/2015.3/common/technology/xilinx/common/xilinx.lib "
@I [HLS-100] Command "source /opt/Xilinx/Vivado_HLS/2015.3/common/technology/xilinx/interface/xilinx_interface.lib "
@I [HLS-100] Command "source /opt/Xilinx/Vivado_HLS/2015.3/common/technology/xilinx/interface/plb46.lib "
@I [HLS-100] Command 'ap_source' returned 0; elapsed 0.01Total elapsed time: 0.507 sec.
@I [HLS-100] Command "source /opt/Xilinx/Vivado_HLS/2015.3/common/technology/xilinx/interface/fsl.lib "
@I [HLS-100] Command 'ap_source' returned 0; elapsed 0Total elapsed time: 0.508 sec.
@I [HLS-100] Command "source /opt/Xilinx/Vivado_HLS/2015.3/common/technology/xilinx/interface/axi4.lib "
@I [HLS-100] Command 'ap_source' returned 0; elapsed 0Total elapsed time: 0.508 sec.
@I [HLS-100] Command "source /opt/Xilinx/Vivado_HLS/2015.3/common/technology/xilinx/interface/maxi.lib "
@I [HLS-100] Command 'ap_source' returned 0; elapsed 0Total elapsed time: 0.508 sec.
@I [HLS-100] Command "source /opt/Xilinx/Vivado_HLS/2015.3/common/technology/xilinx/interface/saxilite.lib "
@I [HLS-100] Command 'ap_source' returned 0; elapsed 0Total elapsed time: 0.508 sec.
@I [HLS-100] Command 'ap_source' returned 0; elapsed 0.01Total elapsed time: 0.508 sec.
@I [HLS-100] Command "source /opt/Xilinx/Vivado_HLS/2015.3/common/technology/xilinx/common/dsp48.lib "
@I [HLS-100] Command 'ap_source' returned 0; elapsed 0Total elapsed time: 0.509 sec.
@I [HLS-100] Command "source /opt/Xilinx/Vivado_HLS/2015.3/common/technology/xilinx/ip/dds_compiler.lib "
@I [HLS-100] Command 'ap_source' returned 0; elapsed 0Total elapsed time: 0.509 sec.
@I [HLS-100] Command "source /opt/Xilinx/Vivado_HLS/2015.3/common/technology/xilinx/ip/xfft.lib "
@I [HLS-100] Command 'ap_source' returned 0; elapsed 0Total elapsed time: 0.509 sec.
@I [HLS-100] Command "source /opt/Xilinx/Vivado_HLS/2015.3/common/technology/xilinx/ip/xfir.lib "
@I [HLS-100] Command 'ap_source' returned 0; elapsed 0Total elapsed time: 0.509 sec.
@I [HLS-100] Command 'ap_source' returned 0; elapsed 0.01Total elapsed time: 0.523 sec.
@I [HLS-100] Command "source /opt/Xilinx/Vivado_HLS/2015.3/common/technology/xilinx/common/xilinx_old.lib "
@I [HLS-100] Command 'ap_source' returned 0; elapsed 0Total elapsed time: 0.527 sec.
@I [HLS-100] Command "source /opt/Xilinx/Vivado_HLS/2015.3/common/technology/xilinx/common/xilinx_vivado.lib "
@I [HLS-100] Command 'ap_source' returned 0; elapsed 0Total elapsed time: 0.528 sec.
@I [HLS-100] Command "source /opt/Xilinx/Vivado_HLS/2015.3/common/technology/xilinx/common/xilinx.hlp "
@I [HLS-100] Command "source /opt/Xilinx/Vivado_HLS/2015.3/common/technology/xilinx/common/target_info.tcl "
@I [HLS-100] Command 'ap_source' returned 0; elapsed 0Total elapsed time: 0.540 sec.
@I [HLS-100] Command "source /opt/Xilinx/Vivado_HLS/2015.3/common/technology/xilinx/interface/xilinx_interface.hlp "
@I [HLS-100] Command "source /opt/Xilinx/Vivado_HLS/2015.3/common/technology/xilinx/interface/maxi.hlp "
@I [HLS-100] Command 'ap_source' returned 0; elapsed 0Total elapsed time: 0.540 sec.
@I [HLS-100] Command "source /opt/Xilinx/Vivado_HLS/2015.3/common/technology/xilinx/interface/saxilite.hlp "
@I [HLS-100] Command 'ap_source' returned 0; elapsed 0Total elapsed time: 0.540 sec.
@I [HLS-100] Command 'ap_source' returned 0; elapsed 0Total elapsed time: 0.540 sec.
@I [HLS-100] Command "source /opt/Xilinx/Vivado_HLS/2015.3/common/technology/xilinx/common/dsp48.hlp "
@I [HLS-100] Command 'ap_source' returned 0; elapsed 0Total elapsed time: 0.544 sec.
@I [HLS-100] Command 'ap_source' returned 0; elapsed 0Total elapsed time: 0.545 sec.
@I [HLS-100] Command "source /opt/Xilinx/Vivado_HLS/2015.3/common/technology/xilinx/kintex7/dsp48e1.hlp "
@I [HLS-100] Command 'ap_source' returned 0; elapsed 0Total elapsed time: 0.545 sec.
@I [HLS-100] Command "get_default_platform "
@I [HLS-100] Command 'get_default_platform' returned 0; elapsed 0Total elapsed time: 0.545 sec.
@I [HLS-100] Command "config_chip_info -quiet -resource  {SLICE 50950} {LUT 203800}    {FF 407600} {DSP48E 840}    {BRAM 890}  "
@I [HLS-100] Command 'config_chip_info' returned 0; elapsed 0Total elapsed time: 0.545 sec.
@I [HLS-100] Command "config_chip_info -quiet -speed medium "
@I [HLS-100] Command 'config_chip_info' returned 0; elapsed 0Total elapsed time: 0.547 sec.
@I [HLS-100] Command 'import_lib' returned 0; elapsed 0.02Total elapsed time: 0.549 sec.
@I [HLS-100] Command "source /opt/Xilinx/Vivado_HLS/2015.3/common/technology/xilinx/kintex7/kintex7.gen "
@I [HLS-100] Command "source /opt/Xilinx/Vivado_HLS/2015.3/common/technology/xilinx/common/virtex.gen "
@I [HLS-100] Command "source /opt/Xilinx/Vivado_HLS/2015.3/common/technology/xilinx/common/xilinx.gen "
@I [HLS-100] Command "source /opt/Xilinx/Vivado_HLS/2015.3/common/technology/xilinx/interface/plb46.gen "
@I [HLS-100] Command 'ap_source' returned 0; elapsed 0Total elapsed time: 0.553 sec.
@I [HLS-100] Command "source /opt/Xilinx/Vivado_HLS/2015.3/common/technology/xilinx/interface/fsl.gen "
@I [HLS-100] Command 'ap_source' returned 0; elapsed 0Total elapsed time: 0.554 sec.
@I [HLS-100] Command "source /opt/Xilinx/Vivado_HLS/2015.3/common/technology/xilinx/interface/axi4.gen "
@I [HLS-100] Command 'ap_source' returned 0; elapsed 0.01Total elapsed time: 0.558 sec.
@I [HLS-100] Command "source /opt/Xilinx/Vivado_HLS/2015.3/common/technology/xilinx/interface/nativeAXI4.gen "
@I [HLS-100] Command "source /opt/Xilinx/Vivado_HLS/2015.3/common/technology/xilinx/interface/saxilite.gen "
@I [HLS-100] Command 'ap_source' returned 0; elapsed 0Total elapsed time: 0.562 sec.
@I [HLS-100] Command "source /opt/Xilinx/Vivado_HLS/2015.3/common/technology/xilinx/interface/maxi.gen "
@I [HLS-100] Command 'ap_source' returned 0; elapsed 0.01Total elapsed time: 0.570 sec.
@I [HLS-100] Command 'ap_source' returned 0; elapsed 0.01Total elapsed time: 0.570 sec.
@I [HLS-100] Command "source /opt/Xilinx/Vivado_HLS/2015.3/common/technology/xilinx/scripts/xilinxcoregen.gen "
@I [HLS-100] Command 'ap_source' returned 0; elapsed 0Total elapsed time: 0.580 sec.
@I [HLS-100] Command "source /opt/Xilinx/Vivado_HLS/2015.3/common/technology/xilinx/interface/XilEDKCoreGen.gen "
@I [HLS-100] Command 'ap_source' returned 0; elapsed 0.01Total elapsed time: 0.595 sec.
@I [HLS-100] Command "source /opt/Xilinx/Vivado_HLS/2015.3/common/technology/xilinx/ip/xfft.gen "
@I [HLS-100] Command 'ap_source' returned 0; elapsed 0.13Total elapsed time: 0.740 sec.
@I [HLS-100] Command "source /opt/Xilinx/Vivado_HLS/2015.3/common/technology/xilinx/ip/xfir.gen "
@I [HLS-100] Command "source /opt/Xilinx/Vivado_HLS/2015.3/tps/tcl/tcllib1.11.1/struct/list.tcl "
@I [HLS-100] Command "source /opt/Xilinx/Vivado_HLS/2015.3/tps/tcl/tcllib1.11.1/cmdline/cmdline.tcl "
@I [HLS-100] Command 'ap_source' returned 0; elapsed 0Total elapsed time: 0.758 sec.
@I [HLS-100] Command 'ap_source' returned 0; elapsed 0.01Total elapsed time: 0.758 sec.
@I [HLS-100] Command "source /opt/Xilinx/Vivado_HLS/2015.3/tps/tcl/tcllib1.11.1/math/bignum.tcl "
@I [HLS-100] Command 'ap_source' returned 0; elapsed 0Total elapsed time: 0.771 sec.
@I [HLS-100] Command 'ap_source' returned 0; elapsed 0.04Total elapsed time: 0.780 sec.
@I [HLS-100] Command "source /opt/Xilinx/Vivado_HLS/2015.3/common/technology/xilinx/ip/dds_compiler.gen "
@I [HLS-100] Command 'ap_source' returned 0; elapsed 0Total elapsed time: 0.783 sec.
@I [HLS-100] Command "source /opt/Xilinx/Vivado_HLS/2015.3/common/technology/xilinx/ip/util.gen "
@I [HLS-100] Command 'ap_source' returned 0; elapsed 0Total elapsed time: 0.784 sec.
@I [HLS-100] Command 'ap_source' returned 0; elapsed 0.21Total elapsed time: 0.784 sec.
@I [HLS-100] Command "source /opt/Xilinx/Vivado_HLS/2015.3/common/technology/xilinx/common/dsp48.gen "
@I [HLS-100] Command 'ap_source' returned 0; elapsed 0Total elapsed time: 0.786 sec.
@I [HLS-100] Command 'ap_source' returned 0; elapsed 0.21Total elapsed time: 0.786 sec.
@I [HLS-100] Command 'ap_source' returned 0; elapsed 0.21Total elapsed time: 0.786 sec.
@I [HLS-100] Command "open_platform DefaultPlatform "
@I [HLS-100] Command 'open_platform' returned 0; elapsed 0Total elapsed time: 0.786 sec.
@I [HLS-100] Command "import_lib /opt/Xilinx/Vivado_HLS/2015.3/common/technology/xilinx/kintex7/kintex7_fpv6 "
@I [HLS-100] Command "source /opt/Xilinx/Vivado_HLS/2015.3/common/technology/xilinx/common/xilinx_fpv7.lib "
@I [HLS-100] Command "source /opt/Xilinx/Vivado_HLS/2015.3/common/technology/xilinx/common/xilinx_hp.lib "
@I [HLS-100] Command 'ap_source' returned 0; elapsed 0Total elapsed time: 0.788 sec.
@I [HLS-100] Command 'ap_source' returned 0; elapsed 0.01Total elapsed time: 0.791 sec.
@I [HLS-100] Command "source /opt/Xilinx/Vivado_HLS/2015.3/common/technology/xilinx/common/xilinx_fpv.hlp "
@I [HLS-100] Command "source /opt/Xilinx/Vivado_HLS/2015.3/common/technology/xilinx/common/xilinx.hlp "
@I [HLS-100] Command "source /opt/Xilinx/Vivado_HLS/2015.3/common/technology/xilinx/common/target_info.tcl "
@I [HLS-100] Command 'ap_source' returned 0; elapsed 0Total elapsed time: 0.798 sec.
@I [HLS-100] Command "source /opt/Xilinx/Vivado_HLS/2015.3/common/technology/xilinx/interface/xilinx_interface.hlp "
@I [HLS-100] Command "source /opt/Xilinx/Vivado_HLS/2015.3/common/technology/xilinx/interface/maxi.hlp "
@I [HLS-100] Command 'ap_source' returned 0; elapsed 0Total elapsed time: 0.798 sec.
@I [HLS-100] Command "source /opt/Xilinx/Vivado_HLS/2015.3/common/technology/xilinx/interface/saxilite.hlp "
@I [HLS-100] Command 'ap_source' returned 0; elapsed 0Total elapsed time: 0.799 sec.
@I [HLS-100] Command 'ap_source' returned 0; elapsed 0Total elapsed time: 0.799 sec.
@I [HLS-100] Command "source /opt/Xilinx/Vivado_HLS/2015.3/common/technology/xilinx/common/dsp48.hlp "
@I [HLS-100] Command 'ap_source' returned 0; elapsed 0Total elapsed time: 0.800 sec.
@I [HLS-100] Command 'ap_source' returned 0; elapsed 0.01Total elapsed time: 0.800 sec.
@I [HLS-100] Command 'ap_source' returned 0; elapsed 0.01Total elapsed time: 0.801 sec.
@I [HLS-100] Command "source /opt/Xilinx/Vivado_HLS/2015.3/common/technology/xilinx/kintex7/kintex7_hp.hlp "
@I [HLS-100] Command 'ap_source' returned 0; elapsed 0Total elapsed time: 0.802 sec.
@I [HLS-100] Command 'import_lib' returned 0; elapsed 0.02Total elapsed time: 0.807 sec.
@I [HLS-100] Command "source /opt/Xilinx/Vivado_HLS/2015.3/common/technology/xilinx/kintex7/kintex7_fpv6.gen "
@I [HLS-100] Command "source /opt/Xilinx/Vivado_HLS/2015.3/common/technology/xilinx/common/xilinx_fpv6.gen "
@I [HLS-100] Command 'ap_source' returned 0; elapsed 0Total elapsed time: 0.809 sec.
@I [HLS-100] Command 'ap_source' returned 0; elapsed 0Total elapsed time: 0.809 sec.
@I [HLS-100] Command "set_part xc7k160tfbg484-1 "
@I [HLS-100] Command "add_library xilinx/kintex7/kintex7:xc7k160t:fbg484:-1 "
@I [HLS-100] Command "get_default_platform "
@I [HLS-100] Command 'get_default_platform' returned 0; elapsed 0Total elapsed time: 0.814 sec.
@I [HLS-100] Command "license_exists VIVADO_HLS "
@I [HLS-100] Command 'license_exists' returned 1; elapsed 0.01Total elapsed time: 0.825 sec.
@I [HLS-100] Command "license_exists ap_opencl "
@I [HLS-100] Command 'license_exists' returned 1; elapsed 0Total elapsed time: 0.836 sec.
@I [HLS-100] Command "license_exists ap_sdsoc "
@I [HLS-100] Command 'license_exists' returned 1; elapsed 0.01Total elapsed time: 0.849 sec.
@I [HLS-100] Command "license_exists AUTOESL_NI "
@I [HLS-100] Command 'license_exists' returned 1; elapsed 0Total elapsed time: 0.861 sec.
@I [HLS-100] Command "license_exists HLS "
@I [HLS-100] Command 'license_exists' returned 0; elapsed 0Total elapsed time: 0.861 sec.
@I [HLS-100] Command "get_default_platform "
@I [HLS-100] Command 'get_default_platform' returned 0; elapsed 0Total elapsed time: 0.862 sec.
@I [HLS-100] Command "config_chip_info -quiet -resource  {SLICE 25350} {LUT 101400}    {FF 202800} {DSP48E 600}    {BRAM 650}  "
@I [HLS-100] Command 'config_chip_info' returned 0; elapsed 0Total elapsed time: 0.862 sec.
@I [HLS-100] Command "config_chip_info -quiet -speed slow "
@I [HLS-100] Command 'config_chip_info' returned 0; elapsed 0Total elapsed time: 0.862 sec.
@I [HLS-100] Command 'add_library' returned 0; elapsed 0.02Total elapsed time: 0.864 sec.
@I [HLS-100] Command "add_library xilinx/kintex7/kintex7_fpv6 "
@I [HLS-100] Command "get_default_platform "
@I [HLS-100] Command 'get_default_platform' returned 0; elapsed 0Total elapsed time: 0.864 sec.
@I [HLS-100] Command "license_exists VIVADO_HLS "
@I [HLS-100] Command 'license_exists' returned 1; elapsed 0.02Total elapsed time: 0.875 sec.
@I [HLS-100] Command "license_exists ap_opencl "
@I [HLS-100] Command 'license_exists' returned 1; elapsed 0Total elapsed time: 0.886 sec.
@I [HLS-100] Command "license_exists ap_sdsoc "
@I [HLS-100] Command 'license_exists' returned 1; elapsed 0Total elapsed time: 0.897 sec.
@I [HLS-100] Command "license_exists AUTOESL_NI "
@I [HLS-100] Command 'license_exists' returned 1; elapsed 0.01Total elapsed time: 0.909 sec.
@I [HLS-100] Command "license_exists HLS "
@I [HLS-100] Command 'license_exists' returned 0; elapsed 0Total elapsed time: 0.909 sec.
@I [HLS-100] Command 'add_library' returned 0; elapsed 0.03Total elapsed time: 0.910 sec.
@I [HLS-10] Setting target device to 'xc7k160tfbg484-1'
@I [HLS-100] Command 'set_part' returned 0; elapsed 0.05Total elapsed time: 0.911 sec.
@I [HLS-100] Command "get_default_platform "
@I [HLS-100] Command 'get_default_platform' returned 0; elapsed 0Total elapsed time: 0.911 sec.
@I [HLS-100] Command "config_chip_info -quiet -resource  {SLICE 25350} {LUT 101400}    {FF 202800} {DSP48E 600}    {BRAM 650}  "
@I [HLS-100] Command 'config_chip_info' returned 0; elapsed 0Total elapsed time: 0.911 sec.
@I [HLS-100] Command "config_chip_info -quiet -speed slow "
@I [HLS-100] Command 'config_chip_info' returned 0; elapsed 0Total elapsed time: 0.911 sec.
@I [HLS-100] Command 'open_solution' returned 0; elapsed 0.31Total elapsed time: 0.912 sec.
@I [HLS-100] Command "cosim_design -rtl vhdl "
@I [HLS-100] Command "source /home/ctnguyen/work/tut_vivadohls/Vivado_HLS_Tutorial/Interface_Synthesis/lab1/adders_prj/solution1/.autopilot/db/global.setting.tcl "
@I [HLS-100] Command 'ap_source' returned 0; elapsed 0Total elapsed time: 0.913 sec.
@I [HLS-100] Command "source /home/ctnguyen/work/tut_vivadohls/Vivado_HLS_Tutorial/Interface_Synthesis/lab1/adders_prj/solution1/.autopilot/db/global.setting.tcl "
@I [HLS-100] Command 'ap_source' returned 0; elapsed 0Total elapsed time: 0.922 sec.
@I [HLS-100] Command "source /home/ctnguyen/work/tut_vivadohls/Vivado_HLS_Tutorial/Interface_Synthesis/lab1/adders_prj/solution1/.autopilot/db/global.setting.tcl "
@I [HLS-100] Command 'ap_source' returned 0; elapsed 0Total elapsed time: 0.939 sec.
@I [HLS-100] Command "source /opt/Xilinx/Vivado_HLS/2015.3/common/technology/generic/autopilot/common.gen "
@I [HLS-100] Command "source /opt/Xilinx/Vivado_HLS/2015.3/common/technology/generic/autopilot/APCoreGen.gen "
@I [HLS-100] Command 'ap_source' returned 0; elapsed 0Total elapsed time: 0.941 sec.
@I [HLS-100] Command 'ap_source' returned 0; elapsed 0Total elapsed time: 0.942 sec.
@I [HLS-100] Command "source /opt/Xilinx/Vivado_HLS/2015.3/common/technology/generic/autopilot/op.gen "
@I [HLS-100] Command 'ap_source' returned 0; elapsed 0Total elapsed time: 0.943 sec.
@I [HLS-100] Command "source /opt/Xilinx/Vivado_HLS/2015.3/common/technology/generic/autopilot/op_simcore.gen "
@I [HLS-100] Command 'ap_source' returned 0; elapsed 0Total elapsed time: 0.944 sec.
@I [HLS-100] Command "source /opt/Xilinx/Vivado_HLS/2015.3/common/technology/generic/autopilot/interface.gen "
@I [HLS-100] Command 'ap_source' returned 0; elapsed 0Total elapsed time: 0.944 sec.
@I [HLS-100] Command "source /home/ctnguyen/work/tut_vivadohls/Vivado_HLS_Tutorial/Interface_Synthesis/lab1/adders_prj/solution1/.autopilot/db/global.setting.tcl "
@I [HLS-100] Command 'ap_source' returned 0; elapsed 0Total elapsed time: 0.945 sec.
@I [HLS-100] Command "source /opt/Xilinx/Vivado_HLS/2015.3/common/technology/xilinx/kintex7/kintex7.gen "
@I [HLS-100] Command "source /opt/Xilinx/Vivado_HLS/2015.3/common/technology/xilinx/common/virtex.gen "
@I [HLS-100] Command "source /opt/Xilinx/Vivado_HLS/2015.3/common/technology/xilinx/common/xilinx.gen "
@I [HLS-100] Command "source /opt/Xilinx/Vivado_HLS/2015.3/common/technology/xilinx/interface/plb46.gen "
@I [HLS-100] Command 'ap_source' returned 0; elapsed 0Total elapsed time: 0.947 sec.
@I [HLS-100] Command "source /opt/Xilinx/Vivado_HLS/2015.3/common/technology/xilinx/interface/fsl.gen "
@I [HLS-100] Command 'ap_source' returned 0; elapsed 0Total elapsed time: 0.947 sec.
@I [HLS-100] Command "source /opt/Xilinx/Vivado_HLS/2015.3/common/technology/xilinx/interface/axi4.gen "
@I [HLS-100] Command 'ap_source' returned 0; elapsed 0Total elapsed time: 0.950 sec.
@I [HLS-100] Command "source /opt/Xilinx/Vivado_HLS/2015.3/common/technology/xilinx/interface/nativeAXI4.gen "
@I [HLS-100] Command "source /opt/Xilinx/Vivado_HLS/2015.3/common/technology/xilinx/interface/saxilite.gen "
@I [HLS-100] Command 'ap_source' returned 0; elapsed 0.01Total elapsed time: 0.954 sec.
@I [HLS-100] Command "source /opt/Xilinx/Vivado_HLS/2015.3/common/technology/xilinx/interface/maxi.gen "
@I [HLS-100] Command 'ap_source' returned 0; elapsed 0Total elapsed time: 0.961 sec.
@I [HLS-100] Command 'ap_source' returned 0; elapsed 0.01Total elapsed time: 0.961 sec.
@I [HLS-100] Command "source /opt/Xilinx/Vivado_HLS/2015.3/common/technology/xilinx/scripts/xilinxcoregen.gen "
@I [HLS-100] Command 'ap_source' returned 0; elapsed 0.01Total elapsed time: 0.972 sec.
@I [HLS-100] Command "source /opt/Xilinx/Vivado_HLS/2015.3/common/technology/xilinx/interface/XilEDKCoreGen.gen "
@I [HLS-100] Command 'ap_source' returned 0; elapsed 0.01Total elapsed time: 0.981 sec.
@I [HLS-100] Command "source /opt/Xilinx/Vivado_HLS/2015.3/common/technology/xilinx/ip/xfft.gen "
@I [HLS-100] Command 'ap_source' returned 0; elapsed 0.1Total elapsed time: 1.82 sec.
@I [HLS-100] Command "source /opt/Xilinx/Vivado_HLS/2015.3/common/technology/xilinx/ip/xfir.gen "
@I [HLS-100] Command 'ap_source' returned 0; elapsed 0.03Total elapsed time: 1.117 sec.
@I [HLS-100] Command "source /opt/Xilinx/Vivado_HLS/2015.3/common/technology/xilinx/ip/dds_compiler.gen "
@I [HLS-100] Command 'ap_source' returned 0; elapsed 0.01Total elapsed time: 1.121 sec.
@I [HLS-100] Command "source /opt/Xilinx/Vivado_HLS/2015.3/common/technology/xilinx/ip/util.gen "
@I [HLS-100] Command 'ap_source' returned 0; elapsed 0Total elapsed time: 1.121 sec.
@I [HLS-100] Command 'ap_source' returned 0; elapsed 0.17Total elapsed time: 1.121 sec.
@I [HLS-100] Command "source /opt/Xilinx/Vivado_HLS/2015.3/common/technology/xilinx/common/dsp48.gen "
@I [HLS-100] Command 'ap_source' returned 0; elapsed 0Total elapsed time: 1.123 sec.
@I [HLS-100] Command 'ap_source' returned 0; elapsed 0.17Total elapsed time: 1.123 sec.
@I [HLS-100] Command 'ap_source' returned 0; elapsed 0.17Total elapsed time: 1.123 sec.
@I [HLS-100] Command "source /opt/Xilinx/Vivado_HLS/2015.3/common/technology/xilinx/kintex7/kintex7_fpv6.gen "
@I [HLS-100] Command "source /opt/Xilinx/Vivado_HLS/2015.3/common/technology/xilinx/common/xilinx_fpv6.gen "
@I [HLS-100] Command 'ap_source' returned 0; elapsed 0Total elapsed time: 1.125 sec.
@I [HLS-100] Command 'ap_source' returned 0; elapsed 0Total elapsed time: 1.125 sec.
@I [HLS-100] Command "source /home/ctnguyen/work/tut_vivadohls/Vivado_HLS_Tutorial/Interface_Synthesis/lab1/adders_prj/solution1/.autopilot/db/global.setting.tcl "
@I [HLS-100] Command 'ap_source' returned 0; elapsed 0Total elapsed time: 1.125 sec.
@I [HLS-100] Command "source /home/ctnguyen/work/tut_vivadohls/Vivado_HLS_Tutorial/Interface_Synthesis/lab1/adders_prj/solution1/.autopilot/db/adders.rtl_wrap.cfg.tcl "
@I [HLS-100] Command 'ap_source' returned 0; elapsed 0Total elapsed time: 1.126 sec.
@I [HLS-100] Command "source /home/ctnguyen/work/tut_vivadohls/Vivado_HLS_Tutorial/Interface_Synthesis/lab1/adders_prj/solution1/.autopilot/db/adders.tbgen.tcl "
@I [HLS-100] Command 'ap_source' returned 0; elapsed 0Total elapsed time: 1.130 sec.
@I [HLS-100] Command "is_encrypted /home/ctnguyen/work/tut_vivadohls/Vivado_HLS_Tutorial/Interface_Synthesis/lab1/adders_test.c "
@I [HLS-100] Command 'is_encrypted' returned 0; elapsed 0Total elapsed time: 1.136 sec.
@I [HLS-100] Command "is_encrypted /home/ctnguyen/work/tut_vivadohls/Vivado_HLS_Tutorial/Interface_Synthesis/lab1/adders.c "
@I [HLS-100] Command 'is_encrypted' returned 0; elapsed 0Total elapsed time: 1.136 sec.
@I [HLS-100] Command "source /home/ctnguyen/work/tut_vivadohls/Vivado_HLS_Tutorial/Interface_Synthesis/lab1/adders_prj/solution1/.autopilot/db/adders.tbgen.tcl "
@I [HLS-100] Command 'ap_source' returned 0; elapsed 0Total elapsed time: 1.136 sec.
@I [HLS-100] Command "source /home/ctnguyen/work/tut_vivadohls/Vivado_HLS_Tutorial/Interface_Synthesis/lab1/adders_prj/solution1/.autopilot/db/adders.tbgen.tcl "
@I [HLS-100] Command 'ap_source' returned 0; elapsed 0Total elapsed time: 1.137 sec.
@I [SIM-47] Using XSIM for RTL simulation.
@I [SIM-14] Instrumenting C test bench ...
@I [HLS-100] Command "source /home/ctnguyen/work/tut_vivadohls/Vivado_HLS_Tutorial/Interface_Synthesis/lab1/adders_prj/solution1/.autopilot/db/adders.rtl_wrap.cfg.tcl "
@I [HLS-100] Command 'ap_source' returned 0; elapsed 0Total elapsed time: 1.144 sec.
@I [HLS-100] Command "source /home/ctnguyen/work/tut_vivadohls/Vivado_HLS_Tutorial/Interface_Synthesis/lab1/adders_prj/solution1/.autopilot/db/adders.rtl_wrap.cfg.tcl "
@I [HLS-100] Command 'ap_source' returned 0; elapsed 0Total elapsed time: 1.145 sec.
@I [HLS-100] Command "source /home/ctnguyen/work/tut_vivadohls/Vivado_HLS_Tutorial/Interface_Synthesis/lab1/adders_prj/solution1/.autopilot/db/adders.rtl_wrap.cfg.tcl "
@I [HLS-100] Command 'ap_source' returned 0; elapsed 0Total elapsed time: 1.146 sec.
@I [HLS-100] Command "source /home/ctnguyen/work/tut_vivadohls/Vivado_HLS_Tutorial/Interface_Synthesis/lab1/adders_prj/solution1/.autopilot/db/adders.tbgen.tcl "
@I [HLS-100] Command 'ap_source' returned 0; elapsed 0Total elapsed time: 1.146 sec.
@I [HLS-100] Command "source /home/ctnguyen/work/tut_vivadohls/Vivado_HLS_Tutorial/Interface_Synthesis/lab1/adders_prj/solution1/.autopilot/db/adders.tbgen.tcl "
@I [HLS-100] Command 'ap_source' returned 0; elapsed 0Total elapsed time: 1.146 sec.
@I [HLS-0] Marker-Pragma convertor: /home/ctnguyen/work/tut_vivadohls/Vivado_HLS_Tutorial/Interface_Synthesis/lab1/adders_prj/solution1/./sim/autowrap/testbench/adders_test.c_pre.c /home/ctnguyen/work/tut_vivadohls/Vivado_HLS_Tutorial/Interface_Synthesis/lab1/adders_prj/solution1/./sim/autowrap/testbench/adders_test.c_pre.c.line.c ./sim/autowrap/testbench/line.tmp 1
@I [HLS-0] Marker-Pragma convertor: ./sim/autowrap/testbench/adders_test.c_pre.c.tb.c.line ./sim/autowrap/testbench/adders_test.c_pre.c.tb.c ./sim/autowrap/testbench/line.tmp 0
@I [HLS-0] Marker-Pragma convertor: /home/ctnguyen/work/tut_vivadohls/Vivado_HLS_Tutorial/Interface_Synthesis/lab1/adders_prj/solution1/./sim/autowrap/testbench/adders.c_pre.c /home/ctnguyen/work/tut_vivadohls/Vivado_HLS_Tutorial/Interface_Synthesis/lab1/adders_prj/solution1/./sim/autowrap/testbench/adders.c_pre.c.line.c ./sim/autowrap/testbench/line.tmp 1
@I [HLS-0] Marker-Pragma convertor: ./sim/autowrap/testbench/adders.c_pre.c.tb.c.line ./sim/autowrap/testbench/adders.c_pre.c.tb.c ./sim/autowrap/testbench/line.tmp 0
@I [HLS-100] Command "source /home/ctnguyen/work/tut_vivadohls/Vivado_HLS_Tutorial/Interface_Synthesis/lab1/adders_prj/solution1/.autopilot/db/adders.rtl_wrap.cfg.tcl "
@I [HLS-100] Command 'ap_source' returned 0; elapsed 0Total elapsed time: 2.693 sec.
@I [HLS-100] Command "source .run_sim.tcl "
@I [SIM-302] Starting C TB testing ... 
@I [HLS-100] Command 'ap_source' returned 0; elapsed 0Total elapsed time: 7.123 sec.
@I [SIM-333] Generating C post check test bench ...
@I [HLS-100] Command "source /home/ctnguyen/work/tut_vivadohls/Vivado_HLS_Tutorial/Interface_Synthesis/lab1/adders_prj/solution1/.autopilot/db/adders.rtl_wrap.cfg.tcl "
@I [HLS-100] Command 'ap_source' returned 0; elapsed 0Total elapsed time: 7.128 sec.
@I [SIM-12] Generating RTL test bench ...
@I [HLS-100] Command "source /home/ctnguyen/work/tut_vivadohls/Vivado_HLS_Tutorial/Interface_Synthesis/lab1/adders_prj/solution1/.autopilot/db/adders.tbgen.tcl "
@I [HLS-100] Command 'ap_source' returned 0; elapsed 0Total elapsed time: 7.135 sec.
@I [HLS-100] Command "source /home/ctnguyen/work/tut_vivadohls/Vivado_HLS_Tutorial/Interface_Synthesis/lab1/adders_prj/solution1/.autopilot/db/adders.tbgen.tcl "
@I [HLS-100] Command 'ap_source' returned 0; elapsed 0Total elapsed time: 7.136 sec.
@I [HLS-100] Command "source /home/ctnguyen/work/tut_vivadohls/Vivado_HLS_Tutorial/Interface_Synthesis/lab1/adders_prj/solution1/.autopilot/db/adders.tbgen.tcl "
@I [HLS-100] Command 'ap_source' returned 0; elapsed 0Total elapsed time: 7.136 sec.
@I [HLS-100] Command "source /home/ctnguyen/work/tut_vivadohls/Vivado_HLS_Tutorial/Interface_Synthesis/lab1/adders_prj/solution1/.autopilot/db/adders.tbgen.tcl "
@I [HLS-100] Command 'ap_source' returned 0; elapsed 0Total elapsed time: 7.137 sec.
@I [HLS-100] Command "source ../tv/cdatafile/ref.tcl "
@I [HLS-100] Command 'ap_source' returned 0; elapsed 0Total elapsed time: 7.137 sec.
@I [HLS-100] Command "source /home/ctnguyen/work/tut_vivadohls/Vivado_HLS_Tutorial/Interface_Synthesis/lab1/adders_prj/solution1/.autopilot/db/adders.tbgen.tcl "
@I [HLS-100] Command 'ap_source' returned 0; elapsed 0Total elapsed time: 7.137 sec.
@I [HLS-100] Command "source /home/ctnguyen/work/tut_vivadohls/Vivado_HLS_Tutorial/Interface_Synthesis/lab1/adders_prj/solution1/.autopilot/db/adders.tbgen.tcl "
@I [HLS-100] Command 'ap_source' returned 0; elapsed 0Total elapsed time: 7.138 sec.
@I [HLS-100] Command "source /home/ctnguyen/work/tut_vivadohls/Vivado_HLS_Tutorial/Interface_Synthesis/lab1/adders_prj/solution1/.autopilot/db/adders.tbgen.tcl "
@I [HLS-100] Command 'ap_source' returned 0; elapsed 0Total elapsed time: 7.138 sec.
@I [HLS-100] Command "source /home/ctnguyen/work/tut_vivadohls/Vivado_HLS_Tutorial/Interface_Synthesis/lab1/adders_prj/solution1/.autopilot/db/adders.tbgen.tcl "
@I [HLS-100] Command 'ap_source' returned 0; elapsed 0Total elapsed time: 7.138 sec.
@I [HLS-100] Command "source /home/ctnguyen/work/tut_vivadohls/Vivado_HLS_Tutorial/Interface_Synthesis/lab1/adders_prj/solution1/.autopilot/db/adders.tbgen.tcl "
@I [HLS-100] Command 'ap_source' returned 0; elapsed 0Total elapsed time: 7.142 sec.
@I [HLS-100] Command "source /home/ctnguyen/work/tut_vivadohls/Vivado_HLS_Tutorial/Interface_Synthesis/lab1/adders_prj/solution1/.autopilot/db/adders.tbgen.tcl "
@I [HLS-100] Command 'ap_source' returned 0; elapsed 0Total elapsed time: 7.145 sec.
@I [HLS-100] Command "source /home/ctnguyen/work/tut_vivadohls/Vivado_HLS_Tutorial/Interface_Synthesis/lab1/adders_prj/solution1/.autopilot/db/adders.tbgen.tcl "
@I [HLS-100] Command 'ap_source' returned 0; elapsed 0Total elapsed time: 7.148 sec.
@I [HLS-100] Command "source /home/ctnguyen/work/tut_vivadohls/Vivado_HLS_Tutorial/Interface_Synthesis/lab1/adders_prj/solution1/.autopilot/db/adders.tbgen.tcl "
@I [HLS-100] Command 'ap_source' returned 0; elapsed 0Total elapsed time: 7.151 sec.
@I [HLS-100] Command "source /home/ctnguyen/work/tut_vivadohls/Vivado_HLS_Tutorial/Interface_Synthesis/lab1/adders_prj/solution1/.autopilot/db/adders.tbgen.tcl "
@I [HLS-100] Command 'ap_source' returned 0; elapsed 0Total elapsed time: 7.151 sec.
@I [HLS-100] Command "source /home/ctnguyen/work/tut_vivadohls/Vivado_HLS_Tutorial/Interface_Synthesis/lab1/adders_prj/solution1/.autopilot/db/adders.tbgen.tcl "
@I [HLS-100] Command 'ap_source' returned 0; elapsed 0Total elapsed time: 7.151 sec.
@I [HLS-100] Command "source /home/ctnguyen/work/tut_vivadohls/Vivado_HLS_Tutorial/Interface_Synthesis/lab1/adders_prj/solution1/.autopilot/db/adders.tbgen.tcl "
@I [HLS-100] Command 'ap_source' returned 0; elapsed 0Total elapsed time: 7.176 sec.
@I [HLS-100] Command "source /home/ctnguyen/work/tut_vivadohls/Vivado_HLS_Tutorial/Interface_Synthesis/lab1/adders_prj/solution1/.autopilot/db/adders.tbgen.tcl "
@I [HLS-100] Command 'ap_source' returned 0; elapsed 0Total elapsed time: 7.177 sec.
@I [HLS-100] Command "source /home/ctnguyen/work/tut_vivadohls/Vivado_HLS_Tutorial/Interface_Synthesis/lab1/adders_prj/solution1/.autopilot/db/adders.tbgen.tcl "
@I [HLS-100] Command 'ap_source' returned 0; elapsed 0Total elapsed time: 7.177 sec.
@I [HLS-100] Command "source /home/ctnguyen/work/tut_vivadohls/Vivado_HLS_Tutorial/Interface_Synthesis/lab1/adders_prj/solution1/.autopilot/db/adders.tbgen.tcl "
@I [HLS-100] Command 'ap_source' returned 0; elapsed 0Total elapsed time: 7.177 sec.
@I [HLS-100] Command "source /home/ctnguyen/work/tut_vivadohls/Vivado_HLS_Tutorial/Interface_Synthesis/lab1/adders_prj/solution1/.autopilot/db/adders.tbgen.tcl "
@I [HLS-100] Command 'ap_source' returned 0; elapsed 0Total elapsed time: 7.178 sec.
@I [HLS-100] Command "source ../tv/cdatafile/ref.tcl "
@I [HLS-100] Command 'ap_source' returned 0; elapsed 0Total elapsed time: 7.178 sec.
@I [HLS-100] Command "source /home/ctnguyen/work/tut_vivadohls/Vivado_HLS_Tutorial/Interface_Synthesis/lab1/adders_prj/solution1/.autopilot/db/adders.tbgen.tcl "
@I [HLS-100] Command 'ap_source' returned 0; elapsed 0Total elapsed time: 7.178 sec.
@I [HLS-100] Command "source /home/ctnguyen/work/tut_vivadohls/Vivado_HLS_Tutorial/Interface_Synthesis/lab1/adders_prj/solution1/.autopilot/db/adders.tbgen.tcl "
@I [HLS-100] Command 'ap_source' returned 0; elapsed 0Total elapsed time: 7.178 sec.
@I [HLS-100] Command "source /home/ctnguyen/work/tut_vivadohls/Vivado_HLS_Tutorial/Interface_Synthesis/lab1/adders_prj/solution1/.autopilot/db/adders.tbgen.tcl "
@I [HLS-100] Command 'ap_source' returned 0; elapsed 0Total elapsed time: 7.179 sec.
@I [HLS-100] Command "source /home/ctnguyen/work/tut_vivadohls/Vivado_HLS_Tutorial/Interface_Synthesis/lab1/adders_prj/solution1/.autopilot/db/adders.tbgen.tcl "
@I [HLS-100] Command 'ap_source' returned 0; elapsed 0Total elapsed time: 7.179 sec.
@I [HLS-100] Command "source /home/ctnguyen/work/tut_vivadohls/Vivado_HLS_Tutorial/Interface_Synthesis/lab1/adders_prj/solution1/.autopilot/db/adders.tbgen.tcl "
@I [HLS-100] Command 'ap_source' returned 0; elapsed 0Total elapsed time: 7.179 sec.
@I [HLS-100] Command "source /home/ctnguyen/work/tut_vivadohls/Vivado_HLS_Tutorial/Interface_Synthesis/lab1/adders_prj/solution1/.autopilot/db/adders.tbgen.tcl "
@I [HLS-100] Command 'ap_source' returned 0; elapsed 0Total elapsed time: 7.181 sec.
@I [HLS-100] Command "source /home/ctnguyen/work/tut_vivadohls/Vivado_HLS_Tutorial/Interface_Synthesis/lab1/adders_prj/solution1/.autopilot/db/adders.tbgen.tcl "
@I [HLS-100] Command 'ap_source' returned 0; elapsed 0Total elapsed time: 7.184 sec.
@I [HLS-100] Command "source /home/ctnguyen/work/tut_vivadohls/Vivado_HLS_Tutorial/Interface_Synthesis/lab1/adders_prj/solution1/.autopilot/db/adders.tbgen.tcl "
@I [HLS-100] Command 'ap_source' returned 0; elapsed 0Total elapsed time: 7.186 sec.
@I [HLS-100] Command "source /home/ctnguyen/work/tut_vivadohls/Vivado_HLS_Tutorial/Interface_Synthesis/lab1/adders_prj/solution1/.autopilot/db/adders.tbgen.tcl "
@I [HLS-100] Command 'ap_source' returned 0; elapsed 0Total elapsed time: 7.186 sec.
@I [HLS-100] Command "source /home/ctnguyen/work/tut_vivadohls/Vivado_HLS_Tutorial/Interface_Synthesis/lab1/adders_prj/solution1/.autopilot/db/adders.tbgen.tcl "
@I [HLS-100] Command 'ap_source' returned 0; elapsed 0Total elapsed time: 7.186 sec.
@I [HLS-100] Command "source .run_sim.tcl "
@I [HLS-100] Command "source check_sim.tcl "
@I [HLS-100] Command 'ap_source' returned 0; elapsed 0Total elapsed time: 7.221 sec.
@I [HLS-100] Command "source .sim.status.tcl "
@I [HLS-100] Command 'ap_source' returned 0; elapsed 0Total elapsed time: 7.222 sec.
@I [SIM-322] Starting VHDL simulation. 
@I [SIM-15] Starting XSIM ...
@I [SIM-316] Starting C post checking ...
@I [HLS-100] Command 'ap_source' returned 0; elapsed 0.03Total elapsed time: 11.210 sec.
@I [SIM-1000] *** C/RTL co-simulation finished: PASS ***
@I [HLS-100] Command 'cosim_design' returned 0; elapsed 0.48Total elapsed time: 11.233 sec.
@I [HLS-100] Command 'ap_source' returned 0; elapsed 0.8Total elapsed time: 11.233 sec.
@I [HLS-100] Command "cleanup_all "
@I [HLS-100] Command 'cleanup_all' returned 0; elapsed 0.01Total elapsed time: 11.234 sec.
