==============================================================
File generated by Vivado(TM) HLS - High-Level Synthesis from C, C++ and SystemC
Version: 2015.3
Copyright (C) 2015 Xilinx Inc. All rights reserved.

==============================================================

@I [SYN-201] Setting up clock 'default' with a period of 13.3333ns.
@I [HLS-10] Setting target device to 'xc7k160tfbg484-1'
@I [HLS-10] Analyzing design file 'matrixmul.cpp' ... 
@I [HLS-10] Validating synthesis directives ...
@I [HLS-10] Starting code transformations ...
@I [HLS-10] Checking synthesizability ...
@I [XFORM-502] Unrolling all sub-loops inside loop 'Col' (matrixmul.cpp:56) in function 'matrixmul' for pipelining.
@I [XFORM-501] Unrolling loop 'Product' (matrixmul.cpp:59) in function 'matrixmul' completely.
@I [XFORM-541] Flattening a loop nest 'Row' (matrixmul.cpp:54:37) in function 'matrixmul'.
@I [HLS-111] Elapsed time: 1.92 seconds; current memory usage: 0.179 MB.
@I [HLS-10] Starting hardware synthesis ...
@I [HLS-10] Synthesizing 'matrixmul' ...
@I [HLS-10] ----------------------------------------------------------------
@I [HLS-10] -- Scheduling module 'matrixmul' 
@I [HLS-10] ----------------------------------------------------------------
@I [SCHED-11] Starting scheduling ...
@I [SCHED-61] Pipelining loop 'Row_Col'.
@W [SCHED-69] Unable to schedule 'load' operation ('a_load_2', matrixmul.cpp:62) on array 'a' due to limited memory ports.
@I [SCHED-61] Pipelining result: Target II: 1, Final II: 2, Depth: 4.
@I [SCHED-11] Finished scheduling.
@I [HLS-111] Elapsed time: 0.07 seconds; current memory usage: 0.179 MB.
@I [HLS-10] ----------------------------------------------------------------
@I [HLS-10] -- Exploring micro-architecture for module 'matrixmul' 
@I [HLS-10] ----------------------------------------------------------------
@I [BIND-100] Starting micro-architecture generation ...
@I [BIND-101] Performing variable lifetime analysis.
@I [BIND-101] Exploring resource sharing.
@I [BIND-101] Binding ...
@I [BIND-100] Finished micro-architecture generation.
@I [HLS-111] Elapsed time: 0.01 seconds; current memory usage: 0.179 MB.
@I [HLS-10] ----------------------------------------------------------------
@I [HLS-10] -- Generating RTL for module 'matrixmul' 
@I [HLS-10] ----------------------------------------------------------------
@I [RTGEN-500] Setting interface mode on port 'matrixmul/a' to 'ap_memory'.
@I [RTGEN-500] Setting interface mode on port 'matrixmul/b' to 'ap_memory'.
@I [RTGEN-500] Setting interface mode on port 'matrixmul/res' to 'ap_memory'.
@I [RTGEN-500] Setting interface mode on function 'matrixmul' to 'ap_ctrl_hs'.
@I [RTGEN-100] Finished creating RTL model for 'matrixmul'.
@I [HLS-111] Elapsed time: 0.05 seconds; current memory usage: 0.179 MB.
@I [HLS-10] Finished generating all RTL models.
@I [WSYSC-301] Generating RTL SystemC for 'matrixmul'.
@I [WVHDL-304] Generating RTL VHDL for 'matrixmul'.
@I [WVLOG-307] Generating RTL Verilog for 'matrixmul'.
@I [HLS-112] Total elapsed time: 5.690 seconds; peak memory usage: 0.179 MB.
@I [LIC-101] Checked in feature [HLS]
