

================================================================
== Vivado HLS Report for 'dct_read_data'
================================================================
* Date:           Wed Jul  6 11:01:50 2016

* Version:        2015.3 (Build 1368829 on Mon Sep 28 20:31:51 PM 2015)
* Project:        dct_prj
* Solution:       solution7
* Product family: kintex7
* Target device:  xc7k160tfbg484-1


================================================================
== Performance Estimates
================================================================
+ Timing (ns): 
    * Summary: 
    +--------+-------+----------+------------+
    |  Clock | Target| Estimated| Uncertainty|
    +--------+-------+----------+------------+
    |ap_clk  |   8.00|      4.72|        1.00|
    +--------+-------+----------+------------+

+ Latency (clock cycles): 
    * Summary: 
    +-----+-----+-----+-----+---------+
    |  Latency  |  Interval | Pipeline|
    | min | max | min | max |   Type  |
    +-----+-----+-----+-----+---------+
    |   34|   34|   34|   34|   none  |
    +-----+-----+-----+-----+---------+

    + Detail: 
        * Instance: 
        N/A

        * Loop: 
        +---------------+-----+-----+----------+-----------+-----------+------+----------+
        |               |  Latency  | Iteration|  Initiation Interval  | Trip |          |
        |   Loop Name   | min | max |  Latency |  achieved |   target  | Count| Pipelined|
        +---------------+-----+-----+----------+-----------+-----------+------+----------+
        |- RD_Loop_Row  |   32|   32|         5|          4|          1|     8|    yes   |
        +---------------+-----+-----+----------+-----------+-----------+------+----------+

============================================================
+ Verbose Summary: Synthesis Manager
============================================================
InlineROM: 1
ExposeGlobal: 0
============================================================
+ Verbose Summary: CDFG Model
============================================================
IsTopModel: 0
ResetActiveHigh: 1
IsCombinational: 2
IsDatapathOnly: 0
HasWiredReturn: 1
HasMFsm: 0
HasVarLatency: 1
IsPipeline: 0
IsRtlPipelined: 0
IsInstanceOverlapped: 0
IsDontTouch: 0
HasImplIP: 0
IsGatedGlobalClock: 0

+ Individual pipeline summary: 
  * Pipeline-0: initiation interval (II) = 4, depth = 5


============================================================
+ Verbose Summary: Schedule
============================================================
* Number of FSM states: 7
* Pipeline: 1
  Pipeline-0: II = 4, D = 5, States = { 2 3 4 5 6 }
* Dataflow Pipeline: 0

* FSM state transitions: 
1 --> 
	2  / true
2 --> 
	7  / (exitcond1)
	3  / (!exitcond1)
3 --> 
	4  / true
4 --> 
	5  / true
5 --> 
	6  / true
6 --> 
	2  / true
7 --> 
* FSM state operations: 

 <State 1>: 1.08ns
ST_1: stg_8 [1/1] 1.08ns
:0  br label %1


 <State 2>: 2.33ns
ST_2: r [1/1] 0.00ns
:0  %r = phi i4 [ 0, %0 ], [ %r_2, %2 ]

ST_2: exitcond1 [1/1] 1.24ns
:1  %exitcond1 = icmp eq i4 %r, -8

ST_2: r_2 [1/1] 0.48ns
:2  %r_2 = add i4 %r, 1

ST_2: stg_12 [1/1] 0.00ns
:3  br i1 %exitcond1, label %3, label %2

ST_2: tmp_19 [1/1] 0.00ns
:4  %tmp_19 = trunc i4 %r to i3

ST_2: tmp [1/1] 0.00ns
:5  %tmp = call i6 @_ssdm_op_BitConcatenate.i6.i3.i3(i3 %tmp_19, i3 0)

ST_2: tmp_18 [1/1] 0.00ns
:6  %tmp_18 = call i5 @_ssdm_op_BitConcatenate.i5.i4.i1(i4 %r, i1 false)

ST_2: tmp_s [1/1] 0.00ns
:18  %tmp_s = zext i6 %tmp to i64

ST_2: input_addr [1/1] 0.00ns
:19  %input_addr = getelementptr [64 x i16]* %input_r, i64 0, i64 %tmp_s

ST_2: input_load [2/2] 2.33ns
:20  %input_load = load i16* %input_addr, align 2

ST_2: tmp_9_s [1/1] 0.00ns
:22  %tmp_9_s = or i6 %tmp, 1

ST_2: tmp_1_8 [1/1] 0.00ns
:23  %tmp_1_8 = zext i6 %tmp_9_s to i64

ST_2: input_addr_1 [1/1] 0.00ns
:24  %input_addr_1 = getelementptr [64 x i16]* %input_r, i64 0, i64 %tmp_1_8

ST_2: input_load_1 [2/2] 2.33ns
:25  %input_load_1 = load i16* %input_addr_1, align 2


 <State 3>: 2.33ns
ST_3: input_load [1/2] 2.33ns
:20  %input_load = load i16* %input_addr, align 2

ST_3: input_load_1 [1/2] 2.33ns
:25  %input_load_1 = load i16* %input_addr_1, align 2

ST_3: tmp_9_1 [1/1] 0.00ns
:27  %tmp_9_1 = or i6 %tmp, 2

ST_3: tmp_2 [1/1] 0.00ns
:28  %tmp_2 = zext i6 %tmp_9_1 to i64

ST_3: input_addr_2 [1/1] 0.00ns
:29  %input_addr_2 = getelementptr [64 x i16]* %input_r, i64 0, i64 %tmp_2

ST_3: input_load_2 [2/2] 2.33ns
:30  %input_load_2 = load i16* %input_addr_2, align 2

ST_3: tmp_9_2 [1/1] 0.00ns
:32  %tmp_9_2 = or i6 %tmp, 3

ST_3: tmp_3 [1/1] 0.00ns
:33  %tmp_3 = zext i6 %tmp_9_2 to i64

ST_3: input_addr_3 [1/1] 0.00ns
:34  %input_addr_3 = getelementptr [64 x i16]* %input_r, i64 0, i64 %tmp_3

ST_3: input_load_3 [2/2] 2.33ns
:35  %input_load_3 = load i16* %input_addr_3, align 2


 <State 4>: 2.33ns
ST_4: input_load_2 [1/2] 2.33ns
:30  %input_load_2 = load i16* %input_addr_2, align 2

ST_4: input_load_3 [1/2] 2.33ns
:35  %input_load_3 = load i16* %input_addr_3, align 2

ST_4: tmp_9_3 [1/1] 0.00ns
:37  %tmp_9_3 = or i6 %tmp, 4

ST_4: tmp_4 [1/1] 0.00ns
:38  %tmp_4 = zext i6 %tmp_9_3 to i64

ST_4: input_addr_4 [1/1] 0.00ns
:39  %input_addr_4 = getelementptr [64 x i16]* %input_r, i64 0, i64 %tmp_4

ST_4: input_load_4 [2/2] 2.33ns
:40  %input_load_4 = load i16* %input_addr_4, align 2

ST_4: tmp_9_4 [1/1] 0.00ns
:42  %tmp_9_4 = or i6 %tmp, 5

ST_4: tmp_5 [1/1] 0.00ns
:43  %tmp_5 = zext i6 %tmp_9_4 to i64

ST_4: input_addr_5 [1/1] 0.00ns
:44  %input_addr_5 = getelementptr [64 x i16]* %input_r, i64 0, i64 %tmp_5

ST_4: input_load_5 [2/2] 2.33ns
:45  %input_load_5 = load i16* %input_addr_5, align 2


 <State 5>: 2.33ns
ST_5: input_load_4 [1/2] 2.33ns
:40  %input_load_4 = load i16* %input_addr_4, align 2

ST_5: input_load_5 [1/2] 2.33ns
:45  %input_load_5 = load i16* %input_addr_5, align 2

ST_5: tmp_9_5 [1/1] 0.00ns
:47  %tmp_9_5 = or i6 %tmp, 6

ST_5: tmp_6 [1/1] 0.00ns
:48  %tmp_6 = zext i6 %tmp_9_5 to i64

ST_5: input_addr_6 [1/1] 0.00ns
:49  %input_addr_6 = getelementptr [64 x i16]* %input_r, i64 0, i64 %tmp_6

ST_5: input_load_6 [2/2] 2.33ns
:50  %input_load_6 = load i16* %input_addr_6, align 2

ST_5: tmp_9_6 [1/1] 0.00ns
:52  %tmp_9_6 = or i6 %tmp, 7

ST_5: tmp_7 [1/1] 0.00ns
:53  %tmp_7 = zext i6 %tmp_9_6 to i64

ST_5: input_addr_7 [1/1] 0.00ns
:54  %input_addr_7 = getelementptr [64 x i16]* %input_r, i64 0, i64 %tmp_7

ST_5: input_load_7 [2/2] 2.33ns
:55  %input_load_7 = load i16* %input_addr_7, align 2


 <State 6>: 4.72ns
ST_6: empty [1/1] 0.00ns
:0  %empty = call i32 (...)* @_ssdm_op_SpecLoopTripCount(i64 8, i64 8, i64 8)

ST_6: stg_54 [1/1] 0.00ns
:1  call void (...)* @_ssdm_op_SpecLoopName([12 x i8]* @p_str8) nounwind

ST_6: tmp_1 [1/1] 0.00ns
:2  %tmp_1 = call i32 (...)* @_ssdm_op_SpecRegionBegin([12 x i8]* @p_str8)

ST_6: stg_56 [1/1] 0.00ns
:3  call void (...)* @_ssdm_op_SpecPipeline(i32 1, i32 1, i32 1, i32 0, [1 x i8]* @p_str1) nounwind

ST_6: tmp_20 [1/1] 0.00ns
:7  %tmp_20 = zext i5 %tmp_18 to i64

ST_6: buf_0_addr [1/1] 0.00ns
:8  %buf_0_addr = getelementptr [16 x i16]* %buf_0, i64 0, i64 %tmp_20

ST_6: tmp_21 [1/1] 0.00ns
:9  %tmp_21 = or i5 %tmp_18, 1

ST_6: tmp_22 [1/1] 0.00ns
:10  %tmp_22 = call i64 @_ssdm_op_BitConcatenate.i64.i59.i5(i59 0, i5 %tmp_21)

ST_6: buf_0_addr_1 [1/1] 0.00ns
:11  %buf_0_addr_1 = getelementptr [16 x i16]* %buf_0, i64 0, i64 %tmp_22

ST_6: buf_1_addr [1/1] 0.00ns
:12  %buf_1_addr = getelementptr [16 x i16]* %buf_1, i64 0, i64 %tmp_20

ST_6: buf_1_addr_1 [1/1] 0.00ns
:13  %buf_1_addr_1 = getelementptr [16 x i16]* %buf_1, i64 0, i64 %tmp_22

ST_6: buf_2_addr [1/1] 0.00ns
:14  %buf_2_addr = getelementptr [16 x i16]* %buf_2, i64 0, i64 %tmp_20

ST_6: buf_2_addr_1 [1/1] 0.00ns
:15  %buf_2_addr_1 = getelementptr [16 x i16]* %buf_2, i64 0, i64 %tmp_22

ST_6: buf_3_addr [1/1] 0.00ns
:16  %buf_3_addr = getelementptr [16 x i16]* %buf_3, i64 0, i64 %tmp_20

ST_6: buf_3_addr_1 [1/1] 0.00ns
:17  %buf_3_addr_1 = getelementptr [16 x i16]* %buf_3, i64 0, i64 %tmp_22

ST_6: stg_68 [1/1] 2.39ns
:21  store i16 %input_load, i16* %buf_0_addr, align 2

ST_6: stg_69 [1/1] 2.39ns
:26  store i16 %input_load_1, i16* %buf_0_addr_1, align 2

ST_6: stg_70 [1/1] 2.39ns
:31  store i16 %input_load_2, i16* %buf_1_addr, align 2

ST_6: stg_71 [1/1] 2.39ns
:36  store i16 %input_load_3, i16* %buf_1_addr_1, align 2

ST_6: stg_72 [1/1] 2.39ns
:41  store i16 %input_load_4, i16* %buf_2_addr, align 2

ST_6: stg_73 [1/1] 2.39ns
:46  store i16 %input_load_5, i16* %buf_2_addr_1, align 2

ST_6: input_load_6 [1/2] 2.33ns
:50  %input_load_6 = load i16* %input_addr_6, align 2

ST_6: stg_75 [1/1] 2.39ns
:51  store i16 %input_load_6, i16* %buf_3_addr, align 2

ST_6: input_load_7 [1/2] 2.33ns
:55  %input_load_7 = load i16* %input_addr_7, align 2

ST_6: stg_77 [1/1] 2.39ns
:56  store i16 %input_load_7, i16* %buf_3_addr_1, align 2

ST_6: empty_9 [1/1] 0.00ns
:57  %empty_9 = call i32 (...)* @_ssdm_op_SpecRegionEnd([12 x i8]* @p_str8, i32 %tmp_1)

ST_6: stg_79 [1/1] 0.00ns
:58  br label %1


 <State 7>: 0.00ns
ST_7: stg_80 [1/1] 0.00ns
:0  ret void



============================================================
+ Verbose Summary: Binding
============================================================
STG Binding: 
---------------- STG Properties BEGIN ----------------
- Is combinational: 0
- Is one-state seq: 0
- Is datapath-only: 0
- Is clock enabled: 0
- Is pipelined: 0
- Is top level: 0
Port [ Return ] is wired: 1; IO mode=ap_ctrl_hs:ce=0
Port [ input_r]:  wired=1; compound=1; hidden=0; nouse=0; global=0; static=0; extern=0; dir=0; type=1; mode=0x7f475b151d90; pingpong=0; private_global=0; MemPort=[11]; IO mode=ap_memory:ce=0
Port [ buf_0]:  wired=1; compound=1; hidden=0; nouse=0; global=0; static=0; extern=0; dir=1; type=1; mode=0x7f475b7a7880; pingpong=1; private_global=0; MemPort=[00]; IO mode=ap_memory:ce=0
Port [ buf_1]:  wired=1; compound=1; hidden=0; nouse=0; global=0; static=0; extern=0; dir=1; type=1; mode=0x7f475b3237c0; pingpong=1; private_global=0; MemPort=[00]; IO mode=ap_memory:ce=0
Port [ buf_2]:  wired=1; compound=1; hidden=0; nouse=0; global=0; static=0; extern=0; dir=1; type=1; mode=0x7f475acb6950; pingpong=1; private_global=0; MemPort=[00]; IO mode=ap_memory:ce=0
Port [ buf_3]:  wired=1; compound=1; hidden=0; nouse=0; global=0; static=0; extern=0; dir=1; type=1; mode=0x7f475b317cc0; pingpong=1; private_global=0; MemPort=[00]; IO mode=ap_memory:ce=0
---------------- STG Properties END ------------------

---------------- Datapath Model BEGIN ----------------

<LifeTime>
<method=bitvector/>
stg_8        (br               ) [ 01111110]
r            (phi              ) [ 00100000]
exitcond1    (icmp             ) [ 00111110]
r_2          (add              ) [ 01111110]
stg_12       (br               ) [ 00000000]
tmp_19       (trunc            ) [ 00000000]
tmp          (bitconcatenate   ) [ 00011100]
tmp_18       (bitconcatenate   ) [ 00111110]
tmp_s        (zext             ) [ 00000000]
input_addr   (getelementptr    ) [ 00010000]
tmp_9_s      (or               ) [ 00000000]
tmp_1_8      (zext             ) [ 00000000]
input_addr_1 (getelementptr    ) [ 00010000]
input_load   (load             ) [ 00101110]
input_load_1 (load             ) [ 00101110]
tmp_9_1      (or               ) [ 00000000]
tmp_2        (zext             ) [ 00000000]
input_addr_2 (getelementptr    ) [ 00001000]
tmp_9_2      (or               ) [ 00000000]
tmp_3        (zext             ) [ 00000000]
input_addr_3 (getelementptr    ) [ 00001000]
input_load_2 (load             ) [ 00100110]
input_load_3 (load             ) [ 00100110]
tmp_9_3      (or               ) [ 00000000]
tmp_4        (zext             ) [ 00000000]
input_addr_4 (getelementptr    ) [ 00000100]
tmp_9_4      (or               ) [ 00000000]
tmp_5        (zext             ) [ 00000000]
input_addr_5 (getelementptr    ) [ 00000100]
input_load_4 (load             ) [ 00100010]
input_load_5 (load             ) [ 00100010]
tmp_9_5      (or               ) [ 00000000]
tmp_6        (zext             ) [ 00000000]
input_addr_6 (getelementptr    ) [ 00100010]
tmp_9_6      (or               ) [ 00000000]
tmp_7        (zext             ) [ 00000000]
input_addr_7 (getelementptr    ) [ 00100010]
empty        (speclooptripcount) [ 00000000]
stg_54       (specloopname     ) [ 00000000]
tmp_1        (specregionbegin  ) [ 00000000]
stg_56       (specpipeline     ) [ 00000000]
tmp_20       (zext             ) [ 00000000]
buf_0_addr   (getelementptr    ) [ 00000000]
tmp_21       (or               ) [ 00000000]
tmp_22       (bitconcatenate   ) [ 00000000]
buf_0_addr_1 (getelementptr    ) [ 00000000]
buf_1_addr   (getelementptr    ) [ 00000000]
buf_1_addr_1 (getelementptr    ) [ 00000000]
buf_2_addr   (getelementptr    ) [ 00000000]
buf_2_addr_1 (getelementptr    ) [ 00000000]
buf_3_addr   (getelementptr    ) [ 00000000]
buf_3_addr_1 (getelementptr    ) [ 00000000]
stg_68       (store            ) [ 00000000]
stg_69       (store            ) [ 00000000]
stg_70       (store            ) [ 00000000]
stg_71       (store            ) [ 00000000]
stg_72       (store            ) [ 00000000]
stg_73       (store            ) [ 00000000]
input_load_6 (load             ) [ 00000000]
stg_75       (store            ) [ 00000000]
input_load_7 (load             ) [ 00000000]
stg_77       (store            ) [ 00000000]
empty_9      (specregionend    ) [ 00000000]
stg_79       (br               ) [ 01111110]
stg_80       (ret              ) [ 00000000]
</LifeTime>

<model>

<comp_list>
<comp id="0" class="1000" name="input_r">
<pin_list>
<pin id="1" dir="1" index="0" bw="1" slack="0"/>
</pin_list>
<bind>
<StgValue><ssdm name="input_r"/><MemPortTyVec>1 1 </MemPortTyVec>
</StgValue>
</bind>
</comp>

<comp id="2" class="1000" name="buf_0">
<pin_list>
<pin id="3" dir="1" index="0" bw="1" slack="0"/>
</pin_list>
<bind>
<StgValue><ssdm name="buf_0"/><MemPortTyVec>0 0 </MemPortTyVec>
</StgValue>
</bind>
</comp>

<comp id="4" class="1000" name="buf_1">
<pin_list>
<pin id="5" dir="1" index="0" bw="1" slack="0"/>
</pin_list>
<bind>
<StgValue><ssdm name="buf_1"/><MemPortTyVec>0 0 </MemPortTyVec>
</StgValue>
</bind>
</comp>

<comp id="6" class="1000" name="buf_2">
<pin_list>
<pin id="7" dir="1" index="0" bw="1" slack="0"/>
</pin_list>
<bind>
<StgValue><ssdm name="buf_2"/><MemPortTyVec>0 0 </MemPortTyVec>
</StgValue>
</bind>
</comp>

<comp id="8" class="1000" name="buf_3">
<pin_list>
<pin id="9" dir="1" index="0" bw="1" slack="0"/>
</pin_list>
<bind>
<StgValue><ssdm name="buf_3"/><MemPortTyVec>0 0 </MemPortTyVec>
</StgValue>
</bind>
</comp>

<comp id="10" class="1001" name="const_10">
<pin_list>
<pin id="11" dir="1" index="0" bw="1" slack="1"/>
</pin_list>
<bind>
<StgValue><ssdm name=""/></StgValue>
</bind>
</comp>

<comp id="12" class="1001" name="const_12">
<pin_list>
<pin id="13" dir="1" index="0" bw="1" slack="0"/>
</pin_list>
<bind>
<StgValue><ssdm name=""/></StgValue>
</bind>
</comp>

<comp id="14" class="1001" name="const_14">
<pin_list>
<pin id="15" dir="1" index="0" bw="1" slack="0"/>
</pin_list>
<bind>
<StgValue><ssdm name=""/></StgValue>
</bind>
</comp>

<comp id="16" class="1001" name="const_16">
<pin_list>
<pin id="17" dir="1" index="0" bw="1" slack="0"/>
</pin_list>
<bind>
<StgValue><ssdm name="_ssdm_op_BitConcatenate.i6.i3.i3"/></StgValue>
</bind>
</comp>

<comp id="18" class="1001" name="const_18">
<pin_list>
<pin id="19" dir="1" index="0" bw="1" slack="0"/>
</pin_list>
<bind>
<StgValue><ssdm name=""/></StgValue>
</bind>
</comp>

<comp id="20" class="1001" name="const_20">
<pin_list>
<pin id="21" dir="1" index="0" bw="1" slack="0"/>
</pin_list>
<bind>
<StgValue><ssdm name="_ssdm_op_BitConcatenate.i5.i4.i1"/></StgValue>
</bind>
</comp>

<comp id="22" class="1001" name="const_22">
<pin_list>
<pin id="23" dir="1" index="0" bw="1" slack="0"/>
</pin_list>
<bind>
<StgValue><ssdm name=""/></StgValue>
</bind>
</comp>

<comp id="24" class="1001" name="const_24">
<pin_list>
<pin id="25" dir="1" index="0" bw="1" slack="0"/>
</pin_list>
<bind>
<StgValue><ssdm name=""/></StgValue>
</bind>
</comp>

<comp id="26" class="1001" name="const_26">
<pin_list>
<pin id="27" dir="1" index="0" bw="1" slack="0"/>
</pin_list>
<bind>
<StgValue><ssdm name=""/></StgValue>
</bind>
</comp>

<comp id="28" class="1001" name="const_28">
<pin_list>
<pin id="29" dir="1" index="0" bw="1" slack="0"/>
</pin_list>
<bind>
<StgValue><ssdm name=""/></StgValue>
</bind>
</comp>

<comp id="30" class="1001" name="const_30">
<pin_list>
<pin id="31" dir="1" index="0" bw="1" slack="0"/>
</pin_list>
<bind>
<StgValue><ssdm name=""/></StgValue>
</bind>
</comp>

<comp id="32" class="1001" name="const_32">
<pin_list>
<pin id="33" dir="1" index="0" bw="1" slack="0"/>
</pin_list>
<bind>
<StgValue><ssdm name=""/></StgValue>
</bind>
</comp>

<comp id="34" class="1001" name="const_34">
<pin_list>
<pin id="35" dir="1" index="0" bw="1" slack="0"/>
</pin_list>
<bind>
<StgValue><ssdm name=""/></StgValue>
</bind>
</comp>

<comp id="36" class="1001" name="const_36">
<pin_list>
<pin id="37" dir="1" index="0" bw="1" slack="0"/>
</pin_list>
<bind>
<StgValue><ssdm name=""/></StgValue>
</bind>
</comp>

<comp id="38" class="1001" name="const_38">
<pin_list>
<pin id="39" dir="1" index="0" bw="1" slack="0"/>
</pin_list>
<bind>
<StgValue><ssdm name=""/></StgValue>
</bind>
</comp>

<comp id="40" class="1001" name="const_40">
<pin_list>
<pin id="41" dir="1" index="0" bw="1" slack="2147483647"/>
</pin_list>
<bind>
<StgValue><ssdm name="_ssdm_op_SpecLoopTripCount"/></StgValue>
</bind>
</comp>

<comp id="42" class="1001" name="const_42">
<pin_list>
<pin id="43" dir="1" index="0" bw="1" slack="2147483647"/>
</pin_list>
<bind>
<StgValue><ssdm name=""/></StgValue>
</bind>
</comp>

<comp id="44" class="1001" name="const_44">
<pin_list>
<pin id="45" dir="1" index="0" bw="1" slack="2147483647"/>
</pin_list>
<bind>
<StgValue><ssdm name="_ssdm_op_SpecLoopName"/></StgValue>
</bind>
</comp>

<comp id="46" class="1001" name="const_46">
<pin_list>
<pin id="47" dir="1" index="0" bw="1" slack="2147483647"/>
</pin_list>
<bind>
<StgValue><ssdm name="p_str8"/></StgValue>
</bind>
</comp>

<comp id="48" class="1001" name="const_48">
<pin_list>
<pin id="49" dir="1" index="0" bw="1" slack="2147483647"/>
</pin_list>
<bind>
<StgValue><ssdm name="_ssdm_op_SpecRegionBegin"/></StgValue>
</bind>
</comp>

<comp id="50" class="1001" name="const_50">
<pin_list>
<pin id="51" dir="1" index="0" bw="1" slack="2147483647"/>
</pin_list>
<bind>
<StgValue><ssdm name="_ssdm_op_SpecPipeline"/></StgValue>
</bind>
</comp>

<comp id="52" class="1001" name="const_52">
<pin_list>
<pin id="53" dir="1" index="0" bw="1" slack="2147483647"/>
</pin_list>
<bind>
<StgValue><ssdm name=""/></StgValue>
</bind>
</comp>

<comp id="54" class="1001" name="const_54">
<pin_list>
<pin id="55" dir="1" index="0" bw="1" slack="2147483647"/>
</pin_list>
<bind>
<StgValue><ssdm name=""/></StgValue>
</bind>
</comp>

<comp id="56" class="1001" name="const_56">
<pin_list>
<pin id="57" dir="1" index="0" bw="1" slack="2147483647"/>
</pin_list>
<bind>
<StgValue><ssdm name="p_str1"/></StgValue>
</bind>
</comp>

<comp id="58" class="1001" name="const_58">
<pin_list>
<pin id="59" dir="1" index="0" bw="1" slack="0"/>
</pin_list>
<bind>
<StgValue><ssdm name=""/></StgValue>
</bind>
</comp>

<comp id="60" class="1001" name="const_60">
<pin_list>
<pin id="61" dir="1" index="0" bw="1" slack="0"/>
</pin_list>
<bind>
<StgValue><ssdm name="_ssdm_op_BitConcatenate.i64.i59.i5"/></StgValue>
</bind>
</comp>

<comp id="62" class="1001" name="const_62">
<pin_list>
<pin id="63" dir="1" index="0" bw="1" slack="0"/>
</pin_list>
<bind>
<StgValue><ssdm name=""/></StgValue>
</bind>
</comp>

<comp id="64" class="1001" name="const_64">
<pin_list>
<pin id="65" dir="1" index="0" bw="1" slack="2147483647"/>
</pin_list>
<bind>
<StgValue><ssdm name="_ssdm_op_SpecRegionEnd"/></StgValue>
</bind>
</comp>

<comp id="66" class="1004" name="input_addr_gep_fu_66">
<pin_list>
<pin id="67" dir="0" index="0" bw="16" slack="0"/>
<pin id="68" dir="0" index="1" bw="1" slack="0"/>
<pin id="69" dir="0" index="2" bw="6" slack="0"/>
<pin id="70" dir="1" index="3" bw="6" slack="0"/>
</pin_list>
<bind>
<opcode="getelementptr(29) " fcode="getelementptr"/>
<opset="input_addr/2 "/>
</bind>
</comp>

<comp id="73" class="1004" name="grp_access_fu_73">
<pin_list>
<pin id="74" dir="0" index="0" bw="6" slack="0"/>
<pin id="75" dir="0" index="1" bw="16" slack="2147483647"/>
<pin id="85" dir="0" index="3" bw="6" slack="0"/>
<pin id="86" dir="0" index="4" bw="16" slack="2147483647"/>
<pin id="76" dir="1" index="2" bw="16" slack="0"/>
<pin id="87" dir="1" index="5" bw="16" slack="0"/>
</pin_list>
<bind>
<opcode="load(27) " fcode="load"/>
<opset="input_load/2 input_load_1/2 input_load_2/3 input_load_3/3 input_load_4/4 input_load_5/4 input_load_6/5 input_load_7/5 "/>
</bind>
</comp>

<comp id="78" class="1004" name="input_addr_1_gep_fu_78">
<pin_list>
<pin id="79" dir="0" index="0" bw="16" slack="0"/>
<pin id="80" dir="0" index="1" bw="1" slack="0"/>
<pin id="81" dir="0" index="2" bw="6" slack="0"/>
<pin id="82" dir="1" index="3" bw="6" slack="0"/>
</pin_list>
<bind>
<opcode="getelementptr(29) " fcode="getelementptr"/>
<opset="input_addr_1/2 "/>
</bind>
</comp>

<comp id="89" class="1004" name="input_addr_2_gep_fu_89">
<pin_list>
<pin id="90" dir="0" index="0" bw="16" slack="0"/>
<pin id="91" dir="0" index="1" bw="1" slack="0"/>
<pin id="92" dir="0" index="2" bw="6" slack="0"/>
<pin id="93" dir="1" index="3" bw="6" slack="0"/>
</pin_list>
<bind>
<opcode="getelementptr(29) " fcode="getelementptr"/>
<opset="input_addr_2/3 "/>
</bind>
</comp>

<comp id="97" class="1004" name="input_addr_3_gep_fu_97">
<pin_list>
<pin id="98" dir="0" index="0" bw="16" slack="0"/>
<pin id="99" dir="0" index="1" bw="1" slack="0"/>
<pin id="100" dir="0" index="2" bw="6" slack="0"/>
<pin id="101" dir="1" index="3" bw="6" slack="0"/>
</pin_list>
<bind>
<opcode="getelementptr(29) " fcode="getelementptr"/>
<opset="input_addr_3/3 "/>
</bind>
</comp>

<comp id="105" class="1004" name="input_addr_4_gep_fu_105">
<pin_list>
<pin id="106" dir="0" index="0" bw="16" slack="0"/>
<pin id="107" dir="0" index="1" bw="1" slack="0"/>
<pin id="108" dir="0" index="2" bw="6" slack="0"/>
<pin id="109" dir="1" index="3" bw="6" slack="0"/>
</pin_list>
<bind>
<opcode="getelementptr(29) " fcode="getelementptr"/>
<opset="input_addr_4/4 "/>
</bind>
</comp>

<comp id="113" class="1004" name="input_addr_5_gep_fu_113">
<pin_list>
<pin id="114" dir="0" index="0" bw="16" slack="0"/>
<pin id="115" dir="0" index="1" bw="1" slack="0"/>
<pin id="116" dir="0" index="2" bw="6" slack="0"/>
<pin id="117" dir="1" index="3" bw="6" slack="0"/>
</pin_list>
<bind>
<opcode="getelementptr(29) " fcode="getelementptr"/>
<opset="input_addr_5/4 "/>
</bind>
</comp>

<comp id="121" class="1004" name="input_addr_6_gep_fu_121">
<pin_list>
<pin id="122" dir="0" index="0" bw="16" slack="0"/>
<pin id="123" dir="0" index="1" bw="1" slack="0"/>
<pin id="124" dir="0" index="2" bw="6" slack="0"/>
<pin id="125" dir="1" index="3" bw="6" slack="0"/>
</pin_list>
<bind>
<opcode="getelementptr(29) " fcode="getelementptr"/>
<opset="input_addr_6/5 "/>
</bind>
</comp>

<comp id="129" class="1004" name="input_addr_7_gep_fu_129">
<pin_list>
<pin id="130" dir="0" index="0" bw="16" slack="0"/>
<pin id="131" dir="0" index="1" bw="1" slack="0"/>
<pin id="132" dir="0" index="2" bw="6" slack="0"/>
<pin id="133" dir="1" index="3" bw="6" slack="0"/>
</pin_list>
<bind>
<opcode="getelementptr(29) " fcode="getelementptr"/>
<opset="input_addr_7/5 "/>
</bind>
</comp>

<comp id="137" class="1004" name="buf_0_addr_gep_fu_137">
<pin_list>
<pin id="138" dir="0" index="0" bw="16" slack="0"/>
<pin id="139" dir="0" index="1" bw="1" slack="0"/>
<pin id="140" dir="0" index="2" bw="5" slack="0"/>
<pin id="141" dir="1" index="3" bw="4" slack="0"/>
</pin_list>
<bind>
<opcode="getelementptr(29) " fcode="getelementptr"/>
<opset="buf_0_addr/6 "/>
</bind>
</comp>

<comp id="144" class="1004" name="buf_0_addr_1_gep_fu_144">
<pin_list>
<pin id="145" dir="0" index="0" bw="16" slack="0"/>
<pin id="146" dir="0" index="1" bw="1" slack="0"/>
<pin id="147" dir="0" index="2" bw="64" slack="0"/>
<pin id="148" dir="1" index="3" bw="4" slack="0"/>
</pin_list>
<bind>
<opcode="getelementptr(29) " fcode="getelementptr"/>
<opset="buf_0_addr_1/6 "/>
</bind>
</comp>

<comp id="151" class="1004" name="buf_1_addr_gep_fu_151">
<pin_list>
<pin id="152" dir="0" index="0" bw="16" slack="0"/>
<pin id="153" dir="0" index="1" bw="1" slack="0"/>
<pin id="154" dir="0" index="2" bw="5" slack="0"/>
<pin id="155" dir="1" index="3" bw="4" slack="0"/>
</pin_list>
<bind>
<opcode="getelementptr(29) " fcode="getelementptr"/>
<opset="buf_1_addr/6 "/>
</bind>
</comp>

<comp id="158" class="1004" name="buf_1_addr_1_gep_fu_158">
<pin_list>
<pin id="159" dir="0" index="0" bw="16" slack="0"/>
<pin id="160" dir="0" index="1" bw="1" slack="0"/>
<pin id="161" dir="0" index="2" bw="64" slack="0"/>
<pin id="162" dir="1" index="3" bw="4" slack="0"/>
</pin_list>
<bind>
<opcode="getelementptr(29) " fcode="getelementptr"/>
<opset="buf_1_addr_1/6 "/>
</bind>
</comp>

<comp id="165" class="1004" name="buf_2_addr_gep_fu_165">
<pin_list>
<pin id="166" dir="0" index="0" bw="16" slack="0"/>
<pin id="167" dir="0" index="1" bw="1" slack="0"/>
<pin id="168" dir="0" index="2" bw="5" slack="0"/>
<pin id="169" dir="1" index="3" bw="4" slack="0"/>
</pin_list>
<bind>
<opcode="getelementptr(29) " fcode="getelementptr"/>
<opset="buf_2_addr/6 "/>
</bind>
</comp>

<comp id="172" class="1004" name="buf_2_addr_1_gep_fu_172">
<pin_list>
<pin id="173" dir="0" index="0" bw="16" slack="0"/>
<pin id="174" dir="0" index="1" bw="1" slack="0"/>
<pin id="175" dir="0" index="2" bw="64" slack="0"/>
<pin id="176" dir="1" index="3" bw="4" slack="0"/>
</pin_list>
<bind>
<opcode="getelementptr(29) " fcode="getelementptr"/>
<opset="buf_2_addr_1/6 "/>
</bind>
</comp>

<comp id="179" class="1004" name="buf_3_addr_gep_fu_179">
<pin_list>
<pin id="180" dir="0" index="0" bw="16" slack="0"/>
<pin id="181" dir="0" index="1" bw="1" slack="0"/>
<pin id="182" dir="0" index="2" bw="5" slack="0"/>
<pin id="183" dir="1" index="3" bw="4" slack="0"/>
</pin_list>
<bind>
<opcode="getelementptr(29) " fcode="getelementptr"/>
<opset="buf_3_addr/6 "/>
</bind>
</comp>

<comp id="186" class="1004" name="buf_3_addr_1_gep_fu_186">
<pin_list>
<pin id="187" dir="0" index="0" bw="16" slack="0"/>
<pin id="188" dir="0" index="1" bw="1" slack="0"/>
<pin id="189" dir="0" index="2" bw="64" slack="0"/>
<pin id="190" dir="1" index="3" bw="4" slack="0"/>
</pin_list>
<bind>
<opcode="getelementptr(29) " fcode="getelementptr"/>
<opset="buf_3_addr_1/6 "/>
</bind>
</comp>

<comp id="193" class="1004" name="grp_access_fu_193">
<pin_list>
<pin id="194" dir="0" index="0" bw="4" slack="0"/>
<pin id="195" dir="0" index="1" bw="16" slack="3"/>
<pin id="198" dir="0" index="3" bw="4" slack="0"/>
<pin id="199" dir="0" index="4" bw="16" slack="3"/>
<pin id="196" dir="1" index="2" bw="16" slack="2147483647"/>
<pin id="200" dir="1" index="5" bw="16" slack="2147483647"/>
</pin_list>
<bind>
<opcode="store(28) " fcode="store"/>
<opset="stg_68/6 stg_69/6 "/>
</bind>
</comp>

<comp id="202" class="1004" name="grp_access_fu_202">
<pin_list>
<pin id="203" dir="0" index="0" bw="4" slack="0"/>
<pin id="204" dir="0" index="1" bw="16" slack="2"/>
<pin id="207" dir="0" index="3" bw="4" slack="0"/>
<pin id="208" dir="0" index="4" bw="16" slack="2"/>
<pin id="205" dir="1" index="2" bw="16" slack="2147483647"/>
<pin id="209" dir="1" index="5" bw="16" slack="2147483647"/>
</pin_list>
<bind>
<opcode="store(28) " fcode="store"/>
<opset="stg_70/6 stg_71/6 "/>
</bind>
</comp>

<comp id="211" class="1004" name="grp_access_fu_211">
<pin_list>
<pin id="212" dir="0" index="0" bw="4" slack="0"/>
<pin id="213" dir="0" index="1" bw="16" slack="1"/>
<pin id="216" dir="0" index="3" bw="4" slack="0"/>
<pin id="217" dir="0" index="4" bw="16" slack="1"/>
<pin id="214" dir="1" index="2" bw="16" slack="2147483647"/>
<pin id="218" dir="1" index="5" bw="16" slack="2147483647"/>
</pin_list>
<bind>
<opcode="store(28) " fcode="store"/>
<opset="stg_72/6 stg_73/6 "/>
</bind>
</comp>

<comp id="220" class="1004" name="grp_access_fu_220">
<pin_list>
<pin id="221" dir="0" index="0" bw="4" slack="0"/>
<pin id="222" dir="0" index="1" bw="16" slack="0"/>
<pin id="226" dir="0" index="3" bw="4" slack="0"/>
<pin id="227" dir="0" index="4" bw="16" slack="0"/>
<pin id="223" dir="1" index="2" bw="16" slack="2147483647"/>
<pin id="228" dir="1" index="5" bw="16" slack="2147483647"/>
</pin_list>
<bind>
<opcode="store(28) " fcode="store"/>
<opset="stg_75/6 stg_77/6 "/>
</bind>
</comp>

<comp id="231" class="1005" name="r_reg_231">
<pin_list>
<pin id="232" dir="0" index="0" bw="4" slack="1"/>
<pin id="233" dir="1" index="1" bw="4" slack="1"/>
</pin_list>
<bind>
<opset="r (phireg) "/>
</bind>
</comp>

<comp id="235" class="1004" name="r_phi_fu_235">
<pin_list>
<pin id="236" dir="0" index="0" bw="1" slack="1"/>
<pin id="237" dir="0" index="1" bw="0" slack="2147483647"/>
<pin id="238" dir="0" index="2" bw="4" slack="0"/>
<pin id="239" dir="0" index="3" bw="0" slack="2147483647"/>
<pin id="240" dir="1" index="4" bw="4" slack="0"/>
</pin_list>
<bind>
<opcode="phi(47) " fcode="phi"/>
<opset="r/2 "/>
</bind>
</comp>

<comp id="242" class="1004" name="exitcond1_fu_242">
<pin_list>
<pin id="243" dir="0" index="0" bw="4" slack="0"/>
<pin id="244" dir="0" index="1" bw="4" slack="0"/>
<pin id="245" dir="1" index="2" bw="1" slack="1"/>
</pin_list>
<bind>
<opcode="icmp(45) " fcode="icmp"/>
<opset="exitcond1/2 "/>
</bind>
</comp>

<comp id="248" class="1004" name="r_2_fu_248">
<pin_list>
<pin id="249" dir="0" index="0" bw="4" slack="0"/>
<pin id="250" dir="0" index="1" bw="1" slack="0"/>
<pin id="251" dir="1" index="2" bw="4" slack="0"/>
</pin_list>
<bind>
<opcode="add(8) " fcode="add"/>
<opset="r_2/2 "/>
</bind>
</comp>

<comp id="254" class="1004" name="tmp_19_fu_254">
<pin_list>
<pin id="255" dir="0" index="0" bw="4" slack="0"/>
<pin id="256" dir="1" index="1" bw="3" slack="0"/>
</pin_list>
<bind>
<opcode="trunc(33) " fcode="trunc"/>
<opset="tmp_19/2 "/>
</bind>
</comp>

<comp id="258" class="1004" name="tmp_fu_258">
<pin_list>
<pin id="259" dir="0" index="0" bw="6" slack="0"/>
<pin id="260" dir="0" index="1" bw="3" slack="0"/>
<pin id="261" dir="0" index="2" bw="1" slack="0"/>
<pin id="262" dir="1" index="3" bw="6" slack="0"/>
</pin_list>
<bind>
<opcode="bitconcatenate(1004) " fcode="bitconcatenate"/>
<opset="tmp/2 "/>
</bind>
</comp>

<comp id="266" class="1004" name="tmp_18_fu_266">
<pin_list>
<pin id="267" dir="0" index="0" bw="5" slack="0"/>
<pin id="268" dir="0" index="1" bw="4" slack="0"/>
<pin id="269" dir="0" index="2" bw="1" slack="0"/>
<pin id="270" dir="1" index="3" bw="5" slack="4"/>
</pin_list>
<bind>
<opcode="bitconcatenate(1004) " fcode="bitconcatenate"/>
<opset="tmp_18/2 "/>
</bind>
</comp>

<comp id="274" class="1004" name="tmp_s_fu_274">
<pin_list>
<pin id="275" dir="0" index="0" bw="6" slack="0"/>
<pin id="276" dir="1" index="1" bw="64" slack="0"/>
</pin_list>
<bind>
<opcode="zext(34) " fcode="zext"/>
<opset="tmp_s/2 "/>
</bind>
</comp>

<comp id="279" class="1004" name="tmp_9_s_fu_279">
<pin_list>
<pin id="280" dir="0" index="0" bw="6" slack="0"/>
<pin id="281" dir="0" index="1" bw="1" slack="0"/>
<pin id="282" dir="1" index="2" bw="6" slack="0"/>
</pin_list>
<bind>
<opcode="or(24) " fcode="or"/>
<opset="tmp_9_s/2 "/>
</bind>
</comp>

<comp id="285" class="1004" name="tmp_1_8_fu_285">
<pin_list>
<pin id="286" dir="0" index="0" bw="6" slack="0"/>
<pin id="287" dir="1" index="1" bw="64" slack="0"/>
</pin_list>
<bind>
<opcode="zext(34) " fcode="zext"/>
<opset="tmp_1_8/2 "/>
</bind>
</comp>

<comp id="290" class="1004" name="tmp_9_1_fu_290">
<pin_list>
<pin id="291" dir="0" index="0" bw="6" slack="1"/>
<pin id="292" dir="0" index="1" bw="3" slack="0"/>
<pin id="293" dir="1" index="2" bw="6" slack="0"/>
</pin_list>
<bind>
<opcode="or(24) " fcode="or"/>
<opset="tmp_9_1/3 "/>
</bind>
</comp>

<comp id="295" class="1004" name="tmp_2_fu_295">
<pin_list>
<pin id="296" dir="0" index="0" bw="6" slack="0"/>
<pin id="297" dir="1" index="1" bw="64" slack="0"/>
</pin_list>
<bind>
<opcode="zext(34) " fcode="zext"/>
<opset="tmp_2/3 "/>
</bind>
</comp>

<comp id="300" class="1004" name="tmp_9_2_fu_300">
<pin_list>
<pin id="301" dir="0" index="0" bw="6" slack="1"/>
<pin id="302" dir="0" index="1" bw="3" slack="0"/>
<pin id="303" dir="1" index="2" bw="6" slack="0"/>
</pin_list>
<bind>
<opcode="or(24) " fcode="or"/>
<opset="tmp_9_2/3 "/>
</bind>
</comp>

<comp id="305" class="1004" name="tmp_3_fu_305">
<pin_list>
<pin id="306" dir="0" index="0" bw="6" slack="0"/>
<pin id="307" dir="1" index="1" bw="64" slack="0"/>
</pin_list>
<bind>
<opcode="zext(34) " fcode="zext"/>
<opset="tmp_3/3 "/>
</bind>
</comp>

<comp id="310" class="1004" name="tmp_9_3_fu_310">
<pin_list>
<pin id="311" dir="0" index="0" bw="6" slack="2"/>
<pin id="312" dir="0" index="1" bw="4" slack="0"/>
<pin id="313" dir="1" index="2" bw="6" slack="0"/>
</pin_list>
<bind>
<opcode="or(24) " fcode="or"/>
<opset="tmp_9_3/4 "/>
</bind>
</comp>

<comp id="315" class="1004" name="tmp_4_fu_315">
<pin_list>
<pin id="316" dir="0" index="0" bw="6" slack="0"/>
<pin id="317" dir="1" index="1" bw="64" slack="0"/>
</pin_list>
<bind>
<opcode="zext(34) " fcode="zext"/>
<opset="tmp_4/4 "/>
</bind>
</comp>

<comp id="320" class="1004" name="tmp_9_4_fu_320">
<pin_list>
<pin id="321" dir="0" index="0" bw="6" slack="2"/>
<pin id="322" dir="0" index="1" bw="4" slack="0"/>
<pin id="323" dir="1" index="2" bw="6" slack="0"/>
</pin_list>
<bind>
<opcode="or(24) " fcode="or"/>
<opset="tmp_9_4/4 "/>
</bind>
</comp>

<comp id="325" class="1004" name="tmp_5_fu_325">
<pin_list>
<pin id="326" dir="0" index="0" bw="6" slack="0"/>
<pin id="327" dir="1" index="1" bw="64" slack="0"/>
</pin_list>
<bind>
<opcode="zext(34) " fcode="zext"/>
<opset="tmp_5/4 "/>
</bind>
</comp>

<comp id="330" class="1004" name="tmp_9_5_fu_330">
<pin_list>
<pin id="331" dir="0" index="0" bw="6" slack="3"/>
<pin id="332" dir="0" index="1" bw="4" slack="0"/>
<pin id="333" dir="1" index="2" bw="6" slack="0"/>
</pin_list>
<bind>
<opcode="or(24) " fcode="or"/>
<opset="tmp_9_5/5 "/>
</bind>
</comp>

<comp id="335" class="1004" name="tmp_6_fu_335">
<pin_list>
<pin id="336" dir="0" index="0" bw="6" slack="0"/>
<pin id="337" dir="1" index="1" bw="64" slack="0"/>
</pin_list>
<bind>
<opcode="zext(34) " fcode="zext"/>
<opset="tmp_6/5 "/>
</bind>
</comp>

<comp id="340" class="1004" name="tmp_9_6_fu_340">
<pin_list>
<pin id="341" dir="0" index="0" bw="6" slack="3"/>
<pin id="342" dir="0" index="1" bw="4" slack="0"/>
<pin id="343" dir="1" index="2" bw="6" slack="0"/>
</pin_list>
<bind>
<opcode="or(24) " fcode="or"/>
<opset="tmp_9_6/5 "/>
</bind>
</comp>

<comp id="345" class="1004" name="tmp_7_fu_345">
<pin_list>
<pin id="346" dir="0" index="0" bw="6" slack="0"/>
<pin id="347" dir="1" index="1" bw="64" slack="0"/>
</pin_list>
<bind>
<opcode="zext(34) " fcode="zext"/>
<opset="tmp_7/5 "/>
</bind>
</comp>

<comp id="350" class="1004" name="tmp_20_fu_350">
<pin_list>
<pin id="351" dir="0" index="0" bw="5" slack="4"/>
<pin id="352" dir="1" index="1" bw="64" slack="0"/>
</pin_list>
<bind>
<opcode="zext(34) " fcode="zext"/>
<opset="tmp_20/6 "/>
</bind>
</comp>

<comp id="357" class="1004" name="tmp_21_fu_357">
<pin_list>
<pin id="358" dir="0" index="0" bw="5" slack="4"/>
<pin id="359" dir="0" index="1" bw="1" slack="0"/>
<pin id="360" dir="1" index="2" bw="5" slack="0"/>
</pin_list>
<bind>
<opcode="or(24) " fcode="or"/>
<opset="tmp_21/6 "/>
</bind>
</comp>

<comp id="362" class="1004" name="tmp_22_fu_362">
<pin_list>
<pin id="363" dir="0" index="0" bw="64" slack="0"/>
<pin id="364" dir="0" index="1" bw="1" slack="0"/>
<pin id="365" dir="0" index="2" bw="5" slack="0"/>
<pin id="366" dir="1" index="3" bw="64" slack="0"/>
</pin_list>
<bind>
<opcode="bitconcatenate(1004) " fcode="bitconcatenate"/>
<opset="tmp_22/6 "/>
</bind>
</comp>

<comp id="374" class="1005" name="exitcond1_reg_374">
<pin_list>
<pin id="375" dir="0" index="0" bw="1" slack="1"/>
<pin id="376" dir="1" index="1" bw="1" slack="2147483647"/>
</pin_list>
<bind>
<opset="exitcond1 "/>
</bind>
</comp>

<comp id="378" class="1005" name="r_2_reg_378">
<pin_list>
<pin id="379" dir="0" index="0" bw="4" slack="0"/>
<pin id="380" dir="1" index="1" bw="4" slack="0"/>
</pin_list>
<bind>
<opset="r_2 "/>
</bind>
</comp>

<comp id="383" class="1005" name="tmp_reg_383">
<pin_list>
<pin id="384" dir="0" index="0" bw="6" slack="1"/>
<pin id="385" dir="1" index="1" bw="6" slack="1"/>
</pin_list>
<bind>
<opset="tmp "/>
</bind>
</comp>

<comp id="393" class="1005" name="tmp_18_reg_393">
<pin_list>
<pin id="394" dir="0" index="0" bw="5" slack="4"/>
<pin id="395" dir="1" index="1" bw="5" slack="4"/>
</pin_list>
<bind>
<opset="tmp_18 "/>
</bind>
</comp>

<comp id="399" class="1005" name="input_addr_reg_399">
<pin_list>
<pin id="400" dir="0" index="0" bw="6" slack="1"/>
<pin id="401" dir="1" index="1" bw="6" slack="1"/>
</pin_list>
<bind>
<opset="input_addr "/>
</bind>
</comp>

<comp id="404" class="1005" name="input_addr_1_reg_404">
<pin_list>
<pin id="405" dir="0" index="0" bw="6" slack="1"/>
<pin id="406" dir="1" index="1" bw="6" slack="1"/>
</pin_list>
<bind>
<opset="input_addr_1 "/>
</bind>
</comp>

<comp id="409" class="1005" name="input_load_reg_409">
<pin_list>
<pin id="410" dir="0" index="0" bw="16" slack="3"/>
<pin id="411" dir="1" index="1" bw="16" slack="3"/>
</pin_list>
<bind>
<opset="input_load "/>
</bind>
</comp>

<comp id="414" class="1005" name="input_load_1_reg_414">
<pin_list>
<pin id="415" dir="0" index="0" bw="16" slack="3"/>
<pin id="416" dir="1" index="1" bw="16" slack="3"/>
</pin_list>
<bind>
<opset="input_load_1 "/>
</bind>
</comp>

<comp id="419" class="1005" name="input_addr_2_reg_419">
<pin_list>
<pin id="420" dir="0" index="0" bw="6" slack="1"/>
<pin id="421" dir="1" index="1" bw="6" slack="1"/>
</pin_list>
<bind>
<opset="input_addr_2 "/>
</bind>
</comp>

<comp id="424" class="1005" name="input_addr_3_reg_424">
<pin_list>
<pin id="425" dir="0" index="0" bw="6" slack="1"/>
<pin id="426" dir="1" index="1" bw="6" slack="1"/>
</pin_list>
<bind>
<opset="input_addr_3 "/>
</bind>
</comp>

<comp id="429" class="1005" name="input_load_2_reg_429">
<pin_list>
<pin id="430" dir="0" index="0" bw="16" slack="2"/>
<pin id="431" dir="1" index="1" bw="16" slack="2"/>
</pin_list>
<bind>
<opset="input_load_2 "/>
</bind>
</comp>

<comp id="434" class="1005" name="input_load_3_reg_434">
<pin_list>
<pin id="435" dir="0" index="0" bw="16" slack="2"/>
<pin id="436" dir="1" index="1" bw="16" slack="2"/>
</pin_list>
<bind>
<opset="input_load_3 "/>
</bind>
</comp>

<comp id="439" class="1005" name="input_addr_4_reg_439">
<pin_list>
<pin id="440" dir="0" index="0" bw="6" slack="1"/>
<pin id="441" dir="1" index="1" bw="6" slack="1"/>
</pin_list>
<bind>
<opset="input_addr_4 "/>
</bind>
</comp>

<comp id="444" class="1005" name="input_addr_5_reg_444">
<pin_list>
<pin id="445" dir="0" index="0" bw="6" slack="1"/>
<pin id="446" dir="1" index="1" bw="6" slack="1"/>
</pin_list>
<bind>
<opset="input_addr_5 "/>
</bind>
</comp>

<comp id="449" class="1005" name="input_load_4_reg_449">
<pin_list>
<pin id="450" dir="0" index="0" bw="16" slack="1"/>
<pin id="451" dir="1" index="1" bw="16" slack="1"/>
</pin_list>
<bind>
<opset="input_load_4 "/>
</bind>
</comp>

<comp id="454" class="1005" name="input_load_5_reg_454">
<pin_list>
<pin id="455" dir="0" index="0" bw="16" slack="1"/>
<pin id="456" dir="1" index="1" bw="16" slack="1"/>
</pin_list>
<bind>
<opset="input_load_5 "/>
</bind>
</comp>

<comp id="459" class="1005" name="input_addr_6_reg_459">
<pin_list>
<pin id="460" dir="0" index="0" bw="6" slack="1"/>
<pin id="461" dir="1" index="1" bw="6" slack="1"/>
</pin_list>
<bind>
<opset="input_addr_6 "/>
</bind>
</comp>

<comp id="464" class="1005" name="input_addr_7_reg_464">
<pin_list>
<pin id="465" dir="0" index="0" bw="6" slack="1"/>
<pin id="466" dir="1" index="1" bw="6" slack="1"/>
</pin_list>
<bind>
<opset="input_addr_7 "/>
</bind>
</comp>

</comp_list>

<net_list>
<net id="71"><net_src comp="0" pin="0"/><net_sink comp="66" pin=0"/></net>

<net id="72"><net_src comp="24" pin="0"/><net_sink comp="66" pin=1"/></net>

<net id="77"><net_src comp="66" pin="3"/><net_sink comp="73" pin=0"/></net>

<net id="83"><net_src comp="0" pin="0"/><net_sink comp="78" pin=0"/></net>

<net id="84"><net_src comp="24" pin="0"/><net_sink comp="78" pin=1"/></net>

<net id="88"><net_src comp="78" pin="3"/><net_sink comp="73" pin=3"/></net>

<net id="94"><net_src comp="0" pin="0"/><net_sink comp="89" pin=0"/></net>

<net id="95"><net_src comp="24" pin="0"/><net_sink comp="89" pin=1"/></net>

<net id="96"><net_src comp="89" pin="3"/><net_sink comp="73" pin=0"/></net>

<net id="102"><net_src comp="0" pin="0"/><net_sink comp="97" pin=0"/></net>

<net id="103"><net_src comp="24" pin="0"/><net_sink comp="97" pin=1"/></net>

<net id="104"><net_src comp="97" pin="3"/><net_sink comp="73" pin=3"/></net>

<net id="110"><net_src comp="0" pin="0"/><net_sink comp="105" pin=0"/></net>

<net id="111"><net_src comp="24" pin="0"/><net_sink comp="105" pin=1"/></net>

<net id="112"><net_src comp="105" pin="3"/><net_sink comp="73" pin=0"/></net>

<net id="118"><net_src comp="0" pin="0"/><net_sink comp="113" pin=0"/></net>

<net id="119"><net_src comp="24" pin="0"/><net_sink comp="113" pin=1"/></net>

<net id="120"><net_src comp="113" pin="3"/><net_sink comp="73" pin=3"/></net>

<net id="126"><net_src comp="0" pin="0"/><net_sink comp="121" pin=0"/></net>

<net id="127"><net_src comp="24" pin="0"/><net_sink comp="121" pin=1"/></net>

<net id="128"><net_src comp="121" pin="3"/><net_sink comp="73" pin=0"/></net>

<net id="134"><net_src comp="0" pin="0"/><net_sink comp="129" pin=0"/></net>

<net id="135"><net_src comp="24" pin="0"/><net_sink comp="129" pin=1"/></net>

<net id="136"><net_src comp="129" pin="3"/><net_sink comp="73" pin=3"/></net>

<net id="142"><net_src comp="2" pin="0"/><net_sink comp="137" pin=0"/></net>

<net id="143"><net_src comp="24" pin="0"/><net_sink comp="137" pin=1"/></net>

<net id="149"><net_src comp="2" pin="0"/><net_sink comp="144" pin=0"/></net>

<net id="150"><net_src comp="24" pin="0"/><net_sink comp="144" pin=1"/></net>

<net id="156"><net_src comp="4" pin="0"/><net_sink comp="151" pin=0"/></net>

<net id="157"><net_src comp="24" pin="0"/><net_sink comp="151" pin=1"/></net>

<net id="163"><net_src comp="4" pin="0"/><net_sink comp="158" pin=0"/></net>

<net id="164"><net_src comp="24" pin="0"/><net_sink comp="158" pin=1"/></net>

<net id="170"><net_src comp="6" pin="0"/><net_sink comp="165" pin=0"/></net>

<net id="171"><net_src comp="24" pin="0"/><net_sink comp="165" pin=1"/></net>

<net id="177"><net_src comp="6" pin="0"/><net_sink comp="172" pin=0"/></net>

<net id="178"><net_src comp="24" pin="0"/><net_sink comp="172" pin=1"/></net>

<net id="184"><net_src comp="8" pin="0"/><net_sink comp="179" pin=0"/></net>

<net id="185"><net_src comp="24" pin="0"/><net_sink comp="179" pin=1"/></net>

<net id="191"><net_src comp="8" pin="0"/><net_sink comp="186" pin=0"/></net>

<net id="192"><net_src comp="24" pin="0"/><net_sink comp="186" pin=1"/></net>

<net id="197"><net_src comp="137" pin="3"/><net_sink comp="193" pin=0"/></net>

<net id="201"><net_src comp="144" pin="3"/><net_sink comp="193" pin=3"/></net>

<net id="206"><net_src comp="151" pin="3"/><net_sink comp="202" pin=0"/></net>

<net id="210"><net_src comp="158" pin="3"/><net_sink comp="202" pin=3"/></net>

<net id="215"><net_src comp="165" pin="3"/><net_sink comp="211" pin=0"/></net>

<net id="219"><net_src comp="172" pin="3"/><net_sink comp="211" pin=3"/></net>

<net id="224"><net_src comp="73" pin="2"/><net_sink comp="220" pin=1"/></net>

<net id="225"><net_src comp="179" pin="3"/><net_sink comp="220" pin=0"/></net>

<net id="229"><net_src comp="73" pin="5"/><net_sink comp="220" pin=4"/></net>

<net id="230"><net_src comp="186" pin="3"/><net_sink comp="220" pin=3"/></net>

<net id="234"><net_src comp="10" pin="0"/><net_sink comp="231" pin=0"/></net>

<net id="241"><net_src comp="231" pin="1"/><net_sink comp="235" pin=0"/></net>

<net id="246"><net_src comp="235" pin="4"/><net_sink comp="242" pin=0"/></net>

<net id="247"><net_src comp="12" pin="0"/><net_sink comp="242" pin=1"/></net>

<net id="252"><net_src comp="235" pin="4"/><net_sink comp="248" pin=0"/></net>

<net id="253"><net_src comp="14" pin="0"/><net_sink comp="248" pin=1"/></net>

<net id="257"><net_src comp="235" pin="4"/><net_sink comp="254" pin=0"/></net>

<net id="263"><net_src comp="16" pin="0"/><net_sink comp="258" pin=0"/></net>

<net id="264"><net_src comp="254" pin="1"/><net_sink comp="258" pin=1"/></net>

<net id="265"><net_src comp="18" pin="0"/><net_sink comp="258" pin=2"/></net>

<net id="271"><net_src comp="20" pin="0"/><net_sink comp="266" pin=0"/></net>

<net id="272"><net_src comp="235" pin="4"/><net_sink comp="266" pin=1"/></net>

<net id="273"><net_src comp="22" pin="0"/><net_sink comp="266" pin=2"/></net>

<net id="277"><net_src comp="258" pin="3"/><net_sink comp="274" pin=0"/></net>

<net id="278"><net_src comp="274" pin="1"/><net_sink comp="66" pin=2"/></net>

<net id="283"><net_src comp="258" pin="3"/><net_sink comp="279" pin=0"/></net>

<net id="284"><net_src comp="26" pin="0"/><net_sink comp="279" pin=1"/></net>

<net id="288"><net_src comp="279" pin="2"/><net_sink comp="285" pin=0"/></net>

<net id="289"><net_src comp="285" pin="1"/><net_sink comp="78" pin=2"/></net>

<net id="294"><net_src comp="28" pin="0"/><net_sink comp="290" pin=1"/></net>

<net id="298"><net_src comp="290" pin="2"/><net_sink comp="295" pin=0"/></net>

<net id="299"><net_src comp="295" pin="1"/><net_sink comp="89" pin=2"/></net>

<net id="304"><net_src comp="30" pin="0"/><net_sink comp="300" pin=1"/></net>

<net id="308"><net_src comp="300" pin="2"/><net_sink comp="305" pin=0"/></net>

<net id="309"><net_src comp="305" pin="1"/><net_sink comp="97" pin=2"/></net>

<net id="314"><net_src comp="32" pin="0"/><net_sink comp="310" pin=1"/></net>

<net id="318"><net_src comp="310" pin="2"/><net_sink comp="315" pin=0"/></net>

<net id="319"><net_src comp="315" pin="1"/><net_sink comp="105" pin=2"/></net>

<net id="324"><net_src comp="34" pin="0"/><net_sink comp="320" pin=1"/></net>

<net id="328"><net_src comp="320" pin="2"/><net_sink comp="325" pin=0"/></net>

<net id="329"><net_src comp="325" pin="1"/><net_sink comp="113" pin=2"/></net>

<net id="334"><net_src comp="36" pin="0"/><net_sink comp="330" pin=1"/></net>

<net id="338"><net_src comp="330" pin="2"/><net_sink comp="335" pin=0"/></net>

<net id="339"><net_src comp="335" pin="1"/><net_sink comp="121" pin=2"/></net>

<net id="344"><net_src comp="38" pin="0"/><net_sink comp="340" pin=1"/></net>

<net id="348"><net_src comp="340" pin="2"/><net_sink comp="345" pin=0"/></net>

<net id="349"><net_src comp="345" pin="1"/><net_sink comp="129" pin=2"/></net>

<net id="353"><net_src comp="350" pin="1"/><net_sink comp="137" pin=2"/></net>

<net id="354"><net_src comp="350" pin="1"/><net_sink comp="151" pin=2"/></net>

<net id="355"><net_src comp="350" pin="1"/><net_sink comp="165" pin=2"/></net>

<net id="356"><net_src comp="350" pin="1"/><net_sink comp="179" pin=2"/></net>

<net id="361"><net_src comp="58" pin="0"/><net_sink comp="357" pin=1"/></net>

<net id="367"><net_src comp="60" pin="0"/><net_sink comp="362" pin=0"/></net>

<net id="368"><net_src comp="62" pin="0"/><net_sink comp="362" pin=1"/></net>

<net id="369"><net_src comp="357" pin="2"/><net_sink comp="362" pin=2"/></net>

<net id="370"><net_src comp="362" pin="3"/><net_sink comp="144" pin=2"/></net>

<net id="371"><net_src comp="362" pin="3"/><net_sink comp="158" pin=2"/></net>

<net id="372"><net_src comp="362" pin="3"/><net_sink comp="172" pin=2"/></net>

<net id="373"><net_src comp="362" pin="3"/><net_sink comp="186" pin=2"/></net>

<net id="377"><net_src comp="242" pin="2"/><net_sink comp="374" pin=0"/></net>

<net id="381"><net_src comp="248" pin="2"/><net_sink comp="378" pin=0"/></net>

<net id="382"><net_src comp="378" pin="1"/><net_sink comp="235" pin=2"/></net>

<net id="386"><net_src comp="258" pin="3"/><net_sink comp="383" pin=0"/></net>

<net id="387"><net_src comp="383" pin="1"/><net_sink comp="290" pin=0"/></net>

<net id="388"><net_src comp="383" pin="1"/><net_sink comp="300" pin=0"/></net>

<net id="389"><net_src comp="383" pin="1"/><net_sink comp="310" pin=0"/></net>

<net id="390"><net_src comp="383" pin="1"/><net_sink comp="320" pin=0"/></net>

<net id="391"><net_src comp="383" pin="1"/><net_sink comp="330" pin=0"/></net>

<net id="392"><net_src comp="383" pin="1"/><net_sink comp="340" pin=0"/></net>

<net id="396"><net_src comp="266" pin="3"/><net_sink comp="393" pin=0"/></net>

<net id="397"><net_src comp="393" pin="1"/><net_sink comp="350" pin=0"/></net>

<net id="398"><net_src comp="393" pin="1"/><net_sink comp="357" pin=0"/></net>

<net id="402"><net_src comp="66" pin="3"/><net_sink comp="399" pin=0"/></net>

<net id="403"><net_src comp="399" pin="1"/><net_sink comp="73" pin=0"/></net>

<net id="407"><net_src comp="78" pin="3"/><net_sink comp="404" pin=0"/></net>

<net id="408"><net_src comp="404" pin="1"/><net_sink comp="73" pin=3"/></net>

<net id="412"><net_src comp="73" pin="2"/><net_sink comp="409" pin=0"/></net>

<net id="413"><net_src comp="409" pin="1"/><net_sink comp="193" pin=1"/></net>

<net id="417"><net_src comp="73" pin="5"/><net_sink comp="414" pin=0"/></net>

<net id="418"><net_src comp="414" pin="1"/><net_sink comp="193" pin=4"/></net>

<net id="422"><net_src comp="89" pin="3"/><net_sink comp="419" pin=0"/></net>

<net id="423"><net_src comp="419" pin="1"/><net_sink comp="73" pin=0"/></net>

<net id="427"><net_src comp="97" pin="3"/><net_sink comp="424" pin=0"/></net>

<net id="428"><net_src comp="424" pin="1"/><net_sink comp="73" pin=3"/></net>

<net id="432"><net_src comp="73" pin="2"/><net_sink comp="429" pin=0"/></net>

<net id="433"><net_src comp="429" pin="1"/><net_sink comp="202" pin=1"/></net>

<net id="437"><net_src comp="73" pin="5"/><net_sink comp="434" pin=0"/></net>

<net id="438"><net_src comp="434" pin="1"/><net_sink comp="202" pin=4"/></net>

<net id="442"><net_src comp="105" pin="3"/><net_sink comp="439" pin=0"/></net>

<net id="443"><net_src comp="439" pin="1"/><net_sink comp="73" pin=0"/></net>

<net id="447"><net_src comp="113" pin="3"/><net_sink comp="444" pin=0"/></net>

<net id="448"><net_src comp="444" pin="1"/><net_sink comp="73" pin=3"/></net>

<net id="452"><net_src comp="73" pin="2"/><net_sink comp="449" pin=0"/></net>

<net id="453"><net_src comp="449" pin="1"/><net_sink comp="211" pin=1"/></net>

<net id="457"><net_src comp="73" pin="5"/><net_sink comp="454" pin=0"/></net>

<net id="458"><net_src comp="454" pin="1"/><net_sink comp="211" pin=4"/></net>

<net id="462"><net_src comp="121" pin="3"/><net_sink comp="459" pin=0"/></net>

<net id="463"><net_src comp="459" pin="1"/><net_sink comp="73" pin=0"/></net>

<net id="467"><net_src comp="129" pin="3"/><net_sink comp="464" pin=0"/></net>

<net id="468"><net_src comp="464" pin="1"/><net_sink comp="73" pin=3"/></net>

</net_list>

</model> 
---------------- Datapath Model END ------------------

* FSMD analyzer results:
  - Output states:
  - Chain level:
	State 1
	State 2
		exitcond1 : 1
		r_2 : 1
		stg_12 : 2
		tmp_19 : 1
		tmp : 2
		tmp_18 : 1
		tmp_s : 3
		input_addr : 4
		input_load : 5
		tmp_9_s : 3
		tmp_1_8 : 3
		input_addr_1 : 4
		input_load_1 : 5
	State 3
		input_addr_2 : 1
		input_load_2 : 2
		input_addr_3 : 1
		input_load_3 : 2
	State 4
		input_addr_4 : 1
		input_load_4 : 2
		input_addr_5 : 1
		input_load_5 : 2
	State 5
		input_addr_6 : 1
		input_load_6 : 2
		input_addr_7 : 1
		input_load_7 : 2
	State 6
		buf_0_addr : 1
		buf_0_addr_1 : 1
		buf_1_addr : 1
		buf_1_addr_1 : 1
		buf_2_addr : 1
		buf_2_addr_1 : 1
		buf_3_addr : 1
		buf_3_addr_1 : 1
		stg_68 : 2
		stg_69 : 2
		stg_70 : 2
		stg_71 : 2
		stg_72 : 2
		stg_73 : 2
		stg_75 : 2
		stg_77 : 2
		empty_9 : 1
	State 7


============================================================
+ Verbose Summary: Datapath Resource usage 
============================================================

* Functional unit list:
|----------|------------------|---------|---------|
| Operation|  Functional Unit |    FF   |   LUT   |
|----------|------------------|---------|---------|
|    add   |    r_2_fu_248    |    0    |    4    |
|----------|------------------|---------|---------|
|   icmp   | exitcond1_fu_242 |    0    |    2    |
|----------|------------------|---------|---------|
|   trunc  |   tmp_19_fu_254  |    0    |    0    |
|----------|------------------|---------|---------|
|          |    tmp_fu_258    |    0    |    0    |
|bitconcatenate|   tmp_18_fu_266  |    0    |    0    |
|          |   tmp_22_fu_362  |    0    |    0    |
|----------|------------------|---------|---------|
|          |   tmp_s_fu_274   |    0    |    0    |
|          |  tmp_1_8_fu_285  |    0    |    0    |
|          |   tmp_2_fu_295   |    0    |    0    |
|          |   tmp_3_fu_305   |    0    |    0    |
|   zext   |   tmp_4_fu_315   |    0    |    0    |
|          |   tmp_5_fu_325   |    0    |    0    |
|          |   tmp_6_fu_335   |    0    |    0    |
|          |   tmp_7_fu_345   |    0    |    0    |
|          |   tmp_20_fu_350  |    0    |    0    |
|----------|------------------|---------|---------|
|          |  tmp_9_s_fu_279  |    0    |    0    |
|          |  tmp_9_1_fu_290  |    0    |    0    |
|          |  tmp_9_2_fu_300  |    0    |    0    |
|    or    |  tmp_9_3_fu_310  |    0    |    0    |
|          |  tmp_9_4_fu_320  |    0    |    0    |
|          |  tmp_9_5_fu_330  |    0    |    0    |
|          |  tmp_9_6_fu_340  |    0    |    0    |
|          |   tmp_21_fu_357  |    0    |    0    |
|----------|------------------|---------|---------|
|   Total  |                  |    0    |    6    |
|----------|------------------|---------|---------|

Memories:
N/A

* Register list:
+--------------------+--------+
|                    |   FF   |
+--------------------+--------+
|  exitcond1_reg_374 |    1   |
|input_addr_1_reg_404|    6   |
|input_addr_2_reg_419|    6   |
|input_addr_3_reg_424|    6   |
|input_addr_4_reg_439|    6   |
|input_addr_5_reg_444|    6   |
|input_addr_6_reg_459|    6   |
|input_addr_7_reg_464|    6   |
| input_addr_reg_399 |    6   |
|input_load_1_reg_414|   16   |
|input_load_2_reg_429|   16   |
|input_load_3_reg_434|   16   |
|input_load_4_reg_449|   16   |
|input_load_5_reg_454|   16   |
| input_load_reg_409 |   16   |
|     r_2_reg_378    |    4   |
|      r_reg_231     |    4   |
|   tmp_18_reg_393   |    5   |
|     tmp_reg_383    |    6   |
+--------------------+--------+
|        Total       |   164  |
+--------------------+--------+

* Multiplexer (MUX) list: 
|------------------|------|------|------|--------||---------||---------|
|       Comp       |  Pin | Size |  BW  | S x BW ||  Delay  ||   LUT   |
|------------------|------|------|------|--------||---------||---------|
| grp_access_fu_73 |  p0  |   8  |   6  |   48   ||    12   |
| grp_access_fu_73 |  p3  |   8  |   6  |   48   ||    12   |
|------------------|------|------|------|--------||---------||---------|
|       Total      |      |      |      |   96   ||  2.604  ||    24   |
|------------------|------|------|------|--------||---------||---------|



* Summary:
+-----------+--------+--------+--------+
|           |  Delay |   FF   |   LUT  |
+-----------+--------+--------+--------+
|  Function |    -   |    0   |    6   |
|   Memory  |    -   |    -   |    -   |
|Multiplexer|    2   |    -   |   24   |
|  Register |    -   |   164  |    -   |
+-----------+--------+--------+--------+
|   Total   |    2   |   164  |   30   |
+-----------+--------+--------+--------+
