

================================================================
== Vivado HLS Report for 'hls_real2xfft_Loop_real2xfft_output_proc'
================================================================
* Date:           Fri Jul  8 12:12:29 2016

* Version:        2015.3 (Build 1368829 on Mon Sep 28 20:31:51 PM 2015)
* Project:        fe_vhls_prj
* Solution:       IPXACTExport
* Product family: zynq
* Target device:  xc7z020clg484-1


================================================================
== Performance Estimates
================================================================
+ Timing (ns): 
    * Summary: 
    +--------+-------+----------+------------+
    |  Clock | Target| Estimated| Uncertainty|
    +--------+-------+----------+------------+
    |ap_clk  |   4.00|      2.07|        0.50|
    +--------+-------+----------+------------+

+ Latency (clock cycles): 
    * Summary: 
    +-----+-----+-----+-----+---------+
    |  Latency  |  Interval | Pipeline|
    | min | max | min | max |   Type  |
    +-----+-----+-----+-----+---------+
    |  511|  512|  511|  512|   none  |
    +-----+-----+-----+-----+---------+

    + Detail: 
        * Instance: 
        N/A

        * Loop: 
        +--------------------+-----+-----+----------+-----------+-----------+------+----------+
        |                    |  Latency  | Iteration|  Initiation Interval  | Trip |          |
        |      Loop Name     | min | max |  Latency |  achieved |   target  | Count| Pipelined|
        +--------------------+-----+-----+----------+-----------+-----------+------+----------+
        |- real2xfft_output  |  511|  511|         1|          1|          1|   512|    yes   |
        +--------------------+-----+-----+----------+-----------+-----------+------+----------+



================================================================
== Utilization Estimates
================================================================
* Summary: 
+-----------------+---------+-------+--------+-------+
|       Name      | BRAM_18K| DSP48E|   FF   |  LUT  |
+-----------------+---------+-------+--------+-------+
|DSP              |        -|      -|       -|      -|
|Expression       |        -|      -|       0|     17|
|FIFO             |        -|      -|       -|      -|
|Instance         |        -|      -|       -|      -|
|Memory           |        -|      -|       -|      -|
|Multiplexer      |        -|      -|       -|     12|
|Register         |        -|      -|      14|      -|
+-----------------+---------+-------+--------+-------+
|Total            |        0|      0|      14|     29|
+-----------------+---------+-------+--------+-------+
|Available        |      280|    220|  106400|  53200|
+-----------------+---------+-------+--------+-------+
|Utilization (%)  |        0|      0|   ~0   |   ~0  |
+-----------------+---------+-------+--------+-------+

+ Detail: 
    * Instance: 
    N/A

    * DSP48: 
    N/A

    * Memory: 
    N/A

    * FIFO: 
    N/A

    * Expression: 
    +---------------+----------+-------+---+----+------------+------------+
    | Variable Name | Operation| DSP48E| FF| LUT| Bitwidth P0| Bitwidth P1|
    +---------------+----------+-------+---+----+------------+------------+
    |i_fu_122_p2    |     +    |      0|  0|  11|           2|          11|
    |dout_TLAST     |   icmp   |      0|  0|   4|          10|           3|
    |ap_sig_bdd_56  |    or    |      0|  0|   1|           1|           1|
    |ap_sig_bdd_66  |    or    |      0|  0|   1|           1|           1|
    +---------------+----------+-------+---+----+------------+------------+
    |Total          |          |      0|  0|  17|          14|          16|
    +---------------+----------+-------+---+----+------------+------------+

    * Multiplexer: 
    +----------------------------+----+-----------+-----+-----------+
    |            Name            | LUT| Input Size| Bits| Total Bits|
    +----------------------------+----+-----------+-----+-----------+
    |ap_NS_fsm                   |   1|          3|    1|          3|
    |ap_sig_ioackin_dout_TREADY  |   1|          2|    1|          2|
    |i1_reg_88                   |  10|          2|   10|         20|
    +----------------------------+----+-----------+-----+-----------+
    |Total                       |  12|          7|   12|         25|
    +----------------------------+----+-----------+-----+-----------+

    * Register: 
    +----------------------------+----+----+-----+-----------+
    |            Name            | FF | LUT| Bits| Const Bits|
    +----------------------------+----+----+-----+-----------+
    |ap_CS_fsm                   |   2|   0|    2|          0|
    |ap_done_reg                 |   1|   0|    1|          0|
    |ap_reg_ioackin_dout_TREADY  |   1|   0|    1|          0|
    |i1_reg_88                   |  10|   0|   10|          0|
    +----------------------------+----+----+-----+-----------+
    |Total                       |  14|   0|   14|          0|
    +----------------------------+----+----+-----+-----------+



================================================================
== Interface
================================================================
* Summary: 
+--------------------+-----+-----+------------+------------------------------------------+--------------+
|      RTL Ports     | Dir | Bits|  Protocol  |               Source Object              |    C Type    |
+--------------------+-----+-----+------------+------------------------------------------+--------------+
|ap_clk              |  in |    1| ap_ctrl_hs | hls_real2xfft_Loop_real2xfft_output_proc | return value |
|ap_rst              |  in |    1| ap_ctrl_hs | hls_real2xfft_Loop_real2xfft_output_proc | return value |
|ap_start            |  in |    1| ap_ctrl_hs | hls_real2xfft_Loop_real2xfft_output_proc | return value |
|ap_done             | out |    1| ap_ctrl_hs | hls_real2xfft_Loop_real2xfft_output_proc | return value |
|ap_continue         |  in |    1| ap_ctrl_hs | hls_real2xfft_Loop_real2xfft_output_proc | return value |
|ap_idle             | out |    1| ap_ctrl_hs | hls_real2xfft_Loop_real2xfft_output_proc | return value |
|ap_ready            | out |    1| ap_ctrl_hs | hls_real2xfft_Loop_real2xfft_output_proc | return value |
|windowed_0_dout     |  in |   16|   ap_fifo  |                windowed_0                |    pointer   |
|windowed_0_empty_n  |  in |    1|   ap_fifo  |                windowed_0                |    pointer   |
|windowed_0_read     | out |    1|   ap_fifo  |                windowed_0                |    pointer   |
|windowed_1_dout     |  in |   16|   ap_fifo  |                windowed_1                |    pointer   |
|windowed_1_empty_n  |  in |    1|   ap_fifo  |                windowed_1                |    pointer   |
|windowed_1_read     | out |    1|   ap_fifo  |                windowed_1                |    pointer   |
|dout_TDATA          | out |   32|    axis    |                dout_V_data               |    pointer   |
|dout_TVALID         | out |    1|    axis    |               dout_V_last_V              |    pointer   |
|dout_TREADY         |  in |    1|    axis    |               dout_V_last_V              |    pointer   |
|dout_TLAST          | out |    1|    axis    |               dout_V_last_V              |    pointer   |
+--------------------+-----+-----+------------+------------------------------------------+--------------+

