#-----------------------------------------------------------
# xsim v2015.3 (64-bit)
# SW Build 1368829 on Mon Sep 28 20:06:39 MDT 2015
# IP Build 1367837 on Mon Sep 28 08:56:14 MDT 2015
# Start of session at: Wed Jun 29 19:54:31 2016
# Process ID: 23712
# Current directory: /home/ctnguyen/work/tut_vivadohls/Vivado_HLS_Tutorial/Interface_Synthesis/lab4/axi_interfaces_prj/solution3/sim/vhdl
# Command line: xsim -mode tcl -source {xsim.dir/axi_interfaces/xsim_script.tcl}
# Log file: /home/ctnguyen/work/tut_vivadohls/Vivado_HLS_Tutorial/Interface_Synthesis/lab4/axi_interfaces_prj/solution3/sim/vhdl/xsim.log
# Journal file: /home/ctnguyen/work/tut_vivadohls/Vivado_HLS_Tutorial/Interface_Synthesis/lab4/axi_interfaces_prj/solution3/sim/vhdl/xsim.jou
#-----------------------------------------------------------
source xsim.dir/axi_interfaces/xsim_script.tcl
# xsim {axi_interfaces} -maxdeltaid 10000 -autoloadwcfg -tclbatch {axi_interfaces.tcl}
Vivado Simulator 2015.3
Time resolution is 1 ps
source axi_interfaces.tcl
## run all
Note: simulation done!
Time: 210 ns  Iteration: 1  Process: /apatb_axi_interfaces_top/generate_sim_done_proc  File: /home/ctnguyen/work/tut_vivadohls/Vivado_HLS_Tutorial/Interface_Synthesis/lab4/axi_interfaces_prj/solution3/sim/vhdl/axi_interfaces.autotb.vhd
Failure: NORMAL EXIT (note: failure is to force the simulator to stop)
Time: 210 ns  Iteration: 1  Process: /apatb_axi_interfaces_top/generate_sim_done_proc  File: /home/ctnguyen/work/tut_vivadohls/Vivado_HLS_Tutorial/Interface_Synthesis/lab4/axi_interfaces_prj/solution3/sim/vhdl/axi_interfaces.autotb.vhd
$finish called at time : 210 ns
## quit
INFO: [Common 17-206] Exiting xsim at Wed Jun 29 19:54:33 2016...
