   Build using "/opt/Xilinx/Vivado_HLS/2015.3/lnx64/tools/gcc/bin/g++"
   Compiling apatb_duc.cpp
   Compiling (apcc) dds.c_pre.c.tb.c
@I [HLS-10] Running '/opt/Xilinx/Vivado_HLS/2015.3/bin/unwrapped/lnx64.o/apcc'
            for user 'ctnguyen' on host 'finance.eit.uni-kl.de' (Linux_x86_64 version 2.6.32-573.12.1.el6.x86_64) on Thu Jul 07 11:13:07 CEST 2016
            in directory '/home/ctnguyen/work/tut_vivadohls/Vivado_HLS_Tutorial/RTL_Verification/lab1/duc_prj/solution1/sim/wrapc'
@W [HLS-40] Environment variable 'C_INCLUDE_PATH' is set to /opt/opencv/include:/opt/quantlib/include:.
@W [HLS-40] Environment variable 'CPLUS_INCLUDE_PATH' is set to /opt/opencv/include:/opt/quantlib/include:.
clang: warning: argument unused during compilation: '-fno-builtin-isinf'
clang: warning: argument unused during compilation: '-fno-builtin-isnan'
@I [APCC-3] Tmp directory is /tmp/apcc_db_ctnguyen/162841467882787892390
@I [APCC-1] APCC is done.
   Compiling (apcc) duc.c_pre.c.tb.c
@I [HLS-10] Running '/opt/Xilinx/Vivado_HLS/2015.3/bin/unwrapped/lnx64.o/apcc'
            for user 'ctnguyen' on host 'finance.eit.uni-kl.de' (Linux_x86_64 version 2.6.32-573.12.1.el6.x86_64) on Thu Jul 07 11:13:08 CEST 2016
            in directory '/home/ctnguyen/work/tut_vivadohls/Vivado_HLS_Tutorial/RTL_Verification/lab1/duc_prj/solution1/sim/wrapc'
@W [HLS-40] Environment variable 'C_INCLUDE_PATH' is set to /opt/opencv/include:/opt/quantlib/include:.
@W [HLS-40] Environment variable 'CPLUS_INCLUDE_PATH' is set to /opt/opencv/include:/opt/quantlib/include:.
clang: warning: argument unused during compilation: '-fno-builtin-isinf'
clang: warning: argument unused during compilation: '-fno-builtin-isnan'
@I [APCC-3] Tmp directory is /tmp/apcc_db_ctnguyen/163381467882788995212
@I [APCC-1] APCC is done.
   Compiling (apcc) duc_test.c_pre.c.tb.c
@I [HLS-10] Running '/opt/Xilinx/Vivado_HLS/2015.3/bin/unwrapped/lnx64.o/apcc'
            for user 'ctnguyen' on host 'finance.eit.uni-kl.de' (Linux_x86_64 version 2.6.32-573.12.1.el6.x86_64) on Thu Jul 07 11:13:10 CEST 2016
            in directory '/home/ctnguyen/work/tut_vivadohls/Vivado_HLS_Tutorial/RTL_Verification/lab1/duc_prj/solution1/sim/wrapc'
@W [HLS-40] Environment variable 'C_INCLUDE_PATH' is set to /opt/opencv/include:/opt/quantlib/include:.
@W [HLS-40] Environment variable 'CPLUS_INCLUDE_PATH' is set to /opt/opencv/include:/opt/quantlib/include:.
clang: warning: argument unused during compilation: '-fno-builtin-isinf'
clang: warning: argument unused during compilation: '-fno-builtin-isnan'
@I [APCC-3] Tmp directory is /tmp/apcc_db_ctnguyen/163951467882790101591
@I [APCC-1] APCC is done.
   Compiling (apcc) imf1.c_pre.c.tb.c
@I [HLS-10] Running '/opt/Xilinx/Vivado_HLS/2015.3/bin/unwrapped/lnx64.o/apcc'
            for user 'ctnguyen' on host 'finance.eit.uni-kl.de' (Linux_x86_64 version 2.6.32-573.12.1.el6.x86_64) on Thu Jul 07 11:13:11 CEST 2016
            in directory '/home/ctnguyen/work/tut_vivadohls/Vivado_HLS_Tutorial/RTL_Verification/lab1/duc_prj/solution1/sim/wrapc'
@W [HLS-40] Environment variable 'C_INCLUDE_PATH' is set to /opt/opencv/include:/opt/quantlib/include:.
@W [HLS-40] Environment variable 'CPLUS_INCLUDE_PATH' is set to /opt/opencv/include:/opt/quantlib/include:.
clang: warning: argument unused during compilation: '-fno-builtin-isinf'
clang: warning: argument unused during compilation: '-fno-builtin-isnan'
@I [APCC-3] Tmp directory is /tmp/apcc_db_ctnguyen/164441467882791290997
@I [APCC-1] APCC is done.
   Compiling (apcc) imf2.c_pre.c.tb.c
@I [HLS-10] Running '/opt/Xilinx/Vivado_HLS/2015.3/bin/unwrapped/lnx64.o/apcc'
            for user 'ctnguyen' on host 'finance.eit.uni-kl.de' (Linux_x86_64 version 2.6.32-573.12.1.el6.x86_64) on Thu Jul 07 11:13:12 CEST 2016
            in directory '/home/ctnguyen/work/tut_vivadohls/Vivado_HLS_Tutorial/RTL_Verification/lab1/duc_prj/solution1/sim/wrapc'
@W [HLS-40] Environment variable 'C_INCLUDE_PATH' is set to /opt/opencv/include:/opt/quantlib/include:.
@W [HLS-40] Environment variable 'CPLUS_INCLUDE_PATH' is set to /opt/opencv/include:/opt/quantlib/include:.
clang: warning: argument unused during compilation: '-fno-builtin-isinf'
clang: warning: argument unused during compilation: '-fno-builtin-isnan'
@I [APCC-3] Tmp directory is /tmp/apcc_db_ctnguyen/164921467882792701638
@I [APCC-1] APCC is done.
   Compiling (apcc) imf3.c_pre.c.tb.c
@I [HLS-10] Running '/opt/Xilinx/Vivado_HLS/2015.3/bin/unwrapped/lnx64.o/apcc'
            for user 'ctnguyen' on host 'finance.eit.uni-kl.de' (Linux_x86_64 version 2.6.32-573.12.1.el6.x86_64) on Thu Jul 07 11:13:13 CEST 2016
            in directory '/home/ctnguyen/work/tut_vivadohls/Vivado_HLS_Tutorial/RTL_Verification/lab1/duc_prj/solution1/sim/wrapc'
@W [HLS-40] Environment variable 'C_INCLUDE_PATH' is set to /opt/opencv/include:/opt/quantlib/include:.
@W [HLS-40] Environment variable 'CPLUS_INCLUDE_PATH' is set to /opt/opencv/include:/opt/quantlib/include:.
clang: warning: argument unused during compilation: '-fno-builtin-isinf'
clang: warning: argument unused during compilation: '-fno-builtin-isnan'
@I [APCC-3] Tmp directory is /tmp/apcc_db_ctnguyen/165461467882793821148
@I [APCC-1] APCC is done.
   Compiling (apcc) mac.c_pre.c.tb.c
@I [HLS-10] Running '/opt/Xilinx/Vivado_HLS/2015.3/bin/unwrapped/lnx64.o/apcc'
            for user 'ctnguyen' on host 'finance.eit.uni-kl.de' (Linux_x86_64 version 2.6.32-573.12.1.el6.x86_64) on Thu Jul 07 11:13:14 CEST 2016
            in directory '/home/ctnguyen/work/tut_vivadohls/Vivado_HLS_Tutorial/RTL_Verification/lab1/duc_prj/solution1/sim/wrapc'
@W [HLS-40] Environment variable 'C_INCLUDE_PATH' is set to /opt/opencv/include:/opt/quantlib/include:.
@W [HLS-40] Environment variable 'CPLUS_INCLUDE_PATH' is set to /opt/opencv/include:/opt/quantlib/include:.
clang: warning: argument unused during compilation: '-fno-builtin-isinf'
clang: warning: argument unused during compilation: '-fno-builtin-isnan'
@I [APCC-3] Tmp directory is /tmp/apcc_db_ctnguyen/166011467882794963853
@I [APCC-1] APCC is done.
   Compiling (apcc) mixer.c_pre.c.tb.c
@I [HLS-10] Running '/opt/Xilinx/Vivado_HLS/2015.3/bin/unwrapped/lnx64.o/apcc'
            for user 'ctnguyen' on host 'finance.eit.uni-kl.de' (Linux_x86_64 version 2.6.32-573.12.1.el6.x86_64) on Thu Jul 07 11:13:16 CEST 2016
            in directory '/home/ctnguyen/work/tut_vivadohls/Vivado_HLS_Tutorial/RTL_Verification/lab1/duc_prj/solution1/sim/wrapc'
@W [HLS-40] Environment variable 'C_INCLUDE_PATH' is set to /opt/opencv/include:/opt/quantlib/include:.
@W [HLS-40] Environment variable 'CPLUS_INCLUDE_PATH' is set to /opt/opencv/include:/opt/quantlib/include:.
clang: warning: argument unused during compilation: '-fno-builtin-isinf'
clang: warning: argument unused during compilation: '-fno-builtin-isnan'
@I [APCC-3] Tmp directory is /tmp/apcc_db_ctnguyen/166491467882796120182
@I [APCC-1] APCC is done.
   Compiling (apcc) srrc.c_pre.c.tb.c
@I [HLS-10] Running '/opt/Xilinx/Vivado_HLS/2015.3/bin/unwrapped/lnx64.o/apcc'
            for user 'ctnguyen' on host 'finance.eit.uni-kl.de' (Linux_x86_64 version 2.6.32-573.12.1.el6.x86_64) on Thu Jul 07 11:13:17 CEST 2016
            in directory '/home/ctnguyen/work/tut_vivadohls/Vivado_HLS_Tutorial/RTL_Verification/lab1/duc_prj/solution1/sim/wrapc'
@W [HLS-40] Environment variable 'C_INCLUDE_PATH' is set to /opt/opencv/include:/opt/quantlib/include:.
@W [HLS-40] Environment variable 'CPLUS_INCLUDE_PATH' is set to /opt/opencv/include:/opt/quantlib/include:.
clang: warning: argument unused during compilation: '-fno-builtin-isinf'
clang: warning: argument unused during compilation: '-fno-builtin-isnan'
@I [APCC-3] Tmp directory is /tmp/apcc_db_ctnguyen/167021467882797281053
@I [APCC-1] APCC is done.
   Generating cosim.tv.exe
