==============================================================
File generated by Vivado(TM) HLS - High-Level Synthesis from C, C++ and SystemC
Version: 2015.3
Copyright (C) 2015 Xilinx Inc. All rights reserved.

==============================================================

@I [SYN-201] Setting up clock 'default' with a period of 8ns.
@I [HLS-10] Setting target device to 'xc7k160tfbg484-1'
@I [HLS-10] Analyzing design file 'dct.cpp' ... 
@I [HLS-10] Validating synthesis directives ...
@I [HLS-10] Starting code transformations ...
@I [HLS-10] Checking synthesizability ...
@I [XFORM-602] Inlining function 'read_data' into 'dct' (dct.cpp:139) automatically.
@I [XFORM-602] Inlining function 'write_data' into 'dct' (dct.cpp:144) automatically.
@I [XFORM-602] Inlining function 'read_data' into 'dct' (dct.cpp:139) automatically.
@I [XFORM-602] Inlining function 'write_data' into 'dct' (dct.cpp:144) automatically.
@I [HLS-111] Elapsed time: 5.07 seconds; current memory usage: 0.179 MB.
@I [HLS-10] Starting hardware synthesis ...
@I [HLS-10] Synthesizing 'dct' ...
@W [SYN-107] Renaming port name 'dct/input' to 'dct/input_r' to avoid the conflict with HDL keywords or other object names.
@W [SYN-107] Renaming port name 'dct/output' to 'dct/output_r' to avoid the conflict with HDL keywords or other object names.
@I [HLS-10] ----------------------------------------------------------------
@I [HLS-10] -- Scheduling module 'dct_dct_1d2' 
@I [HLS-10] ----------------------------------------------------------------
@I [SCHED-11] Starting scheduling ...
@I [SCHED-11] Finished scheduling.
@I [HLS-111] Elapsed time: 0.04 seconds; current memory usage: 0.179 MB.
@I [HLS-10] ----------------------------------------------------------------
@I [HLS-10] -- Exploring micro-architecture for module 'dct_dct_1d2' 
@I [HLS-10] ----------------------------------------------------------------
@I [BIND-100] Starting micro-architecture generation ...
@I [BIND-101] Performing variable lifetime analysis.
@I [BIND-101] Exploring resource sharing.
@I [BIND-101] Binding ...
@I [BIND-100] Finished micro-architecture generation.
@I [HLS-111] Elapsed time: 0.02 seconds; current memory usage: 0.179 MB.
@I [HLS-10] ----------------------------------------------------------------
@I [HLS-10] -- Scheduling module 'dct_dct_2d' 
@I [HLS-10] ----------------------------------------------------------------
@I [SCHED-11] Starting scheduling ...
@I [SCHED-11] Finished scheduling.
@I [HLS-111] Elapsed time: 0.04 seconds; current memory usage: 0.179 MB.
@I [HLS-10] ----------------------------------------------------------------
@I [HLS-10] -- Exploring micro-architecture for module 'dct_dct_2d' 
@I [HLS-10] ----------------------------------------------------------------
@I [BIND-100] Starting micro-architecture generation ...
@I [BIND-101] Performing variable lifetime analysis.
@I [BIND-101] Exploring resource sharing.
@I [BIND-101] Binding ...
@I [BIND-100] Finished micro-architecture generation.
@I [HLS-111] Elapsed time: 0.02 seconds; current memory usage: 0.179 MB.
@I [HLS-10] ----------------------------------------------------------------
@I [HLS-10] -- Scheduling module 'dct' 
@I [HLS-10] ----------------------------------------------------------------
@I [SCHED-11] Starting scheduling ...
@I [SCHED-11] Finished scheduling.
@I [HLS-111] Elapsed time: 0.06 seconds; current memory usage: 0.179 MB.
@I [HLS-10] ----------------------------------------------------------------
@I [HLS-10] -- Exploring micro-architecture for module 'dct' 
@I [HLS-10] ----------------------------------------------------------------
@I [BIND-100] Starting micro-architecture generation ...
@I [BIND-101] Performing variable lifetime analysis.
@I [BIND-101] Exploring resource sharing.
@I [BIND-101] Binding ...
@I [BIND-100] Finished micro-architecture generation.
@I [HLS-111] Elapsed time: 0.03 seconds; current memory usage: 0.179 MB.
@I [HLS-10] ----------------------------------------------------------------
@I [HLS-10] -- Generating RTL for module 'dct_dct_1d2' 
@I [HLS-10] ----------------------------------------------------------------
@I [RTGEN-100] Generating core module 'dct_mac_muladd_15s_16s_32ns_32_1': 1 instance(s).
@I [RTGEN-100] Finished creating RTL model for 'dct_dct_1d2'.
@I [HLS-111] Elapsed time: 0.08 seconds; current memory usage: 0.179 MB.
@I [HLS-10] ----------------------------------------------------------------
@I [HLS-10] -- Generating RTL for module 'dct_dct_2d' 
@I [HLS-10] ----------------------------------------------------------------
@I [RTGEN-100] Finished creating RTL model for 'dct_dct_2d'.
@I [HLS-111] Elapsed time: 0.08 seconds; current memory usage: 0.179 MB.
@I [HLS-10] ----------------------------------------------------------------
@I [HLS-10] -- Generating RTL for module 'dct' 
@I [HLS-10] ----------------------------------------------------------------
@I [RTGEN-500] Setting interface mode on port 'dct/input_r' to 'ap_memory'.
@I [RTGEN-500] Setting interface mode on port 'dct/output_r' to 'ap_memory'.
@I [RTGEN-500] Setting interface mode on function 'dct' to 'ap_ctrl_hs'.
@I [RTGEN-100] Finished creating RTL model for 'dct'.
@I [HLS-111] Elapsed time: 0.14 seconds; current memory usage: 0.179 MB.
@I [RTMG-279] Implementing memory 'dct_dct_1d2_dct_coeff_table_rom' using distributed ROMs.
@I [RTMG-278] Implementing memory 'dct_dct_2d_row_outbuf_ram' using block RAMs.
@I [HLS-10] Finished generating all RTL models.
@I [WSYSC-301] Generating RTL SystemC for 'dct'.
@I [WVHDL-304] Generating RTL VHDL for 'dct'.
@I [WVLOG-307] Generating RTL Verilog for 'dct'.
@I [HLS-112] Total elapsed time: 11.965 seconds; peak memory usage: 0.179 MB.
@I [LIC-101] Checked in feature [HLS]
