   Build using "/opt/Xilinx/Vivado_HLS/2015.3/lnx64/tools/gcc/bin/g++"
   Compiling apatb_duc.cpp
   Compiling (apcc) dds.c_pre.c.tb.c
@I [HLS-10] Running '/opt/Xilinx/Vivado_HLS/2015.3/bin/unwrapped/lnx64.o/apcc'
            for user 'ctnguyen' on host 'finance.eit.uni-kl.de' (Linux_x86_64 version 2.6.32-573.12.1.el6.x86_64) on Thu Jul 07 13:54:13 CEST 2016
            in directory '/home/ctnguyen/work/tut_vivadohls/Vivado_HLS_Tutorial/RTL_Verification/lab3/duc_prj/solution1/sim/wrapc'
@W [HLS-40] Environment variable 'C_INCLUDE_PATH' is set to /opt/opencv/include:/opt/quantlib/include:.
@W [HLS-40] Environment variable 'CPLUS_INCLUDE_PATH' is set to /opt/opencv/include:/opt/quantlib/include:.
clang: warning: argument unused during compilation: '-fno-builtin-isinf'
clang: warning: argument unused during compilation: '-fno-builtin-isnan'
@I [APCC-3] Tmp directory is /tmp/apcc_db_ctnguyen/262371467892453605237
@I [APCC-1] APCC is done.
   Compiling (apcc) duc.c_pre.c.tb.c
@I [HLS-10] Running '/opt/Xilinx/Vivado_HLS/2015.3/bin/unwrapped/lnx64.o/apcc'
            for user 'ctnguyen' on host 'finance.eit.uni-kl.de' (Linux_x86_64 version 2.6.32-573.12.1.el6.x86_64) on Thu Jul 07 13:54:14 CEST 2016
            in directory '/home/ctnguyen/work/tut_vivadohls/Vivado_HLS_Tutorial/RTL_Verification/lab3/duc_prj/solution1/sim/wrapc'
@W [HLS-40] Environment variable 'C_INCLUDE_PATH' is set to /opt/opencv/include:/opt/quantlib/include:.
@W [HLS-40] Environment variable 'CPLUS_INCLUDE_PATH' is set to /opt/opencv/include:/opt/quantlib/include:.
clang: warning: argument unused during compilation: '-fno-builtin-isinf'
clang: warning: argument unused during compilation: '-fno-builtin-isnan'
@I [APCC-3] Tmp directory is /tmp/apcc_db_ctnguyen/262941467892454671414
@I [APCC-1] APCC is done.
   Compiling (apcc) duc_test.c_pre.c.tb.c
@I [HLS-10] Running '/opt/Xilinx/Vivado_HLS/2015.3/bin/unwrapped/lnx64.o/apcc'
            for user 'ctnguyen' on host 'finance.eit.uni-kl.de' (Linux_x86_64 version 2.6.32-573.12.1.el6.x86_64) on Thu Jul 07 13:54:15 CEST 2016
            in directory '/home/ctnguyen/work/tut_vivadohls/Vivado_HLS_Tutorial/RTL_Verification/lab3/duc_prj/solution1/sim/wrapc'
@W [HLS-40] Environment variable 'C_INCLUDE_PATH' is set to /opt/opencv/include:/opt/quantlib/include:.
@W [HLS-40] Environment variable 'CPLUS_INCLUDE_PATH' is set to /opt/opencv/include:/opt/quantlib/include:.
clang: warning: argument unused during compilation: '-fno-builtin-isinf'
clang: warning: argument unused during compilation: '-fno-builtin-isnan'
@I [APCC-3] Tmp directory is /tmp/apcc_db_ctnguyen/263421467892455805907
@I [APCC-1] APCC is done.
   Compiling (apcc) imf1.c_pre.c.tb.c
@I [HLS-10] Running '/opt/Xilinx/Vivado_HLS/2015.3/bin/unwrapped/lnx64.o/apcc'
            for user 'ctnguyen' on host 'finance.eit.uni-kl.de' (Linux_x86_64 version 2.6.32-573.12.1.el6.x86_64) on Thu Jul 07 13:54:16 CEST 2016
            in directory '/home/ctnguyen/work/tut_vivadohls/Vivado_HLS_Tutorial/RTL_Verification/lab3/duc_prj/solution1/sim/wrapc'
@W [HLS-40] Environment variable 'C_INCLUDE_PATH' is set to /opt/opencv/include:/opt/quantlib/include:.
@W [HLS-40] Environment variable 'CPLUS_INCLUDE_PATH' is set to /opt/opencv/include:/opt/quantlib/include:.
clang: warning: argument unused during compilation: '-fno-builtin-isinf'
clang: warning: argument unused during compilation: '-fno-builtin-isnan'
@I [APCC-3] Tmp directory is /tmp/apcc_db_ctnguyen/263891467892456992386
@I [APCC-1] APCC is done.
   Compiling (apcc) imf2.c_pre.c.tb.c
@I [HLS-10] Running '/opt/Xilinx/Vivado_HLS/2015.3/bin/unwrapped/lnx64.o/apcc'
            for user 'ctnguyen' on host 'finance.eit.uni-kl.de' (Linux_x86_64 version 2.6.32-573.12.1.el6.x86_64) on Thu Jul 07 13:54:18 CEST 2016
            in directory '/home/ctnguyen/work/tut_vivadohls/Vivado_HLS_Tutorial/RTL_Verification/lab3/duc_prj/solution1/sim/wrapc'
@W [HLS-40] Environment variable 'C_INCLUDE_PATH' is set to /opt/opencv/include:/opt/quantlib/include:.
@W [HLS-40] Environment variable 'CPLUS_INCLUDE_PATH' is set to /opt/opencv/include:/opt/quantlib/include:.
clang: warning: argument unused during compilation: '-fno-builtin-isinf'
clang: warning: argument unused during compilation: '-fno-builtin-isnan'
@I [APCC-3] Tmp directory is /tmp/apcc_db_ctnguyen/264461467892458098518
@I [APCC-1] APCC is done.
   Compiling (apcc) imf3.c_pre.c.tb.c
@I [HLS-10] Running '/opt/Xilinx/Vivado_HLS/2015.3/bin/unwrapped/lnx64.o/apcc'
            for user 'ctnguyen' on host 'finance.eit.uni-kl.de' (Linux_x86_64 version 2.6.32-573.12.1.el6.x86_64) on Thu Jul 07 13:54:19 CEST 2016
            in directory '/home/ctnguyen/work/tut_vivadohls/Vivado_HLS_Tutorial/RTL_Verification/lab3/duc_prj/solution1/sim/wrapc'
@W [HLS-40] Environment variable 'C_INCLUDE_PATH' is set to /opt/opencv/include:/opt/quantlib/include:.
@W [HLS-40] Environment variable 'CPLUS_INCLUDE_PATH' is set to /opt/opencv/include:/opt/quantlib/include:.
clang: warning: argument unused during compilation: '-fno-builtin-isinf'
clang: warning: argument unused during compilation: '-fno-builtin-isnan'
@I [APCC-3] Tmp directory is /tmp/apcc_db_ctnguyen/264961467892459168980
@I [APCC-1] APCC is done.
   Compiling (apcc) mac.c_pre.c.tb.c
@I [HLS-10] Running '/opt/Xilinx/Vivado_HLS/2015.3/bin/unwrapped/lnx64.o/apcc'
            for user 'ctnguyen' on host 'finance.eit.uni-kl.de' (Linux_x86_64 version 2.6.32-573.12.1.el6.x86_64) on Thu Jul 07 13:54:20 CEST 2016
            in directory '/home/ctnguyen/work/tut_vivadohls/Vivado_HLS_Tutorial/RTL_Verification/lab3/duc_prj/solution1/sim/wrapc'
@W [HLS-40] Environment variable 'C_INCLUDE_PATH' is set to /opt/opencv/include:/opt/quantlib/include:.
@W [HLS-40] Environment variable 'CPLUS_INCLUDE_PATH' is set to /opt/opencv/include:/opt/quantlib/include:.
clang: warning: argument unused during compilation: '-fno-builtin-isinf'
clang: warning: argument unused during compilation: '-fno-builtin-isnan'
@I [APCC-3] Tmp directory is /tmp/apcc_db_ctnguyen/265531467892460286697
@I [APCC-1] APCC is done.
   Compiling (apcc) mixer.c_pre.c.tb.c
@I [HLS-10] Running '/opt/Xilinx/Vivado_HLS/2015.3/bin/unwrapped/lnx64.o/apcc'
            for user 'ctnguyen' on host 'finance.eit.uni-kl.de' (Linux_x86_64 version 2.6.32-573.12.1.el6.x86_64) on Thu Jul 07 13:54:21 CEST 2016
            in directory '/home/ctnguyen/work/tut_vivadohls/Vivado_HLS_Tutorial/RTL_Verification/lab3/duc_prj/solution1/sim/wrapc'
@W [HLS-40] Environment variable 'C_INCLUDE_PATH' is set to /opt/opencv/include:/opt/quantlib/include:.
@W [HLS-40] Environment variable 'CPLUS_INCLUDE_PATH' is set to /opt/opencv/include:/opt/quantlib/include:.
clang: warning: argument unused during compilation: '-fno-builtin-isinf'
clang: warning: argument unused during compilation: '-fno-builtin-isnan'
@I [APCC-3] Tmp directory is /tmp/apcc_db_ctnguyen/266001467892461696438
@I [APCC-1] APCC is done.
   Compiling (apcc) srrc.c_pre.c.tb.c
@I [HLS-10] Running '/opt/Xilinx/Vivado_HLS/2015.3/bin/unwrapped/lnx64.o/apcc'
            for user 'ctnguyen' on host 'finance.eit.uni-kl.de' (Linux_x86_64 version 2.6.32-573.12.1.el6.x86_64) on Thu Jul 07 13:54:22 CEST 2016
            in directory '/home/ctnguyen/work/tut_vivadohls/Vivado_HLS_Tutorial/RTL_Verification/lab3/duc_prj/solution1/sim/wrapc'
@W [HLS-40] Environment variable 'C_INCLUDE_PATH' is set to /opt/opencv/include:/opt/quantlib/include:.
@W [HLS-40] Environment variable 'CPLUS_INCLUDE_PATH' is set to /opt/opencv/include:/opt/quantlib/include:.
clang: warning: argument unused during compilation: '-fno-builtin-isinf'
clang: warning: argument unused during compilation: '-fno-builtin-isnan'
@I [APCC-3] Tmp directory is /tmp/apcc_db_ctnguyen/266531467892462776716
@I [APCC-1] APCC is done.
   Generating cosim.tv.exe
