

================================================================
== Vivado HLS Report for 'dct_write_data'
================================================================
* Date:           Wed Jul  6 11:01:51 2016

* Version:        2015.3 (Build 1368829 on Mon Sep 28 20:31:51 PM 2015)
* Project:        dct_prj
* Solution:       solution7
* Product family: kintex7
* Target device:  xc7k160tfbg484-1


================================================================
== Performance Estimates
================================================================
+ Timing (ns): 
    * Summary: 
    +--------+-------+----------+------------+
    |  Clock | Target| Estimated| Uncertainty|
    +--------+-------+----------+------------+
    |ap_clk  |   8.00|      4.66|        1.00|
    +--------+-------+----------+------------+

+ Latency (clock cycles): 
    * Summary: 
    +-----+-----+-----+-----+---------+
    |  Latency  |  Interval | Pipeline|
    | min | max | min | max |   Type  |
    +-----+-----+-----+-----+---------+
    |   34|   34|   34|   34|   none  |
    +-----+-----+-----+-----+---------+

    + Detail: 
        * Instance: 
        N/A

        * Loop: 
        +---------------+-----+-----+----------+-----------+-----------+------+----------+
        |               |  Latency  | Iteration|  Initiation Interval  | Trip |          |
        |   Loop Name   | min | max |  Latency |  achieved |   target  | Count| Pipelined|
        +---------------+-----+-----+----------+-----------+-----------+------+----------+
        |- WR_Loop_Row  |   32|   32|         5|          4|          1|     8|    yes   |
        +---------------+-----+-----+----------+-----------+-----------+------+----------+

============================================================
+ Verbose Summary: Synthesis Manager
============================================================
InlineROM: 1
ExposeGlobal: 0
============================================================
+ Verbose Summary: CDFG Model
============================================================
IsTopModel: 0
ResetActiveHigh: 1
IsCombinational: 2
IsDatapathOnly: 0
HasWiredReturn: 1
HasMFsm: 0
HasVarLatency: 1
IsPipeline: 0
IsRtlPipelined: 0
IsInstanceOverlapped: 0
IsDontTouch: 0
HasImplIP: 0
IsGatedGlobalClock: 0

+ Individual pipeline summary: 
  * Pipeline-0: initiation interval (II) = 4, depth = 5


============================================================
+ Verbose Summary: Schedule
============================================================
* Number of FSM states: 7
* Pipeline: 1
  Pipeline-0: II = 4, D = 5, States = { 2 3 4 5 6 }
* Dataflow Pipeline: 0

* FSM state transitions: 
1 --> 
	2  / true
2 --> 
	7  / (exitcond1)
	3  / (!exitcond1)
3 --> 
	4  / true
4 --> 
	5  / true
5 --> 
	6  / true
6 --> 
	2  / true
7 --> 
* FSM state operations: 

 <State 1>: 1.08ns
ST_1: stg_8 [1/1] 1.08ns
:0  br label %1


 <State 2>: 2.33ns
ST_2: r [1/1] 0.00ns
:0  %r = phi i4 [ 0, %0 ], [ %r_1, %2 ]

ST_2: exitcond1 [1/1] 1.24ns
:1  %exitcond1 = icmp eq i4 %r, -8

ST_2: r_1 [1/1] 0.48ns
:2  %r_1 = add i4 %r, 1

ST_2: stg_12 [1/1] 0.00ns
:3  br i1 %exitcond1, label %3, label %2

ST_2: tmp [1/1] 0.00ns
:4  %tmp = call i7 @_ssdm_op_BitConcatenate.i7.i4.i3(i4 %r, i3 0)

ST_2: tmp_3 [1/1] 0.00ns
:5  %tmp_3 = zext i7 %tmp to i64

ST_2: buf_addr [1/1] 0.00ns
:6  %buf_addr = getelementptr [64 x i16]* %buf_r, i64 0, i64 %tmp_3

ST_2: tmp_4 [1/1] 0.00ns
:7  %tmp_4 = or i7 %tmp, 1

ST_2: tmp_6 [1/1] 0.00ns
:8  %tmp_6 = call i64 @_ssdm_op_BitConcatenate.i64.i57.i7(i57 0, i7 %tmp_4)

ST_2: buf_addr_1 [1/1] 0.00ns
:9  %buf_addr_1 = getelementptr [64 x i16]* %buf_r, i64 0, i64 %tmp_6

ST_2: tmp_18 [1/1] 0.00ns
:28  %tmp_18 = trunc i4 %r to i3

ST_2: buf_load [2/2] 2.33ns
:30  %buf_load = load i16* %buf_addr, align 2

ST_2: buf_load_1 [2/2] 2.33ns
:34  %buf_load_1 = load i16* %buf_addr_1, align 2


 <State 3>: 4.66ns
ST_3: tmp_7 [1/1] 0.00ns
:10  %tmp_7 = or i7 %tmp, 2

ST_3: tmp_8 [1/1] 0.00ns
:11  %tmp_8 = call i64 @_ssdm_op_BitConcatenate.i64.i57.i7(i57 0, i7 %tmp_7)

ST_3: buf_addr_2 [1/1] 0.00ns
:12  %buf_addr_2 = getelementptr [64 x i16]* %buf_r, i64 0, i64 %tmp_8

ST_3: tmp_9 [1/1] 0.00ns
:13  %tmp_9 = or i7 %tmp, 3

ST_3: tmp_s [1/1] 0.00ns
:14  %tmp_s = call i64 @_ssdm_op_BitConcatenate.i64.i57.i7(i57 0, i7 %tmp_9)

ST_3: buf_addr_3 [1/1] 0.00ns
:15  %buf_addr_3 = getelementptr [64 x i16]* %buf_r, i64 0, i64 %tmp_s

ST_3: tmp_1 [1/1] 0.00ns
:29  %tmp_1 = call i6 @_ssdm_op_BitConcatenate.i6.i3.i3(i3 %tmp_18, i3 0)

ST_3: buf_load [1/2] 2.33ns
:30  %buf_load = load i16* %buf_addr, align 2

ST_3: tmp_5 [1/1] 0.00ns
:31  %tmp_5 = zext i6 %tmp_1 to i64

ST_3: output_addr [1/1] 0.00ns
:32  %output_addr = getelementptr [64 x i16]* %output_r, i64 0, i64 %tmp_5

ST_3: stg_32 [1/1] 2.33ns
:33  store i16 %buf_load, i16* %output_addr, align 2

ST_3: buf_load_1 [1/2] 2.33ns
:34  %buf_load_1 = load i16* %buf_addr_1, align 2

ST_3: tmp_4_s [1/1] 0.00ns
:35  %tmp_4_s = or i6 %tmp_1, 1

ST_3: tmp_5_1 [1/1] 0.00ns
:36  %tmp_5_1 = zext i6 %tmp_4_s to i64

ST_3: output_addr_1 [1/1] 0.00ns
:37  %output_addr_1 = getelementptr [64 x i16]* %output_r, i64 0, i64 %tmp_5_1

ST_3: stg_37 [1/1] 2.33ns
:38  store i16 %buf_load_1, i16* %output_addr_1, align 2

ST_3: buf_load_2 [2/2] 2.33ns
:39  %buf_load_2 = load i16* %buf_addr_2, align 2

ST_3: buf_load_3 [2/2] 2.33ns
:44  %buf_load_3 = load i16* %buf_addr_3, align 2


 <State 4>: 4.66ns
ST_4: tmp_10 [1/1] 0.00ns
:16  %tmp_10 = or i7 %tmp, 4

ST_4: tmp_11 [1/1] 0.00ns
:17  %tmp_11 = call i64 @_ssdm_op_BitConcatenate.i64.i57.i7(i57 0, i7 %tmp_10)

ST_4: buf_addr_4 [1/1] 0.00ns
:18  %buf_addr_4 = getelementptr [64 x i16]* %buf_r, i64 0, i64 %tmp_11

ST_4: tmp_12 [1/1] 0.00ns
:19  %tmp_12 = or i7 %tmp, 5

ST_4: tmp_13 [1/1] 0.00ns
:20  %tmp_13 = call i64 @_ssdm_op_BitConcatenate.i64.i57.i7(i57 0, i7 %tmp_12)

ST_4: buf_addr_5 [1/1] 0.00ns
:21  %buf_addr_5 = getelementptr [64 x i16]* %buf_r, i64 0, i64 %tmp_13

ST_4: buf_load_2 [1/2] 2.33ns
:39  %buf_load_2 = load i16* %buf_addr_2, align 2

ST_4: tmp_4_1 [1/1] 0.00ns
:40  %tmp_4_1 = or i6 %tmp_1, 2

ST_4: tmp_5_2 [1/1] 0.00ns
:41  %tmp_5_2 = zext i6 %tmp_4_1 to i64

ST_4: output_addr_2 [1/1] 0.00ns
:42  %output_addr_2 = getelementptr [64 x i16]* %output_r, i64 0, i64 %tmp_5_2

ST_4: stg_50 [1/1] 2.33ns
:43  store i16 %buf_load_2, i16* %output_addr_2, align 2

ST_4: buf_load_3 [1/2] 2.33ns
:44  %buf_load_3 = load i16* %buf_addr_3, align 2

ST_4: tmp_4_2 [1/1] 0.00ns
:45  %tmp_4_2 = or i6 %tmp_1, 3

ST_4: tmp_5_3 [1/1] 0.00ns
:46  %tmp_5_3 = zext i6 %tmp_4_2 to i64

ST_4: output_addr_3 [1/1] 0.00ns
:47  %output_addr_3 = getelementptr [64 x i16]* %output_r, i64 0, i64 %tmp_5_3

ST_4: stg_55 [1/1] 2.33ns
:48  store i16 %buf_load_3, i16* %output_addr_3, align 2

ST_4: buf_load_4 [2/2] 2.33ns
:49  %buf_load_4 = load i16* %buf_addr_4, align 2

ST_4: buf_load_5 [2/2] 2.33ns
:54  %buf_load_5 = load i16* %buf_addr_5, align 2


 <State 5>: 4.66ns
ST_5: tmp_14 [1/1] 0.00ns
:22  %tmp_14 = or i7 %tmp, 6

ST_5: tmp_15 [1/1] 0.00ns
:23  %tmp_15 = call i64 @_ssdm_op_BitConcatenate.i64.i57.i7(i57 0, i7 %tmp_14)

ST_5: buf_addr_6 [1/1] 0.00ns
:24  %buf_addr_6 = getelementptr [64 x i16]* %buf_r, i64 0, i64 %tmp_15

ST_5: tmp_16 [1/1] 0.00ns
:25  %tmp_16 = or i7 %tmp, 7

ST_5: tmp_17 [1/1] 0.00ns
:26  %tmp_17 = call i64 @_ssdm_op_BitConcatenate.i64.i57.i7(i57 0, i7 %tmp_16)

ST_5: buf_addr_7 [1/1] 0.00ns
:27  %buf_addr_7 = getelementptr [64 x i16]* %buf_r, i64 0, i64 %tmp_17

ST_5: buf_load_4 [1/2] 2.33ns
:49  %buf_load_4 = load i16* %buf_addr_4, align 2

ST_5: tmp_4_3 [1/1] 0.00ns
:50  %tmp_4_3 = or i6 %tmp_1, 4

ST_5: tmp_5_4 [1/1] 0.00ns
:51  %tmp_5_4 = zext i6 %tmp_4_3 to i64

ST_5: output_addr_4 [1/1] 0.00ns
:52  %output_addr_4 = getelementptr [64 x i16]* %output_r, i64 0, i64 %tmp_5_4

ST_5: stg_68 [1/1] 2.33ns
:53  store i16 %buf_load_4, i16* %output_addr_4, align 2

ST_5: buf_load_5 [1/2] 2.33ns
:54  %buf_load_5 = load i16* %buf_addr_5, align 2

ST_5: tmp_4_4 [1/1] 0.00ns
:55  %tmp_4_4 = or i6 %tmp_1, 5

ST_5: tmp_5_5 [1/1] 0.00ns
:56  %tmp_5_5 = zext i6 %tmp_4_4 to i64

ST_5: output_addr_5 [1/1] 0.00ns
:57  %output_addr_5 = getelementptr [64 x i16]* %output_r, i64 0, i64 %tmp_5_5

ST_5: stg_73 [1/1] 2.33ns
:58  store i16 %buf_load_5, i16* %output_addr_5, align 2

ST_5: buf_load_6 [2/2] 2.33ns
:59  %buf_load_6 = load i16* %buf_addr_6, align 2

ST_5: buf_load_7 [2/2] 2.33ns
:64  %buf_load_7 = load i16* %buf_addr_7, align 2


 <State 6>: 4.66ns
ST_6: empty [1/1] 0.00ns
:0  %empty = call i32 (...)* @_ssdm_op_SpecLoopTripCount(i64 8, i64 8, i64 8)

ST_6: stg_77 [1/1] 0.00ns
:1  call void (...)* @_ssdm_op_SpecLoopName([12 x i8]* @p_str10) nounwind

ST_6: tmp_2 [1/1] 0.00ns
:2  %tmp_2 = call i32 (...)* @_ssdm_op_SpecRegionBegin([12 x i8]* @p_str10)

ST_6: stg_79 [1/1] 0.00ns
:3  call void (...)* @_ssdm_op_SpecPipeline(i32 1, i32 1, i32 1, i32 0, [1 x i8]* @p_str1) nounwind

ST_6: buf_load_6 [1/2] 2.33ns
:59  %buf_load_6 = load i16* %buf_addr_6, align 2

ST_6: tmp_4_5 [1/1] 0.00ns
:60  %tmp_4_5 = or i6 %tmp_1, 6

ST_6: tmp_5_6 [1/1] 0.00ns
:61  %tmp_5_6 = zext i6 %tmp_4_5 to i64

ST_6: output_addr_6 [1/1] 0.00ns
:62  %output_addr_6 = getelementptr [64 x i16]* %output_r, i64 0, i64 %tmp_5_6

ST_6: stg_84 [1/1] 2.33ns
:63  store i16 %buf_load_6, i16* %output_addr_6, align 2

ST_6: buf_load_7 [1/2] 2.33ns
:64  %buf_load_7 = load i16* %buf_addr_7, align 2

ST_6: tmp_4_6 [1/1] 0.00ns
:65  %tmp_4_6 = or i6 %tmp_1, 7

ST_6: tmp_5_7 [1/1] 0.00ns
:66  %tmp_5_7 = zext i6 %tmp_4_6 to i64

ST_6: output_addr_7 [1/1] 0.00ns
:67  %output_addr_7 = getelementptr [64 x i16]* %output_r, i64 0, i64 %tmp_5_7

ST_6: stg_89 [1/1] 2.33ns
:68  store i16 %buf_load_7, i16* %output_addr_7, align 2

ST_6: empty_7 [1/1] 0.00ns
:69  %empty_7 = call i32 (...)* @_ssdm_op_SpecRegionEnd([12 x i8]* @p_str10, i32 %tmp_2)

ST_6: stg_91 [1/1] 0.00ns
:70  br label %1


 <State 7>: 0.00ns
ST_7: stg_92 [1/1] 0.00ns
:0  ret void



============================================================
+ Verbose Summary: Binding
============================================================
STG Binding: 
---------------- STG Properties BEGIN ----------------
- Is combinational: 0
- Is one-state seq: 0
- Is datapath-only: 0
- Is clock enabled: 0
- Is pipelined: 0
- Is top level: 0
Port [ Return ] is wired: 1; IO mode=ap_ctrl_hs:ce=0
Port [ buf_r]:  wired=1; compound=1; hidden=0; nouse=0; global=0; static=0; extern=0; dir=0; type=1; mode=0x7f475b5ca030; pingpong=1; private_global=0; MemPort=[11]; IO mode=ap_memory:ce=0
Port [ output_r]:  wired=1; compound=1; hidden=0; nouse=0; global=0; static=0; extern=0; dir=1; type=1; mode=0x7f47598e7d30; pingpong=0; private_global=0; MemPort=[00]; IO mode=ap_memory:ce=0
---------------- STG Properties END ------------------

---------------- Datapath Model BEGIN ----------------

<LifeTime>
<method=bitvector/>
stg_8         (br               ) [ 01111110]
r             (phi              ) [ 00100000]
exitcond1     (icmp             ) [ 00111110]
r_1           (add              ) [ 01111110]
stg_12        (br               ) [ 00000000]
tmp           (bitconcatenate   ) [ 00011100]
tmp_3         (zext             ) [ 00000000]
buf_addr      (getelementptr    ) [ 00010000]
tmp_4         (or               ) [ 00000000]
tmp_6         (bitconcatenate   ) [ 00000000]
buf_addr_1    (getelementptr    ) [ 00010000]
tmp_18        (trunc            ) [ 00010000]
tmp_7         (or               ) [ 00000000]
tmp_8         (bitconcatenate   ) [ 00000000]
buf_addr_2    (getelementptr    ) [ 00001000]
tmp_9         (or               ) [ 00000000]
tmp_s         (bitconcatenate   ) [ 00000000]
buf_addr_3    (getelementptr    ) [ 00001000]
tmp_1         (bitconcatenate   ) [ 00101110]
buf_load      (load             ) [ 00000000]
tmp_5         (zext             ) [ 00000000]
output_addr   (getelementptr    ) [ 00000000]
stg_32        (store            ) [ 00000000]
buf_load_1    (load             ) [ 00000000]
tmp_4_s       (or               ) [ 00000000]
tmp_5_1       (zext             ) [ 00000000]
output_addr_1 (getelementptr    ) [ 00000000]
stg_37        (store            ) [ 00000000]
tmp_10        (or               ) [ 00000000]
tmp_11        (bitconcatenate   ) [ 00000000]
buf_addr_4    (getelementptr    ) [ 00000100]
tmp_12        (or               ) [ 00000000]
tmp_13        (bitconcatenate   ) [ 00000000]
buf_addr_5    (getelementptr    ) [ 00000100]
buf_load_2    (load             ) [ 00000000]
tmp_4_1       (or               ) [ 00000000]
tmp_5_2       (zext             ) [ 00000000]
output_addr_2 (getelementptr    ) [ 00000000]
stg_50        (store            ) [ 00000000]
buf_load_3    (load             ) [ 00000000]
tmp_4_2       (or               ) [ 00000000]
tmp_5_3       (zext             ) [ 00000000]
output_addr_3 (getelementptr    ) [ 00000000]
stg_55        (store            ) [ 00000000]
tmp_14        (or               ) [ 00000000]
tmp_15        (bitconcatenate   ) [ 00000000]
buf_addr_6    (getelementptr    ) [ 00100010]
tmp_16        (or               ) [ 00000000]
tmp_17        (bitconcatenate   ) [ 00000000]
buf_addr_7    (getelementptr    ) [ 00100010]
buf_load_4    (load             ) [ 00000000]
tmp_4_3       (or               ) [ 00000000]
tmp_5_4       (zext             ) [ 00000000]
output_addr_4 (getelementptr    ) [ 00000000]
stg_68        (store            ) [ 00000000]
buf_load_5    (load             ) [ 00000000]
tmp_4_4       (or               ) [ 00000000]
tmp_5_5       (zext             ) [ 00000000]
output_addr_5 (getelementptr    ) [ 00000000]
stg_73        (store            ) [ 00000000]
empty         (speclooptripcount) [ 00000000]
stg_77        (specloopname     ) [ 00000000]
tmp_2         (specregionbegin  ) [ 00000000]
stg_79        (specpipeline     ) [ 00000000]
buf_load_6    (load             ) [ 00000000]
tmp_4_5       (or               ) [ 00000000]
tmp_5_6       (zext             ) [ 00000000]
output_addr_6 (getelementptr    ) [ 00000000]
stg_84        (store            ) [ 00000000]
buf_load_7    (load             ) [ 00000000]
tmp_4_6       (or               ) [ 00000000]
tmp_5_7       (zext             ) [ 00000000]
output_addr_7 (getelementptr    ) [ 00000000]
stg_89        (store            ) [ 00000000]
empty_7       (specregionend    ) [ 00000000]
stg_91        (br               ) [ 01111110]
stg_92        (ret              ) [ 00000000]
</LifeTime>

<model>

<comp_list>
<comp id="0" class="1000" name="buf_r">
<pin_list>
<pin id="1" dir="1" index="0" bw="1" slack="0"/>
</pin_list>
<bind>
<StgValue><ssdm name="buf_r"/><MemPortTyVec>1 1 </MemPortTyVec>
</StgValue>
</bind>
</comp>

<comp id="2" class="1000" name="output_r">
<pin_list>
<pin id="3" dir="1" index="0" bw="1" slack="0"/>
</pin_list>
<bind>
<StgValue><ssdm name="output_r"/><MemPortTyVec>0 0 </MemPortTyVec>
</StgValue>
</bind>
</comp>

<comp id="4" class="1001" name="const_4">
<pin_list>
<pin id="5" dir="1" index="0" bw="1" slack="1"/>
</pin_list>
<bind>
<StgValue><ssdm name=""/></StgValue>
</bind>
</comp>

<comp id="6" class="1001" name="const_6">
<pin_list>
<pin id="7" dir="1" index="0" bw="1" slack="0"/>
</pin_list>
<bind>
<StgValue><ssdm name=""/></StgValue>
</bind>
</comp>

<comp id="8" class="1001" name="const_8">
<pin_list>
<pin id="9" dir="1" index="0" bw="1" slack="0"/>
</pin_list>
<bind>
<StgValue><ssdm name=""/></StgValue>
</bind>
</comp>

<comp id="10" class="1001" name="const_10">
<pin_list>
<pin id="11" dir="1" index="0" bw="1" slack="0"/>
</pin_list>
<bind>
<StgValue><ssdm name="_ssdm_op_BitConcatenate.i7.i4.i3"/></StgValue>
</bind>
</comp>

<comp id="12" class="1001" name="const_12">
<pin_list>
<pin id="13" dir="1" index="0" bw="1" slack="0"/>
</pin_list>
<bind>
<StgValue><ssdm name=""/></StgValue>
</bind>
</comp>

<comp id="14" class="1001" name="const_14">
<pin_list>
<pin id="15" dir="1" index="0" bw="1" slack="0"/>
</pin_list>
<bind>
<StgValue><ssdm name=""/></StgValue>
</bind>
</comp>

<comp id="16" class="1001" name="const_16">
<pin_list>
<pin id="17" dir="1" index="0" bw="1" slack="0"/>
</pin_list>
<bind>
<StgValue><ssdm name=""/></StgValue>
</bind>
</comp>

<comp id="18" class="1001" name="const_18">
<pin_list>
<pin id="19" dir="1" index="0" bw="1" slack="0"/>
</pin_list>
<bind>
<StgValue><ssdm name="_ssdm_op_BitConcatenate.i64.i57.i7"/></StgValue>
</bind>
</comp>

<comp id="20" class="1001" name="const_20">
<pin_list>
<pin id="21" dir="1" index="0" bw="1" slack="0"/>
</pin_list>
<bind>
<StgValue><ssdm name=""/></StgValue>
</bind>
</comp>

<comp id="22" class="1001" name="const_22">
<pin_list>
<pin id="23" dir="1" index="0" bw="1" slack="0"/>
</pin_list>
<bind>
<StgValue><ssdm name=""/></StgValue>
</bind>
</comp>

<comp id="24" class="1001" name="const_24">
<pin_list>
<pin id="25" dir="1" index="0" bw="1" slack="0"/>
</pin_list>
<bind>
<StgValue><ssdm name=""/></StgValue>
</bind>
</comp>

<comp id="26" class="1001" name="const_26">
<pin_list>
<pin id="27" dir="1" index="0" bw="1" slack="0"/>
</pin_list>
<bind>
<StgValue><ssdm name="_ssdm_op_BitConcatenate.i6.i3.i3"/></StgValue>
</bind>
</comp>

<comp id="28" class="1001" name="const_28">
<pin_list>
<pin id="29" dir="1" index="0" bw="1" slack="0"/>
</pin_list>
<bind>
<StgValue><ssdm name=""/></StgValue>
</bind>
</comp>

<comp id="30" class="1001" name="const_30">
<pin_list>
<pin id="31" dir="1" index="0" bw="1" slack="0"/>
</pin_list>
<bind>
<StgValue><ssdm name=""/></StgValue>
</bind>
</comp>

<comp id="32" class="1001" name="const_32">
<pin_list>
<pin id="33" dir="1" index="0" bw="1" slack="0"/>
</pin_list>
<bind>
<StgValue><ssdm name=""/></StgValue>
</bind>
</comp>

<comp id="34" class="1001" name="const_34">
<pin_list>
<pin id="35" dir="1" index="0" bw="1" slack="0"/>
</pin_list>
<bind>
<StgValue><ssdm name=""/></StgValue>
</bind>
</comp>

<comp id="36" class="1001" name="const_36">
<pin_list>
<pin id="37" dir="1" index="0" bw="1" slack="0"/>
</pin_list>
<bind>
<StgValue><ssdm name=""/></StgValue>
</bind>
</comp>

<comp id="38" class="1001" name="const_38">
<pin_list>
<pin id="39" dir="1" index="0" bw="1" slack="0"/>
</pin_list>
<bind>
<StgValue><ssdm name=""/></StgValue>
</bind>
</comp>

<comp id="40" class="1001" name="const_40">
<pin_list>
<pin id="41" dir="1" index="0" bw="1" slack="0"/>
</pin_list>
<bind>
<StgValue><ssdm name=""/></StgValue>
</bind>
</comp>

<comp id="42" class="1001" name="const_42">
<pin_list>
<pin id="43" dir="1" index="0" bw="1" slack="0"/>
</pin_list>
<bind>
<StgValue><ssdm name=""/></StgValue>
</bind>
</comp>

<comp id="44" class="1001" name="const_44">
<pin_list>
<pin id="45" dir="1" index="0" bw="1" slack="0"/>
</pin_list>
<bind>
<StgValue><ssdm name=""/></StgValue>
</bind>
</comp>

<comp id="46" class="1001" name="const_46">
<pin_list>
<pin id="47" dir="1" index="0" bw="1" slack="2147483647"/>
</pin_list>
<bind>
<StgValue><ssdm name="_ssdm_op_SpecLoopTripCount"/></StgValue>
</bind>
</comp>

<comp id="48" class="1001" name="const_48">
<pin_list>
<pin id="49" dir="1" index="0" bw="1" slack="2147483647"/>
</pin_list>
<bind>
<StgValue><ssdm name=""/></StgValue>
</bind>
</comp>

<comp id="50" class="1001" name="const_50">
<pin_list>
<pin id="51" dir="1" index="0" bw="1" slack="2147483647"/>
</pin_list>
<bind>
<StgValue><ssdm name="_ssdm_op_SpecLoopName"/></StgValue>
</bind>
</comp>

<comp id="52" class="1001" name="const_52">
<pin_list>
<pin id="53" dir="1" index="0" bw="1" slack="2147483647"/>
</pin_list>
<bind>
<StgValue><ssdm name="p_str10"/></StgValue>
</bind>
</comp>

<comp id="54" class="1001" name="const_54">
<pin_list>
<pin id="55" dir="1" index="0" bw="1" slack="2147483647"/>
</pin_list>
<bind>
<StgValue><ssdm name="_ssdm_op_SpecRegionBegin"/></StgValue>
</bind>
</comp>

<comp id="56" class="1001" name="const_56">
<pin_list>
<pin id="57" dir="1" index="0" bw="1" slack="2147483647"/>
</pin_list>
<bind>
<StgValue><ssdm name="_ssdm_op_SpecPipeline"/></StgValue>
</bind>
</comp>

<comp id="58" class="1001" name="const_58">
<pin_list>
<pin id="59" dir="1" index="0" bw="1" slack="2147483647"/>
</pin_list>
<bind>
<StgValue><ssdm name=""/></StgValue>
</bind>
</comp>

<comp id="60" class="1001" name="const_60">
<pin_list>
<pin id="61" dir="1" index="0" bw="1" slack="2147483647"/>
</pin_list>
<bind>
<StgValue><ssdm name=""/></StgValue>
</bind>
</comp>

<comp id="62" class="1001" name="const_62">
<pin_list>
<pin id="63" dir="1" index="0" bw="1" slack="2147483647"/>
</pin_list>
<bind>
<StgValue><ssdm name="p_str1"/></StgValue>
</bind>
</comp>

<comp id="64" class="1001" name="const_64">
<pin_list>
<pin id="65" dir="1" index="0" bw="1" slack="0"/>
</pin_list>
<bind>
<StgValue><ssdm name=""/></StgValue>
</bind>
</comp>

<comp id="66" class="1001" name="const_66">
<pin_list>
<pin id="67" dir="1" index="0" bw="1" slack="0"/>
</pin_list>
<bind>
<StgValue><ssdm name=""/></StgValue>
</bind>
</comp>

<comp id="68" class="1001" name="const_68">
<pin_list>
<pin id="69" dir="1" index="0" bw="1" slack="2147483647"/>
</pin_list>
<bind>
<StgValue><ssdm name="_ssdm_op_SpecRegionEnd"/></StgValue>
</bind>
</comp>

<comp id="70" class="1004" name="buf_addr_gep_fu_70">
<pin_list>
<pin id="71" dir="0" index="0" bw="16" slack="0"/>
<pin id="72" dir="0" index="1" bw="1" slack="0"/>
<pin id="73" dir="0" index="2" bw="7" slack="0"/>
<pin id="74" dir="1" index="3" bw="6" slack="0"/>
</pin_list>
<bind>
<opcode="getelementptr(29) " fcode="getelementptr"/>
<opset="buf_addr/2 "/>
</bind>
</comp>

<comp id="77" class="1004" name="buf_addr_1_gep_fu_77">
<pin_list>
<pin id="78" dir="0" index="0" bw="16" slack="0"/>
<pin id="79" dir="0" index="1" bw="1" slack="0"/>
<pin id="80" dir="0" index="2" bw="64" slack="0"/>
<pin id="81" dir="1" index="3" bw="6" slack="0"/>
</pin_list>
<bind>
<opcode="getelementptr(29) " fcode="getelementptr"/>
<opset="buf_addr_1/2 "/>
</bind>
</comp>

<comp id="84" class="1004" name="grp_access_fu_84">
<pin_list>
<pin id="85" dir="0" index="0" bw="6" slack="0"/>
<pin id="86" dir="0" index="1" bw="16" slack="2147483647"/>
<pin id="89" dir="0" index="3" bw="6" slack="0"/>
<pin id="90" dir="0" index="4" bw="16" slack="2147483647"/>
<pin id="87" dir="1" index="2" bw="16" slack="0"/>
<pin id="91" dir="1" index="5" bw="16" slack="0"/>
</pin_list>
<bind>
<opcode="load(27) " fcode="load"/>
<opset="buf_load/2 buf_load_1/2 buf_load_2/3 buf_load_3/3 buf_load_4/4 buf_load_5/4 buf_load_6/5 buf_load_7/5 "/>
</bind>
</comp>

<comp id="93" class="1004" name="buf_addr_2_gep_fu_93">
<pin_list>
<pin id="94" dir="0" index="0" bw="16" slack="0"/>
<pin id="95" dir="0" index="1" bw="1" slack="0"/>
<pin id="96" dir="0" index="2" bw="64" slack="0"/>
<pin id="97" dir="1" index="3" bw="6" slack="0"/>
</pin_list>
<bind>
<opcode="getelementptr(29) " fcode="getelementptr"/>
<opset="buf_addr_2/3 "/>
</bind>
</comp>

<comp id="100" class="1004" name="buf_addr_3_gep_fu_100">
<pin_list>
<pin id="101" dir="0" index="0" bw="16" slack="0"/>
<pin id="102" dir="0" index="1" bw="1" slack="0"/>
<pin id="103" dir="0" index="2" bw="64" slack="0"/>
<pin id="104" dir="1" index="3" bw="6" slack="0"/>
</pin_list>
<bind>
<opcode="getelementptr(29) " fcode="getelementptr"/>
<opset="buf_addr_3/3 "/>
</bind>
</comp>

<comp id="107" class="1004" name="output_addr_gep_fu_107">
<pin_list>
<pin id="108" dir="0" index="0" bw="16" slack="0"/>
<pin id="109" dir="0" index="1" bw="1" slack="0"/>
<pin id="110" dir="0" index="2" bw="6" slack="0"/>
<pin id="111" dir="1" index="3" bw="6" slack="0"/>
</pin_list>
<bind>
<opcode="getelementptr(29) " fcode="getelementptr"/>
<opset="output_addr/3 "/>
</bind>
</comp>

<comp id="114" class="1004" name="grp_access_fu_114">
<pin_list>
<pin id="115" dir="0" index="0" bw="6" slack="0"/>
<pin id="116" dir="0" index="1" bw="16" slack="0"/>
<pin id="127" dir="0" index="3" bw="6" slack="0"/>
<pin id="128" dir="0" index="4" bw="16" slack="0"/>
<pin id="117" dir="1" index="2" bw="16" slack="2147483647"/>
<pin id="129" dir="1" index="5" bw="16" slack="2147483647"/>
</pin_list>
<bind>
<opcode="store(28) " fcode="store"/>
<opset="stg_32/3 stg_37/3 stg_50/4 stg_55/4 stg_68/5 stg_73/5 stg_84/6 stg_89/6 "/>
</bind>
</comp>

<comp id="120" class="1004" name="output_addr_1_gep_fu_120">
<pin_list>
<pin id="121" dir="0" index="0" bw="16" slack="0"/>
<pin id="122" dir="0" index="1" bw="1" slack="0"/>
<pin id="123" dir="0" index="2" bw="6" slack="0"/>
<pin id="124" dir="1" index="3" bw="6" slack="0"/>
</pin_list>
<bind>
<opcode="getelementptr(29) " fcode="getelementptr"/>
<opset="output_addr_1/3 "/>
</bind>
</comp>

<comp id="134" class="1004" name="buf_addr_4_gep_fu_134">
<pin_list>
<pin id="135" dir="0" index="0" bw="16" slack="0"/>
<pin id="136" dir="0" index="1" bw="1" slack="0"/>
<pin id="137" dir="0" index="2" bw="64" slack="0"/>
<pin id="138" dir="1" index="3" bw="6" slack="0"/>
</pin_list>
<bind>
<opcode="getelementptr(29) " fcode="getelementptr"/>
<opset="buf_addr_4/4 "/>
</bind>
</comp>

<comp id="141" class="1004" name="buf_addr_5_gep_fu_141">
<pin_list>
<pin id="142" dir="0" index="0" bw="16" slack="0"/>
<pin id="143" dir="0" index="1" bw="1" slack="0"/>
<pin id="144" dir="0" index="2" bw="64" slack="0"/>
<pin id="145" dir="1" index="3" bw="6" slack="0"/>
</pin_list>
<bind>
<opcode="getelementptr(29) " fcode="getelementptr"/>
<opset="buf_addr_5/4 "/>
</bind>
</comp>

<comp id="148" class="1004" name="output_addr_2_gep_fu_148">
<pin_list>
<pin id="149" dir="0" index="0" bw="16" slack="0"/>
<pin id="150" dir="0" index="1" bw="1" slack="0"/>
<pin id="151" dir="0" index="2" bw="6" slack="0"/>
<pin id="152" dir="1" index="3" bw="6" slack="0"/>
</pin_list>
<bind>
<opcode="getelementptr(29) " fcode="getelementptr"/>
<opset="output_addr_2/4 "/>
</bind>
</comp>

<comp id="156" class="1004" name="output_addr_3_gep_fu_156">
<pin_list>
<pin id="157" dir="0" index="0" bw="16" slack="0"/>
<pin id="158" dir="0" index="1" bw="1" slack="0"/>
<pin id="159" dir="0" index="2" bw="6" slack="0"/>
<pin id="160" dir="1" index="3" bw="6" slack="0"/>
</pin_list>
<bind>
<opcode="getelementptr(29) " fcode="getelementptr"/>
<opset="output_addr_3/4 "/>
</bind>
</comp>

<comp id="166" class="1004" name="buf_addr_6_gep_fu_166">
<pin_list>
<pin id="167" dir="0" index="0" bw="16" slack="0"/>
<pin id="168" dir="0" index="1" bw="1" slack="0"/>
<pin id="169" dir="0" index="2" bw="64" slack="0"/>
<pin id="170" dir="1" index="3" bw="6" slack="0"/>
</pin_list>
<bind>
<opcode="getelementptr(29) " fcode="getelementptr"/>
<opset="buf_addr_6/5 "/>
</bind>
</comp>

<comp id="173" class="1004" name="buf_addr_7_gep_fu_173">
<pin_list>
<pin id="174" dir="0" index="0" bw="16" slack="0"/>
<pin id="175" dir="0" index="1" bw="1" slack="0"/>
<pin id="176" dir="0" index="2" bw="64" slack="0"/>
<pin id="177" dir="1" index="3" bw="6" slack="0"/>
</pin_list>
<bind>
<opcode="getelementptr(29) " fcode="getelementptr"/>
<opset="buf_addr_7/5 "/>
</bind>
</comp>

<comp id="180" class="1004" name="output_addr_4_gep_fu_180">
<pin_list>
<pin id="181" dir="0" index="0" bw="16" slack="0"/>
<pin id="182" dir="0" index="1" bw="1" slack="0"/>
<pin id="183" dir="0" index="2" bw="6" slack="0"/>
<pin id="184" dir="1" index="3" bw="6" slack="0"/>
</pin_list>
<bind>
<opcode="getelementptr(29) " fcode="getelementptr"/>
<opset="output_addr_4/5 "/>
</bind>
</comp>

<comp id="188" class="1004" name="output_addr_5_gep_fu_188">
<pin_list>
<pin id="189" dir="0" index="0" bw="16" slack="0"/>
<pin id="190" dir="0" index="1" bw="1" slack="0"/>
<pin id="191" dir="0" index="2" bw="6" slack="0"/>
<pin id="192" dir="1" index="3" bw="6" slack="0"/>
</pin_list>
<bind>
<opcode="getelementptr(29) " fcode="getelementptr"/>
<opset="output_addr_5/5 "/>
</bind>
</comp>

<comp id="198" class="1004" name="output_addr_6_gep_fu_198">
<pin_list>
<pin id="199" dir="0" index="0" bw="16" slack="0"/>
<pin id="200" dir="0" index="1" bw="1" slack="0"/>
<pin id="201" dir="0" index="2" bw="6" slack="0"/>
<pin id="202" dir="1" index="3" bw="6" slack="0"/>
</pin_list>
<bind>
<opcode="getelementptr(29) " fcode="getelementptr"/>
<opset="output_addr_6/6 "/>
</bind>
</comp>

<comp id="206" class="1004" name="output_addr_7_gep_fu_206">
<pin_list>
<pin id="207" dir="0" index="0" bw="16" slack="0"/>
<pin id="208" dir="0" index="1" bw="1" slack="0"/>
<pin id="209" dir="0" index="2" bw="6" slack="0"/>
<pin id="210" dir="1" index="3" bw="6" slack="0"/>
</pin_list>
<bind>
<opcode="getelementptr(29) " fcode="getelementptr"/>
<opset="output_addr_7/6 "/>
</bind>
</comp>

<comp id="214" class="1005" name="r_reg_214">
<pin_list>
<pin id="215" dir="0" index="0" bw="4" slack="1"/>
<pin id="216" dir="1" index="1" bw="4" slack="1"/>
</pin_list>
<bind>
<opset="r (phireg) "/>
</bind>
</comp>

<comp id="218" class="1004" name="r_phi_fu_218">
<pin_list>
<pin id="219" dir="0" index="0" bw="1" slack="1"/>
<pin id="220" dir="0" index="1" bw="0" slack="2147483647"/>
<pin id="221" dir="0" index="2" bw="4" slack="0"/>
<pin id="222" dir="0" index="3" bw="0" slack="2147483647"/>
<pin id="223" dir="1" index="4" bw="4" slack="0"/>
</pin_list>
<bind>
<opcode="phi(47) " fcode="phi"/>
<opset="r/2 "/>
</bind>
</comp>

<comp id="225" class="1004" name="exitcond1_fu_225">
<pin_list>
<pin id="226" dir="0" index="0" bw="4" slack="0"/>
<pin id="227" dir="0" index="1" bw="4" slack="0"/>
<pin id="228" dir="1" index="2" bw="1" slack="1"/>
</pin_list>
<bind>
<opcode="icmp(45) " fcode="icmp"/>
<opset="exitcond1/2 "/>
</bind>
</comp>

<comp id="231" class="1004" name="r_1_fu_231">
<pin_list>
<pin id="232" dir="0" index="0" bw="4" slack="0"/>
<pin id="233" dir="0" index="1" bw="1" slack="0"/>
<pin id="234" dir="1" index="2" bw="4" slack="0"/>
</pin_list>
<bind>
<opcode="add(8) " fcode="add"/>
<opset="r_1/2 "/>
</bind>
</comp>

<comp id="237" class="1004" name="tmp_fu_237">
<pin_list>
<pin id="238" dir="0" index="0" bw="7" slack="0"/>
<pin id="239" dir="0" index="1" bw="4" slack="0"/>
<pin id="240" dir="0" index="2" bw="1" slack="0"/>
<pin id="241" dir="1" index="3" bw="7" slack="0"/>
</pin_list>
<bind>
<opcode="bitconcatenate(1004) " fcode="bitconcatenate"/>
<opset="tmp/2 "/>
</bind>
</comp>

<comp id="245" class="1004" name="tmp_3_fu_245">
<pin_list>
<pin id="246" dir="0" index="0" bw="7" slack="0"/>
<pin id="247" dir="1" index="1" bw="64" slack="0"/>
</pin_list>
<bind>
<opcode="zext(34) " fcode="zext"/>
<opset="tmp_3/2 "/>
</bind>
</comp>

<comp id="250" class="1004" name="tmp_4_fu_250">
<pin_list>
<pin id="251" dir="0" index="0" bw="7" slack="0"/>
<pin id="252" dir="0" index="1" bw="1" slack="0"/>
<pin id="253" dir="1" index="2" bw="7" slack="0"/>
</pin_list>
<bind>
<opcode="or(24) " fcode="or"/>
<opset="tmp_4/2 "/>
</bind>
</comp>

<comp id="256" class="1004" name="tmp_6_fu_256">
<pin_list>
<pin id="257" dir="0" index="0" bw="64" slack="0"/>
<pin id="258" dir="0" index="1" bw="1" slack="0"/>
<pin id="259" dir="0" index="2" bw="7" slack="0"/>
<pin id="260" dir="1" index="3" bw="64" slack="0"/>
</pin_list>
<bind>
<opcode="bitconcatenate(1004) " fcode="bitconcatenate"/>
<opset="tmp_6/2 "/>
</bind>
</comp>

<comp id="265" class="1004" name="tmp_18_fu_265">
<pin_list>
<pin id="266" dir="0" index="0" bw="4" slack="0"/>
<pin id="267" dir="1" index="1" bw="3" slack="1"/>
</pin_list>
<bind>
<opcode="trunc(33) " fcode="trunc"/>
<opset="tmp_18/2 "/>
</bind>
</comp>

<comp id="269" class="1004" name="tmp_7_fu_269">
<pin_list>
<pin id="270" dir="0" index="0" bw="7" slack="1"/>
<pin id="271" dir="0" index="1" bw="3" slack="0"/>
<pin id="272" dir="1" index="2" bw="7" slack="0"/>
</pin_list>
<bind>
<opcode="or(24) " fcode="or"/>
<opset="tmp_7/3 "/>
</bind>
</comp>

<comp id="274" class="1004" name="tmp_8_fu_274">
<pin_list>
<pin id="275" dir="0" index="0" bw="64" slack="0"/>
<pin id="276" dir="0" index="1" bw="1" slack="0"/>
<pin id="277" dir="0" index="2" bw="7" slack="0"/>
<pin id="278" dir="1" index="3" bw="64" slack="0"/>
</pin_list>
<bind>
<opcode="bitconcatenate(1004) " fcode="bitconcatenate"/>
<opset="tmp_8/3 "/>
</bind>
</comp>

<comp id="283" class="1004" name="tmp_9_fu_283">
<pin_list>
<pin id="284" dir="0" index="0" bw="7" slack="1"/>
<pin id="285" dir="0" index="1" bw="3" slack="0"/>
<pin id="286" dir="1" index="2" bw="7" slack="0"/>
</pin_list>
<bind>
<opcode="or(24) " fcode="or"/>
<opset="tmp_9/3 "/>
</bind>
</comp>

<comp id="288" class="1004" name="tmp_s_fu_288">
<pin_list>
<pin id="289" dir="0" index="0" bw="64" slack="0"/>
<pin id="290" dir="0" index="1" bw="1" slack="0"/>
<pin id="291" dir="0" index="2" bw="7" slack="0"/>
<pin id="292" dir="1" index="3" bw="64" slack="0"/>
</pin_list>
<bind>
<opcode="bitconcatenate(1004) " fcode="bitconcatenate"/>
<opset="tmp_s/3 "/>
</bind>
</comp>

<comp id="297" class="1004" name="tmp_1_fu_297">
<pin_list>
<pin id="298" dir="0" index="0" bw="6" slack="0"/>
<pin id="299" dir="0" index="1" bw="3" slack="1"/>
<pin id="300" dir="0" index="2" bw="1" slack="0"/>
<pin id="301" dir="1" index="3" bw="6" slack="0"/>
</pin_list>
<bind>
<opcode="bitconcatenate(1004) " fcode="bitconcatenate"/>
<opset="tmp_1/3 "/>
</bind>
</comp>

<comp id="304" class="1004" name="tmp_5_fu_304">
<pin_list>
<pin id="305" dir="0" index="0" bw="6" slack="0"/>
<pin id="306" dir="1" index="1" bw="64" slack="0"/>
</pin_list>
<bind>
<opcode="zext(34) " fcode="zext"/>
<opset="tmp_5/3 "/>
</bind>
</comp>

<comp id="309" class="1004" name="tmp_4_s_fu_309">
<pin_list>
<pin id="310" dir="0" index="0" bw="6" slack="0"/>
<pin id="311" dir="0" index="1" bw="1" slack="0"/>
<pin id="312" dir="1" index="2" bw="6" slack="0"/>
</pin_list>
<bind>
<opcode="or(24) " fcode="or"/>
<opset="tmp_4_s/3 "/>
</bind>
</comp>

<comp id="315" class="1004" name="tmp_5_1_fu_315">
<pin_list>
<pin id="316" dir="0" index="0" bw="6" slack="0"/>
<pin id="317" dir="1" index="1" bw="64" slack="0"/>
</pin_list>
<bind>
<opcode="zext(34) " fcode="zext"/>
<opset="tmp_5_1/3 "/>
</bind>
</comp>

<comp id="320" class="1004" name="tmp_10_fu_320">
<pin_list>
<pin id="321" dir="0" index="0" bw="7" slack="2"/>
<pin id="322" dir="0" index="1" bw="4" slack="0"/>
<pin id="323" dir="1" index="2" bw="7" slack="0"/>
</pin_list>
<bind>
<opcode="or(24) " fcode="or"/>
<opset="tmp_10/4 "/>
</bind>
</comp>

<comp id="325" class="1004" name="tmp_11_fu_325">
<pin_list>
<pin id="326" dir="0" index="0" bw="64" slack="0"/>
<pin id="327" dir="0" index="1" bw="1" slack="0"/>
<pin id="328" dir="0" index="2" bw="7" slack="0"/>
<pin id="329" dir="1" index="3" bw="64" slack="0"/>
</pin_list>
<bind>
<opcode="bitconcatenate(1004) " fcode="bitconcatenate"/>
<opset="tmp_11/4 "/>
</bind>
</comp>

<comp id="334" class="1004" name="tmp_12_fu_334">
<pin_list>
<pin id="335" dir="0" index="0" bw="7" slack="2"/>
<pin id="336" dir="0" index="1" bw="4" slack="0"/>
<pin id="337" dir="1" index="2" bw="7" slack="0"/>
</pin_list>
<bind>
<opcode="or(24) " fcode="or"/>
<opset="tmp_12/4 "/>
</bind>
</comp>

<comp id="339" class="1004" name="tmp_13_fu_339">
<pin_list>
<pin id="340" dir="0" index="0" bw="64" slack="0"/>
<pin id="341" dir="0" index="1" bw="1" slack="0"/>
<pin id="342" dir="0" index="2" bw="7" slack="0"/>
<pin id="343" dir="1" index="3" bw="64" slack="0"/>
</pin_list>
<bind>
<opcode="bitconcatenate(1004) " fcode="bitconcatenate"/>
<opset="tmp_13/4 "/>
</bind>
</comp>

<comp id="348" class="1004" name="tmp_4_1_fu_348">
<pin_list>
<pin id="349" dir="0" index="0" bw="6" slack="1"/>
<pin id="350" dir="0" index="1" bw="3" slack="0"/>
<pin id="351" dir="1" index="2" bw="6" slack="0"/>
</pin_list>
<bind>
<opcode="or(24) " fcode="or"/>
<opset="tmp_4_1/4 "/>
</bind>
</comp>

<comp id="353" class="1004" name="tmp_5_2_fu_353">
<pin_list>
<pin id="354" dir="0" index="0" bw="6" slack="0"/>
<pin id="355" dir="1" index="1" bw="64" slack="0"/>
</pin_list>
<bind>
<opcode="zext(34) " fcode="zext"/>
<opset="tmp_5_2/4 "/>
</bind>
</comp>

<comp id="358" class="1004" name="tmp_4_2_fu_358">
<pin_list>
<pin id="359" dir="0" index="0" bw="6" slack="1"/>
<pin id="360" dir="0" index="1" bw="3" slack="0"/>
<pin id="361" dir="1" index="2" bw="6" slack="0"/>
</pin_list>
<bind>
<opcode="or(24) " fcode="or"/>
<opset="tmp_4_2/4 "/>
</bind>
</comp>

<comp id="363" class="1004" name="tmp_5_3_fu_363">
<pin_list>
<pin id="364" dir="0" index="0" bw="6" slack="0"/>
<pin id="365" dir="1" index="1" bw="64" slack="0"/>
</pin_list>
<bind>
<opcode="zext(34) " fcode="zext"/>
<opset="tmp_5_3/4 "/>
</bind>
</comp>

<comp id="368" class="1004" name="tmp_14_fu_368">
<pin_list>
<pin id="369" dir="0" index="0" bw="7" slack="3"/>
<pin id="370" dir="0" index="1" bw="4" slack="0"/>
<pin id="371" dir="1" index="2" bw="7" slack="0"/>
</pin_list>
<bind>
<opcode="or(24) " fcode="or"/>
<opset="tmp_14/5 "/>
</bind>
</comp>

<comp id="373" class="1004" name="tmp_15_fu_373">
<pin_list>
<pin id="374" dir="0" index="0" bw="64" slack="0"/>
<pin id="375" dir="0" index="1" bw="1" slack="0"/>
<pin id="376" dir="0" index="2" bw="7" slack="0"/>
<pin id="377" dir="1" index="3" bw="64" slack="0"/>
</pin_list>
<bind>
<opcode="bitconcatenate(1004) " fcode="bitconcatenate"/>
<opset="tmp_15/5 "/>
</bind>
</comp>

<comp id="382" class="1004" name="tmp_16_fu_382">
<pin_list>
<pin id="383" dir="0" index="0" bw="7" slack="3"/>
<pin id="384" dir="0" index="1" bw="4" slack="0"/>
<pin id="385" dir="1" index="2" bw="7" slack="0"/>
</pin_list>
<bind>
<opcode="or(24) " fcode="or"/>
<opset="tmp_16/5 "/>
</bind>
</comp>

<comp id="387" class="1004" name="tmp_17_fu_387">
<pin_list>
<pin id="388" dir="0" index="0" bw="64" slack="0"/>
<pin id="389" dir="0" index="1" bw="1" slack="0"/>
<pin id="390" dir="0" index="2" bw="7" slack="0"/>
<pin id="391" dir="1" index="3" bw="64" slack="0"/>
</pin_list>
<bind>
<opcode="bitconcatenate(1004) " fcode="bitconcatenate"/>
<opset="tmp_17/5 "/>
</bind>
</comp>

<comp id="396" class="1004" name="tmp_4_3_fu_396">
<pin_list>
<pin id="397" dir="0" index="0" bw="6" slack="2"/>
<pin id="398" dir="0" index="1" bw="4" slack="0"/>
<pin id="399" dir="1" index="2" bw="6" slack="0"/>
</pin_list>
<bind>
<opcode="or(24) " fcode="or"/>
<opset="tmp_4_3/5 "/>
</bind>
</comp>

<comp id="401" class="1004" name="tmp_5_4_fu_401">
<pin_list>
<pin id="402" dir="0" index="0" bw="6" slack="0"/>
<pin id="403" dir="1" index="1" bw="64" slack="0"/>
</pin_list>
<bind>
<opcode="zext(34) " fcode="zext"/>
<opset="tmp_5_4/5 "/>
</bind>
</comp>

<comp id="406" class="1004" name="tmp_4_4_fu_406">
<pin_list>
<pin id="407" dir="0" index="0" bw="6" slack="2"/>
<pin id="408" dir="0" index="1" bw="4" slack="0"/>
<pin id="409" dir="1" index="2" bw="6" slack="0"/>
</pin_list>
<bind>
<opcode="or(24) " fcode="or"/>
<opset="tmp_4_4/5 "/>
</bind>
</comp>

<comp id="411" class="1004" name="tmp_5_5_fu_411">
<pin_list>
<pin id="412" dir="0" index="0" bw="6" slack="0"/>
<pin id="413" dir="1" index="1" bw="64" slack="0"/>
</pin_list>
<bind>
<opcode="zext(34) " fcode="zext"/>
<opset="tmp_5_5/5 "/>
</bind>
</comp>

<comp id="416" class="1004" name="tmp_4_5_fu_416">
<pin_list>
<pin id="417" dir="0" index="0" bw="6" slack="3"/>
<pin id="418" dir="0" index="1" bw="4" slack="0"/>
<pin id="419" dir="1" index="2" bw="6" slack="0"/>
</pin_list>
<bind>
<opcode="or(24) " fcode="or"/>
<opset="tmp_4_5/6 "/>
</bind>
</comp>

<comp id="421" class="1004" name="tmp_5_6_fu_421">
<pin_list>
<pin id="422" dir="0" index="0" bw="6" slack="0"/>
<pin id="423" dir="1" index="1" bw="64" slack="0"/>
</pin_list>
<bind>
<opcode="zext(34) " fcode="zext"/>
<opset="tmp_5_6/6 "/>
</bind>
</comp>

<comp id="426" class="1004" name="tmp_4_6_fu_426">
<pin_list>
<pin id="427" dir="0" index="0" bw="6" slack="3"/>
<pin id="428" dir="0" index="1" bw="4" slack="0"/>
<pin id="429" dir="1" index="2" bw="6" slack="0"/>
</pin_list>
<bind>
<opcode="or(24) " fcode="or"/>
<opset="tmp_4_6/6 "/>
</bind>
</comp>

<comp id="431" class="1004" name="tmp_5_7_fu_431">
<pin_list>
<pin id="432" dir="0" index="0" bw="6" slack="0"/>
<pin id="433" dir="1" index="1" bw="64" slack="0"/>
</pin_list>
<bind>
<opcode="zext(34) " fcode="zext"/>
<opset="tmp_5_7/6 "/>
</bind>
</comp>

<comp id="436" class="1005" name="exitcond1_reg_436">
<pin_list>
<pin id="437" dir="0" index="0" bw="1" slack="1"/>
<pin id="438" dir="1" index="1" bw="1" slack="2147483647"/>
</pin_list>
<bind>
<opset="exitcond1 "/>
</bind>
</comp>

<comp id="440" class="1005" name="r_1_reg_440">
<pin_list>
<pin id="441" dir="0" index="0" bw="4" slack="0"/>
<pin id="442" dir="1" index="1" bw="4" slack="0"/>
</pin_list>
<bind>
<opset="r_1 "/>
</bind>
</comp>

<comp id="445" class="1005" name="tmp_reg_445">
<pin_list>
<pin id="446" dir="0" index="0" bw="7" slack="1"/>
<pin id="447" dir="1" index="1" bw="7" slack="1"/>
</pin_list>
<bind>
<opset="tmp "/>
</bind>
</comp>

<comp id="455" class="1005" name="buf_addr_reg_455">
<pin_list>
<pin id="456" dir="0" index="0" bw="6" slack="1"/>
<pin id="457" dir="1" index="1" bw="6" slack="1"/>
</pin_list>
<bind>
<opset="buf_addr "/>
</bind>
</comp>

<comp id="460" class="1005" name="buf_addr_1_reg_460">
<pin_list>
<pin id="461" dir="0" index="0" bw="6" slack="1"/>
<pin id="462" dir="1" index="1" bw="6" slack="1"/>
</pin_list>
<bind>
<opset="buf_addr_1 "/>
</bind>
</comp>

<comp id="465" class="1005" name="tmp_18_reg_465">
<pin_list>
<pin id="466" dir="0" index="0" bw="3" slack="1"/>
<pin id="467" dir="1" index="1" bw="3" slack="1"/>
</pin_list>
<bind>
<opset="tmp_18 "/>
</bind>
</comp>

<comp id="470" class="1005" name="buf_addr_2_reg_470">
<pin_list>
<pin id="471" dir="0" index="0" bw="6" slack="1"/>
<pin id="472" dir="1" index="1" bw="6" slack="1"/>
</pin_list>
<bind>
<opset="buf_addr_2 "/>
</bind>
</comp>

<comp id="475" class="1005" name="buf_addr_3_reg_475">
<pin_list>
<pin id="476" dir="0" index="0" bw="6" slack="1"/>
<pin id="477" dir="1" index="1" bw="6" slack="1"/>
</pin_list>
<bind>
<opset="buf_addr_3 "/>
</bind>
</comp>

<comp id="480" class="1005" name="tmp_1_reg_480">
<pin_list>
<pin id="481" dir="0" index="0" bw="6" slack="1"/>
<pin id="482" dir="1" index="1" bw="6" slack="1"/>
</pin_list>
<bind>
<opset="tmp_1 "/>
</bind>
</comp>

<comp id="490" class="1005" name="buf_addr_4_reg_490">
<pin_list>
<pin id="491" dir="0" index="0" bw="6" slack="1"/>
<pin id="492" dir="1" index="1" bw="6" slack="1"/>
</pin_list>
<bind>
<opset="buf_addr_4 "/>
</bind>
</comp>

<comp id="495" class="1005" name="buf_addr_5_reg_495">
<pin_list>
<pin id="496" dir="0" index="0" bw="6" slack="1"/>
<pin id="497" dir="1" index="1" bw="6" slack="1"/>
</pin_list>
<bind>
<opset="buf_addr_5 "/>
</bind>
</comp>

<comp id="500" class="1005" name="buf_addr_6_reg_500">
<pin_list>
<pin id="501" dir="0" index="0" bw="6" slack="1"/>
<pin id="502" dir="1" index="1" bw="6" slack="1"/>
</pin_list>
<bind>
<opset="buf_addr_6 "/>
</bind>
</comp>

<comp id="505" class="1005" name="buf_addr_7_reg_505">
<pin_list>
<pin id="506" dir="0" index="0" bw="6" slack="1"/>
<pin id="507" dir="1" index="1" bw="6" slack="1"/>
</pin_list>
<bind>
<opset="buf_addr_7 "/>
</bind>
</comp>

</comp_list>

<net_list>
<net id="75"><net_src comp="0" pin="0"/><net_sink comp="70" pin=0"/></net>

<net id="76"><net_src comp="14" pin="0"/><net_sink comp="70" pin=1"/></net>

<net id="82"><net_src comp="0" pin="0"/><net_sink comp="77" pin=0"/></net>

<net id="83"><net_src comp="14" pin="0"/><net_sink comp="77" pin=1"/></net>

<net id="88"><net_src comp="70" pin="3"/><net_sink comp="84" pin=0"/></net>

<net id="92"><net_src comp="77" pin="3"/><net_sink comp="84" pin=3"/></net>

<net id="98"><net_src comp="0" pin="0"/><net_sink comp="93" pin=0"/></net>

<net id="99"><net_src comp="14" pin="0"/><net_sink comp="93" pin=1"/></net>

<net id="105"><net_src comp="0" pin="0"/><net_sink comp="100" pin=0"/></net>

<net id="106"><net_src comp="14" pin="0"/><net_sink comp="100" pin=1"/></net>

<net id="112"><net_src comp="2" pin="0"/><net_sink comp="107" pin=0"/></net>

<net id="113"><net_src comp="14" pin="0"/><net_sink comp="107" pin=1"/></net>

<net id="118"><net_src comp="84" pin="2"/><net_sink comp="114" pin=1"/></net>

<net id="119"><net_src comp="107" pin="3"/><net_sink comp="114" pin=0"/></net>

<net id="125"><net_src comp="2" pin="0"/><net_sink comp="120" pin=0"/></net>

<net id="126"><net_src comp="14" pin="0"/><net_sink comp="120" pin=1"/></net>

<net id="130"><net_src comp="84" pin="5"/><net_sink comp="114" pin=4"/></net>

<net id="131"><net_src comp="120" pin="3"/><net_sink comp="114" pin=3"/></net>

<net id="132"><net_src comp="93" pin="3"/><net_sink comp="84" pin=0"/></net>

<net id="133"><net_src comp="100" pin="3"/><net_sink comp="84" pin=3"/></net>

<net id="139"><net_src comp="0" pin="0"/><net_sink comp="134" pin=0"/></net>

<net id="140"><net_src comp="14" pin="0"/><net_sink comp="134" pin=1"/></net>

<net id="146"><net_src comp="0" pin="0"/><net_sink comp="141" pin=0"/></net>

<net id="147"><net_src comp="14" pin="0"/><net_sink comp="141" pin=1"/></net>

<net id="153"><net_src comp="2" pin="0"/><net_sink comp="148" pin=0"/></net>

<net id="154"><net_src comp="14" pin="0"/><net_sink comp="148" pin=1"/></net>

<net id="155"><net_src comp="148" pin="3"/><net_sink comp="114" pin=0"/></net>

<net id="161"><net_src comp="2" pin="0"/><net_sink comp="156" pin=0"/></net>

<net id="162"><net_src comp="14" pin="0"/><net_sink comp="156" pin=1"/></net>

<net id="163"><net_src comp="156" pin="3"/><net_sink comp="114" pin=3"/></net>

<net id="164"><net_src comp="134" pin="3"/><net_sink comp="84" pin=0"/></net>

<net id="165"><net_src comp="141" pin="3"/><net_sink comp="84" pin=3"/></net>

<net id="171"><net_src comp="0" pin="0"/><net_sink comp="166" pin=0"/></net>

<net id="172"><net_src comp="14" pin="0"/><net_sink comp="166" pin=1"/></net>

<net id="178"><net_src comp="0" pin="0"/><net_sink comp="173" pin=0"/></net>

<net id="179"><net_src comp="14" pin="0"/><net_sink comp="173" pin=1"/></net>

<net id="185"><net_src comp="2" pin="0"/><net_sink comp="180" pin=0"/></net>

<net id="186"><net_src comp="14" pin="0"/><net_sink comp="180" pin=1"/></net>

<net id="187"><net_src comp="180" pin="3"/><net_sink comp="114" pin=0"/></net>

<net id="193"><net_src comp="2" pin="0"/><net_sink comp="188" pin=0"/></net>

<net id="194"><net_src comp="14" pin="0"/><net_sink comp="188" pin=1"/></net>

<net id="195"><net_src comp="188" pin="3"/><net_sink comp="114" pin=3"/></net>

<net id="196"><net_src comp="166" pin="3"/><net_sink comp="84" pin=0"/></net>

<net id="197"><net_src comp="173" pin="3"/><net_sink comp="84" pin=3"/></net>

<net id="203"><net_src comp="2" pin="0"/><net_sink comp="198" pin=0"/></net>

<net id="204"><net_src comp="14" pin="0"/><net_sink comp="198" pin=1"/></net>

<net id="205"><net_src comp="198" pin="3"/><net_sink comp="114" pin=0"/></net>

<net id="211"><net_src comp="2" pin="0"/><net_sink comp="206" pin=0"/></net>

<net id="212"><net_src comp="14" pin="0"/><net_sink comp="206" pin=1"/></net>

<net id="213"><net_src comp="206" pin="3"/><net_sink comp="114" pin=3"/></net>

<net id="217"><net_src comp="4" pin="0"/><net_sink comp="214" pin=0"/></net>

<net id="224"><net_src comp="214" pin="1"/><net_sink comp="218" pin=0"/></net>

<net id="229"><net_src comp="218" pin="4"/><net_sink comp="225" pin=0"/></net>

<net id="230"><net_src comp="6" pin="0"/><net_sink comp="225" pin=1"/></net>

<net id="235"><net_src comp="218" pin="4"/><net_sink comp="231" pin=0"/></net>

<net id="236"><net_src comp="8" pin="0"/><net_sink comp="231" pin=1"/></net>

<net id="242"><net_src comp="10" pin="0"/><net_sink comp="237" pin=0"/></net>

<net id="243"><net_src comp="218" pin="4"/><net_sink comp="237" pin=1"/></net>

<net id="244"><net_src comp="12" pin="0"/><net_sink comp="237" pin=2"/></net>

<net id="248"><net_src comp="237" pin="3"/><net_sink comp="245" pin=0"/></net>

<net id="249"><net_src comp="245" pin="1"/><net_sink comp="70" pin=2"/></net>

<net id="254"><net_src comp="237" pin="3"/><net_sink comp="250" pin=0"/></net>

<net id="255"><net_src comp="16" pin="0"/><net_sink comp="250" pin=1"/></net>

<net id="261"><net_src comp="18" pin="0"/><net_sink comp="256" pin=0"/></net>

<net id="262"><net_src comp="20" pin="0"/><net_sink comp="256" pin=1"/></net>

<net id="263"><net_src comp="250" pin="2"/><net_sink comp="256" pin=2"/></net>

<net id="264"><net_src comp="256" pin="3"/><net_sink comp="77" pin=2"/></net>

<net id="268"><net_src comp="218" pin="4"/><net_sink comp="265" pin=0"/></net>

<net id="273"><net_src comp="22" pin="0"/><net_sink comp="269" pin=1"/></net>

<net id="279"><net_src comp="18" pin="0"/><net_sink comp="274" pin=0"/></net>

<net id="280"><net_src comp="20" pin="0"/><net_sink comp="274" pin=1"/></net>

<net id="281"><net_src comp="269" pin="2"/><net_sink comp="274" pin=2"/></net>

<net id="282"><net_src comp="274" pin="3"/><net_sink comp="93" pin=2"/></net>

<net id="287"><net_src comp="24" pin="0"/><net_sink comp="283" pin=1"/></net>

<net id="293"><net_src comp="18" pin="0"/><net_sink comp="288" pin=0"/></net>

<net id="294"><net_src comp="20" pin="0"/><net_sink comp="288" pin=1"/></net>

<net id="295"><net_src comp="283" pin="2"/><net_sink comp="288" pin=2"/></net>

<net id="296"><net_src comp="288" pin="3"/><net_sink comp="100" pin=2"/></net>

<net id="302"><net_src comp="26" pin="0"/><net_sink comp="297" pin=0"/></net>

<net id="303"><net_src comp="12" pin="0"/><net_sink comp="297" pin=2"/></net>

<net id="307"><net_src comp="297" pin="3"/><net_sink comp="304" pin=0"/></net>

<net id="308"><net_src comp="304" pin="1"/><net_sink comp="107" pin=2"/></net>

<net id="313"><net_src comp="297" pin="3"/><net_sink comp="309" pin=0"/></net>

<net id="314"><net_src comp="28" pin="0"/><net_sink comp="309" pin=1"/></net>

<net id="318"><net_src comp="309" pin="2"/><net_sink comp="315" pin=0"/></net>

<net id="319"><net_src comp="315" pin="1"/><net_sink comp="120" pin=2"/></net>

<net id="324"><net_src comp="30" pin="0"/><net_sink comp="320" pin=1"/></net>

<net id="330"><net_src comp="18" pin="0"/><net_sink comp="325" pin=0"/></net>

<net id="331"><net_src comp="20" pin="0"/><net_sink comp="325" pin=1"/></net>

<net id="332"><net_src comp="320" pin="2"/><net_sink comp="325" pin=2"/></net>

<net id="333"><net_src comp="325" pin="3"/><net_sink comp="134" pin=2"/></net>

<net id="338"><net_src comp="32" pin="0"/><net_sink comp="334" pin=1"/></net>

<net id="344"><net_src comp="18" pin="0"/><net_sink comp="339" pin=0"/></net>

<net id="345"><net_src comp="20" pin="0"/><net_sink comp="339" pin=1"/></net>

<net id="346"><net_src comp="334" pin="2"/><net_sink comp="339" pin=2"/></net>

<net id="347"><net_src comp="339" pin="3"/><net_sink comp="141" pin=2"/></net>

<net id="352"><net_src comp="34" pin="0"/><net_sink comp="348" pin=1"/></net>

<net id="356"><net_src comp="348" pin="2"/><net_sink comp="353" pin=0"/></net>

<net id="357"><net_src comp="353" pin="1"/><net_sink comp="148" pin=2"/></net>

<net id="362"><net_src comp="36" pin="0"/><net_sink comp="358" pin=1"/></net>

<net id="366"><net_src comp="358" pin="2"/><net_sink comp="363" pin=0"/></net>

<net id="367"><net_src comp="363" pin="1"/><net_sink comp="156" pin=2"/></net>

<net id="372"><net_src comp="38" pin="0"/><net_sink comp="368" pin=1"/></net>

<net id="378"><net_src comp="18" pin="0"/><net_sink comp="373" pin=0"/></net>

<net id="379"><net_src comp="20" pin="0"/><net_sink comp="373" pin=1"/></net>

<net id="380"><net_src comp="368" pin="2"/><net_sink comp="373" pin=2"/></net>

<net id="381"><net_src comp="373" pin="3"/><net_sink comp="166" pin=2"/></net>

<net id="386"><net_src comp="40" pin="0"/><net_sink comp="382" pin=1"/></net>

<net id="392"><net_src comp="18" pin="0"/><net_sink comp="387" pin=0"/></net>

<net id="393"><net_src comp="20" pin="0"/><net_sink comp="387" pin=1"/></net>

<net id="394"><net_src comp="382" pin="2"/><net_sink comp="387" pin=2"/></net>

<net id="395"><net_src comp="387" pin="3"/><net_sink comp="173" pin=2"/></net>

<net id="400"><net_src comp="42" pin="0"/><net_sink comp="396" pin=1"/></net>

<net id="404"><net_src comp="396" pin="2"/><net_sink comp="401" pin=0"/></net>

<net id="405"><net_src comp="401" pin="1"/><net_sink comp="180" pin=2"/></net>

<net id="410"><net_src comp="44" pin="0"/><net_sink comp="406" pin=1"/></net>

<net id="414"><net_src comp="406" pin="2"/><net_sink comp="411" pin=0"/></net>

<net id="415"><net_src comp="411" pin="1"/><net_sink comp="188" pin=2"/></net>

<net id="420"><net_src comp="64" pin="0"/><net_sink comp="416" pin=1"/></net>

<net id="424"><net_src comp="416" pin="2"/><net_sink comp="421" pin=0"/></net>

<net id="425"><net_src comp="421" pin="1"/><net_sink comp="198" pin=2"/></net>

<net id="430"><net_src comp="66" pin="0"/><net_sink comp="426" pin=1"/></net>

<net id="434"><net_src comp="426" pin="2"/><net_sink comp="431" pin=0"/></net>

<net id="435"><net_src comp="431" pin="1"/><net_sink comp="206" pin=2"/></net>

<net id="439"><net_src comp="225" pin="2"/><net_sink comp="436" pin=0"/></net>

<net id="443"><net_src comp="231" pin="2"/><net_sink comp="440" pin=0"/></net>

<net id="444"><net_src comp="440" pin="1"/><net_sink comp="218" pin=2"/></net>

<net id="448"><net_src comp="237" pin="3"/><net_sink comp="445" pin=0"/></net>

<net id="449"><net_src comp="445" pin="1"/><net_sink comp="269" pin=0"/></net>

<net id="450"><net_src comp="445" pin="1"/><net_sink comp="283" pin=0"/></net>

<net id="451"><net_src comp="445" pin="1"/><net_sink comp="320" pin=0"/></net>

<net id="452"><net_src comp="445" pin="1"/><net_sink comp="334" pin=0"/></net>

<net id="453"><net_src comp="445" pin="1"/><net_sink comp="368" pin=0"/></net>

<net id="454"><net_src comp="445" pin="1"/><net_sink comp="382" pin=0"/></net>

<net id="458"><net_src comp="70" pin="3"/><net_sink comp="455" pin=0"/></net>

<net id="459"><net_src comp="455" pin="1"/><net_sink comp="84" pin=0"/></net>

<net id="463"><net_src comp="77" pin="3"/><net_sink comp="460" pin=0"/></net>

<net id="464"><net_src comp="460" pin="1"/><net_sink comp="84" pin=3"/></net>

<net id="468"><net_src comp="265" pin="1"/><net_sink comp="465" pin=0"/></net>

<net id="469"><net_src comp="465" pin="1"/><net_sink comp="297" pin=1"/></net>

<net id="473"><net_src comp="93" pin="3"/><net_sink comp="470" pin=0"/></net>

<net id="474"><net_src comp="470" pin="1"/><net_sink comp="84" pin=0"/></net>

<net id="478"><net_src comp="100" pin="3"/><net_sink comp="475" pin=0"/></net>

<net id="479"><net_src comp="475" pin="1"/><net_sink comp="84" pin=3"/></net>

<net id="483"><net_src comp="297" pin="3"/><net_sink comp="480" pin=0"/></net>

<net id="484"><net_src comp="480" pin="1"/><net_sink comp="348" pin=0"/></net>

<net id="485"><net_src comp="480" pin="1"/><net_sink comp="358" pin=0"/></net>

<net id="486"><net_src comp="480" pin="1"/><net_sink comp="396" pin=0"/></net>

<net id="487"><net_src comp="480" pin="1"/><net_sink comp="406" pin=0"/></net>

<net id="488"><net_src comp="480" pin="1"/><net_sink comp="416" pin=0"/></net>

<net id="489"><net_src comp="480" pin="1"/><net_sink comp="426" pin=0"/></net>

<net id="493"><net_src comp="134" pin="3"/><net_sink comp="490" pin=0"/></net>

<net id="494"><net_src comp="490" pin="1"/><net_sink comp="84" pin=0"/></net>

<net id="498"><net_src comp="141" pin="3"/><net_sink comp="495" pin=0"/></net>

<net id="499"><net_src comp="495" pin="1"/><net_sink comp="84" pin=3"/></net>

<net id="503"><net_src comp="166" pin="3"/><net_sink comp="500" pin=0"/></net>

<net id="504"><net_src comp="500" pin="1"/><net_sink comp="84" pin=0"/></net>

<net id="508"><net_src comp="173" pin="3"/><net_sink comp="505" pin=0"/></net>

<net id="509"><net_src comp="505" pin="1"/><net_sink comp="84" pin=3"/></net>

</net_list>

</model> 
---------------- Datapath Model END ------------------

* FSMD analyzer results:
  - Output states:
  - Chain level:
	State 1
	State 2
		exitcond1 : 1
		r_1 : 1
		stg_12 : 2
		tmp : 1
		tmp_3 : 2
		buf_addr : 3
		tmp_4 : 2
		tmp_6 : 2
		buf_addr_1 : 3
		tmp_18 : 1
		buf_load : 4
		buf_load_1 : 4
	State 3
		buf_addr_2 : 1
		buf_addr_3 : 1
		tmp_5 : 1
		output_addr : 2
		stg_32 : 3
		tmp_4_s : 1
		tmp_5_1 : 1
		output_addr_1 : 2
		stg_37 : 3
		buf_load_2 : 2
		buf_load_3 : 2
	State 4
		buf_addr_4 : 1
		buf_addr_5 : 1
		output_addr_2 : 1
		stg_50 : 2
		output_addr_3 : 1
		stg_55 : 2
		buf_load_4 : 2
		buf_load_5 : 2
	State 5
		buf_addr_6 : 1
		buf_addr_7 : 1
		output_addr_4 : 1
		stg_68 : 2
		output_addr_5 : 1
		stg_73 : 2
		buf_load_6 : 2
		buf_load_7 : 2
	State 6
		output_addr_6 : 1
		stg_84 : 2
		output_addr_7 : 1
		stg_89 : 2
		empty_7 : 1
	State 7


============================================================
+ Verbose Summary: Datapath Resource usage 
============================================================

* Functional unit list:
|----------|------------------|---------|---------|
| Operation|  Functional Unit |    FF   |   LUT   |
|----------|------------------|---------|---------|
|    add   |    r_1_fu_231    |    0    |    4    |
|----------|------------------|---------|---------|
|   icmp   | exitcond1_fu_225 |    0    |    2    |
|----------|------------------|---------|---------|
|          |    tmp_fu_237    |    0    |    0    |
|          |   tmp_6_fu_256   |    0    |    0    |
|          |   tmp_8_fu_274   |    0    |    0    |
|          |   tmp_s_fu_288   |    0    |    0    |
|bitconcatenate|   tmp_1_fu_297   |    0    |    0    |
|          |   tmp_11_fu_325  |    0    |    0    |
|          |   tmp_13_fu_339  |    0    |    0    |
|          |   tmp_15_fu_373  |    0    |    0    |
|          |   tmp_17_fu_387  |    0    |    0    |
|----------|------------------|---------|---------|
|          |   tmp_3_fu_245   |    0    |    0    |
|          |   tmp_5_fu_304   |    0    |    0    |
|          |  tmp_5_1_fu_315  |    0    |    0    |
|          |  tmp_5_2_fu_353  |    0    |    0    |
|   zext   |  tmp_5_3_fu_363  |    0    |    0    |
|          |  tmp_5_4_fu_401  |    0    |    0    |
|          |  tmp_5_5_fu_411  |    0    |    0    |
|          |  tmp_5_6_fu_421  |    0    |    0    |
|          |  tmp_5_7_fu_431  |    0    |    0    |
|----------|------------------|---------|---------|
|          |   tmp_4_fu_250   |    0    |    0    |
|          |   tmp_7_fu_269   |    0    |    0    |
|          |   tmp_9_fu_283   |    0    |    0    |
|          |  tmp_4_s_fu_309  |    0    |    0    |
|          |   tmp_10_fu_320  |    0    |    0    |
|          |   tmp_12_fu_334  |    0    |    0    |
|    or    |  tmp_4_1_fu_348  |    0    |    0    |
|          |  tmp_4_2_fu_358  |    0    |    0    |
|          |   tmp_14_fu_368  |    0    |    0    |
|          |   tmp_16_fu_382  |    0    |    0    |
|          |  tmp_4_3_fu_396  |    0    |    0    |
|          |  tmp_4_4_fu_406  |    0    |    0    |
|          |  tmp_4_5_fu_416  |    0    |    0    |
|          |  tmp_4_6_fu_426  |    0    |    0    |
|----------|------------------|---------|---------|
|   trunc  |   tmp_18_fu_265  |    0    |    0    |
|----------|------------------|---------|---------|
|   Total  |                  |    0    |    6    |
|----------|------------------|---------|---------|

Memories:
N/A

* Register list:
+------------------+--------+
|                  |   FF   |
+------------------+--------+
|buf_addr_1_reg_460|    6   |
|buf_addr_2_reg_470|    6   |
|buf_addr_3_reg_475|    6   |
|buf_addr_4_reg_490|    6   |
|buf_addr_5_reg_495|    6   |
|buf_addr_6_reg_500|    6   |
|buf_addr_7_reg_505|    6   |
| buf_addr_reg_455 |    6   |
| exitcond1_reg_436|    1   |
|    r_1_reg_440   |    4   |
|     r_reg_214    |    4   |
|  tmp_18_reg_465  |    3   |
|   tmp_1_reg_480  |    6   |
|    tmp_reg_445   |    7   |
+------------------+--------+
|       Total      |   73   |
+------------------+--------+

* Multiplexer (MUX) list: 
|-------------------|------|------|------|--------||---------||---------|
|        Comp       |  Pin | Size |  BW  | S x BW ||  Delay  ||   LUT   |
|-------------------|------|------|------|--------||---------||---------|
|  grp_access_fu_84 |  p0  |   8  |   6  |   48   ||    12   |
|  grp_access_fu_84 |  p3  |   8  |   6  |   48   ||    12   |
| grp_access_fu_114 |  p0  |   4  |   6  |   24   ||    6    |
| grp_access_fu_114 |  p3  |   4  |   6  |   24   ||    6    |
|-------------------|------|------|------|--------||---------||---------|
|       Total       |      |      |      |   144  ||  4.774  ||    36   |
|-------------------|------|------|------|--------||---------||---------|



* Summary:
+-----------+--------+--------+--------+
|           |  Delay |   FF   |   LUT  |
+-----------+--------+--------+--------+
|  Function |    -   |    0   |    6   |
|   Memory  |    -   |    -   |    -   |
|Multiplexer|    4   |    -   |   36   |
|  Register |    -   |   73   |    -   |
+-----------+--------+--------+--------+
|   Total   |    4   |   73   |   42   |
+-----------+--------+--------+--------+
