

================================================================
== Vivado HLS Report for 'matrixmul'
================================================================
* Date:           Thu Jul  7 10:25:41 2016

* Version:        2015.3 (Build 1368829 on Mon Sep 28 20:31:51 PM 2015)
* Project:        matrixmul_prj
* Solution:       solution1
* Product family: kintex7
* Target device:  xc7k160tfbg484-1


================================================================
== Performance Estimates
================================================================
+ Timing (ns): 
    * Summary: 
    +--------+-------+----------+------------+
    |  Clock | Target| Estimated| Uncertainty|
    +--------+-------+----------+------------+
    |ap_clk  |  13.33|      9.51|        1.67|
    +--------+-------+----------+------------+

+ Latency (clock cycles): 
    * Summary: 
    +-----+-----+-----+-----+---------+
    |  Latency  |  Interval | Pipeline|
    | min | max | min | max |   Type  |
    +-----+-----+-----+-----+---------+
    |   13|   13|   14|   14|   none  |
    +-----+-----+-----+-----+---------+

    + Detail: 
        * Instance: 
        N/A

        * Loop: 
        +-----------+-----+-----+----------+-----------+-----------+------+----------+
        |           |  Latency  | Iteration|  Initiation Interval  | Trip |          |
        | Loop Name | min | max |  Latency |  achieved |   target  | Count| Pipelined|
        +-----------+-----+-----+----------+-----------+-----------+------+----------+
        |- Row_Col  |   11|   11|         4|          1|          1|     9|    yes   |
        +-----------+-----+-----+----------+-----------+-----------+------+----------+

============================================================
+ Verbose Summary: Synthesis Manager
============================================================
InlineROM: 1
ExposeGlobal: 0
============================================================
+ Verbose Summary: CDFG Model
============================================================
IsTopModel: 1
ResetActiveHigh: 1
IsCombinational: 0
IsDatapathOnly: 0
HasWiredReturn: 1
HasMFsm: 0
HasVarLatency: 1
IsPipeline: 0
IsRtlPipelined: 0
IsInstanceOverlapped: 0
IsDontTouch: 0
HasImplIP: 0
IsGatedGlobalClock: 0

+ Individual pipeline summary: 
  * Pipeline-0: initiation interval (II) = 1, depth = 4


============================================================
+ Verbose Summary: Schedule
============================================================
* Number of FSM states: 6
* Pipeline: 1
  Pipeline-0: II = 1, D = 4, States = { 2 3 4 5 }
* Dataflow Pipeline: 0

* FSM state transitions: 
1 --> 
	2  / true
2 --> 
	6  / (exitcond_flatten)
	3  / (!exitcond_flatten)
3 --> 
	4  / true
4 --> 
	5  / true
5 --> 
	2  / true
6 --> 
* FSM state operations: 

 <State 1>: 1.08ns
ST_1: a_row_0 [1/1] 0.00ns
:0  %a_row_0 = alloca i8

ST_1: a_row_1_1 [1/1] 0.00ns
:1  %a_row_1_1 = alloca i8

ST_1: a_row_2_1 [1/1] 0.00ns
:2  %a_row_2_1 = alloca i8

ST_1: b_copy_0_2_3 [1/1] 0.00ns
:3  %b_copy_0_2_3 = alloca i8

ST_1: b_copy_0_2_6 [1/1] 0.00ns
:4  %b_copy_0_2_6 = alloca i8

ST_1: b_copy_0_2_1 [1/1] 0.00ns
:5  %b_copy_0_2_1 = alloca i8

ST_1: b_copy_1_2_3 [1/1] 0.00ns
:6  %b_copy_1_2_3 = alloca i8

ST_1: b_copy_1_2_6 [1/1] 0.00ns
:7  %b_copy_1_2_6 = alloca i8

ST_1: b_copy_1_2_1 [1/1] 0.00ns
:8  %b_copy_1_2_1 = alloca i8

ST_1: b_copy_2_2_3 [1/1] 0.00ns
:9  %b_copy_2_2_3 = alloca i8

ST_1: b_copy_2_2_6 [1/1] 0.00ns
:10  %b_copy_2_2_6 = alloca i8

ST_1: b_copy_2_2_1 [1/1] 0.00ns
:11  %b_copy_2_2_1 = alloca i8

ST_1: stg_19 [1/1] 0.00ns
:12  call void (...)* @_ssdm_op_SpecBitsMap(i24* %a), !map !0

ST_1: stg_20 [1/1] 0.00ns
:13  call void (...)* @_ssdm_op_SpecBitsMap(i24* %b), !map !17

ST_1: stg_21 [1/1] 0.00ns
:14  call void (...)* @_ssdm_op_SpecBitsMap(i16* %res), !map !30

ST_1: stg_22 [1/1] 0.00ns
:15  call void (...)* @_ssdm_op_SpecTopModule([10 x i8]* @matrixmul_str) nounwind

ST_1: stg_23 [1/1] 0.00ns
:16  call void (...)* @_ssdm_op_SpecInterface(i24* %a, [8 x i8]* @p_str2, i32 0, i32 0, i32 0, i32 0, [1 x i8]* @p_str1, [1 x i8]* @p_str1, [1 x i8]* @p_str1, [1 x i8]* @p_str1)

ST_1: stg_24 [1/1] 0.00ns
:17  call void (...)* @_ssdm_op_SpecInterface(i24* %b, [8 x i8]* @p_str2, i32 0, i32 0, i32 0, i32 0, [1 x i8]* @p_str1, [1 x i8]* @p_str1, [1 x i8]* @p_str1, [1 x i8]* @p_str1)

ST_1: stg_25 [1/1] 0.00ns
:18  call void (...)* @_ssdm_op_SpecInterface(i16* %res, [8 x i8]* @p_str2, i32 0, i32 0, i32 0, i32 0, [1 x i8]* @p_str1, [1 x i8]* @p_str1, [1 x i8]* @p_str1, [1 x i8]* @p_str1)

ST_1: stg_26 [1/1] 1.08ns
:19  br label %1


 <State 2>: 2.54ns
ST_2: indvar_flatten [1/1] 0.00ns
:0  %indvar_flatten = phi i4 [ 0, %0 ], [ %indvar_flatten_next, %.loopexit ]

ST_2: i [1/1] 0.00ns
:1  %i = phi i2 [ 0, %0 ], [ %i_mid2, %.loopexit ]

ST_2: j [1/1] 0.00ns
:2  %j = phi i2 [ 0, %0 ], [ %j_1, %.loopexit ]

ST_2: exitcond_flatten [1/1] 1.24ns
:3  %exitcond_flatten = icmp eq i4 %indvar_flatten, -7

ST_2: indvar_flatten_next [1/1] 0.48ns
:4  %indvar_flatten_next = add i4 %indvar_flatten, 1

ST_2: stg_32 [1/1] 0.00ns
:5  br i1 %exitcond_flatten, label %2, label %.reset

ST_2: i_1 [1/1] 0.48ns
.reset:0  %i_1 = add i2 %i, 1

ST_2: exitcond [1/1] 0.85ns
.reset:3  %exitcond = icmp eq i2 %j, -1

ST_2: j_mid2 [1/1] 0.84ns
.reset:4  %j_mid2 = select i1 %exitcond, i2 0, i2 %j

ST_2: i_mid2 [1/1] 0.84ns
.reset:5  %i_mid2 = select i1 %exitcond, i2 %i_1, i2 %i

ST_2: tmp [1/1] 0.85ns
.reset:6  %tmp = icmp eq i2 %i_mid2, 0

ST_2: tmp_3 [1/1] 0.85ns
.reset:10  %tmp_3 = icmp eq i2 %j_mid2, 0

ST_2: stg_39 [1/1] 0.00ns
.loopexit6:0  br i1 %tmp, label %.preheader.preheader_ifconv, label %.loopexit

ST_2: j_1 [1/1] 0.48ns
.loopexit:28  %j_1 = add i2 %j_mid2, 1


 <State 3>: 6.31ns
ST_3: stg_41 [1/1] 0.00ns
.reset:11  br i1 %tmp_3, label %.preheader5.0, label %.loopexit6

ST_3: a_read [1/1] 4.63ns
.preheader5.0:0  %a_read = call i24 @_ssdm_op_Read.ap_fifo.volatile.i24P(i24* %a)

ST_3: a_row_0_1 [1/1] 0.00ns
.preheader5.0:1  %a_row_0_1 = trunc i24 %a_read to i8

ST_3: a_row_1 [1/1] 0.00ns
.preheader5.0:2  %a_row_1 = call i8 @_ssdm_op_PartSelect.i8.i24.i32.i32(i24 %a_read, i32 8, i32 15)

ST_3: a_row_2 [1/1] 0.00ns
.preheader5.0:3  %a_row_2 = call i8 @_ssdm_op_PartSelect.i8.i24.i32.i32(i24 %a_read, i32 16, i32 23)

ST_3: stg_46 [1/1] 0.00ns
.preheader5.0:4  store i8 %a_row_2, i8* %a_row_2_1

ST_3: stg_47 [1/1] 0.00ns
.preheader5.0:5  store i8 %a_row_1, i8* %a_row_1_1

ST_3: stg_48 [1/1] 0.00ns
.preheader5.0:6  store i8 %a_row_0_1, i8* %a_row_0

ST_3: stg_49 [1/1] 0.00ns
.preheader5.0:7  br label %.loopexit6

ST_3: b_copy_0_2_3_load [1/1] 0.00ns
.preheader.preheader_ifconv:0  %b_copy_0_2_3_load = load i8* %b_copy_0_2_3

ST_3: b_copy_0_2_6_load [1/1] 0.00ns
.preheader.preheader_ifconv:1  %b_copy_0_2_6_load = load i8* %b_copy_0_2_6

ST_3: b_copy_0_2_1_load [1/1] 0.00ns
.preheader.preheader_ifconv:2  %b_copy_0_2_1_load = load i8* %b_copy_0_2_1

ST_3: b_copy_1_2_3_load [1/1] 0.00ns
.preheader.preheader_ifconv:3  %b_copy_1_2_3_load = load i8* %b_copy_1_2_3

ST_3: b_copy_1_2_6_load [1/1] 0.00ns
.preheader.preheader_ifconv:4  %b_copy_1_2_6_load = load i8* %b_copy_1_2_6

ST_3: b_copy_1_2_1_load [1/1] 0.00ns
.preheader.preheader_ifconv:5  %b_copy_1_2_1_load = load i8* %b_copy_1_2_1

ST_3: b_copy_2_2_3_load [1/1] 0.00ns
.preheader.preheader_ifconv:6  %b_copy_2_2_3_load = load i8* %b_copy_2_2_3

ST_3: b_copy_2_2_6_load [1/1] 0.00ns
.preheader.preheader_ifconv:7  %b_copy_2_2_6_load = load i8* %b_copy_2_2_6

ST_3: b_copy_2_2_1_load [1/1] 0.00ns
.preheader.preheader_ifconv:8  %b_copy_2_2_1_load = load i8* %b_copy_2_2_1

ST_3: b_read [1/1] 4.63ns
.preheader.preheader_ifconv:9  %b_read = call i24 @_ssdm_op_Read.ap_fifo.volatile.i24P(i24* %b)

ST_3: b_copy_0_2_9 [1/1] 0.00ns
.preheader.preheader_ifconv:10  %b_copy_0_2_9 = trunc i24 %b_read to i8

ST_3: sel_tmp [1/1] 0.85ns
.preheader.preheader_ifconv:11  %sel_tmp = icmp eq i2 %j_mid2, 1

ST_3: b_copy_0_2 [1/1] 0.84ns
.preheader.preheader_ifconv:12  %b_copy_0_2 = select i1 %sel_tmp, i8 %b_copy_0_2_1_load, i8 %b_copy_0_2_9

ST_3: b_copy_0_2_2 [1/1] 0.84ns
.preheader.preheader_ifconv:13  %b_copy_0_2_2 = select i1 %tmp_3, i8 %b_copy_0_2_1_load, i8 %b_copy_0_2

ST_3: b_copy_0_2_4 [1/1] 0.84ns
.preheader.preheader_ifconv:14  %b_copy_0_2_4 = select i1 %sel_tmp, i8 %b_copy_0_2_9, i8 %b_copy_0_2_6_load

ST_3: b_copy_0_2_5 [1/1] 0.84ns
.preheader.preheader_ifconv:15  %b_copy_0_2_5 = select i1 %tmp_3, i8 %b_copy_0_2_6_load, i8 %b_copy_0_2_4

ST_3: b_copy_0_2_7 [1/1] 0.84ns
.preheader.preheader_ifconv:16  %b_copy_0_2_7 = select i1 %tmp_3, i8 %b_copy_0_2_9, i8 %b_copy_0_2_3_load

ST_3: b_copy_1_2_9 [1/1] 0.00ns
.preheader.preheader_ifconv:17  %b_copy_1_2_9 = call i8 @_ssdm_op_PartSelect.i8.i24.i32.i32(i24 %b_read, i32 8, i32 15)

ST_3: b_copy_1_2 [1/1] 0.84ns
.preheader.preheader_ifconv:18  %b_copy_1_2 = select i1 %sel_tmp, i8 %b_copy_1_2_1_load, i8 %b_copy_1_2_9

ST_3: b_copy_1_2_2 [1/1] 0.84ns
.preheader.preheader_ifconv:19  %b_copy_1_2_2 = select i1 %tmp_3, i8 %b_copy_1_2_1_load, i8 %b_copy_1_2

ST_3: b_copy_1_2_4 [1/1] 0.84ns
.preheader.preheader_ifconv:20  %b_copy_1_2_4 = select i1 %sel_tmp, i8 %b_copy_1_2_9, i8 %b_copy_1_2_6_load

ST_3: b_copy_1_2_5 [1/1] 0.84ns
.preheader.preheader_ifconv:21  %b_copy_1_2_5 = select i1 %tmp_3, i8 %b_copy_1_2_6_load, i8 %b_copy_1_2_4

ST_3: b_copy_1_2_7 [1/1] 0.84ns
.preheader.preheader_ifconv:22  %b_copy_1_2_7 = select i1 %tmp_3, i8 %b_copy_1_2_9, i8 %b_copy_1_2_3_load

ST_3: b_copy_2_2_9 [1/1] 0.00ns
.preheader.preheader_ifconv:23  %b_copy_2_2_9 = call i8 @_ssdm_op_PartSelect.i8.i24.i32.i32(i24 %b_read, i32 16, i32 23)

ST_3: b_copy_2_2 [1/1] 0.84ns
.preheader.preheader_ifconv:24  %b_copy_2_2 = select i1 %sel_tmp, i8 %b_copy_2_2_1_load, i8 %b_copy_2_2_9

ST_3: b_copy_2_2_2 [1/1] 0.84ns
.preheader.preheader_ifconv:25  %b_copy_2_2_2 = select i1 %tmp_3, i8 %b_copy_2_2_1_load, i8 %b_copy_2_2

ST_3: b_copy_2_2_4 [1/1] 0.84ns
.preheader.preheader_ifconv:26  %b_copy_2_2_4 = select i1 %sel_tmp, i8 %b_copy_2_2_9, i8 %b_copy_2_2_6_load

ST_3: b_copy_2_2_5 [1/1] 0.84ns
.preheader.preheader_ifconv:27  %b_copy_2_2_5 = select i1 %tmp_3, i8 %b_copy_2_2_6_load, i8 %b_copy_2_2_4

ST_3: b_copy_2_2_7 [1/1] 0.84ns
.preheader.preheader_ifconv:28  %b_copy_2_2_7 = select i1 %tmp_3, i8 %b_copy_2_2_9, i8 %b_copy_2_2_3_load

ST_3: stg_79 [1/1] 0.00ns
.preheader.preheader_ifconv:29  store i8 %b_copy_2_2_2, i8* %b_copy_2_2_1

ST_3: stg_80 [1/1] 0.00ns
.preheader.preheader_ifconv:30  store i8 %b_copy_2_2_5, i8* %b_copy_2_2_6

ST_3: stg_81 [1/1] 0.00ns
.preheader.preheader_ifconv:31  store i8 %b_copy_2_2_7, i8* %b_copy_2_2_3

ST_3: stg_82 [1/1] 0.00ns
.preheader.preheader_ifconv:32  store i8 %b_copy_1_2_2, i8* %b_copy_1_2_1

ST_3: stg_83 [1/1] 0.00ns
.preheader.preheader_ifconv:33  store i8 %b_copy_1_2_5, i8* %b_copy_1_2_6

ST_3: stg_84 [1/1] 0.00ns
.preheader.preheader_ifconv:34  store i8 %b_copy_1_2_7, i8* %b_copy_1_2_3

ST_3: stg_85 [1/1] 0.00ns
.preheader.preheader_ifconv:35  store i8 %b_copy_0_2_2, i8* %b_copy_0_2_1

ST_3: stg_86 [1/1] 0.00ns
.preheader.preheader_ifconv:36  store i8 %b_copy_0_2_5, i8* %b_copy_0_2_6

ST_3: stg_87 [1/1] 0.00ns
.preheader.preheader_ifconv:37  store i8 %b_copy_0_2_7, i8* %b_copy_0_2_3

ST_3: stg_88 [1/1] 0.00ns
.preheader.preheader_ifconv:38  br label %.loopexit


 <State 4>: 9.51ns
ST_4: a_row_0_load [1/1] 0.00ns
.loopexit:0  %a_row_0_load = load i8* %a_row_0

ST_4: a_row_1_1_load [1/1] 0.00ns
.loopexit:1  %a_row_1_1_load = load i8* %a_row_1_1

ST_4: a_row_2_1_load [1/1] 0.00ns
.loopexit:2  %a_row_2_1_load = load i8* %a_row_2_1

ST_4: b_copy_0_2_3_load_1 [1/1] 0.00ns
.loopexit:3  %b_copy_0_2_3_load_1 = load i8* %b_copy_0_2_3

ST_4: b_copy_0_2_6_load_1 [1/1] 0.00ns
.loopexit:4  %b_copy_0_2_6_load_1 = load i8* %b_copy_0_2_6

ST_4: b_copy_0_2_1_load_1 [1/1] 0.00ns
.loopexit:5  %b_copy_0_2_1_load_1 = load i8* %b_copy_0_2_1

ST_4: b_copy_1_2_3_load_1 [1/1] 0.00ns
.loopexit:6  %b_copy_1_2_3_load_1 = load i8* %b_copy_1_2_3

ST_4: b_copy_1_2_6_load_1 [1/1] 0.00ns
.loopexit:7  %b_copy_1_2_6_load_1 = load i8* %b_copy_1_2_6

ST_4: b_copy_1_2_1_load_1 [1/1] 0.00ns
.loopexit:8  %b_copy_1_2_1_load_1 = load i8* %b_copy_1_2_1

ST_4: b_copy_2_2_3_load_1 [1/1] 0.00ns
.loopexit:9  %b_copy_2_2_3_load_1 = load i8* %b_copy_2_2_3

ST_4: b_copy_2_2_6_load_1 [1/1] 0.00ns
.loopexit:10  %b_copy_2_2_6_load_1 = load i8* %b_copy_2_2_6

ST_4: b_copy_2_2_1_load_1 [1/1] 0.00ns
.loopexit:11  %b_copy_2_2_1_load_1 = load i8* %b_copy_2_2_1

ST_4: tmp_s [1/1] 0.00ns
.loopexit:12  %tmp_s = sext i8 %a_row_0_load to i16

ST_4: tmp_1 [1/1] 1.08ns
.loopexit:13  %tmp_1 = call i8 @_ssdm_op_Mux.ap_auto.3i8.i2(i8 %b_copy_0_2_3_load_1, i8 %b_copy_0_2_6_load_1, i8 %b_copy_0_2_1_load_1, i2 %j_mid2)

ST_4: tmp_5 [1/1] 0.00ns
.loopexit:14  %tmp_5 = sext i8 %tmp_1 to i16

ST_4: tmp_6 [1/1] 5.79ns
.loopexit:15  %tmp_6 = mul i16 %tmp_s, %tmp_5

ST_4: tmp_5_1 [1/1] 0.00ns
.loopexit:16  %tmp_5_1 = sext i8 %a_row_1_1_load to i16

ST_4: tmp_7 [1/1] 1.08ns
.loopexit:17  %tmp_7 = call i8 @_ssdm_op_Mux.ap_auto.3i8.i2(i8 %b_copy_1_2_3_load_1, i8 %b_copy_1_2_6_load_1, i8 %b_copy_1_2_1_load_1, i2 %j_mid2)

ST_4: tmp_8_1 [1/1] 0.00ns
.loopexit:18  %tmp_8_1 = sext i8 %tmp_7 to i16

ST_4: tmp_10_1 [1/1] 5.79ns
.loopexit:19  %tmp_10_1 = mul i16 %tmp_5_1, %tmp_8_1

ST_4: tmp_5_2 [1/1] 0.00ns
.loopexit:20  %tmp_5_2 = sext i8 %a_row_2_1_load to i16

ST_4: tmp_8 [1/1] 1.08ns
.loopexit:21  %tmp_8 = call i8 @_ssdm_op_Mux.ap_auto.3i8.i2(i8 %b_copy_2_2_3_load_1, i8 %b_copy_2_2_6_load_1, i8 %b_copy_2_2_1_load_1, i2 %j_mid2)

ST_4: tmp_8_2 [1/1] 0.00ns
.loopexit:22  %tmp_8_2 = sext i8 %tmp_8 to i16

ST_4: tmp_10_2 [1/1] 5.79ns
.loopexit:23  %tmp_10_2 = mul i16 %tmp_5_2, %tmp_8_2

ST_4: tmp9 [1/1] 1.32ns
.loopexit:24  %tmp9 = add i16 %tmp_10_1, %tmp_10_2

ST_4: tmp_11_2 [1/1] 1.32ns
.loopexit:25  %tmp_11_2 = add i16 %tmp9, %tmp_6


 <State 5>: 4.63ns
ST_5: stg_115 [1/1] 0.00ns
.reset:1  call void (...)* @_ssdm_op_SpecLoopName([8 x i8]* @Row_Col_str)

ST_5: empty_6 [1/1] 0.00ns
.reset:2  %empty_6 = call i32 (...)* @_ssdm_op_SpecLoopTripCount(i64 9, i64 9, i64 9)

ST_5: stg_117 [1/1] 0.00ns
.reset:7  call void (...)* @_ssdm_op_SpecLoopName([4 x i8]* @p_str4) nounwind

ST_5: tmp_4 [1/1] 0.00ns
.reset:8  %tmp_4 = call i32 (...)* @_ssdm_op_SpecRegionBegin([4 x i8]* @p_str4) nounwind

ST_5: stg_119 [1/1] 0.00ns
.reset:9  call void (...)* @_ssdm_op_SpecPipeline(i32 1, i32 1, i32 1, i32 0, [1 x i8]* @p_str1) nounwind

ST_5: stg_120 [1/1] 4.63ns
.loopexit:26  call void @_ssdm_op_Write.ap_fifo.volatile.i16P(i16* %res, i16 %tmp_11_2)

ST_5: empty [1/1] 0.00ns
.loopexit:27  %empty = call i32 (...)* @_ssdm_op_SpecRegionEnd([4 x i8]* @p_str4, i32 %tmp_4) nounwind

ST_5: stg_122 [1/1] 0.00ns
.loopexit:29  br label %1


 <State 6>: 0.00ns
ST_6: stg_123 [1/1] 0.00ns
:0  ret void



============================================================
+ Verbose Summary: Binding
============================================================
STG Binding: 
---------------- STG Properties BEGIN ----------------
- Is combinational: 0
- Is one-state seq: 0
- Is datapath-only: 0
- Is clock enabled: 0
- Is pipelined: 0
- Is top level: 1
Port [ Return ] is wired: 1; IO mode=ap_ctrl_hs:ce=0
Port [ a]:  wired=1; compound=1; hidden=0; nouse=0; global=0; static=0; extern=0; dir=0; type=3; mode=0x7f7d0ae14240; pingpong=0; private_global=0; IO mode=ap_fifo:ce=0
Port [ b]:  wired=1; compound=1; hidden=0; nouse=0; global=0; static=0; extern=0; dir=0; type=3; mode=0x7f7d0ae55100; pingpong=0; private_global=0; IO mode=ap_fifo:ce=0
Port [ res]:  wired=1; compound=1; hidden=0; nouse=0; global=0; static=0; extern=0; dir=1; type=3; mode=0x7f7d0ae55040; pingpong=0; private_global=0; IO mode=ap_fifo:ce=0
---------------- STG Properties END ------------------

---------------- Datapath Model BEGIN ----------------

<LifeTime>
<method=bitvector/>
a_row_0             (alloca           ) [ 0011110]
a_row_1_1           (alloca           ) [ 0011110]
a_row_2_1           (alloca           ) [ 0011110]
b_copy_0_2_3        (alloca           ) [ 0011110]
b_copy_0_2_6        (alloca           ) [ 0011110]
b_copy_0_2_1        (alloca           ) [ 0011110]
b_copy_1_2_3        (alloca           ) [ 0011110]
b_copy_1_2_6        (alloca           ) [ 0011110]
b_copy_1_2_1        (alloca           ) [ 0011110]
b_copy_2_2_3        (alloca           ) [ 0011110]
b_copy_2_2_6        (alloca           ) [ 0011110]
b_copy_2_2_1        (alloca           ) [ 0011110]
stg_19              (specbitsmap      ) [ 0000000]
stg_20              (specbitsmap      ) [ 0000000]
stg_21              (specbitsmap      ) [ 0000000]
stg_22              (spectopmodule    ) [ 0000000]
stg_23              (specinterface    ) [ 0000000]
stg_24              (specinterface    ) [ 0000000]
stg_25              (specinterface    ) [ 0000000]
stg_26              (br               ) [ 0111110]
indvar_flatten      (phi              ) [ 0010000]
i                   (phi              ) [ 0010000]
j                   (phi              ) [ 0010000]
exitcond_flatten    (icmp             ) [ 0011110]
indvar_flatten_next (add              ) [ 0111110]
stg_32              (br               ) [ 0000000]
i_1                 (add              ) [ 0000000]
exitcond            (icmp             ) [ 0000000]
j_mid2              (select           ) [ 0011100]
i_mid2              (select           ) [ 0111110]
tmp                 (icmp             ) [ 0011000]
tmp_3               (icmp             ) [ 0011000]
stg_39              (br               ) [ 0000000]
j_1                 (add              ) [ 0111110]
stg_41              (br               ) [ 0000000]
a_read              (read             ) [ 0000000]
a_row_0_1           (trunc            ) [ 0000000]
a_row_1             (partselect       ) [ 0000000]
a_row_2             (partselect       ) [ 0000000]
stg_46              (store            ) [ 0000000]
stg_47              (store            ) [ 0000000]
stg_48              (store            ) [ 0000000]
stg_49              (br               ) [ 0000000]
b_copy_0_2_3_load   (load             ) [ 0000000]
b_copy_0_2_6_load   (load             ) [ 0000000]
b_copy_0_2_1_load   (load             ) [ 0000000]
b_copy_1_2_3_load   (load             ) [ 0000000]
b_copy_1_2_6_load   (load             ) [ 0000000]
b_copy_1_2_1_load   (load             ) [ 0000000]
b_copy_2_2_3_load   (load             ) [ 0000000]
b_copy_2_2_6_load   (load             ) [ 0000000]
b_copy_2_2_1_load   (load             ) [ 0000000]
b_read              (read             ) [ 0000000]
b_copy_0_2_9        (trunc            ) [ 0000000]
sel_tmp             (icmp             ) [ 0000000]
b_copy_0_2          (select           ) [ 0000000]
b_copy_0_2_2        (select           ) [ 0000000]
b_copy_0_2_4        (select           ) [ 0000000]
b_copy_0_2_5        (select           ) [ 0000000]
b_copy_0_2_7        (select           ) [ 0000000]
b_copy_1_2_9        (partselect       ) [ 0000000]
b_copy_1_2          (select           ) [ 0000000]
b_copy_1_2_2        (select           ) [ 0000000]
b_copy_1_2_4        (select           ) [ 0000000]
b_copy_1_2_5        (select           ) [ 0000000]
b_copy_1_2_7        (select           ) [ 0000000]
b_copy_2_2_9        (partselect       ) [ 0000000]
b_copy_2_2          (select           ) [ 0000000]
b_copy_2_2_2        (select           ) [ 0000000]
b_copy_2_2_4        (select           ) [ 0000000]
b_copy_2_2_5        (select           ) [ 0000000]
b_copy_2_2_7        (select           ) [ 0000000]
stg_79              (store            ) [ 0000000]
stg_80              (store            ) [ 0000000]
stg_81              (store            ) [ 0000000]
stg_82              (store            ) [ 0000000]
stg_83              (store            ) [ 0000000]
stg_84              (store            ) [ 0000000]
stg_85              (store            ) [ 0000000]
stg_86              (store            ) [ 0000000]
stg_87              (store            ) [ 0000000]
stg_88              (br               ) [ 0000000]
a_row_0_load        (load             ) [ 0000000]
a_row_1_1_load      (load             ) [ 0000000]
a_row_2_1_load      (load             ) [ 0000000]
b_copy_0_2_3_load_1 (load             ) [ 0000000]
b_copy_0_2_6_load_1 (load             ) [ 0000000]
b_copy_0_2_1_load_1 (load             ) [ 0000000]
b_copy_1_2_3_load_1 (load             ) [ 0000000]
b_copy_1_2_6_load_1 (load             ) [ 0000000]
b_copy_1_2_1_load_1 (load             ) [ 0000000]
b_copy_2_2_3_load_1 (load             ) [ 0000000]
b_copy_2_2_6_load_1 (load             ) [ 0000000]
b_copy_2_2_1_load_1 (load             ) [ 0000000]
tmp_s               (sext             ) [ 0000000]
tmp_1               (mux              ) [ 0000000]
tmp_5               (sext             ) [ 0000000]
tmp_6               (mul              ) [ 0000000]
tmp_5_1             (sext             ) [ 0000000]
tmp_7               (mux              ) [ 0000000]
tmp_8_1             (sext             ) [ 0000000]
tmp_10_1            (mul              ) [ 0000000]
tmp_5_2             (sext             ) [ 0000000]
tmp_8               (mux              ) [ 0000000]
tmp_8_2             (sext             ) [ 0000000]
tmp_10_2            (mul              ) [ 0000000]
tmp9                (add              ) [ 0000000]
tmp_11_2            (add              ) [ 0010010]
stg_115             (specloopname     ) [ 0000000]
empty_6             (speclooptripcount) [ 0000000]
stg_117             (specloopname     ) [ 0000000]
tmp_4               (specregionbegin  ) [ 0000000]
stg_119             (specpipeline     ) [ 0000000]
stg_120             (write            ) [ 0000000]
empty               (specregionend    ) [ 0000000]
stg_122             (br               ) [ 0111110]
stg_123             (ret              ) [ 0000000]
</LifeTime>

<model>

<comp_list>
<comp id="0" class="1000" name="a">
<pin_list>
<pin id="1" dir="1" index="0" bw="1" slack="0"/>
</pin_list>
<bind>
<StgValue><ssdm name="a"/></StgValue>
</bind>
</comp>

<comp id="2" class="1000" name="b">
<pin_list>
<pin id="3" dir="1" index="0" bw="1" slack="0"/>
</pin_list>
<bind>
<StgValue><ssdm name="b"/></StgValue>
</bind>
</comp>

<comp id="4" class="1000" name="res">
<pin_list>
<pin id="5" dir="1" index="0" bw="1" slack="0"/>
</pin_list>
<bind>
<StgValue><ssdm name="res"/></StgValue>
</bind>
</comp>

<comp id="6" class="1001" name="const_6">
<pin_list>
<pin id="7" dir="1" index="0" bw="1" slack="0"/>
</pin_list>
<bind>
<StgValue><ssdm name=""/></StgValue>
</bind>
</comp>

<comp id="8" class="1001" name="const_8">
<pin_list>
<pin id="9" dir="1" index="0" bw="1" slack="2147483647"/>
</pin_list>
<bind>
<StgValue><ssdm name="_ssdm_op_SpecBitsMap"/></StgValue>
</bind>
</comp>

<comp id="10" class="1001" name="const_10">
<pin_list>
<pin id="11" dir="1" index="0" bw="1" slack="2147483647"/>
</pin_list>
<bind>
<StgValue><ssdm name="_ssdm_op_SpecTopModule"/></StgValue>
</bind>
</comp>

<comp id="12" class="1001" name="const_12">
<pin_list>
<pin id="13" dir="1" index="0" bw="1" slack="2147483647"/>
</pin_list>
<bind>
<StgValue><ssdm name="matrixmul_str"/></StgValue>
</bind>
</comp>

<comp id="14" class="1001" name="const_14">
<pin_list>
<pin id="15" dir="1" index="0" bw="1" slack="2147483647"/>
</pin_list>
<bind>
<StgValue><ssdm name="_ssdm_op_SpecInterface"/></StgValue>
</bind>
</comp>

<comp id="16" class="1001" name="const_16">
<pin_list>
<pin id="17" dir="1" index="0" bw="1" slack="2147483647"/>
</pin_list>
<bind>
<StgValue><ssdm name="p_str2"/></StgValue>
</bind>
</comp>

<comp id="18" class="1001" name="const_18">
<pin_list>
<pin id="19" dir="1" index="0" bw="1" slack="2147483647"/>
</pin_list>
<bind>
<StgValue><ssdm name=""/></StgValue>
</bind>
</comp>

<comp id="20" class="1001" name="const_20">
<pin_list>
<pin id="21" dir="1" index="0" bw="1" slack="2147483647"/>
</pin_list>
<bind>
<StgValue><ssdm name="p_str1"/></StgValue>
</bind>
</comp>

<comp id="22" class="1001" name="const_22">
<pin_list>
<pin id="23" dir="1" index="0" bw="1" slack="1"/>
</pin_list>
<bind>
<StgValue><ssdm name=""/></StgValue>
</bind>
</comp>

<comp id="24" class="1001" name="const_24">
<pin_list>
<pin id="25" dir="1" index="0" bw="1" slack="0"/>
</pin_list>
<bind>
<StgValue><ssdm name=""/></StgValue>
</bind>
</comp>

<comp id="26" class="1001" name="const_26">
<pin_list>
<pin id="27" dir="1" index="0" bw="1" slack="0"/>
</pin_list>
<bind>
<StgValue><ssdm name=""/></StgValue>
</bind>
</comp>

<comp id="28" class="1001" name="const_28">
<pin_list>
<pin id="29" dir="1" index="0" bw="1" slack="0"/>
</pin_list>
<bind>
<StgValue><ssdm name=""/></StgValue>
</bind>
</comp>

<comp id="30" class="1001" name="const_30">
<pin_list>
<pin id="31" dir="1" index="0" bw="1" slack="0"/>
</pin_list>
<bind>
<StgValue><ssdm name=""/></StgValue>
</bind>
</comp>

<comp id="32" class="1001" name="const_32">
<pin_list>
<pin id="33" dir="1" index="0" bw="1" slack="0"/>
</pin_list>
<bind>
<StgValue><ssdm name=""/></StgValue>
</bind>
</comp>

<comp id="34" class="1001" name="const_34">
<pin_list>
<pin id="35" dir="1" index="0" bw="1" slack="0"/>
</pin_list>
<bind>
<StgValue><ssdm name="_ssdm_op_Read.ap_fifo.volatile.i24P"/></StgValue>
</bind>
</comp>

<comp id="36" class="1001" name="const_36">
<pin_list>
<pin id="37" dir="1" index="0" bw="1" slack="0"/>
</pin_list>
<bind>
<StgValue><ssdm name="_ssdm_op_PartSelect.i8.i24.i32.i32"/></StgValue>
</bind>
</comp>

<comp id="38" class="1001" name="const_38">
<pin_list>
<pin id="39" dir="1" index="0" bw="1" slack="0"/>
</pin_list>
<bind>
<StgValue><ssdm name=""/></StgValue>
</bind>
</comp>

<comp id="40" class="1001" name="const_40">
<pin_list>
<pin id="41" dir="1" index="0" bw="1" slack="0"/>
</pin_list>
<bind>
<StgValue><ssdm name=""/></StgValue>
</bind>
</comp>

<comp id="42" class="1001" name="const_42">
<pin_list>
<pin id="43" dir="1" index="0" bw="1" slack="0"/>
</pin_list>
<bind>
<StgValue><ssdm name=""/></StgValue>
</bind>
</comp>

<comp id="44" class="1001" name="const_44">
<pin_list>
<pin id="45" dir="1" index="0" bw="1" slack="0"/>
</pin_list>
<bind>
<StgValue><ssdm name=""/></StgValue>
</bind>
</comp>

<comp id="46" class="1001" name="const_46">
<pin_list>
<pin id="47" dir="1" index="0" bw="1" slack="0"/>
</pin_list>
<bind>
<StgValue><ssdm name="_ssdm_op_Mux.ap_auto.3i8.i2"/></StgValue>
</bind>
</comp>

<comp id="48" class="1001" name="const_48">
<pin_list>
<pin id="49" dir="1" index="0" bw="1" slack="2147483647"/>
</pin_list>
<bind>
<StgValue><ssdm name="_ssdm_op_SpecLoopName"/></StgValue>
</bind>
</comp>

<comp id="50" class="1001" name="const_50">
<pin_list>
<pin id="51" dir="1" index="0" bw="1" slack="2147483647"/>
</pin_list>
<bind>
<StgValue><ssdm name="Row_Col_str"/></StgValue>
</bind>
</comp>

<comp id="52" class="1001" name="const_52">
<pin_list>
<pin id="53" dir="1" index="0" bw="1" slack="2147483647"/>
</pin_list>
<bind>
<StgValue><ssdm name="_ssdm_op_SpecLoopTripCount"/></StgValue>
</bind>
</comp>

<comp id="54" class="1001" name="const_54">
<pin_list>
<pin id="55" dir="1" index="0" bw="1" slack="2147483647"/>
</pin_list>
<bind>
<StgValue><ssdm name=""/></StgValue>
</bind>
</comp>

<comp id="56" class="1001" name="const_56">
<pin_list>
<pin id="57" dir="1" index="0" bw="1" slack="2147483647"/>
</pin_list>
<bind>
<StgValue><ssdm name="p_str4"/></StgValue>
</bind>
</comp>

<comp id="58" class="1001" name="const_58">
<pin_list>
<pin id="59" dir="1" index="0" bw="1" slack="2147483647"/>
</pin_list>
<bind>
<StgValue><ssdm name="_ssdm_op_SpecRegionBegin"/></StgValue>
</bind>
</comp>

<comp id="60" class="1001" name="const_60">
<pin_list>
<pin id="61" dir="1" index="0" bw="1" slack="2147483647"/>
</pin_list>
<bind>
<StgValue><ssdm name="_ssdm_op_SpecPipeline"/></StgValue>
</bind>
</comp>

<comp id="62" class="1001" name="const_62">
<pin_list>
<pin id="63" dir="1" index="0" bw="1" slack="0"/>
</pin_list>
<bind>
<StgValue><ssdm name="_ssdm_op_Write.ap_fifo.volatile.i16P"/></StgValue>
</bind>
</comp>

<comp id="64" class="1001" name="const_64">
<pin_list>
<pin id="65" dir="1" index="0" bw="1" slack="2147483647"/>
</pin_list>
<bind>
<StgValue><ssdm name="_ssdm_op_SpecRegionEnd"/></StgValue>
</bind>
</comp>

<comp id="66" class="1004" name="a_row_0_fu_66">
<pin_list>
<pin id="67" dir="0" index="0" bw="1" slack="0"/>
<pin id="68" dir="1" index="1" bw="8" slack="2"/>
</pin_list>
<bind>
<opcode="alloca(26) " fcode="alloca"/>
<opset="a_row_0/1 "/>
</bind>
</comp>

<comp id="70" class="1004" name="a_row_1_1_fu_70">
<pin_list>
<pin id="71" dir="0" index="0" bw="1" slack="0"/>
<pin id="72" dir="1" index="1" bw="8" slack="2"/>
</pin_list>
<bind>
<opcode="alloca(26) " fcode="alloca"/>
<opset="a_row_1_1/1 "/>
</bind>
</comp>

<comp id="74" class="1004" name="a_row_2_1_fu_74">
<pin_list>
<pin id="75" dir="0" index="0" bw="1" slack="0"/>
<pin id="76" dir="1" index="1" bw="8" slack="2"/>
</pin_list>
<bind>
<opcode="alloca(26) " fcode="alloca"/>
<opset="a_row_2_1/1 "/>
</bind>
</comp>

<comp id="78" class="1004" name="b_copy_0_2_3_fu_78">
<pin_list>
<pin id="79" dir="0" index="0" bw="1" slack="0"/>
<pin id="80" dir="1" index="1" bw="8" slack="2"/>
</pin_list>
<bind>
<opcode="alloca(26) " fcode="alloca"/>
<opset="b_copy_0_2_3/1 "/>
</bind>
</comp>

<comp id="82" class="1004" name="b_copy_0_2_6_fu_82">
<pin_list>
<pin id="83" dir="0" index="0" bw="1" slack="0"/>
<pin id="84" dir="1" index="1" bw="8" slack="2"/>
</pin_list>
<bind>
<opcode="alloca(26) " fcode="alloca"/>
<opset="b_copy_0_2_6/1 "/>
</bind>
</comp>

<comp id="86" class="1004" name="b_copy_0_2_1_fu_86">
<pin_list>
<pin id="87" dir="0" index="0" bw="1" slack="0"/>
<pin id="88" dir="1" index="1" bw="8" slack="2"/>
</pin_list>
<bind>
<opcode="alloca(26) " fcode="alloca"/>
<opset="b_copy_0_2_1/1 "/>
</bind>
</comp>

<comp id="90" class="1004" name="b_copy_1_2_3_fu_90">
<pin_list>
<pin id="91" dir="0" index="0" bw="1" slack="0"/>
<pin id="92" dir="1" index="1" bw="8" slack="2"/>
</pin_list>
<bind>
<opcode="alloca(26) " fcode="alloca"/>
<opset="b_copy_1_2_3/1 "/>
</bind>
</comp>

<comp id="94" class="1004" name="b_copy_1_2_6_fu_94">
<pin_list>
<pin id="95" dir="0" index="0" bw="1" slack="0"/>
<pin id="96" dir="1" index="1" bw="8" slack="2"/>
</pin_list>
<bind>
<opcode="alloca(26) " fcode="alloca"/>
<opset="b_copy_1_2_6/1 "/>
</bind>
</comp>

<comp id="98" class="1004" name="b_copy_1_2_1_fu_98">
<pin_list>
<pin id="99" dir="0" index="0" bw="1" slack="0"/>
<pin id="100" dir="1" index="1" bw="8" slack="2"/>
</pin_list>
<bind>
<opcode="alloca(26) " fcode="alloca"/>
<opset="b_copy_1_2_1/1 "/>
</bind>
</comp>

<comp id="102" class="1004" name="b_copy_2_2_3_fu_102">
<pin_list>
<pin id="103" dir="0" index="0" bw="1" slack="0"/>
<pin id="104" dir="1" index="1" bw="8" slack="2"/>
</pin_list>
<bind>
<opcode="alloca(26) " fcode="alloca"/>
<opset="b_copy_2_2_3/1 "/>
</bind>
</comp>

<comp id="106" class="1004" name="b_copy_2_2_6_fu_106">
<pin_list>
<pin id="107" dir="0" index="0" bw="1" slack="0"/>
<pin id="108" dir="1" index="1" bw="8" slack="2"/>
</pin_list>
<bind>
<opcode="alloca(26) " fcode="alloca"/>
<opset="b_copy_2_2_6/1 "/>
</bind>
</comp>

<comp id="110" class="1004" name="b_copy_2_2_1_fu_110">
<pin_list>
<pin id="111" dir="0" index="0" bw="1" slack="0"/>
<pin id="112" dir="1" index="1" bw="8" slack="2"/>
</pin_list>
<bind>
<opcode="alloca(26) " fcode="alloca"/>
<opset="b_copy_2_2_1/1 "/>
</bind>
</comp>

<comp id="114" class="1004" name="a_read_read_fu_114">
<pin_list>
<pin id="115" dir="0" index="0" bw="24" slack="0"/>
<pin id="116" dir="0" index="1" bw="24" slack="0"/>
<pin id="117" dir="1" index="2" bw="24" slack="0"/>
</pin_list>
<bind>
<opcode="read(1150) " fcode="read"/>
<opset="a_read/3 "/>
</bind>
</comp>

<comp id="120" class="1004" name="b_read_read_fu_120">
<pin_list>
<pin id="121" dir="0" index="0" bw="24" slack="0"/>
<pin id="122" dir="0" index="1" bw="24" slack="0"/>
<pin id="123" dir="1" index="2" bw="24" slack="0"/>
</pin_list>
<bind>
<opcode="read(1150) " fcode="read"/>
<opset="b_read/3 "/>
</bind>
</comp>

<comp id="126" class="1004" name="stg_120_write_fu_126">
<pin_list>
<pin id="127" dir="0" index="0" bw="0" slack="0"/>
<pin id="128" dir="0" index="1" bw="16" slack="0"/>
<pin id="129" dir="0" index="2" bw="16" slack="1"/>
<pin id="130" dir="1" index="3" bw="0" slack="2147483647"/>
</pin_list>
<bind>
<opcode="write(1151) " fcode="write"/>
<opset="stg_120/5 "/>
</bind>
</comp>

<comp id="133" class="1005" name="indvar_flatten_reg_133">
<pin_list>
<pin id="134" dir="0" index="0" bw="4" slack="1"/>
<pin id="135" dir="1" index="1" bw="4" slack="1"/>
</pin_list>
<bind>
<opset="indvar_flatten (phireg) "/>
</bind>
</comp>

<comp id="137" class="1004" name="indvar_flatten_phi_fu_137">
<pin_list>
<pin id="138" dir="0" index="0" bw="1" slack="1"/>
<pin id="139" dir="0" index="1" bw="0" slack="2147483647"/>
<pin id="140" dir="0" index="2" bw="4" slack="0"/>
<pin id="141" dir="0" index="3" bw="0" slack="2147483647"/>
<pin id="142" dir="1" index="4" bw="4" slack="0"/>
</pin_list>
<bind>
<opcode="phi(47) " fcode="phi"/>
<opset="indvar_flatten/2 "/>
</bind>
</comp>

<comp id="144" class="1005" name="i_reg_144">
<pin_list>
<pin id="145" dir="0" index="0" bw="2" slack="1"/>
<pin id="146" dir="1" index="1" bw="2" slack="1"/>
</pin_list>
<bind>
<opset="i (phireg) "/>
</bind>
</comp>

<comp id="148" class="1004" name="i_phi_fu_148">
<pin_list>
<pin id="149" dir="0" index="0" bw="1" slack="1"/>
<pin id="150" dir="0" index="1" bw="0" slack="2147483647"/>
<pin id="151" dir="0" index="2" bw="2" slack="0"/>
<pin id="152" dir="0" index="3" bw="0" slack="2147483647"/>
<pin id="153" dir="1" index="4" bw="2" slack="0"/>
</pin_list>
<bind>
<opcode="phi(47) " fcode="phi"/>
<opset="i/2 "/>
</bind>
</comp>

<comp id="155" class="1005" name="j_reg_155">
<pin_list>
<pin id="156" dir="0" index="0" bw="2" slack="1"/>
<pin id="157" dir="1" index="1" bw="2" slack="1"/>
</pin_list>
<bind>
<opset="j (phireg) "/>
</bind>
</comp>

<comp id="159" class="1004" name="j_phi_fu_159">
<pin_list>
<pin id="160" dir="0" index="0" bw="1" slack="1"/>
<pin id="161" dir="0" index="1" bw="0" slack="2147483647"/>
<pin id="162" dir="0" index="2" bw="2" slack="0"/>
<pin id="163" dir="0" index="3" bw="0" slack="2147483647"/>
<pin id="164" dir="1" index="4" bw="2" slack="0"/>
</pin_list>
<bind>
<opcode="phi(47) " fcode="phi"/>
<opset="j/2 "/>
</bind>
</comp>

<comp id="166" class="1004" name="exitcond_flatten_fu_166">
<pin_list>
<pin id="167" dir="0" index="0" bw="4" slack="0"/>
<pin id="168" dir="0" index="1" bw="4" slack="0"/>
<pin id="169" dir="1" index="2" bw="1" slack="1"/>
</pin_list>
<bind>
<opcode="icmp(45) " fcode="icmp"/>
<opset="exitcond_flatten/2 "/>
</bind>
</comp>

<comp id="172" class="1004" name="indvar_flatten_next_fu_172">
<pin_list>
<pin id="173" dir="0" index="0" bw="4" slack="0"/>
<pin id="174" dir="0" index="1" bw="1" slack="0"/>
<pin id="175" dir="1" index="2" bw="4" slack="0"/>
</pin_list>
<bind>
<opcode="add(8) " fcode="add"/>
<opset="indvar_flatten_next/2 "/>
</bind>
</comp>

<comp id="178" class="1004" name="i_1_fu_178">
<pin_list>
<pin id="179" dir="0" index="0" bw="2" slack="0"/>
<pin id="180" dir="0" index="1" bw="1" slack="0"/>
<pin id="181" dir="1" index="2" bw="2" slack="0"/>
</pin_list>
<bind>
<opcode="add(8) " fcode="add"/>
<opset="i_1/2 "/>
</bind>
</comp>

<comp id="184" class="1004" name="exitcond_fu_184">
<pin_list>
<pin id="185" dir="0" index="0" bw="2" slack="0"/>
<pin id="186" dir="0" index="1" bw="1" slack="0"/>
<pin id="187" dir="1" index="2" bw="1" slack="0"/>
</pin_list>
<bind>
<opcode="icmp(45) " fcode="icmp"/>
<opset="exitcond/2 "/>
</bind>
</comp>

<comp id="190" class="1004" name="j_mid2_fu_190">
<pin_list>
<pin id="191" dir="0" index="0" bw="1" slack="0"/>
<pin id="192" dir="0" index="1" bw="1" slack="0"/>
<pin id="193" dir="0" index="2" bw="2" slack="0"/>
<pin id="194" dir="1" index="3" bw="2" slack="0"/>
</pin_list>
<bind>
<opcode="select(49) " fcode="select"/>
<opset="j_mid2/2 "/>
</bind>
</comp>

<comp id="198" class="1004" name="i_mid2_fu_198">
<pin_list>
<pin id="199" dir="0" index="0" bw="1" slack="0"/>
<pin id="200" dir="0" index="1" bw="2" slack="0"/>
<pin id="201" dir="0" index="2" bw="2" slack="0"/>
<pin id="202" dir="1" index="3" bw="2" slack="0"/>
</pin_list>
<bind>
<opcode="select(49) " fcode="select"/>
<opset="i_mid2/2 "/>
</bind>
</comp>

<comp id="206" class="1004" name="tmp_fu_206">
<pin_list>
<pin id="207" dir="0" index="0" bw="2" slack="0"/>
<pin id="208" dir="0" index="1" bw="1" slack="0"/>
<pin id="209" dir="1" index="2" bw="1" slack="1"/>
</pin_list>
<bind>
<opcode="icmp(45) " fcode="icmp"/>
<opset="tmp/2 "/>
</bind>
</comp>

<comp id="212" class="1004" name="tmp_3_fu_212">
<pin_list>
<pin id="213" dir="0" index="0" bw="2" slack="0"/>
<pin id="214" dir="0" index="1" bw="1" slack="0"/>
<pin id="215" dir="1" index="2" bw="1" slack="1"/>
</pin_list>
<bind>
<opcode="icmp(45) " fcode="icmp"/>
<opset="tmp_3/2 "/>
</bind>
</comp>

<comp id="218" class="1004" name="j_1_fu_218">
<pin_list>
<pin id="219" dir="0" index="0" bw="2" slack="0"/>
<pin id="220" dir="0" index="1" bw="1" slack="0"/>
<pin id="221" dir="1" index="2" bw="2" slack="0"/>
</pin_list>
<bind>
<opcode="add(8) " fcode="add"/>
<opset="j_1/2 "/>
</bind>
</comp>

<comp id="224" class="1004" name="a_row_0_1_fu_224">
<pin_list>
<pin id="225" dir="0" index="0" bw="24" slack="0"/>
<pin id="226" dir="1" index="1" bw="8" slack="0"/>
</pin_list>
<bind>
<opcode="trunc(33) " fcode="trunc"/>
<opset="a_row_0_1/3 "/>
</bind>
</comp>

<comp id="228" class="1004" name="a_row_1_fu_228">
<pin_list>
<pin id="229" dir="0" index="0" bw="8" slack="0"/>
<pin id="230" dir="0" index="1" bw="24" slack="0"/>
<pin id="231" dir="0" index="2" bw="5" slack="0"/>
<pin id="232" dir="0" index="3" bw="5" slack="0"/>
<pin id="233" dir="1" index="4" bw="8" slack="0"/>
</pin_list>
<bind>
<opcode="partselect(1002) " fcode="partselect"/>
<opset="a_row_1/3 "/>
</bind>
</comp>

<comp id="238" class="1004" name="a_row_2_fu_238">
<pin_list>
<pin id="239" dir="0" index="0" bw="8" slack="0"/>
<pin id="240" dir="0" index="1" bw="24" slack="0"/>
<pin id="241" dir="0" index="2" bw="6" slack="0"/>
<pin id="242" dir="0" index="3" bw="6" slack="0"/>
<pin id="243" dir="1" index="4" bw="8" slack="0"/>
</pin_list>
<bind>
<opcode="partselect(1002) " fcode="partselect"/>
<opset="a_row_2/3 "/>
</bind>
</comp>

<comp id="248" class="1004" name="stg_46_store_fu_248">
<pin_list>
<pin id="249" dir="0" index="0" bw="8" slack="0"/>
<pin id="250" dir="0" index="1" bw="8" slack="2"/>
<pin id="251" dir="1" index="2" bw="0" slack="2147483647"/>
</pin_list>
<bind>
<opcode="store(28) " fcode="store"/>
<opset="stg_46/3 "/>
</bind>
</comp>

<comp id="253" class="1004" name="stg_47_store_fu_253">
<pin_list>
<pin id="254" dir="0" index="0" bw="8" slack="0"/>
<pin id="255" dir="0" index="1" bw="8" slack="2"/>
<pin id="256" dir="1" index="2" bw="0" slack="2147483647"/>
</pin_list>
<bind>
<opcode="store(28) " fcode="store"/>
<opset="stg_47/3 "/>
</bind>
</comp>

<comp id="258" class="1004" name="stg_48_store_fu_258">
<pin_list>
<pin id="259" dir="0" index="0" bw="8" slack="0"/>
<pin id="260" dir="0" index="1" bw="8" slack="2"/>
<pin id="261" dir="1" index="2" bw="0" slack="2147483647"/>
</pin_list>
<bind>
<opcode="store(28) " fcode="store"/>
<opset="stg_48/3 "/>
</bind>
</comp>

<comp id="263" class="1004" name="b_copy_0_2_3_load_load_fu_263">
<pin_list>
<pin id="264" dir="0" index="0" bw="8" slack="2"/>
<pin id="265" dir="1" index="1" bw="8" slack="0"/>
</pin_list>
<bind>
<opcode="load(27) " fcode="load"/>
<opset="b_copy_0_2_3_load/3 "/>
</bind>
</comp>

<comp id="266" class="1004" name="b_copy_0_2_6_load_load_fu_266">
<pin_list>
<pin id="267" dir="0" index="0" bw="8" slack="2"/>
<pin id="268" dir="1" index="1" bw="8" slack="0"/>
</pin_list>
<bind>
<opcode="load(27) " fcode="load"/>
<opset="b_copy_0_2_6_load/3 "/>
</bind>
</comp>

<comp id="269" class="1004" name="b_copy_0_2_1_load_load_fu_269">
<pin_list>
<pin id="270" dir="0" index="0" bw="8" slack="2"/>
<pin id="271" dir="1" index="1" bw="8" slack="0"/>
</pin_list>
<bind>
<opcode="load(27) " fcode="load"/>
<opset="b_copy_0_2_1_load/3 "/>
</bind>
</comp>

<comp id="272" class="1004" name="b_copy_1_2_3_load_load_fu_272">
<pin_list>
<pin id="273" dir="0" index="0" bw="8" slack="2"/>
<pin id="274" dir="1" index="1" bw="8" slack="0"/>
</pin_list>
<bind>
<opcode="load(27) " fcode="load"/>
<opset="b_copy_1_2_3_load/3 "/>
</bind>
</comp>

<comp id="275" class="1004" name="b_copy_1_2_6_load_load_fu_275">
<pin_list>
<pin id="276" dir="0" index="0" bw="8" slack="2"/>
<pin id="277" dir="1" index="1" bw="8" slack="0"/>
</pin_list>
<bind>
<opcode="load(27) " fcode="load"/>
<opset="b_copy_1_2_6_load/3 "/>
</bind>
</comp>

<comp id="278" class="1004" name="b_copy_1_2_1_load_load_fu_278">
<pin_list>
<pin id="279" dir="0" index="0" bw="8" slack="2"/>
<pin id="280" dir="1" index="1" bw="8" slack="0"/>
</pin_list>
<bind>
<opcode="load(27) " fcode="load"/>
<opset="b_copy_1_2_1_load/3 "/>
</bind>
</comp>

<comp id="281" class="1004" name="b_copy_2_2_3_load_load_fu_281">
<pin_list>
<pin id="282" dir="0" index="0" bw="8" slack="2"/>
<pin id="283" dir="1" index="1" bw="8" slack="0"/>
</pin_list>
<bind>
<opcode="load(27) " fcode="load"/>
<opset="b_copy_2_2_3_load/3 "/>
</bind>
</comp>

<comp id="284" class="1004" name="b_copy_2_2_6_load_load_fu_284">
<pin_list>
<pin id="285" dir="0" index="0" bw="8" slack="2"/>
<pin id="286" dir="1" index="1" bw="8" slack="0"/>
</pin_list>
<bind>
<opcode="load(27) " fcode="load"/>
<opset="b_copy_2_2_6_load/3 "/>
</bind>
</comp>

<comp id="287" class="1004" name="b_copy_2_2_1_load_load_fu_287">
<pin_list>
<pin id="288" dir="0" index="0" bw="8" slack="2"/>
<pin id="289" dir="1" index="1" bw="8" slack="0"/>
</pin_list>
<bind>
<opcode="load(27) " fcode="load"/>
<opset="b_copy_2_2_1_load/3 "/>
</bind>
</comp>

<comp id="290" class="1004" name="b_copy_0_2_9_fu_290">
<pin_list>
<pin id="291" dir="0" index="0" bw="24" slack="0"/>
<pin id="292" dir="1" index="1" bw="8" slack="0"/>
</pin_list>
<bind>
<opcode="trunc(33) " fcode="trunc"/>
<opset="b_copy_0_2_9/3 "/>
</bind>
</comp>

<comp id="294" class="1004" name="sel_tmp_fu_294">
<pin_list>
<pin id="295" dir="0" index="0" bw="2" slack="1"/>
<pin id="296" dir="0" index="1" bw="1" slack="0"/>
<pin id="297" dir="1" index="2" bw="1" slack="0"/>
</pin_list>
<bind>
<opcode="icmp(45) " fcode="icmp"/>
<opset="sel_tmp/3 "/>
</bind>
</comp>

<comp id="299" class="1004" name="b_copy_0_2_fu_299">
<pin_list>
<pin id="300" dir="0" index="0" bw="1" slack="0"/>
<pin id="301" dir="0" index="1" bw="8" slack="0"/>
<pin id="302" dir="0" index="2" bw="8" slack="0"/>
<pin id="303" dir="1" index="3" bw="8" slack="0"/>
</pin_list>
<bind>
<opcode="select(49) " fcode="select"/>
<opset="b_copy_0_2/3 "/>
</bind>
</comp>

<comp id="307" class="1004" name="b_copy_0_2_2_fu_307">
<pin_list>
<pin id="308" dir="0" index="0" bw="1" slack="1"/>
<pin id="309" dir="0" index="1" bw="8" slack="0"/>
<pin id="310" dir="0" index="2" bw="8" slack="0"/>
<pin id="311" dir="1" index="3" bw="8" slack="0"/>
</pin_list>
<bind>
<opcode="select(49) " fcode="select"/>
<opset="b_copy_0_2_2/3 "/>
</bind>
</comp>

<comp id="314" class="1004" name="b_copy_0_2_4_fu_314">
<pin_list>
<pin id="315" dir="0" index="0" bw="1" slack="0"/>
<pin id="316" dir="0" index="1" bw="8" slack="0"/>
<pin id="317" dir="0" index="2" bw="8" slack="0"/>
<pin id="318" dir="1" index="3" bw="8" slack="0"/>
</pin_list>
<bind>
<opcode="select(49) " fcode="select"/>
<opset="b_copy_0_2_4/3 "/>
</bind>
</comp>

<comp id="322" class="1004" name="b_copy_0_2_5_fu_322">
<pin_list>
<pin id="323" dir="0" index="0" bw="1" slack="1"/>
<pin id="324" dir="0" index="1" bw="8" slack="0"/>
<pin id="325" dir="0" index="2" bw="8" slack="0"/>
<pin id="326" dir="1" index="3" bw="8" slack="0"/>
</pin_list>
<bind>
<opcode="select(49) " fcode="select"/>
<opset="b_copy_0_2_5/3 "/>
</bind>
</comp>

<comp id="329" class="1004" name="b_copy_0_2_7_fu_329">
<pin_list>
<pin id="330" dir="0" index="0" bw="1" slack="1"/>
<pin id="331" dir="0" index="1" bw="8" slack="0"/>
<pin id="332" dir="0" index="2" bw="8" slack="0"/>
<pin id="333" dir="1" index="3" bw="8" slack="0"/>
</pin_list>
<bind>
<opcode="select(49) " fcode="select"/>
<opset="b_copy_0_2_7/3 "/>
</bind>
</comp>

<comp id="336" class="1004" name="b_copy_1_2_9_fu_336">
<pin_list>
<pin id="337" dir="0" index="0" bw="8" slack="0"/>
<pin id="338" dir="0" index="1" bw="24" slack="0"/>
<pin id="339" dir="0" index="2" bw="5" slack="0"/>
<pin id="340" dir="0" index="3" bw="5" slack="0"/>
<pin id="341" dir="1" index="4" bw="8" slack="0"/>
</pin_list>
<bind>
<opcode="partselect(1002) " fcode="partselect"/>
<opset="b_copy_1_2_9/3 "/>
</bind>
</comp>

<comp id="346" class="1004" name="b_copy_1_2_fu_346">
<pin_list>
<pin id="347" dir="0" index="0" bw="1" slack="0"/>
<pin id="348" dir="0" index="1" bw="8" slack="0"/>
<pin id="349" dir="0" index="2" bw="8" slack="0"/>
<pin id="350" dir="1" index="3" bw="8" slack="0"/>
</pin_list>
<bind>
<opcode="select(49) " fcode="select"/>
<opset="b_copy_1_2/3 "/>
</bind>
</comp>

<comp id="354" class="1004" name="b_copy_1_2_2_fu_354">
<pin_list>
<pin id="355" dir="0" index="0" bw="1" slack="1"/>
<pin id="356" dir="0" index="1" bw="8" slack="0"/>
<pin id="357" dir="0" index="2" bw="8" slack="0"/>
<pin id="358" dir="1" index="3" bw="8" slack="0"/>
</pin_list>
<bind>
<opcode="select(49) " fcode="select"/>
<opset="b_copy_1_2_2/3 "/>
</bind>
</comp>

<comp id="361" class="1004" name="b_copy_1_2_4_fu_361">
<pin_list>
<pin id="362" dir="0" index="0" bw="1" slack="0"/>
<pin id="363" dir="0" index="1" bw="8" slack="0"/>
<pin id="364" dir="0" index="2" bw="8" slack="0"/>
<pin id="365" dir="1" index="3" bw="8" slack="0"/>
</pin_list>
<bind>
<opcode="select(49) " fcode="select"/>
<opset="b_copy_1_2_4/3 "/>
</bind>
</comp>

<comp id="369" class="1004" name="b_copy_1_2_5_fu_369">
<pin_list>
<pin id="370" dir="0" index="0" bw="1" slack="1"/>
<pin id="371" dir="0" index="1" bw="8" slack="0"/>
<pin id="372" dir="0" index="2" bw="8" slack="0"/>
<pin id="373" dir="1" index="3" bw="8" slack="0"/>
</pin_list>
<bind>
<opcode="select(49) " fcode="select"/>
<opset="b_copy_1_2_5/3 "/>
</bind>
</comp>

<comp id="376" class="1004" name="b_copy_1_2_7_fu_376">
<pin_list>
<pin id="377" dir="0" index="0" bw="1" slack="1"/>
<pin id="378" dir="0" index="1" bw="8" slack="0"/>
<pin id="379" dir="0" index="2" bw="8" slack="0"/>
<pin id="380" dir="1" index="3" bw="8" slack="0"/>
</pin_list>
<bind>
<opcode="select(49) " fcode="select"/>
<opset="b_copy_1_2_7/3 "/>
</bind>
</comp>

<comp id="383" class="1004" name="b_copy_2_2_9_fu_383">
<pin_list>
<pin id="384" dir="0" index="0" bw="8" slack="0"/>
<pin id="385" dir="0" index="1" bw="24" slack="0"/>
<pin id="386" dir="0" index="2" bw="6" slack="0"/>
<pin id="387" dir="0" index="3" bw="6" slack="0"/>
<pin id="388" dir="1" index="4" bw="8" slack="0"/>
</pin_list>
<bind>
<opcode="partselect(1002) " fcode="partselect"/>
<opset="b_copy_2_2_9/3 "/>
</bind>
</comp>

<comp id="393" class="1004" name="b_copy_2_2_fu_393">
<pin_list>
<pin id="394" dir="0" index="0" bw="1" slack="0"/>
<pin id="395" dir="0" index="1" bw="8" slack="0"/>
<pin id="396" dir="0" index="2" bw="8" slack="0"/>
<pin id="397" dir="1" index="3" bw="8" slack="0"/>
</pin_list>
<bind>
<opcode="select(49) " fcode="select"/>
<opset="b_copy_2_2/3 "/>
</bind>
</comp>

<comp id="401" class="1004" name="b_copy_2_2_2_fu_401">
<pin_list>
<pin id="402" dir="0" index="0" bw="1" slack="1"/>
<pin id="403" dir="0" index="1" bw="8" slack="0"/>
<pin id="404" dir="0" index="2" bw="8" slack="0"/>
<pin id="405" dir="1" index="3" bw="8" slack="0"/>
</pin_list>
<bind>
<opcode="select(49) " fcode="select"/>
<opset="b_copy_2_2_2/3 "/>
</bind>
</comp>

<comp id="408" class="1004" name="b_copy_2_2_4_fu_408">
<pin_list>
<pin id="409" dir="0" index="0" bw="1" slack="0"/>
<pin id="410" dir="0" index="1" bw="8" slack="0"/>
<pin id="411" dir="0" index="2" bw="8" slack="0"/>
<pin id="412" dir="1" index="3" bw="8" slack="0"/>
</pin_list>
<bind>
<opcode="select(49) " fcode="select"/>
<opset="b_copy_2_2_4/3 "/>
</bind>
</comp>

<comp id="416" class="1004" name="b_copy_2_2_5_fu_416">
<pin_list>
<pin id="417" dir="0" index="0" bw="1" slack="1"/>
<pin id="418" dir="0" index="1" bw="8" slack="0"/>
<pin id="419" dir="0" index="2" bw="8" slack="0"/>
<pin id="420" dir="1" index="3" bw="8" slack="0"/>
</pin_list>
<bind>
<opcode="select(49) " fcode="select"/>
<opset="b_copy_2_2_5/3 "/>
</bind>
</comp>

<comp id="423" class="1004" name="b_copy_2_2_7_fu_423">
<pin_list>
<pin id="424" dir="0" index="0" bw="1" slack="1"/>
<pin id="425" dir="0" index="1" bw="8" slack="0"/>
<pin id="426" dir="0" index="2" bw="8" slack="0"/>
<pin id="427" dir="1" index="3" bw="8" slack="0"/>
</pin_list>
<bind>
<opcode="select(49) " fcode="select"/>
<opset="b_copy_2_2_7/3 "/>
</bind>
</comp>

<comp id="430" class="1004" name="stg_79_store_fu_430">
<pin_list>
<pin id="431" dir="0" index="0" bw="8" slack="0"/>
<pin id="432" dir="0" index="1" bw="8" slack="2"/>
<pin id="433" dir="1" index="2" bw="0" slack="2147483647"/>
</pin_list>
<bind>
<opcode="store(28) " fcode="store"/>
<opset="stg_79/3 "/>
</bind>
</comp>

<comp id="435" class="1004" name="stg_80_store_fu_435">
<pin_list>
<pin id="436" dir="0" index="0" bw="8" slack="0"/>
<pin id="437" dir="0" index="1" bw="8" slack="2"/>
<pin id="438" dir="1" index="2" bw="0" slack="2147483647"/>
</pin_list>
<bind>
<opcode="store(28) " fcode="store"/>
<opset="stg_80/3 "/>
</bind>
</comp>

<comp id="440" class="1004" name="stg_81_store_fu_440">
<pin_list>
<pin id="441" dir="0" index="0" bw="8" slack="0"/>
<pin id="442" dir="0" index="1" bw="8" slack="2"/>
<pin id="443" dir="1" index="2" bw="0" slack="2147483647"/>
</pin_list>
<bind>
<opcode="store(28) " fcode="store"/>
<opset="stg_81/3 "/>
</bind>
</comp>

<comp id="445" class="1004" name="stg_82_store_fu_445">
<pin_list>
<pin id="446" dir="0" index="0" bw="8" slack="0"/>
<pin id="447" dir="0" index="1" bw="8" slack="2"/>
<pin id="448" dir="1" index="2" bw="0" slack="2147483647"/>
</pin_list>
<bind>
<opcode="store(28) " fcode="store"/>
<opset="stg_82/3 "/>
</bind>
</comp>

<comp id="450" class="1004" name="stg_83_store_fu_450">
<pin_list>
<pin id="451" dir="0" index="0" bw="8" slack="0"/>
<pin id="452" dir="0" index="1" bw="8" slack="2"/>
<pin id="453" dir="1" index="2" bw="0" slack="2147483647"/>
</pin_list>
<bind>
<opcode="store(28) " fcode="store"/>
<opset="stg_83/3 "/>
</bind>
</comp>

<comp id="455" class="1004" name="stg_84_store_fu_455">
<pin_list>
<pin id="456" dir="0" index="0" bw="8" slack="0"/>
<pin id="457" dir="0" index="1" bw="8" slack="2"/>
<pin id="458" dir="1" index="2" bw="0" slack="2147483647"/>
</pin_list>
<bind>
<opcode="store(28) " fcode="store"/>
<opset="stg_84/3 "/>
</bind>
</comp>

<comp id="460" class="1004" name="stg_85_store_fu_460">
<pin_list>
<pin id="461" dir="0" index="0" bw="8" slack="0"/>
<pin id="462" dir="0" index="1" bw="8" slack="2"/>
<pin id="463" dir="1" index="2" bw="0" slack="2147483647"/>
</pin_list>
<bind>
<opcode="store(28) " fcode="store"/>
<opset="stg_85/3 "/>
</bind>
</comp>

<comp id="465" class="1004" name="stg_86_store_fu_465">
<pin_list>
<pin id="466" dir="0" index="0" bw="8" slack="0"/>
<pin id="467" dir="0" index="1" bw="8" slack="2"/>
<pin id="468" dir="1" index="2" bw="0" slack="2147483647"/>
</pin_list>
<bind>
<opcode="store(28) " fcode="store"/>
<opset="stg_86/3 "/>
</bind>
</comp>

<comp id="470" class="1004" name="stg_87_store_fu_470">
<pin_list>
<pin id="471" dir="0" index="0" bw="8" slack="0"/>
<pin id="472" dir="0" index="1" bw="8" slack="2"/>
<pin id="473" dir="1" index="2" bw="0" slack="2147483647"/>
</pin_list>
<bind>
<opcode="store(28) " fcode="store"/>
<opset="stg_87/3 "/>
</bind>
</comp>

<comp id="475" class="1004" name="a_row_0_load_load_fu_475">
<pin_list>
<pin id="476" dir="0" index="0" bw="8" slack="3"/>
<pin id="477" dir="1" index="1" bw="8" slack="0"/>
</pin_list>
<bind>
<opcode="load(27) " fcode="load"/>
<opset="a_row_0_load/4 "/>
</bind>
</comp>

<comp id="478" class="1004" name="a_row_1_1_load_load_fu_478">
<pin_list>
<pin id="479" dir="0" index="0" bw="8" slack="3"/>
<pin id="480" dir="1" index="1" bw="8" slack="0"/>
</pin_list>
<bind>
<opcode="load(27) " fcode="load"/>
<opset="a_row_1_1_load/4 "/>
</bind>
</comp>

<comp id="481" class="1004" name="a_row_2_1_load_load_fu_481">
<pin_list>
<pin id="482" dir="0" index="0" bw="8" slack="3"/>
<pin id="483" dir="1" index="1" bw="8" slack="0"/>
</pin_list>
<bind>
<opcode="load(27) " fcode="load"/>
<opset="a_row_2_1_load/4 "/>
</bind>
</comp>

<comp id="484" class="1004" name="b_copy_0_2_3_load_1_load_fu_484">
<pin_list>
<pin id="485" dir="0" index="0" bw="8" slack="3"/>
<pin id="486" dir="1" index="1" bw="8" slack="0"/>
</pin_list>
<bind>
<opcode="load(27) " fcode="load"/>
<opset="b_copy_0_2_3_load_1/4 "/>
</bind>
</comp>

<comp id="487" class="1004" name="b_copy_0_2_6_load_1_load_fu_487">
<pin_list>
<pin id="488" dir="0" index="0" bw="8" slack="3"/>
<pin id="489" dir="1" index="1" bw="8" slack="0"/>
</pin_list>
<bind>
<opcode="load(27) " fcode="load"/>
<opset="b_copy_0_2_6_load_1/4 "/>
</bind>
</comp>

<comp id="490" class="1004" name="b_copy_0_2_1_load_1_load_fu_490">
<pin_list>
<pin id="491" dir="0" index="0" bw="8" slack="3"/>
<pin id="492" dir="1" index="1" bw="8" slack="0"/>
</pin_list>
<bind>
<opcode="load(27) " fcode="load"/>
<opset="b_copy_0_2_1_load_1/4 "/>
</bind>
</comp>

<comp id="493" class="1004" name="b_copy_1_2_3_load_1_load_fu_493">
<pin_list>
<pin id="494" dir="0" index="0" bw="8" slack="3"/>
<pin id="495" dir="1" index="1" bw="8" slack="0"/>
</pin_list>
<bind>
<opcode="load(27) " fcode="load"/>
<opset="b_copy_1_2_3_load_1/4 "/>
</bind>
</comp>

<comp id="496" class="1004" name="b_copy_1_2_6_load_1_load_fu_496">
<pin_list>
<pin id="497" dir="0" index="0" bw="8" slack="3"/>
<pin id="498" dir="1" index="1" bw="8" slack="0"/>
</pin_list>
<bind>
<opcode="load(27) " fcode="load"/>
<opset="b_copy_1_2_6_load_1/4 "/>
</bind>
</comp>

<comp id="499" class="1004" name="b_copy_1_2_1_load_1_load_fu_499">
<pin_list>
<pin id="500" dir="0" index="0" bw="8" slack="3"/>
<pin id="501" dir="1" index="1" bw="8" slack="0"/>
</pin_list>
<bind>
<opcode="load(27) " fcode="load"/>
<opset="b_copy_1_2_1_load_1/4 "/>
</bind>
</comp>

<comp id="502" class="1004" name="b_copy_2_2_3_load_1_load_fu_502">
<pin_list>
<pin id="503" dir="0" index="0" bw="8" slack="3"/>
<pin id="504" dir="1" index="1" bw="8" slack="0"/>
</pin_list>
<bind>
<opcode="load(27) " fcode="load"/>
<opset="b_copy_2_2_3_load_1/4 "/>
</bind>
</comp>

<comp id="505" class="1004" name="b_copy_2_2_6_load_1_load_fu_505">
<pin_list>
<pin id="506" dir="0" index="0" bw="8" slack="3"/>
<pin id="507" dir="1" index="1" bw="8" slack="0"/>
</pin_list>
<bind>
<opcode="load(27) " fcode="load"/>
<opset="b_copy_2_2_6_load_1/4 "/>
</bind>
</comp>

<comp id="508" class="1004" name="b_copy_2_2_1_load_1_load_fu_508">
<pin_list>
<pin id="509" dir="0" index="0" bw="8" slack="3"/>
<pin id="510" dir="1" index="1" bw="8" slack="0"/>
</pin_list>
<bind>
<opcode="load(27) " fcode="load"/>
<opset="b_copy_2_2_1_load_1/4 "/>
</bind>
</comp>

<comp id="511" class="1004" name="tmp_s_fu_511">
<pin_list>
<pin id="512" dir="0" index="0" bw="8" slack="0"/>
<pin id="513" dir="1" index="1" bw="16" slack="0"/>
</pin_list>
<bind>
<opcode="sext(35) " fcode="sext"/>
<opset="tmp_s/4 "/>
</bind>
</comp>

<comp id="515" class="1004" name="tmp_1_fu_515">
<pin_list>
<pin id="516" dir="0" index="0" bw="8" slack="0"/>
<pin id="517" dir="0" index="1" bw="8" slack="0"/>
<pin id="518" dir="0" index="2" bw="8" slack="0"/>
<pin id="519" dir="0" index="3" bw="8" slack="0"/>
<pin id="520" dir="0" index="4" bw="2" slack="2"/>
<pin id="521" dir="1" index="5" bw="8" slack="0"/>
</pin_list>
<bind>
<opcode="mux(1186) " fcode="mux"/>
<opset="tmp_1/4 "/>
</bind>
</comp>

<comp id="526" class="1004" name="tmp_5_fu_526">
<pin_list>
<pin id="527" dir="0" index="0" bw="8" slack="0"/>
<pin id="528" dir="1" index="1" bw="16" slack="0"/>
</pin_list>
<bind>
<opcode="sext(35) " fcode="sext"/>
<opset="tmp_5/4 "/>
</bind>
</comp>

<comp id="530" class="1004" name="tmp_6_fu_530">
<pin_list>
<pin id="531" dir="0" index="0" bw="8" slack="0"/>
<pin id="532" dir="0" index="1" bw="8" slack="0"/>
<pin id="533" dir="1" index="2" bw="16" slack="0"/>
</pin_list>
<bind>
<opcode="mul(12) " fcode="mul"/>
<opset="tmp_6/4 "/>
</bind>
</comp>

<comp id="536" class="1004" name="tmp_5_1_fu_536">
<pin_list>
<pin id="537" dir="0" index="0" bw="8" slack="0"/>
<pin id="538" dir="1" index="1" bw="16" slack="0"/>
</pin_list>
<bind>
<opcode="sext(35) " fcode="sext"/>
<opset="tmp_5_1/4 "/>
</bind>
</comp>

<comp id="540" class="1004" name="tmp_7_fu_540">
<pin_list>
<pin id="541" dir="0" index="0" bw="8" slack="0"/>
<pin id="542" dir="0" index="1" bw="8" slack="0"/>
<pin id="543" dir="0" index="2" bw="8" slack="0"/>
<pin id="544" dir="0" index="3" bw="8" slack="0"/>
<pin id="545" dir="0" index="4" bw="2" slack="2"/>
<pin id="546" dir="1" index="5" bw="8" slack="0"/>
</pin_list>
<bind>
<opcode="mux(1186) " fcode="mux"/>
<opset="tmp_7/4 "/>
</bind>
</comp>

<comp id="551" class="1004" name="tmp_8_1_fu_551">
<pin_list>
<pin id="552" dir="0" index="0" bw="8" slack="0"/>
<pin id="553" dir="1" index="1" bw="16" slack="0"/>
</pin_list>
<bind>
<opcode="sext(35) " fcode="sext"/>
<opset="tmp_8_1/4 "/>
</bind>
</comp>

<comp id="555" class="1004" name="tmp_10_1_fu_555">
<pin_list>
<pin id="556" dir="0" index="0" bw="8" slack="0"/>
<pin id="557" dir="0" index="1" bw="8" slack="0"/>
<pin id="558" dir="1" index="2" bw="16" slack="0"/>
</pin_list>
<bind>
<opcode="mul(12) " fcode="mul"/>
<opset="tmp_10_1/4 "/>
</bind>
</comp>

<comp id="561" class="1004" name="tmp_5_2_fu_561">
<pin_list>
<pin id="562" dir="0" index="0" bw="8" slack="0"/>
<pin id="563" dir="1" index="1" bw="16" slack="0"/>
</pin_list>
<bind>
<opcode="sext(35) " fcode="sext"/>
<opset="tmp_5_2/4 "/>
</bind>
</comp>

<comp id="565" class="1004" name="tmp_8_fu_565">
<pin_list>
<pin id="566" dir="0" index="0" bw="8" slack="0"/>
<pin id="567" dir="0" index="1" bw="8" slack="0"/>
<pin id="568" dir="0" index="2" bw="8" slack="0"/>
<pin id="569" dir="0" index="3" bw="8" slack="0"/>
<pin id="570" dir="0" index="4" bw="2" slack="2"/>
<pin id="571" dir="1" index="5" bw="8" slack="0"/>
</pin_list>
<bind>
<opcode="mux(1186) " fcode="mux"/>
<opset="tmp_8/4 "/>
</bind>
</comp>

<comp id="576" class="1004" name="tmp_8_2_fu_576">
<pin_list>
<pin id="577" dir="0" index="0" bw="8" slack="0"/>
<pin id="578" dir="1" index="1" bw="16" slack="0"/>
</pin_list>
<bind>
<opcode="sext(35) " fcode="sext"/>
<opset="tmp_8_2/4 "/>
</bind>
</comp>

<comp id="580" class="1004" name="tmp_10_2_fu_580">
<pin_list>
<pin id="581" dir="0" index="0" bw="8" slack="0"/>
<pin id="582" dir="0" index="1" bw="8" slack="0"/>
<pin id="583" dir="1" index="2" bw="16" slack="0"/>
</pin_list>
<bind>
<opcode="mul(12) " fcode="mul"/>
<opset="tmp_10_2/4 "/>
</bind>
</comp>

<comp id="586" class="1004" name="tmp9_fu_586">
<pin_list>
<pin id="587" dir="0" index="0" bw="16" slack="0"/>
<pin id="588" dir="0" index="1" bw="16" slack="0"/>
<pin id="589" dir="1" index="2" bw="16" slack="0"/>
</pin_list>
<bind>
<opcode="add(8) " fcode="add"/>
<opset="tmp9/4 "/>
</bind>
</comp>

<comp id="592" class="1004" name="tmp_11_2_fu_592">
<pin_list>
<pin id="593" dir="0" index="0" bw="16" slack="0"/>
<pin id="594" dir="0" index="1" bw="16" slack="0"/>
<pin id="595" dir="1" index="2" bw="16" slack="1"/>
</pin_list>
<bind>
<opcode="add(8) " fcode="add"/>
<opset="tmp_11_2/4 "/>
</bind>
</comp>

<comp id="598" class="1005" name="a_row_0_reg_598">
<pin_list>
<pin id="599" dir="0" index="0" bw="8" slack="2"/>
<pin id="600" dir="1" index="1" bw="8" slack="2"/>
</pin_list>
<bind>
<opset="a_row_0 "/>
</bind>
</comp>

<comp id="604" class="1005" name="a_row_1_1_reg_604">
<pin_list>
<pin id="605" dir="0" index="0" bw="8" slack="2"/>
<pin id="606" dir="1" index="1" bw="8" slack="2"/>
</pin_list>
<bind>
<opset="a_row_1_1 "/>
</bind>
</comp>

<comp id="610" class="1005" name="a_row_2_1_reg_610">
<pin_list>
<pin id="611" dir="0" index="0" bw="8" slack="2"/>
<pin id="612" dir="1" index="1" bw="8" slack="2"/>
</pin_list>
<bind>
<opset="a_row_2_1 "/>
</bind>
</comp>

<comp id="616" class="1005" name="b_copy_0_2_3_reg_616">
<pin_list>
<pin id="617" dir="0" index="0" bw="8" slack="2"/>
<pin id="618" dir="1" index="1" bw="8" slack="2"/>
</pin_list>
<bind>
<opset="b_copy_0_2_3 "/>
</bind>
</comp>

<comp id="623" class="1005" name="b_copy_0_2_6_reg_623">
<pin_list>
<pin id="624" dir="0" index="0" bw="8" slack="2"/>
<pin id="625" dir="1" index="1" bw="8" slack="2"/>
</pin_list>
<bind>
<opset="b_copy_0_2_6 "/>
</bind>
</comp>

<comp id="630" class="1005" name="b_copy_0_2_1_reg_630">
<pin_list>
<pin id="631" dir="0" index="0" bw="8" slack="2"/>
<pin id="632" dir="1" index="1" bw="8" slack="2"/>
</pin_list>
<bind>
<opset="b_copy_0_2_1 "/>
</bind>
</comp>

<comp id="637" class="1005" name="b_copy_1_2_3_reg_637">
<pin_list>
<pin id="638" dir="0" index="0" bw="8" slack="2"/>
<pin id="639" dir="1" index="1" bw="8" slack="2"/>
</pin_list>
<bind>
<opset="b_copy_1_2_3 "/>
</bind>
</comp>

<comp id="644" class="1005" name="b_copy_1_2_6_reg_644">
<pin_list>
<pin id="645" dir="0" index="0" bw="8" slack="2"/>
<pin id="646" dir="1" index="1" bw="8" slack="2"/>
</pin_list>
<bind>
<opset="b_copy_1_2_6 "/>
</bind>
</comp>

<comp id="651" class="1005" name="b_copy_1_2_1_reg_651">
<pin_list>
<pin id="652" dir="0" index="0" bw="8" slack="2"/>
<pin id="653" dir="1" index="1" bw="8" slack="2"/>
</pin_list>
<bind>
<opset="b_copy_1_2_1 "/>
</bind>
</comp>

<comp id="658" class="1005" name="b_copy_2_2_3_reg_658">
<pin_list>
<pin id="659" dir="0" index="0" bw="8" slack="2"/>
<pin id="660" dir="1" index="1" bw="8" slack="2"/>
</pin_list>
<bind>
<opset="b_copy_2_2_3 "/>
</bind>
</comp>

<comp id="665" class="1005" name="b_copy_2_2_6_reg_665">
<pin_list>
<pin id="666" dir="0" index="0" bw="8" slack="2"/>
<pin id="667" dir="1" index="1" bw="8" slack="2"/>
</pin_list>
<bind>
<opset="b_copy_2_2_6 "/>
</bind>
</comp>

<comp id="672" class="1005" name="b_copy_2_2_1_reg_672">
<pin_list>
<pin id="673" dir="0" index="0" bw="8" slack="2"/>
<pin id="674" dir="1" index="1" bw="8" slack="2"/>
</pin_list>
<bind>
<opset="b_copy_2_2_1 "/>
</bind>
</comp>

<comp id="679" class="1005" name="exitcond_flatten_reg_679">
<pin_list>
<pin id="680" dir="0" index="0" bw="1" slack="1"/>
<pin id="681" dir="1" index="1" bw="1" slack="2147483647"/>
</pin_list>
<bind>
<opset="exitcond_flatten "/>
</bind>
</comp>

<comp id="683" class="1005" name="indvar_flatten_next_reg_683">
<pin_list>
<pin id="684" dir="0" index="0" bw="4" slack="0"/>
<pin id="685" dir="1" index="1" bw="4" slack="0"/>
</pin_list>
<bind>
<opset="indvar_flatten_next "/>
</bind>
</comp>

<comp id="688" class="1005" name="j_mid2_reg_688">
<pin_list>
<pin id="689" dir="0" index="0" bw="2" slack="1"/>
<pin id="690" dir="1" index="1" bw="2" slack="1"/>
</pin_list>
<bind>
<opset="j_mid2 "/>
</bind>
</comp>

<comp id="696" class="1005" name="i_mid2_reg_696">
<pin_list>
<pin id="697" dir="0" index="0" bw="2" slack="0"/>
<pin id="698" dir="1" index="1" bw="2" slack="0"/>
</pin_list>
<bind>
<opset="i_mid2 "/>
</bind>
</comp>

<comp id="701" class="1005" name="tmp_reg_701">
<pin_list>
<pin id="702" dir="0" index="0" bw="1" slack="1"/>
<pin id="703" dir="1" index="1" bw="1" slack="2147483647"/>
</pin_list>
<bind>
<opset="tmp "/>
</bind>
</comp>

<comp id="705" class="1005" name="tmp_3_reg_705">
<pin_list>
<pin id="706" dir="0" index="0" bw="1" slack="1"/>
<pin id="707" dir="1" index="1" bw="1" slack="1"/>
</pin_list>
<bind>
<opset="tmp_3 "/>
</bind>
</comp>

<comp id="718" class="1005" name="j_1_reg_718">
<pin_list>
<pin id="719" dir="0" index="0" bw="2" slack="0"/>
<pin id="720" dir="1" index="1" bw="2" slack="0"/>
</pin_list>
<bind>
<opset="j_1 "/>
</bind>
</comp>

<comp id="723" class="1005" name="tmp_11_2_reg_723">
<pin_list>
<pin id="724" dir="0" index="0" bw="16" slack="1"/>
<pin id="725" dir="1" index="1" bw="16" slack="1"/>
</pin_list>
<bind>
<opset="tmp_11_2 "/>
</bind>
</comp>

</comp_list>

<net_list>
<net id="69"><net_src comp="6" pin="0"/><net_sink comp="66" pin=0"/></net>

<net id="73"><net_src comp="6" pin="0"/><net_sink comp="70" pin=0"/></net>

<net id="77"><net_src comp="6" pin="0"/><net_sink comp="74" pin=0"/></net>

<net id="81"><net_src comp="6" pin="0"/><net_sink comp="78" pin=0"/></net>

<net id="85"><net_src comp="6" pin="0"/><net_sink comp="82" pin=0"/></net>

<net id="89"><net_src comp="6" pin="0"/><net_sink comp="86" pin=0"/></net>

<net id="93"><net_src comp="6" pin="0"/><net_sink comp="90" pin=0"/></net>

<net id="97"><net_src comp="6" pin="0"/><net_sink comp="94" pin=0"/></net>

<net id="101"><net_src comp="6" pin="0"/><net_sink comp="98" pin=0"/></net>

<net id="105"><net_src comp="6" pin="0"/><net_sink comp="102" pin=0"/></net>

<net id="109"><net_src comp="6" pin="0"/><net_sink comp="106" pin=0"/></net>

<net id="113"><net_src comp="6" pin="0"/><net_sink comp="110" pin=0"/></net>

<net id="118"><net_src comp="34" pin="0"/><net_sink comp="114" pin=0"/></net>

<net id="119"><net_src comp="0" pin="0"/><net_sink comp="114" pin=1"/></net>

<net id="124"><net_src comp="34" pin="0"/><net_sink comp="120" pin=0"/></net>

<net id="125"><net_src comp="2" pin="0"/><net_sink comp="120" pin=1"/></net>

<net id="131"><net_src comp="62" pin="0"/><net_sink comp="126" pin=0"/></net>

<net id="132"><net_src comp="4" pin="0"/><net_sink comp="126" pin=1"/></net>

<net id="136"><net_src comp="22" pin="0"/><net_sink comp="133" pin=0"/></net>

<net id="143"><net_src comp="133" pin="1"/><net_sink comp="137" pin=0"/></net>

<net id="147"><net_src comp="24" pin="0"/><net_sink comp="144" pin=0"/></net>

<net id="154"><net_src comp="144" pin="1"/><net_sink comp="148" pin=0"/></net>

<net id="158"><net_src comp="24" pin="0"/><net_sink comp="155" pin=0"/></net>

<net id="165"><net_src comp="155" pin="1"/><net_sink comp="159" pin=0"/></net>

<net id="170"><net_src comp="137" pin="4"/><net_sink comp="166" pin=0"/></net>

<net id="171"><net_src comp="26" pin="0"/><net_sink comp="166" pin=1"/></net>

<net id="176"><net_src comp="137" pin="4"/><net_sink comp="172" pin=0"/></net>

<net id="177"><net_src comp="28" pin="0"/><net_sink comp="172" pin=1"/></net>

<net id="182"><net_src comp="148" pin="4"/><net_sink comp="178" pin=0"/></net>

<net id="183"><net_src comp="30" pin="0"/><net_sink comp="178" pin=1"/></net>

<net id="188"><net_src comp="159" pin="4"/><net_sink comp="184" pin=0"/></net>

<net id="189"><net_src comp="32" pin="0"/><net_sink comp="184" pin=1"/></net>

<net id="195"><net_src comp="184" pin="2"/><net_sink comp="190" pin=0"/></net>

<net id="196"><net_src comp="24" pin="0"/><net_sink comp="190" pin=1"/></net>

<net id="197"><net_src comp="159" pin="4"/><net_sink comp="190" pin=2"/></net>

<net id="203"><net_src comp="184" pin="2"/><net_sink comp="198" pin=0"/></net>

<net id="204"><net_src comp="178" pin="2"/><net_sink comp="198" pin=1"/></net>

<net id="205"><net_src comp="148" pin="4"/><net_sink comp="198" pin=2"/></net>

<net id="210"><net_src comp="198" pin="3"/><net_sink comp="206" pin=0"/></net>

<net id="211"><net_src comp="24" pin="0"/><net_sink comp="206" pin=1"/></net>

<net id="216"><net_src comp="190" pin="3"/><net_sink comp="212" pin=0"/></net>

<net id="217"><net_src comp="24" pin="0"/><net_sink comp="212" pin=1"/></net>

<net id="222"><net_src comp="190" pin="3"/><net_sink comp="218" pin=0"/></net>

<net id="223"><net_src comp="30" pin="0"/><net_sink comp="218" pin=1"/></net>

<net id="227"><net_src comp="114" pin="2"/><net_sink comp="224" pin=0"/></net>

<net id="234"><net_src comp="36" pin="0"/><net_sink comp="228" pin=0"/></net>

<net id="235"><net_src comp="114" pin="2"/><net_sink comp="228" pin=1"/></net>

<net id="236"><net_src comp="38" pin="0"/><net_sink comp="228" pin=2"/></net>

<net id="237"><net_src comp="40" pin="0"/><net_sink comp="228" pin=3"/></net>

<net id="244"><net_src comp="36" pin="0"/><net_sink comp="238" pin=0"/></net>

<net id="245"><net_src comp="114" pin="2"/><net_sink comp="238" pin=1"/></net>

<net id="246"><net_src comp="42" pin="0"/><net_sink comp="238" pin=2"/></net>

<net id="247"><net_src comp="44" pin="0"/><net_sink comp="238" pin=3"/></net>

<net id="252"><net_src comp="238" pin="4"/><net_sink comp="248" pin=0"/></net>

<net id="257"><net_src comp="228" pin="4"/><net_sink comp="253" pin=0"/></net>

<net id="262"><net_src comp="224" pin="1"/><net_sink comp="258" pin=0"/></net>

<net id="293"><net_src comp="120" pin="2"/><net_sink comp="290" pin=0"/></net>

<net id="298"><net_src comp="30" pin="0"/><net_sink comp="294" pin=1"/></net>

<net id="304"><net_src comp="294" pin="2"/><net_sink comp="299" pin=0"/></net>

<net id="305"><net_src comp="269" pin="1"/><net_sink comp="299" pin=1"/></net>

<net id="306"><net_src comp="290" pin="1"/><net_sink comp="299" pin=2"/></net>

<net id="312"><net_src comp="269" pin="1"/><net_sink comp="307" pin=1"/></net>

<net id="313"><net_src comp="299" pin="3"/><net_sink comp="307" pin=2"/></net>

<net id="319"><net_src comp="294" pin="2"/><net_sink comp="314" pin=0"/></net>

<net id="320"><net_src comp="290" pin="1"/><net_sink comp="314" pin=1"/></net>

<net id="321"><net_src comp="266" pin="1"/><net_sink comp="314" pin=2"/></net>

<net id="327"><net_src comp="266" pin="1"/><net_sink comp="322" pin=1"/></net>

<net id="328"><net_src comp="314" pin="3"/><net_sink comp="322" pin=2"/></net>

<net id="334"><net_src comp="290" pin="1"/><net_sink comp="329" pin=1"/></net>

<net id="335"><net_src comp="263" pin="1"/><net_sink comp="329" pin=2"/></net>

<net id="342"><net_src comp="36" pin="0"/><net_sink comp="336" pin=0"/></net>

<net id="343"><net_src comp="120" pin="2"/><net_sink comp="336" pin=1"/></net>

<net id="344"><net_src comp="38" pin="0"/><net_sink comp="336" pin=2"/></net>

<net id="345"><net_src comp="40" pin="0"/><net_sink comp="336" pin=3"/></net>

<net id="351"><net_src comp="294" pin="2"/><net_sink comp="346" pin=0"/></net>

<net id="352"><net_src comp="278" pin="1"/><net_sink comp="346" pin=1"/></net>

<net id="353"><net_src comp="336" pin="4"/><net_sink comp="346" pin=2"/></net>

<net id="359"><net_src comp="278" pin="1"/><net_sink comp="354" pin=1"/></net>

<net id="360"><net_src comp="346" pin="3"/><net_sink comp="354" pin=2"/></net>

<net id="366"><net_src comp="294" pin="2"/><net_sink comp="361" pin=0"/></net>

<net id="367"><net_src comp="336" pin="4"/><net_sink comp="361" pin=1"/></net>

<net id="368"><net_src comp="275" pin="1"/><net_sink comp="361" pin=2"/></net>

<net id="374"><net_src comp="275" pin="1"/><net_sink comp="369" pin=1"/></net>

<net id="375"><net_src comp="361" pin="3"/><net_sink comp="369" pin=2"/></net>

<net id="381"><net_src comp="336" pin="4"/><net_sink comp="376" pin=1"/></net>

<net id="382"><net_src comp="272" pin="1"/><net_sink comp="376" pin=2"/></net>

<net id="389"><net_src comp="36" pin="0"/><net_sink comp="383" pin=0"/></net>

<net id="390"><net_src comp="120" pin="2"/><net_sink comp="383" pin=1"/></net>

<net id="391"><net_src comp="42" pin="0"/><net_sink comp="383" pin=2"/></net>

<net id="392"><net_src comp="44" pin="0"/><net_sink comp="383" pin=3"/></net>

<net id="398"><net_src comp="294" pin="2"/><net_sink comp="393" pin=0"/></net>

<net id="399"><net_src comp="287" pin="1"/><net_sink comp="393" pin=1"/></net>

<net id="400"><net_src comp="383" pin="4"/><net_sink comp="393" pin=2"/></net>

<net id="406"><net_src comp="287" pin="1"/><net_sink comp="401" pin=1"/></net>

<net id="407"><net_src comp="393" pin="3"/><net_sink comp="401" pin=2"/></net>

<net id="413"><net_src comp="294" pin="2"/><net_sink comp="408" pin=0"/></net>

<net id="414"><net_src comp="383" pin="4"/><net_sink comp="408" pin=1"/></net>

<net id="415"><net_src comp="284" pin="1"/><net_sink comp="408" pin=2"/></net>

<net id="421"><net_src comp="284" pin="1"/><net_sink comp="416" pin=1"/></net>

<net id="422"><net_src comp="408" pin="3"/><net_sink comp="416" pin=2"/></net>

<net id="428"><net_src comp="383" pin="4"/><net_sink comp="423" pin=1"/></net>

<net id="429"><net_src comp="281" pin="1"/><net_sink comp="423" pin=2"/></net>

<net id="434"><net_src comp="401" pin="3"/><net_sink comp="430" pin=0"/></net>

<net id="439"><net_src comp="416" pin="3"/><net_sink comp="435" pin=0"/></net>

<net id="444"><net_src comp="423" pin="3"/><net_sink comp="440" pin=0"/></net>

<net id="449"><net_src comp="354" pin="3"/><net_sink comp="445" pin=0"/></net>

<net id="454"><net_src comp="369" pin="3"/><net_sink comp="450" pin=0"/></net>

<net id="459"><net_src comp="376" pin="3"/><net_sink comp="455" pin=0"/></net>

<net id="464"><net_src comp="307" pin="3"/><net_sink comp="460" pin=0"/></net>

<net id="469"><net_src comp="322" pin="3"/><net_sink comp="465" pin=0"/></net>

<net id="474"><net_src comp="329" pin="3"/><net_sink comp="470" pin=0"/></net>

<net id="514"><net_src comp="475" pin="1"/><net_sink comp="511" pin=0"/></net>

<net id="522"><net_src comp="46" pin="0"/><net_sink comp="515" pin=0"/></net>

<net id="523"><net_src comp="484" pin="1"/><net_sink comp="515" pin=1"/></net>

<net id="524"><net_src comp="487" pin="1"/><net_sink comp="515" pin=2"/></net>

<net id="525"><net_src comp="490" pin="1"/><net_sink comp="515" pin=3"/></net>

<net id="529"><net_src comp="515" pin="5"/><net_sink comp="526" pin=0"/></net>

<net id="534"><net_src comp="511" pin="1"/><net_sink comp="530" pin=0"/></net>

<net id="535"><net_src comp="526" pin="1"/><net_sink comp="530" pin=1"/></net>

<net id="539"><net_src comp="478" pin="1"/><net_sink comp="536" pin=0"/></net>

<net id="547"><net_src comp="46" pin="0"/><net_sink comp="540" pin=0"/></net>

<net id="548"><net_src comp="493" pin="1"/><net_sink comp="540" pin=1"/></net>

<net id="549"><net_src comp="496" pin="1"/><net_sink comp="540" pin=2"/></net>

<net id="550"><net_src comp="499" pin="1"/><net_sink comp="540" pin=3"/></net>

<net id="554"><net_src comp="540" pin="5"/><net_sink comp="551" pin=0"/></net>

<net id="559"><net_src comp="536" pin="1"/><net_sink comp="555" pin=0"/></net>

<net id="560"><net_src comp="551" pin="1"/><net_sink comp="555" pin=1"/></net>

<net id="564"><net_src comp="481" pin="1"/><net_sink comp="561" pin=0"/></net>

<net id="572"><net_src comp="46" pin="0"/><net_sink comp="565" pin=0"/></net>

<net id="573"><net_src comp="502" pin="1"/><net_sink comp="565" pin=1"/></net>

<net id="574"><net_src comp="505" pin="1"/><net_sink comp="565" pin=2"/></net>

<net id="575"><net_src comp="508" pin="1"/><net_sink comp="565" pin=3"/></net>

<net id="579"><net_src comp="565" pin="5"/><net_sink comp="576" pin=0"/></net>

<net id="584"><net_src comp="561" pin="1"/><net_sink comp="580" pin=0"/></net>

<net id="585"><net_src comp="576" pin="1"/><net_sink comp="580" pin=1"/></net>

<net id="590"><net_src comp="555" pin="2"/><net_sink comp="586" pin=0"/></net>

<net id="591"><net_src comp="580" pin="2"/><net_sink comp="586" pin=1"/></net>

<net id="596"><net_src comp="586" pin="2"/><net_sink comp="592" pin=0"/></net>

<net id="597"><net_src comp="530" pin="2"/><net_sink comp="592" pin=1"/></net>

<net id="601"><net_src comp="66" pin="1"/><net_sink comp="598" pin=0"/></net>

<net id="602"><net_src comp="598" pin="1"/><net_sink comp="258" pin=1"/></net>

<net id="603"><net_src comp="598" pin="1"/><net_sink comp="475" pin=0"/></net>

<net id="607"><net_src comp="70" pin="1"/><net_sink comp="604" pin=0"/></net>

<net id="608"><net_src comp="604" pin="1"/><net_sink comp="253" pin=1"/></net>

<net id="609"><net_src comp="604" pin="1"/><net_sink comp="478" pin=0"/></net>

<net id="613"><net_src comp="74" pin="1"/><net_sink comp="610" pin=0"/></net>

<net id="614"><net_src comp="610" pin="1"/><net_sink comp="248" pin=1"/></net>

<net id="615"><net_src comp="610" pin="1"/><net_sink comp="481" pin=0"/></net>

<net id="619"><net_src comp="78" pin="1"/><net_sink comp="616" pin=0"/></net>

<net id="620"><net_src comp="616" pin="1"/><net_sink comp="263" pin=0"/></net>

<net id="621"><net_src comp="616" pin="1"/><net_sink comp="470" pin=1"/></net>

<net id="622"><net_src comp="616" pin="1"/><net_sink comp="484" pin=0"/></net>

<net id="626"><net_src comp="82" pin="1"/><net_sink comp="623" pin=0"/></net>

<net id="627"><net_src comp="623" pin="1"/><net_sink comp="266" pin=0"/></net>

<net id="628"><net_src comp="623" pin="1"/><net_sink comp="465" pin=1"/></net>

<net id="629"><net_src comp="623" pin="1"/><net_sink comp="487" pin=0"/></net>

<net id="633"><net_src comp="86" pin="1"/><net_sink comp="630" pin=0"/></net>

<net id="634"><net_src comp="630" pin="1"/><net_sink comp="269" pin=0"/></net>

<net id="635"><net_src comp="630" pin="1"/><net_sink comp="460" pin=1"/></net>

<net id="636"><net_src comp="630" pin="1"/><net_sink comp="490" pin=0"/></net>

<net id="640"><net_src comp="90" pin="1"/><net_sink comp="637" pin=0"/></net>

<net id="641"><net_src comp="637" pin="1"/><net_sink comp="272" pin=0"/></net>

<net id="642"><net_src comp="637" pin="1"/><net_sink comp="455" pin=1"/></net>

<net id="643"><net_src comp="637" pin="1"/><net_sink comp="493" pin=0"/></net>

<net id="647"><net_src comp="94" pin="1"/><net_sink comp="644" pin=0"/></net>

<net id="648"><net_src comp="644" pin="1"/><net_sink comp="275" pin=0"/></net>

<net id="649"><net_src comp="644" pin="1"/><net_sink comp="450" pin=1"/></net>

<net id="650"><net_src comp="644" pin="1"/><net_sink comp="496" pin=0"/></net>

<net id="654"><net_src comp="98" pin="1"/><net_sink comp="651" pin=0"/></net>

<net id="655"><net_src comp="651" pin="1"/><net_sink comp="278" pin=0"/></net>

<net id="656"><net_src comp="651" pin="1"/><net_sink comp="445" pin=1"/></net>

<net id="657"><net_src comp="651" pin="1"/><net_sink comp="499" pin=0"/></net>

<net id="661"><net_src comp="102" pin="1"/><net_sink comp="658" pin=0"/></net>

<net id="662"><net_src comp="658" pin="1"/><net_sink comp="281" pin=0"/></net>

<net id="663"><net_src comp="658" pin="1"/><net_sink comp="440" pin=1"/></net>

<net id="664"><net_src comp="658" pin="1"/><net_sink comp="502" pin=0"/></net>

<net id="668"><net_src comp="106" pin="1"/><net_sink comp="665" pin=0"/></net>

<net id="669"><net_src comp="665" pin="1"/><net_sink comp="284" pin=0"/></net>

<net id="670"><net_src comp="665" pin="1"/><net_sink comp="435" pin=1"/></net>

<net id="671"><net_src comp="665" pin="1"/><net_sink comp="505" pin=0"/></net>

<net id="675"><net_src comp="110" pin="1"/><net_sink comp="672" pin=0"/></net>

<net id="676"><net_src comp="672" pin="1"/><net_sink comp="287" pin=0"/></net>

<net id="677"><net_src comp="672" pin="1"/><net_sink comp="430" pin=1"/></net>

<net id="678"><net_src comp="672" pin="1"/><net_sink comp="508" pin=0"/></net>

<net id="682"><net_src comp="166" pin="2"/><net_sink comp="679" pin=0"/></net>

<net id="686"><net_src comp="172" pin="2"/><net_sink comp="683" pin=0"/></net>

<net id="687"><net_src comp="683" pin="1"/><net_sink comp="137" pin=2"/></net>

<net id="691"><net_src comp="190" pin="3"/><net_sink comp="688" pin=0"/></net>

<net id="692"><net_src comp="688" pin="1"/><net_sink comp="294" pin=0"/></net>

<net id="693"><net_src comp="688" pin="1"/><net_sink comp="515" pin=4"/></net>

<net id="694"><net_src comp="688" pin="1"/><net_sink comp="540" pin=4"/></net>

<net id="695"><net_src comp="688" pin="1"/><net_sink comp="565" pin=4"/></net>

<net id="699"><net_src comp="198" pin="3"/><net_sink comp="696" pin=0"/></net>

<net id="700"><net_src comp="696" pin="1"/><net_sink comp="148" pin=2"/></net>

<net id="704"><net_src comp="206" pin="2"/><net_sink comp="701" pin=0"/></net>

<net id="708"><net_src comp="212" pin="2"/><net_sink comp="705" pin=0"/></net>

<net id="709"><net_src comp="705" pin="1"/><net_sink comp="307" pin=0"/></net>

<net id="710"><net_src comp="705" pin="1"/><net_sink comp="322" pin=0"/></net>

<net id="711"><net_src comp="705" pin="1"/><net_sink comp="329" pin=0"/></net>

<net id="712"><net_src comp="705" pin="1"/><net_sink comp="354" pin=0"/></net>

<net id="713"><net_src comp="705" pin="1"/><net_sink comp="369" pin=0"/></net>

<net id="714"><net_src comp="705" pin="1"/><net_sink comp="376" pin=0"/></net>

<net id="715"><net_src comp="705" pin="1"/><net_sink comp="401" pin=0"/></net>

<net id="716"><net_src comp="705" pin="1"/><net_sink comp="416" pin=0"/></net>

<net id="717"><net_src comp="705" pin="1"/><net_sink comp="423" pin=0"/></net>

<net id="721"><net_src comp="218" pin="2"/><net_sink comp="718" pin=0"/></net>

<net id="722"><net_src comp="718" pin="1"/><net_sink comp="159" pin=2"/></net>

<net id="726"><net_src comp="592" pin="2"/><net_sink comp="723" pin=0"/></net>

<net id="727"><net_src comp="723" pin="1"/><net_sink comp="126" pin=2"/></net>

</net_list>

</model> 
---------------- Datapath Model END ------------------

* FSMD analyzer results:
  - Output states:
	Port: res | {5 }
  - Chain level:
	State 1
	State 2
		exitcond_flatten : 1
		indvar_flatten_next : 1
		stg_32 : 2
		i_1 : 1
		exitcond : 1
		j_mid2 : 2
		i_mid2 : 2
		tmp : 3
		tmp_3 : 3
		stg_39 : 4
		j_1 : 3
	State 3
		stg_46 : 1
		stg_47 : 1
		stg_48 : 1
		b_copy_0_2 : 1
		b_copy_0_2_2 : 2
		b_copy_0_2_4 : 1
		b_copy_0_2_5 : 2
		b_copy_0_2_7 : 1
		b_copy_1_2 : 1
		b_copy_1_2_2 : 2
		b_copy_1_2_4 : 1
		b_copy_1_2_5 : 2
		b_copy_1_2_7 : 1
		b_copy_2_2 : 1
		b_copy_2_2_2 : 2
		b_copy_2_2_4 : 1
		b_copy_2_2_5 : 2
		b_copy_2_2_7 : 1
		stg_79 : 3
		stg_80 : 3
		stg_81 : 2
		stg_82 : 3
		stg_83 : 3
		stg_84 : 2
		stg_85 : 3
		stg_86 : 3
		stg_87 : 2
	State 4
		tmp_s : 1
		tmp_1 : 1
		tmp_5 : 2
		tmp_6 : 3
		tmp_5_1 : 1
		tmp_7 : 1
		tmp_8_1 : 2
		tmp_10_1 : 3
		tmp_5_2 : 1
		tmp_8 : 1
		tmp_8_2 : 2
		tmp_10_2 : 3
		tmp9 : 4
		tmp_11_2 : 5
	State 5
		empty : 1
	State 6


============================================================
+ Verbose Summary: Datapath Resource usage 
============================================================

* Functional unit list:
|----------|----------------------------|---------|---------|---------|
| Operation|       Functional Unit      |  DSP48E |    FF   |   LUT   |
|----------|----------------------------|---------|---------|---------|
|          |        j_mid2_fu_190       |    0    |    0    |    2    |
|          |        i_mid2_fu_198       |    0    |    0    |    2    |
|          |      b_copy_0_2_fu_299     |    0    |    0    |    8    |
|          |     b_copy_0_2_2_fu_307    |    0    |    0    |    8    |
|          |     b_copy_0_2_4_fu_314    |    0    |    0    |    8    |
|          |     b_copy_0_2_5_fu_322    |    0    |    0    |    8    |
|          |     b_copy_0_2_7_fu_329    |    0    |    0    |    8    |
|          |      b_copy_1_2_fu_346     |    0    |    0    |    8    |
|  select  |     b_copy_1_2_2_fu_354    |    0    |    0    |    8    |
|          |     b_copy_1_2_4_fu_361    |    0    |    0    |    8    |
|          |     b_copy_1_2_5_fu_369    |    0    |    0    |    8    |
|          |     b_copy_1_2_7_fu_376    |    0    |    0    |    8    |
|          |      b_copy_2_2_fu_393     |    0    |    0    |    8    |
|          |     b_copy_2_2_2_fu_401    |    0    |    0    |    8    |
|          |     b_copy_2_2_4_fu_408    |    0    |    0    |    8    |
|          |     b_copy_2_2_5_fu_416    |    0    |    0    |    8    |
|          |     b_copy_2_2_7_fu_423    |    0    |    0    |    8    |
|----------|----------------------------|---------|---------|---------|
|          | indvar_flatten_next_fu_172 |    0    |    0    |    4    |
|          |         i_1_fu_178         |    0    |    0    |    2    |
|    add   |         j_1_fu_218         |    0    |    0    |    2    |
|          |         tmp9_fu_586        |    0    |    0    |    8    |
|          |       tmp_11_2_fu_592      |    0    |    0    |    8    |
|----------|----------------------------|---------|---------|---------|
|          |        tmp_1_fu_515        |    0    |    0    |    8    |
|    mux   |        tmp_7_fu_540        |    0    |    0    |    8    |
|          |        tmp_8_fu_565        |    0    |    0    |    8    |
|----------|----------------------------|---------|---------|---------|
|          |   exitcond_flatten_fu_166  |    0    |    0    |    2    |
|          |       exitcond_fu_184      |    0    |    0    |    1    |
|   icmp   |         tmp_fu_206         |    0    |    0    |    1    |
|          |        tmp_3_fu_212        |    0    |    0    |    1    |
|          |       sel_tmp_fu_294       |    0    |    0    |    1    |
|----------|----------------------------|---------|---------|---------|
|          |        tmp_6_fu_530        |    1    |    0    |    0    |
|    mul   |       tmp_10_1_fu_555      |    1    |    0    |    0    |
|          |       tmp_10_2_fu_580      |    1    |    0    |    0    |
|----------|----------------------------|---------|---------|---------|
|   read   |     a_read_read_fu_114     |    0    |    0    |    0    |
|          |     b_read_read_fu_120     |    0    |    0    |    0    |
|----------|----------------------------|---------|---------|---------|
|   write  |    stg_120_write_fu_126    |    0    |    0    |    0    |
|----------|----------------------------|---------|---------|---------|
|   trunc  |      a_row_0_1_fu_224      |    0    |    0    |    0    |
|          |     b_copy_0_2_9_fu_290    |    0    |    0    |    0    |
|----------|----------------------------|---------|---------|---------|
|          |       a_row_1_fu_228       |    0    |    0    |    0    |
|partselect|       a_row_2_fu_238       |    0    |    0    |    0    |
|          |     b_copy_1_2_9_fu_336    |    0    |    0    |    0    |
|          |     b_copy_2_2_9_fu_383    |    0    |    0    |    0    |
|----------|----------------------------|---------|---------|---------|
|          |        tmp_s_fu_511        |    0    |    0    |    0    |
|          |        tmp_5_fu_526        |    0    |    0    |    0    |
|   sext   |       tmp_5_1_fu_536       |    0    |    0    |    0    |
|          |       tmp_8_1_fu_551       |    0    |    0    |    0    |
|          |       tmp_5_2_fu_561       |    0    |    0    |    0    |
|          |       tmp_8_2_fu_576       |    0    |    0    |    0    |
|----------|----------------------------|---------|---------|---------|
|   Total  |                            |    3    |    0    |   178   |
|----------|----------------------------|---------|---------|---------|

Memories:
N/A

* Register list:
+---------------------------+--------+
|                           |   FF   |
+---------------------------+--------+
|      a_row_0_reg_598      |    8   |
|     a_row_1_1_reg_604     |    8   |
|     a_row_2_1_reg_610     |    8   |
|    b_copy_0_2_1_reg_630   |    8   |
|    b_copy_0_2_3_reg_616   |    8   |
|    b_copy_0_2_6_reg_623   |    8   |
|    b_copy_1_2_1_reg_651   |    8   |
|    b_copy_1_2_3_reg_637   |    8   |
|    b_copy_1_2_6_reg_644   |    8   |
|    b_copy_2_2_1_reg_672   |    8   |
|    b_copy_2_2_3_reg_658   |    8   |
|    b_copy_2_2_6_reg_665   |    8   |
|  exitcond_flatten_reg_679 |    1   |
|       i_mid2_reg_696      |    2   |
|         i_reg_144         |    2   |
|indvar_flatten_next_reg_683|    4   |
|   indvar_flatten_reg_133  |    4   |
|        j_1_reg_718        |    2   |
|       j_mid2_reg_688      |    2   |
|         j_reg_155         |    2   |
|      tmp_11_2_reg_723     |   16   |
|       tmp_3_reg_705       |    1   |
|        tmp_reg_701        |    1   |
+---------------------------+--------+
|           Total           |   133  |
+---------------------------+--------+

* Multiplexer (MUX) list: 
|--------|------|------|------|--------|
|  Comp  |  Pin | Size |  BW  | S x BW |
|--------|------|------|------|--------|
|  Total |      |      |      |    0   |
|--------|------|------|------|--------|



* Summary:
+-----------+--------+--------+--------+
|           | DSP48E |   FF   |   LUT  |
+-----------+--------+--------+--------+
|  Function |    3   |    0   |   178  |
|   Memory  |    -   |    -   |    -   |
|Multiplexer|    -   |    -   |    -   |
|  Register |    -   |   133  |    -   |
+-----------+--------+--------+--------+
|   Total   |    3   |   133  |   178  |
+-----------+--------+--------+--------+
